;  LST file generated by mikroListExporter - v.2.0 
; Date/Time: 14-Jul-21 4:34:05 PM
;----------------------------------------------

;Address Opcode 	ASM
0x0000	0x2D06      	GOTO       1286
_interrupt:
0x0004	0x00FF      	MOVWF      R15
0x0005	0x0E03      	SWAPF      STATUS, 0
0x0006	0x0183      	CLRF       STATUS
0x0007	0x1683      	BSF        STATUS, 5
0x0008	0x00B1      	MOVWF      ___saveSTATUS
0x0009	0x080A      	MOVF       PCLATH, 0
0x000A	0x00B0      	MOVWF      ___savePCLATH
0x000B	0x018A      	CLRF       PCLATH
0x000C	0x0870      	MOVF       R0, 0
0x000D	0x1283      	BCF        STATUS, 5
0x000E	0x00A0      	MOVWF      32
;RTC2.c,9 :: 		void interrupt() { if(intf_bit){intf_bit=0;i++; if(i==8)  i=0;}}
0x000F	0x1C8B      	BTFSS      INTF_bit, BitPos(INTF_bit+0)
0x0010	0x2818      	GOTO       L_interrupt0
0x0011	0x108B      	BCF        INTF_bit, BitPos(INTF_bit+0)
0x0012	0x0AAF      	INCF       _i, 1
0x0013	0x082F      	MOVF       _i, 0
0x0014	0x3A08      	XORLW      8
0x0015	0x1D03      	BTFSS      STATUS, 2
0x0016	0x2818      	GOTO       L_interrupt1
0x0017	0x01AF      	CLRF       _i
L_interrupt1:
L_interrupt0:
L_end_interrupt:
L__interrupt27:
0x0018	0x0820      	MOVF       32, 0
0x0019	0x00F0      	MOVWF      R0
0x001A	0x1683      	BSF        STATUS, 5
0x001B	0x0830      	MOVF       ___savePCLATH, 0
0x001C	0x008A      	MOVWF      PCLATH
0x001D	0x0E31      	SWAPF      ___saveSTATUS, 0
0x001E	0x0083      	MOVWF      STATUS
0x001F	0x0EFF      	SWAPF      R15, 1
0x0020	0x0E7F      	SWAPF      R15, 0
0x0021	0x0009      	RETFIE
; end of _interrupt
_Delay_1us:
;__Lib_Delays.c,7 :: 		void Delay_1us() {
;__Lib_Delays.c,8 :: 		Delay_us(1);
0x0022	0x0000      	NOP
0x0023	0x0000      	NOP
;__Lib_Delays.c,9 :: 		}
L_end_Delay_1us:
0x0024	0x0008      	RETURN
; end of _Delay_1us
_Delay_5500us:
;__Lib_Delays.c,31 :: 		void Delay_5500us() {
;__Lib_Delays.c,32 :: 		Delay_us(5500);
0x0025	0x300F      	MOVLW      15
0x0026	0x1283      	BCF        STATUS, 5
0x0027	0x1303      	BCF        STATUS, 6
0x0028	0x00FC      	MOVWF      R12
0x0029	0x3047      	MOVLW      71
0x002A	0x00FD      	MOVWF      R13
L_Delay_5500us5:
0x002B	0x0BFD      	DECFSZ     R13, 1
0x002C	0x282B      	GOTO       L_Delay_5500us5
0x002D	0x0BFC      	DECFSZ     R12, 1
0x002E	0x282B      	GOTO       L_Delay_5500us5
0x002F	0x0000      	NOP
0x0030	0x0000      	NOP
;__Lib_Delays.c,33 :: 		}
L_end_Delay_5500us:
0x0031	0x0008      	RETURN
; end of _Delay_5500us
_Delay_50us:
;__Lib_Delays.c,19 :: 		void Delay_50us() {
;__Lib_Delays.c,20 :: 		Delay_us(50);
0x0032	0x3021      	MOVLW      33
0x0033	0x1283      	BCF        STATUS, 5
0x0034	0x1303      	BCF        STATUS, 6
0x0035	0x00FD      	MOVWF      R13
L_Delay_50us2:
0x0036	0x0BFD      	DECFSZ     R13, 1
0x0037	0x2836      	GOTO       L_Delay_50us2
;__Lib_Delays.c,21 :: 		}
L_end_Delay_50us:
0x0038	0x0008      	RETURN
; end of _Delay_50us
_Lcd_Cmd:
;__Lib_Lcd.c,18 :: 		
;__Lib_Lcd.c,20 :: 		
0x0039	0x1683      	BSF        STATUS, 5
0x003A	0x1303      	BCF        STATUS, 6
0x003B	0x1BBC      	BTFSC      FARG_Lcd_Cmd_out_char, 7
0x003C	0x2840      	GOTO       L__Lcd_Cmd21
0x003D	0x1283      	BCF        STATUS, 5
0x003E	0x1386      	BCF        lcd_d7, BitPos(lcd_d7+0)
0x003F	0x2842      	GOTO       L__Lcd_Cmd22
L__Lcd_Cmd21:
0x0040	0x1283      	BCF        STATUS, 5
0x0041	0x1786      	BSF        lcd_d7, BitPos(lcd_d7+0)
L__Lcd_Cmd22:
;__Lib_Lcd.c,21 :: 		
0x0042	0x1683      	BSF        STATUS, 5
0x0043	0x1B3C      	BTFSC      FARG_Lcd_Cmd_out_char, 6
0x0044	0x2848      	GOTO       L__Lcd_Cmd23
0x0045	0x1283      	BCF        STATUS, 5
0x0046	0x1306      	BCF        lcd_d6, BitPos(lcd_d6+0)
0x0047	0x284A      	GOTO       L__Lcd_Cmd24
L__Lcd_Cmd23:
0x0048	0x1283      	BCF        STATUS, 5
0x0049	0x1706      	BSF        lcd_d6, BitPos(lcd_d6+0)
L__Lcd_Cmd24:
;__Lib_Lcd.c,22 :: 		
0x004A	0x1683      	BSF        STATUS, 5
0x004B	0x1ABC      	BTFSC      FARG_Lcd_Cmd_out_char, 5
0x004C	0x2850      	GOTO       L__Lcd_Cmd25
0x004D	0x1283      	BCF        STATUS, 5
0x004E	0x1286      	BCF        lcd_d5, BitPos(lcd_d5+0)
0x004F	0x2852      	GOTO       L__Lcd_Cmd26
L__Lcd_Cmd25:
0x0050	0x1283      	BCF        STATUS, 5
0x0051	0x1686      	BSF        lcd_d5, BitPos(lcd_d5+0)
L__Lcd_Cmd26:
;__Lib_Lcd.c,23 :: 		
0x0052	0x1683      	BSF        STATUS, 5
0x0053	0x1A3C      	BTFSC      FARG_Lcd_Cmd_out_char, 4
0x0054	0x2858      	GOTO       L__Lcd_Cmd27
0x0055	0x1283      	BCF        STATUS, 5
0x0056	0x1206      	BCF        lcd_d4, BitPos(lcd_d4+0)
0x0057	0x285A      	GOTO       L__Lcd_Cmd28
L__Lcd_Cmd27:
0x0058	0x1283      	BCF        STATUS, 5
0x0059	0x1606      	BSF        lcd_d4, BitPos(lcd_d4+0)
L__Lcd_Cmd28:
;__Lib_Lcd.c,25 :: 		
0x005A	0x1683      	BSF        STATUS, 5
0x005B	0x1823      	BTFSC      __Lib_Lcd_cmd_status, BitPos(__Lib_Lcd_cmd_status+0)
0x005C	0x2860      	GOTO       L__Lcd_Cmd29
0x005D	0x1283      	BCF        STATUS, 5
0x005E	0x1506      	BSF        lcd_rs, BitPos(lcd_rs+0)
0x005F	0x2862      	GOTO       L__Lcd_Cmd30
L__Lcd_Cmd29:
0x0060	0x1283      	BCF        STATUS, 5
0x0061	0x1106      	BCF        lcd_rs, BitPos(lcd_rs+0)
L__Lcd_Cmd30:
;__Lib_Lcd.c,28 :: 		
0x0062	0x1586      	BSF        lcd_en, BitPos(lcd_en+0)
;__Lib_Lcd.c,29 :: 		
0x0063	0x2022      	CALL       _Delay_1us
;__Lib_Lcd.c,30 :: 		
0x0064	0x1186      	BCF        lcd_en, BitPos(lcd_en+0)
;__Lib_Lcd.c,33 :: 		
0x0065	0x1683      	BSF        STATUS, 5
0x0066	0x19BC      	BTFSC      FARG_Lcd_Cmd_out_char, 3
0x0067	0x286B      	GOTO       L__Lcd_Cmd31
0x0068	0x1283      	BCF        STATUS, 5
0x0069	0x1386      	BCF        lcd_d7, BitPos(lcd_d7+0)
0x006A	0x286D      	GOTO       L__Lcd_Cmd32
L__Lcd_Cmd31:
0x006B	0x1283      	BCF        STATUS, 5
0x006C	0x1786      	BSF        lcd_d7, BitPos(lcd_d7+0)
L__Lcd_Cmd32:
;__Lib_Lcd.c,34 :: 		
0x006D	0x1683      	BSF        STATUS, 5
0x006E	0x193C      	BTFSC      FARG_Lcd_Cmd_out_char, 2
0x006F	0x2873      	GOTO       L__Lcd_Cmd33
0x0070	0x1283      	BCF        STATUS, 5
0x0071	0x1306      	BCF        lcd_d6, BitPos(lcd_d6+0)
0x0072	0x2875      	GOTO       L__Lcd_Cmd34
L__Lcd_Cmd33:
0x0073	0x1283      	BCF        STATUS, 5
0x0074	0x1706      	BSF        lcd_d6, BitPos(lcd_d6+0)
L__Lcd_Cmd34:
;__Lib_Lcd.c,35 :: 		
0x0075	0x1683      	BSF        STATUS, 5
0x0076	0x18BC      	BTFSC      FARG_Lcd_Cmd_out_char, 1
0x0077	0x287B      	GOTO       L__Lcd_Cmd35
0x0078	0x1283      	BCF        STATUS, 5
0x0079	0x1286      	BCF        lcd_d5, BitPos(lcd_d5+0)
0x007A	0x287D      	GOTO       L__Lcd_Cmd36
L__Lcd_Cmd35:
0x007B	0x1283      	BCF        STATUS, 5
0x007C	0x1686      	BSF        lcd_d5, BitPos(lcd_d5+0)
L__Lcd_Cmd36:
;__Lib_Lcd.c,36 :: 		
0x007D	0x1683      	BSF        STATUS, 5
0x007E	0x183C      	BTFSC      FARG_Lcd_Cmd_out_char, 0
0x007F	0x2883      	GOTO       L__Lcd_Cmd37
0x0080	0x1283      	BCF        STATUS, 5
0x0081	0x1206      	BCF        lcd_d4, BitPos(lcd_d4+0)
0x0082	0x2885      	GOTO       L__Lcd_Cmd38
L__Lcd_Cmd37:
0x0083	0x1283      	BCF        STATUS, 5
0x0084	0x1606      	BSF        lcd_d4, BitPos(lcd_d4+0)
L__Lcd_Cmd38:
;__Lib_Lcd.c,38 :: 		
0x0085	0x1683      	BSF        STATUS, 5
0x0086	0x1823      	BTFSC      __Lib_Lcd_cmd_status, BitPos(__Lib_Lcd_cmd_status+0)
0x0087	0x288B      	GOTO       L__Lcd_Cmd39
0x0088	0x1283      	BCF        STATUS, 5
0x0089	0x1506      	BSF        lcd_rs, BitPos(lcd_rs+0)
0x008A	0x288D      	GOTO       L__Lcd_Cmd40
L__Lcd_Cmd39:
0x008B	0x1283      	BCF        STATUS, 5
0x008C	0x1106      	BCF        lcd_rs, BitPos(lcd_rs+0)
L__Lcd_Cmd40:
;__Lib_Lcd.c,40 :: 		
0x008D	0x1586      	BSF        lcd_en, BitPos(lcd_en+0)
;__Lib_Lcd.c,41 :: 		
0x008E	0x2022      	CALL       _Delay_1us
;__Lib_Lcd.c,42 :: 		
0x008F	0x1186      	BCF        lcd_en, BitPos(lcd_en+0)
;__Lib_Lcd.c,44 :: 		
0x0090	0x1683      	BSF        STATUS, 5
0x0091	0x1C23      	BTFSS      __Lib_Lcd_cmd_status, BitPos(__Lib_Lcd_cmd_status+0)
0x0092	0x2895      	GOTO       L_Lcd_Cmd0
;__Lib_Lcd.c,45 :: 		
0x0093	0x2025      	CALL       _Delay_5500us
0x0094	0x2896      	GOTO       L_Lcd_Cmd1
L_Lcd_Cmd0:
;__Lib_Lcd.c,47 :: 		
0x0095	0x2032      	CALL       _Delay_50us
L_Lcd_Cmd1:
;__Lib_Lcd.c,48 :: 		
L_end_Lcd_Cmd:
0x0096	0x0008      	RETURN
; end of _Lcd_Cmd
_I2C1_Is_Idle:
;__Lib_I2C_c34.c,26 :: 		
;__Lib_I2C_c34.c,27 :: 		
0x0097	0x1683      	BSF        STATUS, 5
0x0098	0x1303      	BCF        STATUS, 6
0x0099	0x1914      	BTFSC      SSPSTAT, 2
0x009A	0x28A5      	GOTO       L_I2C1_Is_Idle0
;__Lib_I2C_c34.c,28 :: 		
0x009B	0x301F      	MOVLW      31
0x009C	0x0511      	ANDWF      SSPCON2, 0
0x009D	0x00F1      	MOVWF      R1
0x009E	0x0871      	MOVF       R1, 0
0x009F	0x3A00      	XORLW      0
0x00A0	0x1D03      	BTFSS      STATUS, 2
0x00A1	0x28A5      	GOTO       L_I2C1_Is_Idle1
;__Lib_I2C_c34.c,29 :: 		
0x00A2	0x3001      	MOVLW      1
0x00A3	0x00F0      	MOVWF      R0
0x00A4	0x28A6      	GOTO       L_end_I2C1_Is_Idle
L_I2C1_Is_Idle1:
L_I2C1_Is_Idle0:
;__Lib_I2C_c34.c,30 :: 		
0x00A5	0x01F0      	CLRF       R0
;__Lib_I2C_c34.c,31 :: 		
L_end_I2C1_Is_Idle:
0x00A6	0x0008      	RETURN
; end of _I2C1_Is_Idle
_____DoIFC:
;__Lib_System.c,15 :: 		
;__Lib_System.c,18 :: 		
0x00A7	0x1683      	BSF        STATUS, 5
0x00A8	0x1303      	BCF        STATUS, 6
0x00A9	0x082F      	MOVF       ___DoICPAddr+1, 0
0x00AA	0x008A      	MOVWF      PCLATH
;__Lib_System.c,19 :: 		
0x00AB	0x082E      	MOVF       ___DoICPAddr, 0
0x00AC	0x0082      	MOVWF      PCL
;__Lib_System.c,21 :: 		
L_end_____DoIFC:
0x00AD	0x0008      	RETURN
; end of _____DoIFC
_I2C1_Stop:
;__Lib_I2C_c34.c,184 :: 		
;__Lib_I2C_c34.c,185 :: 		
0x00AE	0x1683      	BSF        STATUS, 5
0x00AF	0x1303      	BCF        STATUS, 6
0x00B0	0x1511      	BSF        SSPCON2, 2
;__Lib_I2C_c34.c,186 :: 		
L_end_I2C1_Stop:
0x00B1	0x0008      	RETURN
; end of _I2C1_Stop
_Div_8X8_S:
;__Lib_Math.c,607 :: 		
;__Lib_Math.c,615 :: 		
0x00B2	0x1283      	BCF        STATUS, 5
;__Lib_Math.c,616 :: 		
0x00B3	0x1303      	BCF        STATUS, 6
;__Lib_Math.c,617 :: 		
0x00B4	0x01FD      	CLRF       R13
;__Lib_Math.c,618 :: 		
0x00B5	0x01F8      	CLRF       R8
;__Lib_Math.c,619 :: 		
0x00B6	0x0870      	MOVF       R0, 0
;__Lib_Math.c,620 :: 		
0x00B7	0x1903      	BTFSC      STATUS, 2
;__Lib_Math.c,621 :: 		
0x00B8	0x3400      	RETLW      0
;__Lib_Math.c,622 :: 		
0x00B9	0x0674      	XORWF      R4, 0
;__Lib_Math.c,623 :: 		
0x00BA	0x00FA      	MOVWF      R10
;__Lib_Math.c,624 :: 		
0x00BB	0x1BFA      	BTFSC      R10, 7
;__Lib_Math.c,625 :: 		
0x00BC	0x09FD      	COMF       R13, 1
;__Lib_Math.c,626 :: 		
0x00BD	0x01FB      	CLRF       R11
;__Lib_Math.c,627 :: 		
0x00BE	0x1FF4      	BTFSS      R4, 7
;__Lib_Math.c,628 :: 		
0x00BF	0x28C2      	GOTO       $+3
;__Lib_Math.c,629 :: 		
0x00C0	0x09F4      	COMF       R4, 1
;__Lib_Math.c,630 :: 		
0x00C1	0x0AF4      	INCF       R4, 1
;__Lib_Math.c,631 :: 		
0x00C2	0x1FF0      	BTFSS      R0, 7
;__Lib_Math.c,632 :: 		
0x00C3	0x28C6      	GOTO       $+3
;__Lib_Math.c,633 :: 		
0x00C4	0x09F0      	COMF       R0, 1
;__Lib_Math.c,634 :: 		
0x00C5	0x0AF0      	INCF       R0, 1
;__Lib_Math.c,635 :: 		
0x00C6	0x0870      	MOVF       R0, 0
;__Lib_Math.c,636 :: 		
0x00C7	0x0474      	IORWF      R4, 0
;__Lib_Math.c,637 :: 		
0x00C8	0x00FA      	MOVWF      R10
;__Lib_Math.c,638 :: 		
0x00C9	0x1BFA      	BTFSC      R10, 7
;__Lib_Math.c,639 :: 		
0x00CA	0x28EA      	GOTO       $+32
;__Lib_Math.c,640 :: 		
0x00CB	0x0874      	MOVF       R4, 0
;__Lib_Math.c,641 :: 		
0x00CC	0x02F8      	SUBWF      R8, 1
;__Lib_Math.c,642 :: 		
0x00CD	0x0DF0      	RLF        R0, 1
;__Lib_Math.c,643 :: 		
0x00CE	0x0D70      	RLF        R0, 0
;__Lib_Math.c,644 :: 		
0x00CF	0x0DF8      	RLF        R8, 1
;__Lib_Math.c,645 :: 		
0x00D0	0x0874      	MOVF       R4, 0
;__Lib_Math.c,646 :: 		
0x00D1	0x07F8      	ADDWF      R8, 1
;__Lib_Math.c,647 :: 		
0x00D2	0x0DF0      	RLF        R0, 1
;__Lib_Math.c,648 :: 		
0x00D3	0x3006      	MOVLW      6
;__Lib_Math.c,649 :: 		
0x00D4	0x00FC      	MOVWF      R12
;__Lib_Math.c,650 :: 		
0x00D5	0x0D70      	RLF        R0, 0
;__Lib_Math.c,651 :: 		
0x00D6	0x0DF8      	RLF        R8, 1
;__Lib_Math.c,652 :: 		
0x00D7	0x0874      	MOVF       R4, 0
;__Lib_Math.c,653 :: 		
0x00D8	0x1870      	BTFSC      R0, 0
;__Lib_Math.c,654 :: 		
0x00D9	0x02F8      	SUBWF      R8, 1
;__Lib_Math.c,655 :: 		
0x00DA	0x1C70      	BTFSS      R0, 0
;__Lib_Math.c,656 :: 		
0x00DB	0x07F8      	ADDWF      R8, 1
;__Lib_Math.c,657 :: 		
0x00DC	0x0DF0      	RLF        R0, 1
;__Lib_Math.c,658 :: 		
0x00DD	0x0BFC      	DECFSZ     R12, 1
;__Lib_Math.c,659 :: 		
0x00DE	0x28D5      	GOTO       $-9
;__Lib_Math.c,660 :: 		
0x00DF	0x1C70      	BTFSS      R0, 0
;__Lib_Math.c,661 :: 		
0x00E0	0x07F8      	ADDWF      R8, 1
;__Lib_Math.c,662 :: 		
0x00E1	0x187B      	BTFSC      R11, 0
;__Lib_Math.c,663 :: 		
0x00E2	0x28F8      	GOTO       $+22
;__Lib_Math.c,664 :: 		
0x00E3	0x1FFD      	BTFSS      R13, 7
;__Lib_Math.c,665 :: 		
0x00E4	0x3400      	RETLW      0
;__Lib_Math.c,666 :: 		
0x00E5	0x09F0      	COMF       R0, 1
;__Lib_Math.c,667 :: 		
0x00E6	0x0AF0      	INCF       R0, 1
;__Lib_Math.c,668 :: 		
0x00E7	0x09F8      	COMF       R8, 1
;__Lib_Math.c,669 :: 		
0x00E8	0x0AF8      	INCF       R8, 1
;__Lib_Math.c,670 :: 		
0x00E9	0x3400      	RETLW      0
;__Lib_Math.c,671 :: 		
0x00EA	0x1FF4      	BTFSS      R4, 7
;__Lib_Math.c,672 :: 		
0x00EB	0x28F5      	GOTO       $+10
;__Lib_Math.c,673 :: 		
0x00EC	0x1BF0      	BTFSC      R0, 7
;__Lib_Math.c,674 :: 		
0x00ED	0x28F2      	GOTO       $+5
;__Lib_Math.c,675 :: 		
0x00EE	0x0870      	MOVF       R0, 0
;__Lib_Math.c,676 :: 		
0x00EF	0x00F8      	MOVWF      R8
;__Lib_Math.c,677 :: 		
0x00F0	0x01F0      	CLRF       R0
;__Lib_Math.c,678 :: 		
0x00F1	0x28E3      	GOTO       $-14
;__Lib_Math.c,679 :: 		
0x00F2	0x01F0      	CLRF       R0
;__Lib_Math.c,680 :: 		
0x00F3	0x0AF0      	INCF       R0, 1
;__Lib_Math.c,681 :: 		
0x00F4	0x3400      	RETLW      0
;__Lib_Math.c,682 :: 		
0x00F5	0x09F0      	COMF       R0, 1
;__Lib_Math.c,683 :: 		
0x00F6	0x0AFB      	INCF       R11, 1
;__Lib_Math.c,684 :: 		
0x00F7	0x28CB      	GOTO       $-44
;__Lib_Math.c,685 :: 		
0x00F8	0x0AF8      	INCF       R8, 1
;__Lib_Math.c,686 :: 		
0x00F9	0x0874      	MOVF       R4, 0
;__Lib_Math.c,687 :: 		
0x00FA	0x0278      	SUBWF      R8, 0
;__Lib_Math.c,688 :: 		
0x00FB	0x1D03      	BTFSS      STATUS, 2
;__Lib_Math.c,689 :: 		
0x00FC	0x28E3      	GOTO       $-25
;__Lib_Math.c,690 :: 		
0x00FD	0x01F8      	CLRF       R8
;__Lib_Math.c,691 :: 		
0x00FE	0x0AF0      	INCF       R0, 1
;__Lib_Math.c,692 :: 		
0x00FF	0x1FF0      	BTFSS      R0, 7
;__Lib_Math.c,693 :: 		
0x0100	0x28E3      	GOTO       $-29
;__Lib_Math.c,694 :: 		
0x0101	0x34FF      	RETLW      255
;__Lib_Math.c,696 :: 		
L_end_Div_8X8_S:
0x0102	0x0008      	RETURN
; end of _Div_8X8_S
_Lcd_Chr_CP:
;__Lib_Lcd.c,50 :: 		
;__Lib_Lcd.c,52 :: 		
0x0103	0x1683      	BSF        STATUS, 5
0x0104	0x1303      	BCF        STATUS, 6
0x0105	0x1023      	BCF        __Lib_Lcd_cmd_status, BitPos(__Lib_Lcd_cmd_status+0)
;__Lib_Lcd.c,53 :: 		
0x0106	0x0836      	MOVF       FARG_Lcd_Chr_CP_out_char, 0
0x0107	0x00BC      	MOVWF      FARG_Lcd_Cmd_out_char
0x0108	0x2039      	CALL       _Lcd_Cmd
;__Lib_Lcd.c,54 :: 		
0x0109	0x1683      	BSF        STATUS, 5
0x010A	0x1423      	BSF        __Lib_Lcd_cmd_status, BitPos(__Lib_Lcd_cmd_status+0)
;__Lib_Lcd.c,55 :: 		
L_end_Lcd_Chr_CP:
0x010B	0x0008      	RETURN
; end of _Lcd_Chr_CP
_____DoICP:
;__Lib_System.c,6 :: 		
;__Lib_System.c,9 :: 		
0x010C	0x1683      	BSF        STATUS, 5
0x010D	0x1303      	BCF        STATUS, 6
0x010E	0x082F      	MOVF       ___DoICPAddr+1, 0
0x010F	0x008A      	MOVWF      PCLATH
;__Lib_System.c,10 :: 		
0x0110	0x082E      	MOVF       ___DoICPAddr, 0
0x0111	0x0082      	MOVWF      PCL
;__Lib_System.c,12 :: 		
L_end_____DoICP:
0x0112	0x0008      	RETURN
; end of _____DoICP
_I2C1_Repeated_Start:
;__Lib_I2C_c34.c,64 :: 		
;__Lib_I2C_c34.c,67 :: 		
0x0113	0x1283      	BCF        STATUS, 5
0x0114	0x1303      	BCF        STATUS, 6
0x0115	0x0847      	MOVF       __Lib_I2C_c34__I2C1_TIMEOUT, 0
0x0116	0x1683      	BSF        STATUS, 5
0x0117	0x00B6      	MOVWF      I2C1_Repeated_Start_timeout_L0
0x0118	0x1283      	BCF        STATUS, 5
0x0119	0x0848      	MOVF       __Lib_I2C_c34__I2C1_TIMEOUT+1, 0
0x011A	0x1683      	BSF        STATUS, 5
0x011B	0x00B7      	MOVWF      I2C1_Repeated_Start_timeout_L0+1
0x011C	0x1283      	BCF        STATUS, 5
0x011D	0x0849      	MOVF       __Lib_I2C_c34__I2C1_TIMEOUT+2, 0
0x011E	0x1683      	BSF        STATUS, 5
0x011F	0x00B8      	MOVWF      I2C1_Repeated_Start_timeout_L0+2
0x0120	0x1283      	BCF        STATUS, 5
0x0121	0x084A      	MOVF       __Lib_I2C_c34__I2C1_TIMEOUT+3, 0
0x0122	0x1683      	BSF        STATUS, 5
0x0123	0x00B9      	MOVWF      I2C1_Repeated_Start_timeout_L0+3
;__Lib_I2C_c34.c,69 :: 		
0x0124	0x1491      	BSF        SSPCON2, 1
;__Lib_I2C_c34.c,70 :: 		
L_I2C1_Repeated_Start12:
0x0125	0x1683      	BSF        STATUS, 5
0x0126	0x1C91      	BTFSS      SSPCON2, 1
0x0127	0x294E      	GOTO       L_I2C1_Repeated_Start13
;__Lib_I2C_c34.c,73 :: 		
0x0128	0x1283      	BCF        STATUS, 5
0x0129	0x0847      	MOVF       __Lib_I2C_c34__I2C1_TIMEOUT, 0
0x012A	0x0448      	IORWF      __Lib_I2C_c34__I2C1_TIMEOUT+1, 0
0x012B	0x0449      	IORWF      __Lib_I2C_c34__I2C1_TIMEOUT+2, 0
0x012C	0x044A      	IORWF      __Lib_I2C_c34__I2C1_TIMEOUT+3, 0
0x012D	0x1903      	BTFSC      STATUS, 2
0x012E	0x294D      	GOTO       L_I2C1_Repeated_Start14
;__Lib_I2C_c34.c,75 :: 		
0x012F	0x1683      	BSF        STATUS, 5
0x0130	0x0836      	MOVF       I2C1_Repeated_Start_timeout_L0, 0
0x0131	0x0437      	IORWF      I2C1_Repeated_Start_timeout_L0+1, 0
0x0132	0x0438      	IORWF      I2C1_Repeated_Start_timeout_L0+2, 0
0x0133	0x0439      	IORWF      I2C1_Repeated_Start_timeout_L0+3, 0
0x0134	0x1D03      	BTFSS      STATUS, 2
0x0135	0x2943      	GOTO       L_I2C1_Repeated_Start15
;__Lib_I2C_c34.c,77 :: 		
0x0136	0x082C      	MOVF       _I2C1_Timeout_Ptr+2, 0
0x0137	0x0084      	MOVWF      FSR
0x0138	0x3006      	MOVLW      6
0x0139	0x0080      	MOVWF      INDF
0x013A	0x0A84      	INCF       FSR, 1
0x013B	0x082A      	MOVF       _I2C1_Timeout_Ptr, 0
0x013C	0x00AE      	MOVWF      ___DoICPAddr
0x013D	0x082B      	MOVF       _I2C1_Timeout_Ptr+1, 0
0x013E	0x00AF      	MOVWF      ___DoICPAddr+1
0x013F	0x20A7      	CALL       _____DoIFC
0x0140	0x118A      	BCF        PCLATH, 3
0x0141	0x120A      	BCF        PCLATH, 4
;__Lib_I2C_c34.c,78 :: 		
0x0142	0x294E      	GOTO       L_I2C1_Repeated_Start13
;__Lib_I2C_c34.c,79 :: 		
L_I2C1_Repeated_Start15:
;__Lib_I2C_c34.c,80 :: 		
0x0143	0x3001      	MOVLW      1
0x0144	0x1683      	BSF        STATUS, 5
0x0145	0x1303      	BCF        STATUS, 6
0x0146	0x02B6      	SUBWF      I2C1_Repeated_Start_timeout_L0, 1
0x0147	0x1C03      	BTFSS      STATUS, 0
0x0148	0x02B7      	SUBWF      I2C1_Repeated_Start_timeout_L0+1, 1
0x0149	0x1C03      	BTFSS      STATUS, 0
0x014A	0x02B8      	SUBWF      I2C1_Repeated_Start_timeout_L0+2, 1
0x014B	0x1C03      	BTFSS      STATUS, 0
0x014C	0x02B9      	SUBWF      I2C1_Repeated_Start_timeout_L0+3, 1
;__Lib_I2C_c34.c,81 :: 		
L_I2C1_Repeated_Start14:
;__Lib_I2C_c34.c,82 :: 		
0x014D	0x2925      	GOTO       L_I2C1_Repeated_Start12
L_I2C1_Repeated_Start13:
;__Lib_I2C_c34.c,83 :: 		
L_end_I2C1_Repeated_Start:
0x014E	0x0008      	RETURN
; end of _I2C1_Repeated_Start
_I2C1_Start:
;__Lib_I2C_c34.c,33 :: 		
;__Lib_I2C_c34.c,37 :: 		
0x014F	0x1283      	BCF        STATUS, 5
0x0150	0x1303      	BCF        STATUS, 6
0x0151	0x0847      	MOVF       __Lib_I2C_c34__I2C1_TIMEOUT, 0
0x0152	0x1683      	BSF        STATUS, 5
0x0153	0x00B8      	MOVWF      I2C1_Start_timeout_L0
0x0154	0x1283      	BCF        STATUS, 5
0x0155	0x0848      	MOVF       __Lib_I2C_c34__I2C1_TIMEOUT+1, 0
0x0156	0x1683      	BSF        STATUS, 5
0x0157	0x00B9      	MOVWF      I2C1_Start_timeout_L0+1
0x0158	0x1283      	BCF        STATUS, 5
0x0159	0x0849      	MOVF       __Lib_I2C_c34__I2C1_TIMEOUT+2, 0
0x015A	0x1683      	BSF        STATUS, 5
0x015B	0x00BA      	MOVWF      I2C1_Start_timeout_L0+2
0x015C	0x1283      	BCF        STATUS, 5
0x015D	0x084A      	MOVF       __Lib_I2C_c34__I2C1_TIMEOUT+3, 0
0x015E	0x1683      	BSF        STATUS, 5
0x015F	0x00BB      	MOVWF      I2C1_Start_timeout_L0+3
;__Lib_I2C_c34.c,39 :: 		
0x0160	0x01B6      	CLRF       I2C1_Start_j_L0
0x0161	0x01B7      	CLRF       I2C1_Start_j_L0+1
L_I2C1_Start2:
0x0162	0x0837      	MOVF       I2C1_Start_j_L0+1, 0
0x0163	0x3C12      	SUBLW      18
0x0164	0x1D03      	BTFSS      STATUS, 2
0x0165	0x2968      	GOTO       L__I2C1_Start39
0x0166	0x0836      	MOVF       I2C1_Start_j_L0, 0
0x0167	0x3C8E      	SUBLW      142
L__I2C1_Start39:
0x0168	0x1C03      	BTFSS      STATUS, 0
0x0169	0x2973      	GOTO       L_I2C1_Start3
;__Lib_I2C_c34.c,40 :: 		
0x016A	0x2097      	CALL       _I2C1_Is_Idle
0x016B	0x0870      	MOVF       R0, 0
0x016C	0x1903      	BTFSC      STATUS, 2
0x016D	0x296F      	GOTO       L_I2C1_Start5
;__Lib_I2C_c34.c,41 :: 		
0x016E	0x2973      	GOTO       L_I2C1_Start3
L_I2C1_Start5:
;__Lib_I2C_c34.c,39 :: 		
0x016F	0x0AB6      	INCF       I2C1_Start_j_L0, 1
0x0170	0x1903      	BTFSC      STATUS, 2
0x0171	0x0AB7      	INCF       I2C1_Start_j_L0+1, 1
;__Lib_I2C_c34.c,42 :: 		
0x0172	0x2962      	GOTO       L_I2C1_Start2
L_I2C1_Start3:
;__Lib_I2C_c34.c,44 :: 		
0x0173	0x3012      	MOVLW      18
0x0174	0x0237      	SUBWF      I2C1_Start_j_L0+1, 0
0x0175	0x1D03      	BTFSS      STATUS, 2
0x0176	0x2979      	GOTO       L__I2C1_Start40
0x0177	0x308F      	MOVLW      143
0x0178	0x0236      	SUBWF      I2C1_Start_j_L0, 0
L__I2C1_Start40:
0x0179	0x1C03      	BTFSS      STATUS, 0
0x017A	0x297E      	GOTO       L_I2C1_Start6
;__Lib_I2C_c34.c,45 :: 		
0x017B	0x307B      	MOVLW      123
0x017C	0x00F0      	MOVWF      R0
0x017D	0x29AC      	GOTO       L_end_I2C1_Start
L_I2C1_Start6:
;__Lib_I2C_c34.c,47 :: 		
0x017E	0x1411      	BSF        SSPCON2, 0
;__Lib_I2C_c34.c,48 :: 		
L_I2C1_Start8:
0x017F	0x1683      	BSF        STATUS, 5
0x0180	0x1C11      	BTFSS      SSPCON2, 0
0x0181	0x29AB      	GOTO       L_I2C1_Start9
;__Lib_I2C_c34.c,50 :: 		
0x0182	0x1283      	BCF        STATUS, 5
0x0183	0x0847      	MOVF       __Lib_I2C_c34__I2C1_TIMEOUT, 0
0x0184	0x0448      	IORWF      __Lib_I2C_c34__I2C1_TIMEOUT+1, 0
0x0185	0x0449      	IORWF      __Lib_I2C_c34__I2C1_TIMEOUT+2, 0
0x0186	0x044A      	IORWF      __Lib_I2C_c34__I2C1_TIMEOUT+3, 0
0x0187	0x1903      	BTFSC      STATUS, 2
0x0188	0x29AA      	GOTO       L_I2C1_Start10
;__Lib_I2C_c34.c,52 :: 		
0x0189	0x1683      	BSF        STATUS, 5
0x018A	0x0838      	MOVF       I2C1_Start_timeout_L0, 0
0x018B	0x0439      	IORWF      I2C1_Start_timeout_L0+1, 0
0x018C	0x043A      	IORWF      I2C1_Start_timeout_L0+2, 0
0x018D	0x043B      	IORWF      I2C1_Start_timeout_L0+3, 0
0x018E	0x1D03      	BTFSS      STATUS, 2
0x018F	0x29A1      	GOTO       L_I2C1_Start11
;__Lib_I2C_c34.c,54 :: 		
0x0190	0x082C      	MOVF       _I2C1_Timeout_Ptr+2, 0
0x0191	0x0084      	MOVWF      FSR
0x0192	0x3005      	MOVLW      5
0x0193	0x0080      	MOVWF      INDF
0x0194	0x0A84      	INCF       FSR, 1
0x0195	0x082A      	MOVF       _I2C1_Timeout_Ptr, 0
0x0196	0x00AE      	MOVWF      ___DoICPAddr
0x0197	0x082B      	MOVF       _I2C1_Timeout_Ptr+1, 0
0x0198	0x00AF      	MOVWF      ___DoICPAddr+1
0x0199	0x20A7      	CALL       _____DoIFC
0x019A	0x118A      	BCF        PCLATH, 3
0x019B	0x120A      	BCF        PCLATH, 4
;__Lib_I2C_c34.c,55 :: 		
0x019C	0x3001      	MOVLW      1
0x019D	0x1283      	BCF        STATUS, 5
0x019E	0x1303      	BCF        STATUS, 6
0x019F	0x00F0      	MOVWF      R0
0x01A0	0x29AC      	GOTO       L_end_I2C1_Start
;__Lib_I2C_c34.c,56 :: 		
L_I2C1_Start11:
;__Lib_I2C_c34.c,57 :: 		
0x01A1	0x3001      	MOVLW      1
0x01A2	0x1683      	BSF        STATUS, 5
0x01A3	0x02B8      	SUBWF      I2C1_Start_timeout_L0, 1
0x01A4	0x1C03      	BTFSS      STATUS, 0
0x01A5	0x02B9      	SUBWF      I2C1_Start_timeout_L0+1, 1
0x01A6	0x1C03      	BTFSS      STATUS, 0
0x01A7	0x02BA      	SUBWF      I2C1_Start_timeout_L0+2, 1
0x01A8	0x1C03      	BTFSS      STATUS, 0
0x01A9	0x02BB      	SUBWF      I2C1_Start_timeout_L0+3, 1
;__Lib_I2C_c34.c,58 :: 		
L_I2C1_Start10:
;__Lib_I2C_c34.c,59 :: 		
0x01AA	0x297F      	GOTO       L_I2C1_Start8
L_I2C1_Start9:
;__Lib_I2C_c34.c,60 :: 		
0x01AB	0x01F0      	CLRF       R0
;__Lib_I2C_c34.c,62 :: 		
L_end_I2C1_Start:
0x01AC	0x0008      	RETURN
; end of _I2C1_Start
_I2C1_Wr:
;__Lib_I2C_c34.c,137 :: 		
;__Lib_I2C_c34.c,140 :: 		
0x01AD	0x1283      	BCF        STATUS, 5
0x01AE	0x1303      	BCF        STATUS, 6
0x01AF	0x118C      	BCF        PIR1, 3
;__Lib_I2C_c34.c,141 :: 		
0x01B0	0x0822      	MOVF       FARG_I2C1_Wr_data_, 0
0x01B1	0x0093      	MOVWF      SSPBUF
;__Lib_I2C_c34.c,143 :: 		
0x01B2	0x0847      	MOVF       __Lib_I2C_c34__I2C1_TIMEOUT, 0
0x01B3	0x1683      	BSF        STATUS, 5
0x01B4	0x00B6      	MOVWF      I2C1_Wr_timeout_L0
0x01B5	0x1283      	BCF        STATUS, 5
0x01B6	0x0848      	MOVF       __Lib_I2C_c34__I2C1_TIMEOUT+1, 0
0x01B7	0x1683      	BSF        STATUS, 5
0x01B8	0x00B7      	MOVWF      I2C1_Wr_timeout_L0+1
0x01B9	0x1283      	BCF        STATUS, 5
0x01BA	0x0849      	MOVF       __Lib_I2C_c34__I2C1_TIMEOUT+2, 0
0x01BB	0x1683      	BSF        STATUS, 5
0x01BC	0x00B8      	MOVWF      I2C1_Wr_timeout_L0+2
0x01BD	0x1283      	BCF        STATUS, 5
0x01BE	0x084A      	MOVF       __Lib_I2C_c34__I2C1_TIMEOUT+3, 0
0x01BF	0x1683      	BSF        STATUS, 5
0x01C0	0x00B9      	MOVWF      I2C1_Wr_timeout_L0+3
;__Lib_I2C_c34.c,145 :: 		
L_I2C1_Wr26:
0x01C1	0x1683      	BSF        STATUS, 5
0x01C2	0x1D14      	BTFSS      SSPSTAT, 2
0x01C3	0x29ED      	GOTO       L_I2C1_Wr27
;__Lib_I2C_c34.c,148 :: 		
0x01C4	0x1283      	BCF        STATUS, 5
0x01C5	0x0847      	MOVF       __Lib_I2C_c34__I2C1_TIMEOUT, 0
0x01C6	0x0448      	IORWF      __Lib_I2C_c34__I2C1_TIMEOUT+1, 0
0x01C7	0x0449      	IORWF      __Lib_I2C_c34__I2C1_TIMEOUT+2, 0
0x01C8	0x044A      	IORWF      __Lib_I2C_c34__I2C1_TIMEOUT+3, 0
0x01C9	0x1903      	BTFSC      STATUS, 2
0x01CA	0x29EC      	GOTO       L_I2C1_Wr28
;__Lib_I2C_c34.c,150 :: 		
0x01CB	0x1683      	BSF        STATUS, 5
0x01CC	0x0836      	MOVF       I2C1_Wr_timeout_L0, 0
0x01CD	0x0437      	IORWF      I2C1_Wr_timeout_L0+1, 0
0x01CE	0x0438      	IORWF      I2C1_Wr_timeout_L0+2, 0
0x01CF	0x0439      	IORWF      I2C1_Wr_timeout_L0+3, 0
0x01D0	0x1D03      	BTFSS      STATUS, 2
0x01D1	0x29E3      	GOTO       L_I2C1_Wr29
;__Lib_I2C_c34.c,152 :: 		
0x01D2	0x082C      	MOVF       _I2C1_Timeout_Ptr+2, 0
0x01D3	0x0084      	MOVWF      FSR
0x01D4	0x3004      	MOVLW      4
0x01D5	0x0080      	MOVWF      INDF
0x01D6	0x0A84      	INCF       FSR, 1
0x01D7	0x082A      	MOVF       _I2C1_Timeout_Ptr, 0
0x01D8	0x00AE      	MOVWF      ___DoICPAddr
0x01D9	0x082B      	MOVF       _I2C1_Timeout_Ptr+1, 0
0x01DA	0x00AF      	MOVWF      ___DoICPAddr+1
0x01DB	0x20A7      	CALL       _____DoIFC
0x01DC	0x118A      	BCF        PCLATH, 3
0x01DD	0x120A      	BCF        PCLATH, 4
;__Lib_I2C_c34.c,153 :: 		
0x01DE	0x3001      	MOVLW      1
0x01DF	0x1283      	BCF        STATUS, 5
0x01E0	0x1303      	BCF        STATUS, 6
0x01E1	0x00F0      	MOVWF      R0
0x01E2	0x2A30      	GOTO       L_end_I2C1_Wr
;__Lib_I2C_c34.c,154 :: 		
L_I2C1_Wr29:
;__Lib_I2C_c34.c,155 :: 		
0x01E3	0x3001      	MOVLW      1
0x01E4	0x1683      	BSF        STATUS, 5
0x01E5	0x02B6      	SUBWF      I2C1_Wr_timeout_L0, 1
0x01E6	0x1C03      	BTFSS      STATUS, 0
0x01E7	0x02B7      	SUBWF      I2C1_Wr_timeout_L0+1, 1
0x01E8	0x1C03      	BTFSS      STATUS, 0
0x01E9	0x02B8      	SUBWF      I2C1_Wr_timeout_L0+2, 1
0x01EA	0x1C03      	BTFSS      STATUS, 0
0x01EB	0x02B9      	SUBWF      I2C1_Wr_timeout_L0+3, 1
;__Lib_I2C_c34.c,156 :: 		
L_I2C1_Wr28:
;__Lib_I2C_c34.c,157 :: 		
0x01EC	0x29C1      	GOTO       L_I2C1_Wr26
L_I2C1_Wr27:
;__Lib_I2C_c34.c,159 :: 		
0x01ED	0x1283      	BCF        STATUS, 5
0x01EE	0x0847      	MOVF       __Lib_I2C_c34__I2C1_TIMEOUT, 0
0x01EF	0x1683      	BSF        STATUS, 5
0x01F0	0x00B6      	MOVWF      I2C1_Wr_timeout_L0
0x01F1	0x1283      	BCF        STATUS, 5
0x01F2	0x0848      	MOVF       __Lib_I2C_c34__I2C1_TIMEOUT+1, 0
0x01F3	0x1683      	BSF        STATUS, 5
0x01F4	0x00B7      	MOVWF      I2C1_Wr_timeout_L0+1
0x01F5	0x1283      	BCF        STATUS, 5
0x01F6	0x0849      	MOVF       __Lib_I2C_c34__I2C1_TIMEOUT+2, 0
0x01F7	0x1683      	BSF        STATUS, 5
0x01F8	0x00B8      	MOVWF      I2C1_Wr_timeout_L0+2
0x01F9	0x1283      	BCF        STATUS, 5
0x01FA	0x084A      	MOVF       __Lib_I2C_c34__I2C1_TIMEOUT+3, 0
0x01FB	0x1683      	BSF        STATUS, 5
0x01FC	0x00B9      	MOVWF      I2C1_Wr_timeout_L0+3
;__Lib_I2C_c34.c,161 :: 		
L_I2C1_Wr30:
0x01FD	0x1283      	BCF        STATUS, 5
0x01FE	0x198C      	BTFSC      PIR1, 3
0x01FF	0x2A28      	GOTO       L_I2C1_Wr31
;__Lib_I2C_c34.c,164 :: 		
0x0200	0x0847      	MOVF       __Lib_I2C_c34__I2C1_TIMEOUT, 0
0x0201	0x0448      	IORWF      __Lib_I2C_c34__I2C1_TIMEOUT+1, 0
0x0202	0x0449      	IORWF      __Lib_I2C_c34__I2C1_TIMEOUT+2, 0
0x0203	0x044A      	IORWF      __Lib_I2C_c34__I2C1_TIMEOUT+3, 0
0x0204	0x1903      	BTFSC      STATUS, 2
0x0205	0x2A27      	GOTO       L_I2C1_Wr32
;__Lib_I2C_c34.c,166 :: 		
0x0206	0x1683      	BSF        STATUS, 5
0x0207	0x0836      	MOVF       I2C1_Wr_timeout_L0, 0
0x0208	0x0437      	IORWF      I2C1_Wr_timeout_L0+1, 0
0x0209	0x0438      	IORWF      I2C1_Wr_timeout_L0+2, 0
0x020A	0x0439      	IORWF      I2C1_Wr_timeout_L0+3, 0
0x020B	0x1D03      	BTFSS      STATUS, 2
0x020C	0x2A1E      	GOTO       L_I2C1_Wr33
;__Lib_I2C_c34.c,168 :: 		
0x020D	0x082C      	MOVF       _I2C1_Timeout_Ptr+2, 0
0x020E	0x0084      	MOVWF      FSR
0x020F	0x3004      	MOVLW      4
0x0210	0x0080      	MOVWF      INDF
0x0211	0x0A84      	INCF       FSR, 1
0x0212	0x082A      	MOVF       _I2C1_Timeout_Ptr, 0
0x0213	0x00AE      	MOVWF      ___DoICPAddr
0x0214	0x082B      	MOVF       _I2C1_Timeout_Ptr+1, 0
0x0215	0x00AF      	MOVWF      ___DoICPAddr+1
0x0216	0x20A7      	CALL       _____DoIFC
0x0217	0x118A      	BCF        PCLATH, 3
0x0218	0x120A      	BCF        PCLATH, 4
;__Lib_I2C_c34.c,169 :: 		
0x0219	0x3001      	MOVLW      1
0x021A	0x1283      	BCF        STATUS, 5
0x021B	0x1303      	BCF        STATUS, 6
0x021C	0x00F0      	MOVWF      R0
0x021D	0x2A30      	GOTO       L_end_I2C1_Wr
;__Lib_I2C_c34.c,170 :: 		
L_I2C1_Wr33:
;__Lib_I2C_c34.c,171 :: 		
0x021E	0x3001      	MOVLW      1
0x021F	0x1683      	BSF        STATUS, 5
0x0220	0x02B6      	SUBWF      I2C1_Wr_timeout_L0, 1
0x0221	0x1C03      	BTFSS      STATUS, 0
0x0222	0x02B7      	SUBWF      I2C1_Wr_timeout_L0+1, 1
0x0223	0x1C03      	BTFSS      STATUS, 0
0x0224	0x02B8      	SUBWF      I2C1_Wr_timeout_L0+2, 1
0x0225	0x1C03      	BTFSS      STATUS, 0
0x0226	0x02B9      	SUBWF      I2C1_Wr_timeout_L0+3, 1
;__Lib_I2C_c34.c,172 :: 		
L_I2C1_Wr32:
;__Lib_I2C_c34.c,173 :: 		
0x0227	0x29FD      	GOTO       L_I2C1_Wr30
L_I2C1_Wr31:
0x0228	0x1683      	BSF        STATUS, 5
;__Lib_I2C_c34.c,175 :: 		
0x0229	0x1B11      	BTFSC      SSPCON2, 6
0x022A	0x2A2D      	GOTO       L_I2C1_Wr34
;__Lib_I2C_c34.c,176 :: 		
0x022B	0x01F0      	CLRF       R0
0x022C	0x2A30      	GOTO       L_end_I2C1_Wr
;__Lib_I2C_c34.c,177 :: 		
L_I2C1_Wr34:
;__Lib_I2C_c34.c,179 :: 		
0x022D	0x1511      	BSF        SSPCON2, 2
;__Lib_I2C_c34.c,180 :: 		
0x022E	0x3002      	MOVLW      2
0x022F	0x00F0      	MOVWF      R0
;__Lib_I2C_c34.c,182 :: 		
L_end_I2C1_Wr:
0x0230	0x0008      	RETURN
; end of _I2C1_Wr
_I2C1_Rd:
;__Lib_I2C_c34.c,85 :: 		
;__Lib_I2C_c34.c,89 :: 		
0x0231	0x1283      	BCF        STATUS, 5
0x0232	0x1303      	BCF        STATUS, 6
0x0233	0x0847      	MOVF       __Lib_I2C_c34__I2C1_TIMEOUT, 0
0x0234	0x1683      	BSF        STATUS, 5
0x0235	0x00B7      	MOVWF      I2C1_Rd_timeout_L0
0x0236	0x1283      	BCF        STATUS, 5
0x0237	0x0848      	MOVF       __Lib_I2C_c34__I2C1_TIMEOUT+1, 0
0x0238	0x1683      	BSF        STATUS, 5
0x0239	0x00B8      	MOVWF      I2C1_Rd_timeout_L0+1
0x023A	0x1283      	BCF        STATUS, 5
0x023B	0x0849      	MOVF       __Lib_I2C_c34__I2C1_TIMEOUT+2, 0
0x023C	0x1683      	BSF        STATUS, 5
0x023D	0x00B9      	MOVWF      I2C1_Rd_timeout_L0+2
0x023E	0x1283      	BCF        STATUS, 5
0x023F	0x084A      	MOVF       __Lib_I2C_c34__I2C1_TIMEOUT+3, 0
0x0240	0x1683      	BSF        STATUS, 5
0x0241	0x00BA      	MOVWF      I2C1_Rd_timeout_L0+3
;__Lib_I2C_c34.c,91 :: 		
0x0242	0x1283      	BCF        STATUS, 5
0x0243	0x118C      	BCF        PIR1, 3
;__Lib_I2C_c34.c,92 :: 		
0x0244	0x1683      	BSF        STATUS, 5
0x0245	0x1591      	BSF        SSPCON2, 3
;__Lib_I2C_c34.c,94 :: 		
L_I2C1_Rd16:
0x0246	0x1283      	BCF        STATUS, 5
0x0247	0x198C      	BTFSC      PIR1, 3
0x0248	0x2A6E      	GOTO       L_I2C1_Rd17
;__Lib_I2C_c34.c,97 :: 		
0x0249	0x0847      	MOVF       __Lib_I2C_c34__I2C1_TIMEOUT, 0
0x024A	0x0448      	IORWF      __Lib_I2C_c34__I2C1_TIMEOUT+1, 0
0x024B	0x0449      	IORWF      __Lib_I2C_c34__I2C1_TIMEOUT+2, 0
0x024C	0x044A      	IORWF      __Lib_I2C_c34__I2C1_TIMEOUT+3, 0
0x024D	0x1903      	BTFSC      STATUS, 2
0x024E	0x2A6D      	GOTO       L_I2C1_Rd18
;__Lib_I2C_c34.c,99 :: 		
0x024F	0x1683      	BSF        STATUS, 5
0x0250	0x0837      	MOVF       I2C1_Rd_timeout_L0, 0
0x0251	0x0438      	IORWF      I2C1_Rd_timeout_L0+1, 0
0x0252	0x0439      	IORWF      I2C1_Rd_timeout_L0+2, 0
0x0253	0x043A      	IORWF      I2C1_Rd_timeout_L0+3, 0
0x0254	0x1D03      	BTFSS      STATUS, 2
0x0255	0x2A63      	GOTO       L_I2C1_Rd19
;__Lib_I2C_c34.c,101 :: 		
0x0256	0x082C      	MOVF       _I2C1_Timeout_Ptr+2, 0
0x0257	0x0084      	MOVWF      FSR
0x0258	0x3003      	MOVLW      3
0x0259	0x0080      	MOVWF      INDF
0x025A	0x0A84      	INCF       FSR, 1
0x025B	0x082A      	MOVF       _I2C1_Timeout_Ptr, 0
0x025C	0x00AE      	MOVWF      ___DoICPAddr
0x025D	0x082B      	MOVF       _I2C1_Timeout_Ptr+1, 0
0x025E	0x00AF      	MOVWF      ___DoICPAddr+1
0x025F	0x20A7      	CALL       _____DoIFC
0x0260	0x118A      	BCF        PCLATH, 3
0x0261	0x120A      	BCF        PCLATH, 4
;__Lib_I2C_c34.c,102 :: 		
0x0262	0x2A6E      	GOTO       L_I2C1_Rd17
;__Lib_I2C_c34.c,103 :: 		
L_I2C1_Rd19:
;__Lib_I2C_c34.c,104 :: 		
0x0263	0x3001      	MOVLW      1
0x0264	0x1683      	BSF        STATUS, 5
0x0265	0x1303      	BCF        STATUS, 6
0x0266	0x02B7      	SUBWF      I2C1_Rd_timeout_L0, 1
0x0267	0x1C03      	BTFSS      STATUS, 0
0x0268	0x02B8      	SUBWF      I2C1_Rd_timeout_L0+1, 1
0x0269	0x1C03      	BTFSS      STATUS, 0
0x026A	0x02B9      	SUBWF      I2C1_Rd_timeout_L0+2, 1
0x026B	0x1C03      	BTFSS      STATUS, 0
0x026C	0x02BA      	SUBWF      I2C1_Rd_timeout_L0+3, 1
;__Lib_I2C_c34.c,105 :: 		
L_I2C1_Rd18:
;__Lib_I2C_c34.c,106 :: 		
0x026D	0x2A46      	GOTO       L_I2C1_Rd16
L_I2C1_Rd17:
0x026E	0x1303      	BCF        STATUS, 6
;__Lib_I2C_c34.c,108 :: 		
0x026F	0x1283      	BCF        STATUS, 5
0x0270	0x0813      	MOVF       SSPBUF, 0
0x0271	0x1683      	BSF        STATUS, 5
0x0272	0x00B6      	MOVWF      I2C1_Rd_tmp_L0
;__Lib_I2C_c34.c,109 :: 		
0x0273	0x1283      	BCF        STATUS, 5
0x0274	0x0821      	MOVF       FARG_I2C1_Rd_ack, 0
0x0275	0x3A00      	XORLW      0
0x0276	0x1D03      	BTFSS      STATUS, 2
0x0277	0x2A7B      	GOTO       L_I2C1_Rd20
;__Lib_I2C_c34.c,110 :: 		
0x0278	0x1683      	BSF        STATUS, 5
0x0279	0x1691      	BSF        SSPCON2, 5
0x027A	0x2A7D      	GOTO       L_I2C1_Rd21
L_I2C1_Rd20:
0x027B	0x1683      	BSF        STATUS, 5
;__Lib_I2C_c34.c,112 :: 		
0x027C	0x1291      	BCF        SSPCON2, 5
L_I2C1_Rd21:
;__Lib_I2C_c34.c,114 :: 		
0x027D	0x1283      	BCF        STATUS, 5
0x027E	0x118C      	BCF        PIR1, 3
;__Lib_I2C_c34.c,115 :: 		
0x027F	0x1683      	BSF        STATUS, 5
0x0280	0x1611      	BSF        SSPCON2, 4
;__Lib_I2C_c34.c,118 :: 		
0x0281	0x1283      	BCF        STATUS, 5
0x0282	0x0847      	MOVF       __Lib_I2C_c34__I2C1_TIMEOUT, 0
0x0283	0x1683      	BSF        STATUS, 5
0x0284	0x00B7      	MOVWF      I2C1_Rd_timeout_L0
0x0285	0x1283      	BCF        STATUS, 5
0x0286	0x0848      	MOVF       __Lib_I2C_c34__I2C1_TIMEOUT+1, 0
0x0287	0x1683      	BSF        STATUS, 5
0x0288	0x00B8      	MOVWF      I2C1_Rd_timeout_L0+1
0x0289	0x1283      	BCF        STATUS, 5
0x028A	0x0849      	MOVF       __Lib_I2C_c34__I2C1_TIMEOUT+2, 0
0x028B	0x1683      	BSF        STATUS, 5
0x028C	0x00B9      	MOVWF      I2C1_Rd_timeout_L0+2
0x028D	0x1283      	BCF        STATUS, 5
0x028E	0x084A      	MOVF       __Lib_I2C_c34__I2C1_TIMEOUT+3, 0
0x028F	0x1683      	BSF        STATUS, 5
0x0290	0x00BA      	MOVWF      I2C1_Rd_timeout_L0+3
;__Lib_I2C_c34.c,120 :: 		
L_I2C1_Rd22:
0x0291	0x1283      	BCF        STATUS, 5
0x0292	0x198C      	BTFSC      PIR1, 3
0x0293	0x2AB9      	GOTO       L_I2C1_Rd23
;__Lib_I2C_c34.c,123 :: 		
0x0294	0x0847      	MOVF       __Lib_I2C_c34__I2C1_TIMEOUT, 0
0x0295	0x0448      	IORWF      __Lib_I2C_c34__I2C1_TIMEOUT+1, 0
0x0296	0x0449      	IORWF      __Lib_I2C_c34__I2C1_TIMEOUT+2, 0
0x0297	0x044A      	IORWF      __Lib_I2C_c34__I2C1_TIMEOUT+3, 0
0x0298	0x1903      	BTFSC      STATUS, 2
0x0299	0x2AB8      	GOTO       L_I2C1_Rd24
;__Lib_I2C_c34.c,125 :: 		
0x029A	0x1683      	BSF        STATUS, 5
0x029B	0x0837      	MOVF       I2C1_Rd_timeout_L0, 0
0x029C	0x0438      	IORWF      I2C1_Rd_timeout_L0+1, 0
0x029D	0x0439      	IORWF      I2C1_Rd_timeout_L0+2, 0
0x029E	0x043A      	IORWF      I2C1_Rd_timeout_L0+3, 0
0x029F	0x1D03      	BTFSS      STATUS, 2
0x02A0	0x2AAE      	GOTO       L_I2C1_Rd25
;__Lib_I2C_c34.c,127 :: 		
0x02A1	0x082C      	MOVF       _I2C1_Timeout_Ptr+2, 0
0x02A2	0x0084      	MOVWF      FSR
0x02A3	0x3003      	MOVLW      3
0x02A4	0x0080      	MOVWF      INDF
0x02A5	0x0A84      	INCF       FSR, 1
0x02A6	0x082A      	MOVF       _I2C1_Timeout_Ptr, 0
0x02A7	0x00AE      	MOVWF      ___DoICPAddr
0x02A8	0x082B      	MOVF       _I2C1_Timeout_Ptr+1, 0
0x02A9	0x00AF      	MOVWF      ___DoICPAddr+1
0x02AA	0x20A7      	CALL       _____DoIFC
0x02AB	0x118A      	BCF        PCLATH, 3
0x02AC	0x120A      	BCF        PCLATH, 4
;__Lib_I2C_c34.c,128 :: 		
0x02AD	0x2AB9      	GOTO       L_I2C1_Rd23
;__Lib_I2C_c34.c,129 :: 		
L_I2C1_Rd25:
;__Lib_I2C_c34.c,130 :: 		
0x02AE	0x3001      	MOVLW      1
0x02AF	0x1683      	BSF        STATUS, 5
0x02B0	0x1303      	BCF        STATUS, 6
0x02B1	0x02B7      	SUBWF      I2C1_Rd_timeout_L0, 1
0x02B2	0x1C03      	BTFSS      STATUS, 0
0x02B3	0x02B8      	SUBWF      I2C1_Rd_timeout_L0+1, 1
0x02B4	0x1C03      	BTFSS      STATUS, 0
0x02B5	0x02B9      	SUBWF      I2C1_Rd_timeout_L0+2, 1
0x02B6	0x1C03      	BTFSS      STATUS, 0
0x02B7	0x02BA      	SUBWF      I2C1_Rd_timeout_L0+3, 1
;__Lib_I2C_c34.c,131 :: 		
L_I2C1_Rd24:
;__Lib_I2C_c34.c,132 :: 		
0x02B8	0x2A91      	GOTO       L_I2C1_Rd22
L_I2C1_Rd23:
0x02B9	0x1683      	BSF        STATUS, 5
0x02BA	0x1303      	BCF        STATUS, 6
;__Lib_I2C_c34.c,134 :: 		
0x02BB	0x0836      	MOVF       I2C1_Rd_tmp_L0, 0
0x02BC	0x00F0      	MOVWF      R0
;__Lib_I2C_c34.c,135 :: 		
L_end_I2C1_Rd:
0x02BD	0x0008      	RETURN
; end of _I2C1_Rd
_I2C1_Init:
;__Lib_I2C_c34.c,188 :: 		
;__Lib_I2C_c34.c,190 :: 		
0x02BE	0x3097      	MOVLW      _I2C1_Is_Idle
0x02BF	0x1283      	BCF        STATUS, 5
0x02C0	0x1303      	BCF        STATUS, 6
0x02C1	0x00ED      	MOVWF      _I2C_Is_Idle_Ptr
0x02C2	0x3000      	MOVLW      hi_addr(_I2C1_Is_Idle)
0x02C3	0x00EE      	MOVWF      _I2C_Is_Idle_Ptr+1
0x02C4	0x3000      	MOVLW      0
0x02C5	0x00EF      	MOVWF      _I2C_Is_Idle_Ptr+2
0x02C6	0x3000      	MOVLW      0
;__Lib_I2C_c34.c,191 :: 		
0x02C7	0x304F      	MOVLW      _I2C1_Start
0x02C8	0x00EA      	MOVWF      _I2C_Start_Ptr
0x02C9	0x3001      	MOVLW      hi_addr(_I2C1_Start)
0x02CA	0x00EB      	MOVWF      _I2C_Start_Ptr+1
0x02CB	0x3000      	MOVLW      0
0x02CC	0x00EC      	MOVWF      _I2C_Start_Ptr+2
0x02CD	0x3000      	MOVLW      0
;__Lib_I2C_c34.c,192 :: 		
0x02CE	0x3013      	MOVLW      _I2C1_Repeated_Start
0x02CF	0x00E7      	MOVWF      _I2C_Restart_Ptr
0x02D0	0x3001      	MOVLW      hi_addr(_I2C1_Repeated_Start)
0x02D1	0x00E8      	MOVWF      _I2C_Restart_Ptr+1
0x02D2	0x3000      	MOVLW      0
0x02D3	0x00E9      	MOVWF      _I2C_Restart_Ptr+2
0x02D4	0x3000      	MOVLW      0
;__Lib_I2C_c34.c,193 :: 		
0x02D5	0x3031      	MOVLW      _I2C1_Rd
0x02D6	0x1683      	BSF        STATUS, 5
0x02D7	0x00A0      	MOVWF      _I2C_Read_Ptr
0x02D8	0x3002      	MOVLW      hi_addr(_I2C1_Rd)
0x02D9	0x00A1      	MOVWF      _I2C_Read_Ptr+1
0x02DA	0x3021      	MOVLW      FARG_I2C1_Rd_ack
0x02DB	0x00A2      	MOVWF      _I2C_Read_Ptr+2
0x02DC	0x3000      	MOVLW      hi_addr(FARG_I2C1_Rd_ack)
;__Lib_I2C_c34.c,194 :: 		
0x02DD	0x30AD      	MOVLW      _I2C1_Wr
0x02DE	0x00A7      	MOVWF      _I2C_Write_Ptr
0x02DF	0x3001      	MOVLW      hi_addr(_I2C1_Wr)
0x02E0	0x00A8      	MOVWF      _I2C_Write_Ptr+1
0x02E1	0x3022      	MOVLW      FARG_I2C1_Wr_data_
0x02E2	0x00A9      	MOVWF      _I2C_Write_Ptr+2
0x02E3	0x3000      	MOVLW      hi_addr(FARG_I2C1_Wr_data_)
;__Lib_I2C_c34.c,195 :: 		
0x02E4	0x30AE      	MOVLW      _I2C1_Stop
0x02E5	0x00A4      	MOVWF      _I2C_Stop_Ptr
0x02E6	0x3000      	MOVLW      hi_addr(_I2C1_Stop)
0x02E7	0x00A5      	MOVWF      _I2C_Stop_Ptr+1
0x02E8	0x3000      	MOVLW      0
0x02E9	0x00A6      	MOVWF      _I2C_Stop_Ptr+2
0x02EA	0x3000      	MOVLW      0
;__Lib_I2C_c34.c,197 :: 		
0x02EB	0x1314      	BCF        SSPSTAT, 6
;__Lib_I2C_c34.c,198 :: 		
0x02EC	0x1394      	BCF        SSPSTAT, 7
;__Lib_I2C_c34.c,199 :: 		
0x02ED	0x1607      	BSF        TRISC4_bit, BitPos(TRISC4_bit+0)
;__Lib_I2C_c34.c,200 :: 		
0x02EE	0x1587      	BSF        TRISC3_bit, BitPos(TRISC3_bit+0)
;__Lib_I2C_c34.c,201 :: 		
0x02EF	0x3038      	MOVLW      56
0x02F0	0x1283      	BCF        STATUS, 5
0x02F1	0x0094      	MOVWF      SSPCON
;__Lib_I2C_c34.c,202 :: 		
L_end_I2C1_Init:
0x02F2	0x0008      	RETURN
; end of _I2C1_Init
_display_set:
;RTC2.c,10 :: 		void display_set(char arr[], short i)
;RTC2.c,12 :: 		arr[i]=(char)un(val)+48; arr[i+1]=(char)ln(val)+48;
0x02F3	0x1683      	BSF        STATUS, 5
0x02F4	0x1303      	BCF        STATUS, 6
0x02F5	0x0833      	MOVF       FARG_display_set_i, 0
0x02F6	0x0732      	ADDWF      FARG_display_set_arr, 0
0x02F7	0x0084      	MOVWF      FSR
0x02F8	0x0180      	CLRF       INDF
0x02F9	0x0833      	MOVF       FARG_display_set_i, 0
0x02FA	0x3E01      	ADDLW      1
0x02FB	0x00F0      	MOVWF      R0
0x02FC	0x01F1      	CLRF       R0+1
0x02FD	0x1803      	BTFSC      STATUS, 0
0x02FE	0x0AF1      	INCF       R0+1, 1
0x02FF	0x3000      	MOVLW      0
0x0300	0x1BB3      	BTFSC      FARG_display_set_i, 7
0x0301	0x30FF      	MOVLW      255
0x0302	0x07F1      	ADDWF      R0+1, 1
0x0303	0x0870      	MOVF       R0, 0
0x0304	0x0732      	ADDWF      FARG_display_set_arr, 0
0x0305	0x0084      	MOVWF      FSR
0x0306	0x303F      	MOVLW      63
0x0307	0x052D      	ANDWF      _val, 0
0x0308	0x00F0      	MOVWF      R0
0x0309	0x0870      	MOVF       R0, 0
0x030A	0x0080      	MOVWF      INDF
;RTC2.c,13 :: 		}
L_end_display_set:
0x030B	0x0008      	RETURN
; end of _display_set
_Lcd_Chr:
;__Lib_Lcd.c,65 :: 		
;__Lib_Lcd.c,66 :: 		
0x030C	0x2B1E      	GOTO       L_Lcd_Chr4
;__Lib_Lcd.c,67 :: 		
L_Lcd_Chr6:
0x030D	0x3080      	MOVLW      128
0x030E	0x1683      	BSF        STATUS, 5
0x030F	0x1303      	BCF        STATUS, 6
0x0310	0x00B2      	MOVWF      FARG_Lcd_Chr_row
0x0311	0x2B31      	GOTO       L_Lcd_Chr5
;__Lib_Lcd.c,68 :: 		
L_Lcd_Chr7:
0x0312	0x30C0      	MOVLW      192
0x0313	0x00B2      	MOVWF      FARG_Lcd_Chr_row
0x0314	0x2B31      	GOTO       L_Lcd_Chr5
;__Lib_Lcd.c,69 :: 		
L_Lcd_Chr8:
0x0315	0x3094      	MOVLW      148
0x0316	0x00B2      	MOVWF      FARG_Lcd_Chr_row
0x0317	0x2B31      	GOTO       L_Lcd_Chr5
;__Lib_Lcd.c,70 :: 		
L_Lcd_Chr9:
0x0318	0x30D4      	MOVLW      212
0x0319	0x00B2      	MOVWF      FARG_Lcd_Chr_row
0x031A	0x2B31      	GOTO       L_Lcd_Chr5
;__Lib_Lcd.c,71 :: 		
L_Lcd_Chr10:
0x031B	0x3080      	MOVLW      128
0x031C	0x00B2      	MOVWF      FARG_Lcd_Chr_row
;__Lib_Lcd.c,72 :: 		
0x031D	0x2B31      	GOTO       L_Lcd_Chr5
L_Lcd_Chr4:
0x031E	0x1683      	BSF        STATUS, 5
0x031F	0x1303      	BCF        STATUS, 6
0x0320	0x0832      	MOVF       FARG_Lcd_Chr_row, 0
0x0321	0x3A01      	XORLW      1
0x0322	0x1903      	BTFSC      STATUS, 2
0x0323	0x2B0D      	GOTO       L_Lcd_Chr6
0x0324	0x0832      	MOVF       FARG_Lcd_Chr_row, 0
0x0325	0x3A02      	XORLW      2
0x0326	0x1903      	BTFSC      STATUS, 2
0x0327	0x2B12      	GOTO       L_Lcd_Chr7
0x0328	0x0832      	MOVF       FARG_Lcd_Chr_row, 0
0x0329	0x3A03      	XORLW      3
0x032A	0x1903      	BTFSC      STATUS, 2
0x032B	0x2B15      	GOTO       L_Lcd_Chr8
0x032C	0x0832      	MOVF       FARG_Lcd_Chr_row, 0
0x032D	0x3A04      	XORLW      4
0x032E	0x1903      	BTFSC      STATUS, 2
0x032F	0x2B18      	GOTO       L_Lcd_Chr9
0x0330	0x2B1B      	GOTO       L_Lcd_Chr10
L_Lcd_Chr5:
;__Lib_Lcd.c,74 :: 		
0x0331	0x0333      	DECF       FARG_Lcd_Chr_column, 0
0x0332	0x00F0      	MOVWF      R0
0x0333	0x0832      	MOVF       FARG_Lcd_Chr_row, 0
0x0334	0x07F0      	ADDWF      R0, 1
0x0335	0x0870      	MOVF       R0, 0
0x0336	0x00B2      	MOVWF      FARG_Lcd_Chr_row
;__Lib_Lcd.c,76 :: 		
0x0337	0x1423      	BSF        __Lib_Lcd_cmd_status, BitPos(__Lib_Lcd_cmd_status+0)
;__Lib_Lcd.c,77 :: 		
0x0338	0x0870      	MOVF       R0, 0
0x0339	0x00BC      	MOVWF      FARG_Lcd_Cmd_out_char
0x033A	0x2039      	CALL       _Lcd_Cmd
;__Lib_Lcd.c,79 :: 		
0x033B	0x1683      	BSF        STATUS, 5
0x033C	0x1023      	BCF        __Lib_Lcd_cmd_status, BitPos(__Lib_Lcd_cmd_status+0)
;__Lib_Lcd.c,80 :: 		
0x033D	0x0834      	MOVF       FARG_Lcd_Chr_out_char, 0
0x033E	0x00BC      	MOVWF      FARG_Lcd_Cmd_out_char
0x033F	0x2039      	CALL       _Lcd_Cmd
;__Lib_Lcd.c,81 :: 		
0x0340	0x1683      	BSF        STATUS, 5
0x0341	0x1423      	BSF        __Lib_Lcd_cmd_status, BitPos(__Lib_Lcd_cmd_status+0)
;__Lib_Lcd.c,82 :: 		
L_end_Lcd_Chr:
0x0342	0x0008      	RETURN
; end of _Lcd_Chr
_Div_8X8_U:
;__Lib_Math.c,189 :: 		
;__Lib_Math.c,196 :: 		
0x0343	0x1283      	BCF        STATUS, 5
;__Lib_Math.c,197 :: 		
0x0344	0x1303      	BCF        STATUS, 6
;__Lib_Math.c,198 :: 		
0x0345	0x01F8      	CLRF       R8
;__Lib_Math.c,199 :: 		
0x0346	0x3008      	MOVLW      8
;__Lib_Math.c,200 :: 		
0x0347	0x00FC      	MOVWF      R12
;__Lib_Math.c,201 :: 		
0x0348	0x0D70      	RLF        R0, 0
;__Lib_Math.c,202 :: 		
0x0349	0x0DF8      	RLF        R8, 1
;__Lib_Math.c,203 :: 		
0x034A	0x0874      	MOVF       R4, 0
;__Lib_Math.c,204 :: 		
0x034B	0x02F8      	SUBWF      R8, 1
;__Lib_Math.c,205 :: 		
0x034C	0x1803      	BTFSC      STATUS, 0
;__Lib_Math.c,206 :: 		
0x034D	0x2B50      	GOTO       $+3
;__Lib_Math.c,207 :: 		
0x034E	0x07F8      	ADDWF      R8, 1
;__Lib_Math.c,208 :: 		
0x034F	0x1003      	BCF        STATUS, 0
;__Lib_Math.c,209 :: 		
0x0350	0x0DF0      	RLF        R0, 1
;__Lib_Math.c,210 :: 		
0x0351	0x0BFC      	DECFSZ     R12, 1
;__Lib_Math.c,211 :: 		
0x0352	0x2B48      	GOTO       $-10
;__Lib_Math.c,213 :: 		
L_end_Div_8X8_U:
0x0353	0x0008      	RETURN
; end of _Div_8X8_U
_read_time:
;RTC2.c,30 :: 		short read_time(short address)
;RTC2.c,33 :: 		I2C1_Start();
0x0354	0x214F      	CALL       _I2C1_Start
;RTC2.c,34 :: 		I2C1_Wr(0xD0);
0x0355	0x30D0      	MOVLW      208
0x0356	0x1283      	BCF        STATUS, 5
0x0357	0x1303      	BCF        STATUS, 6
0x0358	0x00A2      	MOVWF      FARG_I2C1_Wr_data_
0x0359	0x21AD      	CALL       _I2C1_Wr
;RTC2.c,35 :: 		I2C1_Wr(address);
0x035A	0x1683      	BSF        STATUS, 5
0x035B	0x1303      	BCF        STATUS, 6
0x035C	0x0832      	MOVF       FARG_read_time_address, 0
0x035D	0x1283      	BCF        STATUS, 5
0x035E	0x00A2      	MOVWF      FARG_I2C1_Wr_data_
0x035F	0x21AD      	CALL       _I2C1_Wr
;RTC2.c,36 :: 		I2C1_Repeated_Start();
0x0360	0x2113      	CALL       _I2C1_Repeated_Start
;RTC2.c,37 :: 		I2C1_Wr(0xD1);
0x0361	0x30D1      	MOVLW      209
0x0362	0x1283      	BCF        STATUS, 5
0x0363	0x1303      	BCF        STATUS, 6
0x0364	0x00A2      	MOVWF      FARG_I2C1_Wr_data_
0x0365	0x21AD      	CALL       _I2C1_Wr
;RTC2.c,38 :: 		read_data=I2C1_Rd(0);
0x0366	0x1283      	BCF        STATUS, 5
0x0367	0x1303      	BCF        STATUS, 6
0x0368	0x01A1      	CLRF       FARG_I2C1_Rd_ack
0x0369	0x2231      	CALL       _I2C1_Rd
0x036A	0x0870      	MOVF       R0, 0
0x036B	0x00B3      	MOVWF      read_time_read_data_L0
;RTC2.c,39 :: 		I2C1_Stop();
0x036C	0x20AE      	CALL       _I2C1_Stop
;RTC2.c,40 :: 		return(read_data);
0x036D	0x0833      	MOVF       read_time_read_data_L0, 0
0x036E	0x00F0      	MOVWF      R0
;RTC2.c,41 :: 		}
L_end_read_time:
0x036F	0x0008      	RETURN
; end of _read_time
_Lcd_Init:
;__Lib_Lcd.c,84 :: 		
;__Lib_Lcd.c,86 :: 		
0x0370	0x1683      	BSF        STATUS, 5
0x0371	0x1303      	BCF        STATUS, 6
0x0372	0x1186      	BCF        lcd_en_direction, BitPos(lcd_en_direction+0)
;__Lib_Lcd.c,87 :: 		
0x0373	0x1106      	BCF        lcd_rs_direction, BitPos(lcd_rs_direction+0)
;__Lib_Lcd.c,88 :: 		
0x0374	0x1206      	BCF        lcd_d4_direction, BitPos(lcd_d4_direction+0)
;__Lib_Lcd.c,89 :: 		
0x0375	0x1286      	BCF        lcd_d5_direction, BitPos(lcd_d5_direction+0)
;__Lib_Lcd.c,90 :: 		
0x0376	0x1306      	BCF        lcd_d6_direction, BitPos(lcd_d6_direction+0)
;__Lib_Lcd.c,91 :: 		
0x0377	0x1386      	BCF        lcd_d7_direction, BitPos(lcd_d7_direction+0)
;__Lib_Lcd.c,93 :: 		
0x0378	0x1283      	BCF        STATUS, 5
0x0379	0x1186      	BCF        lcd_en, BitPos(lcd_en+0)
;__Lib_Lcd.c,94 :: 		
0x037A	0x1106      	BCF        lcd_rs, BitPos(lcd_rs+0)
;__Lib_Lcd.c,95 :: 		
0x037B	0x1386      	BCF        lcd_d7, BitPos(lcd_d7+0)
;__Lib_Lcd.c,96 :: 		
0x037C	0x1306      	BCF        lcd_d6, BitPos(lcd_d6+0)
;__Lib_Lcd.c,97 :: 		
0x037D	0x1286      	BCF        lcd_d5, BitPos(lcd_d5+0)
;__Lib_Lcd.c,98 :: 		
0x037E	0x1206      	BCF        lcd_d4, BitPos(lcd_d4+0)
;__Lib_Lcd.c,100 :: 		
0x037F	0x2025      	CALL       _Delay_5500us
;__Lib_Lcd.c,101 :: 		
0x0380	0x2025      	CALL       _Delay_5500us
;__Lib_Lcd.c,102 :: 		
0x0381	0x2025      	CALL       _Delay_5500us
;__Lib_Lcd.c,105 :: 		
0x0382	0x1686      	BSF        lcd_d5, BitPos(lcd_d5+0)
;__Lib_Lcd.c,106 :: 		
0x0383	0x1606      	BSF        lcd_d4, BitPos(lcd_d4+0)
;__Lib_Lcd.c,107 :: 		
0x0384	0x1586      	BSF        lcd_en, BitPos(lcd_en+0)
;__Lib_Lcd.c,108 :: 		
0x0385	0x2022      	CALL       _Delay_1us
;__Lib_Lcd.c,109 :: 		
0x0386	0x1186      	BCF        lcd_en, BitPos(lcd_en+0)
;__Lib_Lcd.c,110 :: 		
0x0387	0x2025      	CALL       _Delay_5500us
;__Lib_Lcd.c,112 :: 		
0x0388	0x1586      	BSF        lcd_en, BitPos(lcd_en+0)
;__Lib_Lcd.c,113 :: 		
0x0389	0x2022      	CALL       _Delay_1us
;__Lib_Lcd.c,114 :: 		
0x038A	0x1186      	BCF        lcd_en, BitPos(lcd_en+0)
;__Lib_Lcd.c,115 :: 		
0x038B	0x2025      	CALL       _Delay_5500us
;__Lib_Lcd.c,117 :: 		
0x038C	0x1586      	BSF        lcd_en, BitPos(lcd_en+0)
;__Lib_Lcd.c,118 :: 		
0x038D	0x2022      	CALL       _Delay_1us
;__Lib_Lcd.c,119 :: 		
0x038E	0x1186      	BCF        lcd_en, BitPos(lcd_en+0)
;__Lib_Lcd.c,120 :: 		
0x038F	0x2025      	CALL       _Delay_5500us
;__Lib_Lcd.c,123 :: 		
0x0390	0x1206      	BCF        lcd_d4, BitPos(lcd_d4+0)
;__Lib_Lcd.c,124 :: 		
0x0391	0x1586      	BSF        lcd_en, BitPos(lcd_en+0)
;__Lib_Lcd.c,125 :: 		
0x0392	0x2022      	CALL       _Delay_1us
;__Lib_Lcd.c,126 :: 		
0x0393	0x1186      	BCF        lcd_en, BitPos(lcd_en+0)
;__Lib_Lcd.c,127 :: 		
0x0394	0x2025      	CALL       _Delay_5500us
;__Lib_Lcd.c,130 :: 		
0x0395	0x1586      	BSF        lcd_en, BitPos(lcd_en+0)
;__Lib_Lcd.c,131 :: 		
0x0396	0x2022      	CALL       _Delay_1us
;__Lib_Lcd.c,132 :: 		
0x0397	0x1186      	BCF        lcd_en, BitPos(lcd_en+0)
;__Lib_Lcd.c,134 :: 		
0x0398	0x1286      	BCF        lcd_d5, BitPos(lcd_d5+0)
;__Lib_Lcd.c,135 :: 		
0x0399	0x1786      	BSF        lcd_d7, BitPos(lcd_d7+0)
;__Lib_Lcd.c,136 :: 		
0x039A	0x1586      	BSF        lcd_en, BitPos(lcd_en+0)
;__Lib_Lcd.c,137 :: 		
0x039B	0x2022      	CALL       _Delay_1us
;__Lib_Lcd.c,138 :: 		
0x039C	0x1186      	BCF        lcd_en, BitPos(lcd_en+0)
;__Lib_Lcd.c,139 :: 		
0x039D	0x2025      	CALL       _Delay_5500us
;__Lib_Lcd.c,142 :: 		
0x039E	0x1386      	BCF        lcd_d7, BitPos(lcd_d7+0)
;__Lib_Lcd.c,143 :: 		
0x039F	0x1606      	BSF        lcd_d4, BitPos(lcd_d4+0)
;__Lib_Lcd.c,144 :: 		
0x03A0	0x1586      	BSF        lcd_en, BitPos(lcd_en+0)
;__Lib_Lcd.c,145 :: 		
0x03A1	0x2022      	CALL       _Delay_1us
;__Lib_Lcd.c,146 :: 		
0x03A2	0x1186      	BCF        lcd_en, BitPos(lcd_en+0)
;__Lib_Lcd.c,148 :: 		
0x03A3	0x1206      	BCF        lcd_d4, BitPos(lcd_d4+0)
;__Lib_Lcd.c,149 :: 		
0x03A4	0x1586      	BSF        lcd_en, BitPos(lcd_en+0)
;__Lib_Lcd.c,150 :: 		
0x03A5	0x2022      	CALL       _Delay_1us
;__Lib_Lcd.c,151 :: 		
0x03A6	0x1186      	BCF        lcd_en, BitPos(lcd_en+0)
;__Lib_Lcd.c,152 :: 		
0x03A7	0x2025      	CALL       _Delay_5500us
;__Lib_Lcd.c,155 :: 		
0x03A8	0x1586      	BSF        lcd_en, BitPos(lcd_en+0)
;__Lib_Lcd.c,156 :: 		
0x03A9	0x2022      	CALL       _Delay_1us
;__Lib_Lcd.c,157 :: 		
0x03AA	0x1186      	BCF        lcd_en, BitPos(lcd_en+0)
;__Lib_Lcd.c,159 :: 		
0x03AB	0x1606      	BSF        lcd_d4, BitPos(lcd_d4+0)
;__Lib_Lcd.c,160 :: 		
0x03AC	0x1586      	BSF        lcd_en, BitPos(lcd_en+0)
;__Lib_Lcd.c,161 :: 		
0x03AD	0x2022      	CALL       _Delay_1us
;__Lib_Lcd.c,162 :: 		
0x03AE	0x1186      	BCF        lcd_en, BitPos(lcd_en+0)
;__Lib_Lcd.c,163 :: 		
0x03AF	0x2025      	CALL       _Delay_5500us
;__Lib_Lcd.c,166 :: 		
0x03B0	0x1206      	BCF        lcd_d4, BitPos(lcd_d4+0)
;__Lib_Lcd.c,167 :: 		
0x03B1	0x1586      	BSF        lcd_en, BitPos(lcd_en+0)
;__Lib_Lcd.c,168 :: 		
0x03B2	0x2022      	CALL       _Delay_1us
;__Lib_Lcd.c,169 :: 		
0x03B3	0x1186      	BCF        lcd_en, BitPos(lcd_en+0)
;__Lib_Lcd.c,171 :: 		
0x03B4	0x1786      	BSF        lcd_d7, BitPos(lcd_d7+0)
;__Lib_Lcd.c,172 :: 		
0x03B5	0x1706      	BSF        lcd_d6, BitPos(lcd_d6+0)
;__Lib_Lcd.c,173 :: 		
0x03B6	0x1686      	BSF        lcd_d5, BitPos(lcd_d5+0)
;__Lib_Lcd.c,174 :: 		
0x03B7	0x1606      	BSF        lcd_d4, BitPos(lcd_d4+0)
;__Lib_Lcd.c,175 :: 		
0x03B8	0x1586      	BSF        lcd_en, BitPos(lcd_en+0)
;__Lib_Lcd.c,176 :: 		
0x03B9	0x2022      	CALL       _Delay_1us
;__Lib_Lcd.c,177 :: 		
0x03BA	0x1186      	BCF        lcd_en, BitPos(lcd_en+0)
;__Lib_Lcd.c,179 :: 		
0x03BB	0x2025      	CALL       _Delay_5500us
;__Lib_Lcd.c,181 :: 		
0x03BC	0x1683      	BSF        STATUS, 5
0x03BD	0x1423      	BSF        __Lib_Lcd_cmd_status, BitPos(__Lib_Lcd_cmd_status+0)
;__Lib_Lcd.c,182 :: 		
L_end_Lcd_Init:
0x03BE	0x0008      	RETURN
; end of _Lcd_Init
___CC2DW:
;__Lib_System.c,134 :: 		
;__Lib_System.c,137 :: 		
_CC2D_Loop1:
;__Lib_System.c,139 :: 		
0x03BF	0x210C      	CALL       _____DoICP
0x03C0	0x118A      	BCF        PCLATH, 3
0x03C1	0x120A      	BCF        PCLATH, 4
;__Lib_System.c,141 :: 		
0x03C2	0x0080      	MOVWF      INDF
;__Lib_System.c,142 :: 		
0x03C3	0x0A84      	INCF       FSR, 1
;__Lib_System.c,143 :: 		
0x03C4	0x0AAE      	INCF       ___DoICPAddr, 1
;__Lib_System.c,145 :: 		
0x03C5	0x1903      	BTFSC      STATUS, 2
;__Lib_System.c,146 :: 		
0x03C6	0x0AAF      	INCF       ___DoICPAddr+1, 1
;__Lib_System.c,147 :: 		
0x03C7	0x03F0      	DECF       R0, 1
;__Lib_System.c,149 :: 		
0x03C8	0x1D03      	BTFSS      STATUS, 2
;__Lib_System.c,150 :: 		
0x03C9	0x2BBF      	GOTO       _CC2D_Loop1
;__Lib_System.c,152 :: 		
L_end___CC2DW:
0x03CA	0x0008      	RETURN
; end of ___CC2DW
_updatetime:
;RTC2.c,14 :: 		void updatetime()
;RTC2.c,16 :: 		i2c1_start();
0x03CB	0x214F      	CALL       _I2C1_Start
;RTC2.c,17 :: 		i2c1_Wr(0xD0);                              //slave address with write bit
0x03CC	0x30D0      	MOVLW      208
0x03CD	0x1283      	BCF        STATUS, 5
0x03CE	0x1303      	BCF        STATUS, 6
0x03CF	0x00A2      	MOVWF      FARG_I2C1_Wr_data_
0x03D0	0x21AD      	CALL       _I2C1_Wr
;RTC2.c,18 :: 		i2c1_Wr(0x00);                            //word address
0x03D1	0x1283      	BCF        STATUS, 5
0x03D2	0x1303      	BCF        STATUS, 6
0x03D3	0x01A2      	CLRF       FARG_I2C1_Wr_data_
0x03D4	0x21AD      	CALL       _I2C1_Wr
;RTC2.c,19 :: 		i2c1_Wr(((secs/10)<<4) | secs%10);           //seconds
0x03D5	0x300A      	MOVLW      10
0x03D6	0x1283      	BCF        STATUS, 5
0x03D7	0x1303      	BCF        STATUS, 6
0x03D8	0x00F4      	MOVWF      R4
0x03D9	0x0836      	MOVF       _secs, 0
0x03DA	0x00F0      	MOVWF      R0
0x03DB	0x20B2      	CALL       _Div_8X8_S
0x03DC	0x3004      	MOVLW      4
0x03DD	0x00F1      	MOVWF      R1
0x03DE	0x0870      	MOVF       R0, 0
0x03DF	0x1683      	BSF        STATUS, 5
0x03E0	0x00B2      	MOVWF      FLOC__updatetime
0x03E1	0x3000      	MOVLW      0
0x03E2	0x1BB2      	BTFSC      FLOC__updatetime, 7
0x03E3	0x30FF      	MOVLW      255
0x03E4	0x00B3      	MOVWF      FLOC__updatetime+1
0x03E5	0x0871      	MOVF       R1, 0
L__updatetime30:
0x03E6	0x1903      	BTFSC      STATUS, 2
0x03E7	0x2BED      	GOTO       L__updatetime31
0x03E8	0x0DB2      	RLF        FLOC__updatetime, 1
0x03E9	0x0DB3      	RLF        FLOC__updatetime+1, 1
0x03EA	0x1032      	BCF        FLOC__updatetime, 0
0x03EB	0x3EFF      	ADDLW      255
0x03EC	0x2BE6      	GOTO       L__updatetime30
L__updatetime31:
0x03ED	0x300A      	MOVLW      10
0x03EE	0x00F4      	MOVWF      R4
0x03EF	0x1283      	BCF        STATUS, 5
0x03F0	0x0836      	MOVF       _secs, 0
0x03F1	0x00F0      	MOVWF      R0
0x03F2	0x20B2      	CALL       _Div_8X8_S
0x03F3	0x0878      	MOVF       R8, 0
0x03F4	0x00F0      	MOVWF      R0
0x03F5	0x0870      	MOVF       R0, 0
0x03F6	0x1683      	BSF        STATUS, 5
0x03F7	0x0432      	IORWF      FLOC__updatetime, 0
0x03F8	0x1283      	BCF        STATUS, 5
0x03F9	0x00A2      	MOVWF      FARG_I2C1_Wr_data_
0x03FA	0x21AD      	CALL       _I2C1_Wr
;RTC2.c,20 :: 		i2c1_Wr(((mins/10)<<4) | mins%10);           //minutes
0x03FB	0x300A      	MOVLW      10
0x03FC	0x1283      	BCF        STATUS, 5
0x03FD	0x1303      	BCF        STATUS, 6
0x03FE	0x00F4      	MOVWF      R4
0x03FF	0x0835      	MOVF       _mins, 0
0x0400	0x00F0      	MOVWF      R0
0x0401	0x20B2      	CALL       _Div_8X8_S
0x0402	0x3004      	MOVLW      4
0x0403	0x00F1      	MOVWF      R1
0x0404	0x0870      	MOVF       R0, 0
0x0405	0x1683      	BSF        STATUS, 5
0x0406	0x00B2      	MOVWF      FLOC__updatetime
0x0407	0x3000      	MOVLW      0
0x0408	0x1BB2      	BTFSC      FLOC__updatetime, 7
0x0409	0x30FF      	MOVLW      255
0x040A	0x00B3      	MOVWF      FLOC__updatetime+1
0x040B	0x0871      	MOVF       R1, 0
L__updatetime32:
0x040C	0x1903      	BTFSC      STATUS, 2
0x040D	0x2C13      	GOTO       L__updatetime33
0x040E	0x0DB2      	RLF        FLOC__updatetime, 1
0x040F	0x0DB3      	RLF        FLOC__updatetime+1, 1
0x0410	0x1032      	BCF        FLOC__updatetime, 0
0x0411	0x3EFF      	ADDLW      255
0x0412	0x2C0C      	GOTO       L__updatetime32
L__updatetime33:
0x0413	0x300A      	MOVLW      10
0x0414	0x00F4      	MOVWF      R4
0x0415	0x1283      	BCF        STATUS, 5
0x0416	0x0835      	MOVF       _mins, 0
0x0417	0x00F0      	MOVWF      R0
0x0418	0x20B2      	CALL       _Div_8X8_S
0x0419	0x0878      	MOVF       R8, 0
0x041A	0x00F0      	MOVWF      R0
0x041B	0x0870      	MOVF       R0, 0
0x041C	0x1683      	BSF        STATUS, 5
0x041D	0x0432      	IORWF      FLOC__updatetime, 0
0x041E	0x1283      	BCF        STATUS, 5
0x041F	0x00A2      	MOVWF      FARG_I2C1_Wr_data_
0x0420	0x21AD      	CALL       _I2C1_Wr
;RTC2.c,21 :: 		i2c1_wr(((hrs/10)<<4) | hrs%10);           //hour 12 hour format
0x0421	0x300A      	MOVLW      10
0x0422	0x1283      	BCF        STATUS, 5
0x0423	0x1303      	BCF        STATUS, 6
0x0424	0x00F4      	MOVWF      R4
0x0425	0x0834      	MOVF       _hrs, 0
0x0426	0x00F0      	MOVWF      R0
0x0427	0x20B2      	CALL       _Div_8X8_S
0x0428	0x3004      	MOVLW      4
0x0429	0x00F1      	MOVWF      R1
0x042A	0x0870      	MOVF       R0, 0
0x042B	0x1683      	BSF        STATUS, 5
0x042C	0x00B2      	MOVWF      FLOC__updatetime
0x042D	0x3000      	MOVLW      0
0x042E	0x1BB2      	BTFSC      FLOC__updatetime, 7
0x042F	0x30FF      	MOVLW      255
0x0430	0x00B3      	MOVWF      FLOC__updatetime+1
0x0431	0x0871      	MOVF       R1, 0
L__updatetime34:
0x0432	0x1903      	BTFSC      STATUS, 2
0x0433	0x2C39      	GOTO       L__updatetime35
0x0434	0x0DB2      	RLF        FLOC__updatetime, 1
0x0435	0x0DB3      	RLF        FLOC__updatetime+1, 1
0x0436	0x1032      	BCF        FLOC__updatetime, 0
0x0437	0x3EFF      	ADDLW      255
0x0438	0x2C32      	GOTO       L__updatetime34
L__updatetime35:
0x0439	0x300A      	MOVLW      10
0x043A	0x00F4      	MOVWF      R4
0x043B	0x1283      	BCF        STATUS, 5
0x043C	0x0834      	MOVF       _hrs, 0
0x043D	0x00F0      	MOVWF      R0
0x043E	0x20B2      	CALL       _Div_8X8_S
0x043F	0x0878      	MOVF       R8, 0
0x0440	0x00F0      	MOVWF      R0
0x0441	0x0870      	MOVF       R0, 0
0x0442	0x1683      	BSF        STATUS, 5
0x0443	0x0432      	IORWF      FLOC__updatetime, 0
0x0444	0x1283      	BCF        STATUS, 5
0x0445	0x00A2      	MOVWF      FARG_I2C1_Wr_data_
0x0446	0x21AD      	CALL       _I2C1_Wr
;RTC2.c,22 :: 		i2c1_wr(day);                          //day
0x0447	0x1283      	BCF        STATUS, 5
0x0448	0x1303      	BCF        STATUS, 6
0x0449	0x0837      	MOVF       _day, 0
0x044A	0x00A2      	MOVWF      FARG_I2C1_Wr_data_
0x044B	0x21AD      	CALL       _I2C1_Wr
;RTC2.c,23 :: 		i2c1_wr(((dates/10)<<4) | dates%10);          //date
0x044C	0x300A      	MOVLW      10
0x044D	0x1283      	BCF        STATUS, 5
0x044E	0x1303      	BCF        STATUS, 6
0x044F	0x00F4      	MOVWF      R4
0x0450	0x083A      	MOVF       _dates, 0
0x0451	0x00F0      	MOVWF      R0
0x0452	0x20B2      	CALL       _Div_8X8_S
0x0453	0x3004      	MOVLW      4
0x0454	0x00F1      	MOVWF      R1
0x0455	0x0870      	MOVF       R0, 0
0x0456	0x1683      	BSF        STATUS, 5
0x0457	0x00B2      	MOVWF      FLOC__updatetime
0x0458	0x3000      	MOVLW      0
0x0459	0x1BB2      	BTFSC      FLOC__updatetime, 7
0x045A	0x30FF      	MOVLW      255
0x045B	0x00B3      	MOVWF      FLOC__updatetime+1
0x045C	0x0871      	MOVF       R1, 0
L__updatetime36:
0x045D	0x1903      	BTFSC      STATUS, 2
0x045E	0x2C64      	GOTO       L__updatetime37
0x045F	0x0DB2      	RLF        FLOC__updatetime, 1
0x0460	0x0DB3      	RLF        FLOC__updatetime+1, 1
0x0461	0x1032      	BCF        FLOC__updatetime, 0
0x0462	0x3EFF      	ADDLW      255
0x0463	0x2C5D      	GOTO       L__updatetime36
L__updatetime37:
0x0464	0x300A      	MOVLW      10
0x0465	0x00F4      	MOVWF      R4
0x0466	0x1283      	BCF        STATUS, 5
0x0467	0x083A      	MOVF       _dates, 0
0x0468	0x00F0      	MOVWF      R0
0x0469	0x20B2      	CALL       _Div_8X8_S
0x046A	0x0878      	MOVF       R8, 0
0x046B	0x00F0      	MOVWF      R0
0x046C	0x0870      	MOVF       R0, 0
0x046D	0x1683      	BSF        STATUS, 5
0x046E	0x0432      	IORWF      FLOC__updatetime, 0
0x046F	0x1283      	BCF        STATUS, 5
0x0470	0x00A2      	MOVWF      FARG_I2C1_Wr_data_
0x0471	0x21AD      	CALL       _I2C1_Wr
;RTC2.c,24 :: 		i2c1_wr(((months/10)<<4) | months%10);         //month
0x0472	0x300A      	MOVLW      10
0x0473	0x1283      	BCF        STATUS, 5
0x0474	0x1303      	BCF        STATUS, 6
0x0475	0x00F4      	MOVWF      R4
0x0476	0x0839      	MOVF       _months, 0
0x0477	0x00F0      	MOVWF      R0
0x0478	0x20B2      	CALL       _Div_8X8_S
0x0479	0x3004      	MOVLW      4
0x047A	0x00F1      	MOVWF      R1
0x047B	0x0870      	MOVF       R0, 0
0x047C	0x1683      	BSF        STATUS, 5
0x047D	0x00B2      	MOVWF      FLOC__updatetime
0x047E	0x3000      	MOVLW      0
0x047F	0x1BB2      	BTFSC      FLOC__updatetime, 7
0x0480	0x30FF      	MOVLW      255
0x0481	0x00B3      	MOVWF      FLOC__updatetime+1
0x0482	0x0871      	MOVF       R1, 0
L__updatetime38:
0x0483	0x1903      	BTFSC      STATUS, 2
0x0484	0x2C8A      	GOTO       L__updatetime39
0x0485	0x0DB2      	RLF        FLOC__updatetime, 1
0x0486	0x0DB3      	RLF        FLOC__updatetime+1, 1
0x0487	0x1032      	BCF        FLOC__updatetime, 0
0x0488	0x3EFF      	ADDLW      255
0x0489	0x2C83      	GOTO       L__updatetime38
L__updatetime39:
0x048A	0x300A      	MOVLW      10
0x048B	0x00F4      	MOVWF      R4
0x048C	0x1283      	BCF        STATUS, 5
0x048D	0x0839      	MOVF       _months, 0
0x048E	0x00F0      	MOVWF      R0
0x048F	0x20B2      	CALL       _Div_8X8_S
0x0490	0x0878      	MOVF       R8, 0
0x0491	0x00F0      	MOVWF      R0
0x0492	0x0870      	MOVF       R0, 0
0x0493	0x1683      	BSF        STATUS, 5
0x0494	0x0432      	IORWF      FLOC__updatetime, 0
0x0495	0x1283      	BCF        STATUS, 5
0x0496	0x00A2      	MOVWF      FARG_I2C1_Wr_data_
0x0497	0x21AD      	CALL       _I2C1_Wr
;RTC2.c,25 :: 		i2c1_wr(((years/10)<<4) | years%10);          //year
0x0498	0x300A      	MOVLW      10
0x0499	0x1283      	BCF        STATUS, 5
0x049A	0x1303      	BCF        STATUS, 6
0x049B	0x00F4      	MOVWF      R4
0x049C	0x0838      	MOVF       _years, 0
0x049D	0x00F0      	MOVWF      R0
0x049E	0x20B2      	CALL       _Div_8X8_S
0x049F	0x3004      	MOVLW      4
0x04A0	0x00F1      	MOVWF      R1
0x04A1	0x0870      	MOVF       R0, 0
0x04A2	0x1683      	BSF        STATUS, 5
0x04A3	0x00B2      	MOVWF      FLOC__updatetime
0x04A4	0x3000      	MOVLW      0
0x04A5	0x1BB2      	BTFSC      FLOC__updatetime, 7
0x04A6	0x30FF      	MOVLW      255
0x04A7	0x00B3      	MOVWF      FLOC__updatetime+1
0x04A8	0x0871      	MOVF       R1, 0
L__updatetime40:
0x04A9	0x1903      	BTFSC      STATUS, 2
0x04AA	0x2CB0      	GOTO       L__updatetime41
0x04AB	0x0DB2      	RLF        FLOC__updatetime, 1
0x04AC	0x0DB3      	RLF        FLOC__updatetime+1, 1
0x04AD	0x1032      	BCF        FLOC__updatetime, 0
0x04AE	0x3EFF      	ADDLW      255
0x04AF	0x2CA9      	GOTO       L__updatetime40
L__updatetime41:
0x04B0	0x300A      	MOVLW      10
0x04B1	0x00F4      	MOVWF      R4
0x04B2	0x1283      	BCF        STATUS, 5
0x04B3	0x0838      	MOVF       _years, 0
0x04B4	0x00F0      	MOVWF      R0
0x04B5	0x20B2      	CALL       _Div_8X8_S
0x04B6	0x0878      	MOVF       R8, 0
0x04B7	0x00F0      	MOVWF      R0
0x04B8	0x0870      	MOVF       R0, 0
0x04B9	0x1683      	BSF        STATUS, 5
0x04BA	0x0432      	IORWF      FLOC__updatetime, 0
0x04BB	0x1283      	BCF        STATUS, 5
0x04BC	0x00A2      	MOVWF      FARG_I2C1_Wr_data_
0x04BD	0x21AD      	CALL       _I2C1_Wr
;RTC2.c,26 :: 		i2c1_wr(0x10);                          //square wave enable
0x04BE	0x3010      	MOVLW      16
0x04BF	0x1283      	BCF        STATUS, 5
0x04C0	0x1303      	BCF        STATUS, 6
0x04C1	0x00A2      	MOVWF      FARG_I2C1_Wr_data_
0x04C2	0x21AD      	CALL       _I2C1_Wr
;RTC2.c,27 :: 		i2c1_stop();
0x04C3	0x20AE      	CALL       _I2C1_Stop
;RTC2.c,28 :: 		}
L_end_updatetime:
0x04C4	0x0008      	RETURN
; end of _updatetime
_Lcd_Out:
;__Lib_Lcd.c,184 :: 		
;__Lib_Lcd.c,187 :: 		
0x04C5	0x2CD7      	GOTO       L_Lcd_Out11
;__Lib_Lcd.c,188 :: 		
L_Lcd_Out13:
0x04C6	0x3080      	MOVLW      128
0x04C7	0x1683      	BSF        STATUS, 5
0x04C8	0x1303      	BCF        STATUS, 6
0x04C9	0x00B2      	MOVWF      FARG_Lcd_Out_row
0x04CA	0x2CEA      	GOTO       L_Lcd_Out12
;__Lib_Lcd.c,189 :: 		
L_Lcd_Out14:
0x04CB	0x30C0      	MOVLW      192
0x04CC	0x00B2      	MOVWF      FARG_Lcd_Out_row
0x04CD	0x2CEA      	GOTO       L_Lcd_Out12
;__Lib_Lcd.c,190 :: 		
L_Lcd_Out15:
0x04CE	0x3094      	MOVLW      148
0x04CF	0x00B2      	MOVWF      FARG_Lcd_Out_row
0x04D0	0x2CEA      	GOTO       L_Lcd_Out12
;__Lib_Lcd.c,191 :: 		
L_Lcd_Out16:
0x04D1	0x30D4      	MOVLW      212
0x04D2	0x00B2      	MOVWF      FARG_Lcd_Out_row
0x04D3	0x2CEA      	GOTO       L_Lcd_Out12
;__Lib_Lcd.c,192 :: 		
L_Lcd_Out17:
0x04D4	0x3080      	MOVLW      128
0x04D5	0x00B2      	MOVWF      FARG_Lcd_Out_row
;__Lib_Lcd.c,193 :: 		
0x04D6	0x2CEA      	GOTO       L_Lcd_Out12
L_Lcd_Out11:
0x04D7	0x1683      	BSF        STATUS, 5
0x04D8	0x1303      	BCF        STATUS, 6
0x04D9	0x0832      	MOVF       FARG_Lcd_Out_row, 0
0x04DA	0x3A01      	XORLW      1
0x04DB	0x1903      	BTFSC      STATUS, 2
0x04DC	0x2CC6      	GOTO       L_Lcd_Out13
0x04DD	0x0832      	MOVF       FARG_Lcd_Out_row, 0
0x04DE	0x3A02      	XORLW      2
0x04DF	0x1903      	BTFSC      STATUS, 2
0x04E0	0x2CCB      	GOTO       L_Lcd_Out14
0x04E1	0x0832      	MOVF       FARG_Lcd_Out_row, 0
0x04E2	0x3A03      	XORLW      3
0x04E3	0x1903      	BTFSC      STATUS, 2
0x04E4	0x2CCE      	GOTO       L_Lcd_Out15
0x04E5	0x0832      	MOVF       FARG_Lcd_Out_row, 0
0x04E6	0x3A04      	XORLW      4
0x04E7	0x1903      	BTFSC      STATUS, 2
0x04E8	0x2CD1      	GOTO       L_Lcd_Out16
0x04E9	0x2CD4      	GOTO       L_Lcd_Out17
L_Lcd_Out12:
;__Lib_Lcd.c,194 :: 		
0x04EA	0x0333      	DECF       FARG_Lcd_Out_column, 0
0x04EB	0x00F0      	MOVWF      R0
0x04EC	0x0832      	MOVF       FARG_Lcd_Out_row, 0
0x04ED	0x07F0      	ADDWF      R0, 1
0x04EE	0x0870      	MOVF       R0, 0
0x04EF	0x00B2      	MOVWF      FARG_Lcd_Out_row
;__Lib_Lcd.c,196 :: 		
0x04F0	0x0870      	MOVF       R0, 0
0x04F1	0x00BC      	MOVWF      FARG_Lcd_Cmd_out_char
0x04F2	0x2039      	CALL       _Lcd_Cmd
;__Lib_Lcd.c,197 :: 		
0x04F3	0x1683      	BSF        STATUS, 5
0x04F4	0x1023      	BCF        __Lib_Lcd_cmd_status, BitPos(__Lib_Lcd_cmd_status+0)
;__Lib_Lcd.c,198 :: 		
0x04F5	0x01B5      	CLRF       Lcd_Out_i_L0
;__Lib_Lcd.c,199 :: 		
L_Lcd_Out18:
0x04F6	0x0835      	MOVF       Lcd_Out_i_L0, 0
0x04F7	0x0734      	ADDWF      FARG_Lcd_Out_text, 0
0x04F8	0x0084      	MOVWF      FSR
0x04F9	0x0800      	MOVF       INDF, 0
0x04FA	0x1903      	BTFSC      STATUS, 2
0x04FB	0x2D04      	GOTO       L_Lcd_Out19
;__Lib_Lcd.c,200 :: 		
0x04FC	0x0835      	MOVF       Lcd_Out_i_L0, 0
0x04FD	0x0734      	ADDWF      FARG_Lcd_Out_text, 0
0x04FE	0x0084      	MOVWF      FSR
0x04FF	0x0800      	MOVF       INDF, 0
0x0500	0x00B6      	MOVWF      FARG_Lcd_Chr_CP_out_char
0x0501	0x2103      	CALL       _Lcd_Chr_CP
0x0502	0x0AB5      	INCF       Lcd_Out_i_L0, 1
0x0503	0x2CF6      	GOTO       L_Lcd_Out18
L_Lcd_Out19:
;__Lib_Lcd.c,201 :: 		
0x0504	0x1423      	BSF        __Lib_Lcd_cmd_status, BitPos(__Lib_Lcd_cmd_status+0)
;__Lib_Lcd.c,202 :: 		
L_end_Lcd_Out:
0x0505	0x0008      	RETURN
; end of _Lcd_Out
_main:
0x0506	0x2724      	CALL       1828
;RTC2.c,43 :: 		void main()
;RTC2.c,45 :: 		trisb.rb0=1;
0x0507	0x1683      	BSF        STATUS, 5
0x0508	0x1303      	BCF        STATUS, 6
0x0509	0x1406      	BSF        TRISB, 0
;RTC2.c,46 :: 		lcd_init();
0x050A	0x2370      	CALL       _Lcd_Init
;RTC2.c,47 :: 		lcd_cmd(_lcd_clear);
0x050B	0x3001      	MOVLW      1
0x050C	0x00BC      	MOVWF      FARG_Lcd_Cmd_out_char
0x050D	0x2039      	CALL       _Lcd_Cmd
;RTC2.c,48 :: 		lcd_cmd(_lcd_cursor_off);
0x050E	0x300C      	MOVLW      12
0x050F	0x1683      	BSF        STATUS, 5
0x0510	0x00BC      	MOVWF      FARG_Lcd_Cmd_out_char
0x0511	0x2039      	CALL       _Lcd_Cmd
;RTC2.c,49 :: 		lcd_out(1,1,"...");
0x0512	0x3001      	MOVLW      1
0x0513	0x1683      	BSF        STATUS, 5
0x0514	0x00B2      	MOVWF      FARG_Lcd_Out_row
0x0515	0x3001      	MOVLW      1
0x0516	0x00B3      	MOVWF      FARG_Lcd_Out_column
0x0517	0x3030      	MOVLW      ?lstr1_RTC2
0x0518	0x00B4      	MOVWF      FARG_Lcd_Out_text
0x0519	0x24C5      	CALL       _Lcd_Out
;RTC2.c,50 :: 		i2c1_init(100000);
0x051A	0x3014      	MOVLW      20
0x051B	0x0093      	MOVWF      SSPADD
0x051C	0x22BE      	CALL       _I2C1_Init
;RTC2.c,51 :: 		delay_ms(200);
0x051D	0x3003      	MOVLW      3
0x051E	0x00FB      	MOVWF      R11
0x051F	0x3008      	MOVLW      8
0x0520	0x00FC      	MOVWF      R12
0x0521	0x3077      	MOVLW      119
0x0522	0x00FD      	MOVWF      R13
L_main2:
0x0523	0x0BFD      	DECFSZ     R13, 1
0x0524	0x2D23      	GOTO       L_main2
0x0525	0x0BFC      	DECFSZ     R12, 1
0x0526	0x2D23      	GOTO       L_main2
0x0527	0x0BFB      	DECFSZ     R11, 1
0x0528	0x2D23      	GOTO       L_main2
;RTC2.c,52 :: 		lcd_cmd(_lcd_clear);
0x0529	0x3001      	MOVLW      1
0x052A	0x1683      	BSF        STATUS, 5
0x052B	0x00BC      	MOVWF      FARG_Lcd_Cmd_out_char
0x052C	0x2039      	CALL       _Lcd_Cmd
;RTC2.c,53 :: 		lcd_out(1,1,"Done ");
0x052D	0x3001      	MOVLW      1
0x052E	0x1683      	BSF        STATUS, 5
0x052F	0x00B2      	MOVWF      FARG_Lcd_Out_row
0x0530	0x3001      	MOVLW      1
0x0531	0x00B3      	MOVWF      FARG_Lcd_Out_column
0x0532	0x3023      	MOVLW      ?lstr2_RTC2
0x0533	0x00B4      	MOVWF      FARG_Lcd_Out_text
0x0534	0x24C5      	CALL       _Lcd_Out
;RTC2.c,54 :: 		delay_ms(500);
0x0535	0x3006      	MOVLW      6
0x0536	0x00FB      	MOVWF      R11
0x0537	0x3013      	MOVLW      19
0x0538	0x00FC      	MOVWF      R12
0x0539	0x30AD      	MOVLW      173
0x053A	0x00FD      	MOVWF      R13
L_main3:
0x053B	0x0BFD      	DECFSZ     R13, 1
0x053C	0x2D3B      	GOTO       L_main3
0x053D	0x0BFC      	DECFSZ     R12, 1
0x053E	0x2D3B      	GOTO       L_main3
0x053F	0x0BFB      	DECFSZ     R11, 1
0x0540	0x2D3B      	GOTO       L_main3
0x0541	0x0000      	NOP
0x0542	0x0000      	NOP
;RTC2.c,55 :: 		lcd_cmd(_lcd_clear);
0x0543	0x3001      	MOVLW      1
0x0544	0x00BC      	MOVWF      FARG_Lcd_Cmd_out_char
0x0545	0x2039      	CALL       _Lcd_Cmd
;RTC2.c,57 :: 		while(1){
L_main4:
;RTC2.c,58 :: 		while(i<7){if(!portb.rb0) { switch(i) {
L_main6:
0x0546	0x1283      	BCF        STATUS, 5
0x0547	0x3080      	MOVLW      128
0x0548	0x062F      	XORWF      _i, 0
0x0549	0x00F0      	MOVWF      R0
0x054A	0x3080      	MOVLW      128
0x054B	0x3A07      	XORLW      7
0x054C	0x0270      	SUBWF      R0, 0
0x054D	0x1803      	BTFSC      STATUS, 0
0x054E	0x2E8D      	GOTO       L_main7
0x054F	0x1806      	BTFSC      PORTB, 0
0x0550	0x2D76      	GOTO       L_main8
0x0551	0x2D5E      	GOTO       L_main9
;RTC2.c,59 :: 		case 0: secs++; break;
L_main11:
0x0552	0x0AB6      	INCF       _secs, 1
0x0553	0x2D76      	GOTO       L_main10
;RTC2.c,60 :: 		case 1: mins++; break;
L_main12:
0x0554	0x0AB5      	INCF       _mins, 1
0x0555	0x2D76      	GOTO       L_main10
;RTC2.c,61 :: 		case 2: hrs++;  break;
L_main13:
0x0556	0x0AB4      	INCF       _hrs, 1
0x0557	0x2D76      	GOTO       L_main10
;RTC2.c,62 :: 		case 3: dates++;break;
L_main14:
0x0558	0x0ABA      	INCF       _dates, 1
0x0559	0x2D76      	GOTO       L_main10
;RTC2.c,63 :: 		case 4: months++; break;
L_main15:
0x055A	0x0AB9      	INCF       _months, 1
0x055B	0x2D76      	GOTO       L_main10
;RTC2.c,64 :: 		case 5: years++; break;}}
L_main16:
0x055C	0x0AB8      	INCF       _years, 1
0x055D	0x2D76      	GOTO       L_main10
L_main9:
0x055E	0x082F      	MOVF       _i, 0
0x055F	0x3A00      	XORLW      0
0x0560	0x1903      	BTFSC      STATUS, 2
0x0561	0x2D52      	GOTO       L_main11
0x0562	0x082F      	MOVF       _i, 0
0x0563	0x3A01      	XORLW      1
0x0564	0x1903      	BTFSC      STATUS, 2
0x0565	0x2D54      	GOTO       L_main12
0x0566	0x082F      	MOVF       _i, 0
0x0567	0x3A02      	XORLW      2
0x0568	0x1903      	BTFSC      STATUS, 2
0x0569	0x2D56      	GOTO       L_main13
0x056A	0x082F      	MOVF       _i, 0
0x056B	0x3A03      	XORLW      3
0x056C	0x1903      	BTFSC      STATUS, 2
0x056D	0x2D58      	GOTO       L_main14
0x056E	0x082F      	MOVF       _i, 0
0x056F	0x3A04      	XORLW      4
0x0570	0x1903      	BTFSC      STATUS, 2
0x0571	0x2D5A      	GOTO       L_main15
0x0572	0x082F      	MOVF       _i, 0
0x0573	0x3A05      	XORLW      5
0x0574	0x1903      	BTFSC      STATUS, 2
0x0575	0x2D5C      	GOTO       L_main16
L_main10:
L_main8:
;RTC2.c,66 :: 		switch(i){
0x0576	0x2E6F      	GOTO       L_main17
;RTC2.c,67 :: 		case 0: lcd_out(1,1,"s:"); lcd_chr(2,1,(char)secs/10+48); lcd_chr(2,1,(char)secs%10+48); break;
L_main19:
0x0577	0x3001      	MOVLW      1
0x0578	0x1683      	BSF        STATUS, 5
0x0579	0x00B2      	MOVWF      FARG_Lcd_Out_row
0x057A	0x3001      	MOVLW      1
0x057B	0x00B3      	MOVWF      FARG_Lcd_Out_column
0x057C	0x302C      	MOVLW      ?lstr3_RTC2
0x057D	0x00B4      	MOVWF      FARG_Lcd_Out_text
0x057E	0x24C5      	CALL       _Lcd_Out
0x057F	0x3002      	MOVLW      2
0x0580	0x00B2      	MOVWF      FARG_Lcd_Chr_row
0x0581	0x3001      	MOVLW      1
0x0582	0x00B3      	MOVWF      FARG_Lcd_Chr_column
0x0583	0x300A      	MOVLW      10
0x0584	0x00F4      	MOVWF      R4
0x0585	0x1283      	BCF        STATUS, 5
0x0586	0x0836      	MOVF       _secs, 0
0x0587	0x00F0      	MOVWF      R0
0x0588	0x2343      	CALL       _Div_8X8_U
0x0589	0x3030      	MOVLW      48
0x058A	0x0770      	ADDWF      R0, 0
0x058B	0x1683      	BSF        STATUS, 5
0x058C	0x00B4      	MOVWF      FARG_Lcd_Chr_out_char
0x058D	0x230C      	CALL       _Lcd_Chr
0x058E	0x3002      	MOVLW      2
0x058F	0x00B2      	MOVWF      FARG_Lcd_Chr_row
0x0590	0x3001      	MOVLW      1
0x0591	0x00B3      	MOVWF      FARG_Lcd_Chr_column
0x0592	0x300A      	MOVLW      10
0x0593	0x00F4      	MOVWF      R4
0x0594	0x1283      	BCF        STATUS, 5
0x0595	0x0836      	MOVF       _secs, 0
0x0596	0x00F0      	MOVWF      R0
0x0597	0x2343      	CALL       _Div_8X8_U
0x0598	0x0878      	MOVF       R8, 0
0x0599	0x00F0      	MOVWF      R0
0x059A	0x3030      	MOVLW      48
0x059B	0x0770      	ADDWF      R0, 0
0x059C	0x1683      	BSF        STATUS, 5
0x059D	0x00B4      	MOVWF      FARG_Lcd_Chr_out_char
0x059E	0x230C      	CALL       _Lcd_Chr
0x059F	0x2E8C      	GOTO       L_main18
;RTC2.c,68 :: 		case 1: lcd_out(1,1,"m:"); lcd_chr(2,1,(char)mins/10+48); lcd_chr(2,1,(char)mins%10+48); break;
L_main20:
0x05A0	0x1683      	BSF        STATUS, 5
0x05A1	0x3001      	MOVLW      1
0x05A2	0x00B2      	MOVWF      FARG_Lcd_Out_row
0x05A3	0x3001      	MOVLW      1
0x05A4	0x00B3      	MOVWF      FARG_Lcd_Out_column
0x05A5	0x3029      	MOVLW      ?lstr4_RTC2
0x05A6	0x00B4      	MOVWF      FARG_Lcd_Out_text
0x05A7	0x24C5      	CALL       _Lcd_Out
0x05A8	0x3002      	MOVLW      2
0x05A9	0x00B2      	MOVWF      FARG_Lcd_Chr_row
0x05AA	0x3001      	MOVLW      1
0x05AB	0x00B3      	MOVWF      FARG_Lcd_Chr_column
0x05AC	0x300A      	MOVLW      10
0x05AD	0x00F4      	MOVWF      R4
0x05AE	0x1283      	BCF        STATUS, 5
0x05AF	0x0835      	MOVF       _mins, 0
0x05B0	0x00F0      	MOVWF      R0
0x05B1	0x2343      	CALL       _Div_8X8_U
0x05B2	0x3030      	MOVLW      48
0x05B3	0x0770      	ADDWF      R0, 0
0x05B4	0x1683      	BSF        STATUS, 5
0x05B5	0x00B4      	MOVWF      FARG_Lcd_Chr_out_char
0x05B6	0x230C      	CALL       _Lcd_Chr
0x05B7	0x3002      	MOVLW      2
0x05B8	0x00B2      	MOVWF      FARG_Lcd_Chr_row
0x05B9	0x3001      	MOVLW      1
0x05BA	0x00B3      	MOVWF      FARG_Lcd_Chr_column
0x05BB	0x300A      	MOVLW      10
0x05BC	0x00F4      	MOVWF      R4
0x05BD	0x1283      	BCF        STATUS, 5
0x05BE	0x0835      	MOVF       _mins, 0
0x05BF	0x00F0      	MOVWF      R0
0x05C0	0x2343      	CALL       _Div_8X8_U
0x05C1	0x0878      	MOVF       R8, 0
0x05C2	0x00F0      	MOVWF      R0
0x05C3	0x3030      	MOVLW      48
0x05C4	0x0770      	ADDWF      R0, 0
0x05C5	0x1683      	BSF        STATUS, 5
0x05C6	0x00B4      	MOVWF      FARG_Lcd_Chr_out_char
0x05C7	0x230C      	CALL       _Lcd_Chr
0x05C8	0x2E8C      	GOTO       L_main18
;RTC2.c,69 :: 		case 2: lcd_out(1,1,"h:"); lcd_chr(2,1,(char)mins/10+48); lcd_chr(2,1,(char)mins%10+48); break;
L_main21:
0x05C9	0x1683      	BSF        STATUS, 5
0x05CA	0x3001      	MOVLW      1
0x05CB	0x00B2      	MOVWF      FARG_Lcd_Out_row
0x05CC	0x3001      	MOVLW      1
0x05CD	0x00B3      	MOVWF      FARG_Lcd_Out_column
0x05CE	0x303B      	MOVLW      ?lstr5_RTC2
0x05CF	0x00B4      	MOVWF      FARG_Lcd_Out_text
0x05D0	0x24C5      	CALL       _Lcd_Out
0x05D1	0x3002      	MOVLW      2
0x05D2	0x00B2      	MOVWF      FARG_Lcd_Chr_row
0x05D3	0x3001      	MOVLW      1
0x05D4	0x00B3      	MOVWF      FARG_Lcd_Chr_column
0x05D5	0x300A      	MOVLW      10
0x05D6	0x00F4      	MOVWF      R4
0x05D7	0x1283      	BCF        STATUS, 5
0x05D8	0x0835      	MOVF       _mins, 0
0x05D9	0x00F0      	MOVWF      R0
0x05DA	0x2343      	CALL       _Div_8X8_U
0x05DB	0x3030      	MOVLW      48
0x05DC	0x0770      	ADDWF      R0, 0
0x05DD	0x1683      	BSF        STATUS, 5
0x05DE	0x00B4      	MOVWF      FARG_Lcd_Chr_out_char
0x05DF	0x230C      	CALL       _Lcd_Chr
0x05E0	0x3002      	MOVLW      2
0x05E1	0x00B2      	MOVWF      FARG_Lcd_Chr_row
0x05E2	0x3001      	MOVLW      1
0x05E3	0x00B3      	MOVWF      FARG_Lcd_Chr_column
0x05E4	0x300A      	MOVLW      10
0x05E5	0x00F4      	MOVWF      R4
0x05E6	0x1283      	BCF        STATUS, 5
0x05E7	0x0835      	MOVF       _mins, 0
0x05E8	0x00F0      	MOVWF      R0
0x05E9	0x2343      	CALL       _Div_8X8_U
0x05EA	0x0878      	MOVF       R8, 0
0x05EB	0x00F0      	MOVWF      R0
0x05EC	0x3030      	MOVLW      48
0x05ED	0x0770      	ADDWF      R0, 0
0x05EE	0x1683      	BSF        STATUS, 5
0x05EF	0x00B4      	MOVWF      FARG_Lcd_Chr_out_char
0x05F0	0x230C      	CALL       _Lcd_Chr
0x05F1	0x2E8C      	GOTO       L_main18
;RTC2.c,70 :: 		case 3: lcd_out(1,1,"D:"); lcd_chr(2,1,(char)dates/10+48); lcd_chr(2,1,(char)dates%10+48); break;
L_main22:
0x05F2	0x1683      	BSF        STATUS, 5
0x05F3	0x3001      	MOVLW      1
0x05F4	0x00B2      	MOVWF      FARG_Lcd_Out_row
0x05F5	0x3001      	MOVLW      1
0x05F6	0x00B3      	MOVWF      FARG_Lcd_Out_column
0x05F7	0x3044      	MOVLW      ?lstr6_RTC2
0x05F8	0x00B4      	MOVWF      FARG_Lcd_Out_text
0x05F9	0x24C5      	CALL       _Lcd_Out
0x05FA	0x3002      	MOVLW      2
0x05FB	0x00B2      	MOVWF      FARG_Lcd_Chr_row
0x05FC	0x3001      	MOVLW      1
0x05FD	0x00B3      	MOVWF      FARG_Lcd_Chr_column
0x05FE	0x300A      	MOVLW      10
0x05FF	0x00F4      	MOVWF      R4
0x0600	0x1283      	BCF        STATUS, 5
0x0601	0x083A      	MOVF       _dates, 0
0x0602	0x00F0      	MOVWF      R0
0x0603	0x2343      	CALL       _Div_8X8_U
0x0604	0x3030      	MOVLW      48
0x0605	0x0770      	ADDWF      R0, 0
0x0606	0x1683      	BSF        STATUS, 5
0x0607	0x00B4      	MOVWF      FARG_Lcd_Chr_out_char
0x0608	0x230C      	CALL       _Lcd_Chr
0x0609	0x3002      	MOVLW      2
0x060A	0x00B2      	MOVWF      FARG_Lcd_Chr_row
0x060B	0x3001      	MOVLW      1
0x060C	0x00B3      	MOVWF      FARG_Lcd_Chr_column
0x060D	0x300A      	MOVLW      10
0x060E	0x00F4      	MOVWF      R4
0x060F	0x1283      	BCF        STATUS, 5
0x0610	0x083A      	MOVF       _dates, 0
0x0611	0x00F0      	MOVWF      R0
0x0612	0x2343      	CALL       _Div_8X8_U
0x0613	0x0878      	MOVF       R8, 0
0x0614	0x00F0      	MOVWF      R0
0x0615	0x3030      	MOVLW      48
0x0616	0x0770      	ADDWF      R0, 0
0x0617	0x1683      	BSF        STATUS, 5
0x0618	0x00B4      	MOVWF      FARG_Lcd_Chr_out_char
0x0619	0x230C      	CALL       _Lcd_Chr
0x061A	0x2E8C      	GOTO       L_main18
;RTC2.c,71 :: 		case 4: lcd_out(1,1,"M:"); lcd_chr(2,1,(char)months/10+48); lcd_chr(2,1,(char)months%10+48); break;
L_main23:
0x061B	0x1683      	BSF        STATUS, 5
0x061C	0x3001      	MOVLW      1
0x061D	0x00B2      	MOVWF      FARG_Lcd_Out_row
0x061E	0x3001      	MOVLW      1
0x061F	0x00B3      	MOVWF      FARG_Lcd_Out_column
0x0620	0x3041      	MOVLW      ?lstr7_RTC2
0x0621	0x00B4      	MOVWF      FARG_Lcd_Out_text
0x0622	0x24C5      	CALL       _Lcd_Out
0x0623	0x3002      	MOVLW      2
0x0624	0x00B2      	MOVWF      FARG_Lcd_Chr_row
0x0625	0x3001      	MOVLW      1
0x0626	0x00B3      	MOVWF      FARG_Lcd_Chr_column
0x0627	0x300A      	MOVLW      10
0x0628	0x00F4      	MOVWF      R4
0x0629	0x1283      	BCF        STATUS, 5
0x062A	0x0839      	MOVF       _months, 0
0x062B	0x00F0      	MOVWF      R0
0x062C	0x2343      	CALL       _Div_8X8_U
0x062D	0x3030      	MOVLW      48
0x062E	0x0770      	ADDWF      R0, 0
0x062F	0x1683      	BSF        STATUS, 5
0x0630	0x00B4      	MOVWF      FARG_Lcd_Chr_out_char
0x0631	0x230C      	CALL       _Lcd_Chr
0x0632	0x3002      	MOVLW      2
0x0633	0x00B2      	MOVWF      FARG_Lcd_Chr_row
0x0634	0x3001      	MOVLW      1
0x0635	0x00B3      	MOVWF      FARG_Lcd_Chr_column
0x0636	0x300A      	MOVLW      10
0x0637	0x00F4      	MOVWF      R4
0x0638	0x1283      	BCF        STATUS, 5
0x0639	0x0839      	MOVF       _months, 0
0x063A	0x00F0      	MOVWF      R0
0x063B	0x2343      	CALL       _Div_8X8_U
0x063C	0x0878      	MOVF       R8, 0
0x063D	0x00F0      	MOVWF      R0
0x063E	0x3030      	MOVLW      48
0x063F	0x0770      	ADDWF      R0, 0
0x0640	0x1683      	BSF        STATUS, 5
0x0641	0x00B4      	MOVWF      FARG_Lcd_Chr_out_char
0x0642	0x230C      	CALL       _Lcd_Chr
0x0643	0x2E8C      	GOTO       L_main18
;RTC2.c,72 :: 		case 5: lcd_out(1,1,"Y:"); lcd_chr(2,1,(char)years/10+48); lcd_chr(2,1,(char)years%10+48); break;
L_main24:
0x0644	0x1683      	BSF        STATUS, 5
0x0645	0x3001      	MOVLW      1
0x0646	0x00B2      	MOVWF      FARG_Lcd_Out_row
0x0647	0x3001      	MOVLW      1
0x0648	0x00B3      	MOVWF      FARG_Lcd_Out_column
0x0649	0x303E      	MOVLW      ?lstr8_RTC2
0x064A	0x00B4      	MOVWF      FARG_Lcd_Out_text
0x064B	0x24C5      	CALL       _Lcd_Out
0x064C	0x3002      	MOVLW      2
0x064D	0x00B2      	MOVWF      FARG_Lcd_Chr_row
0x064E	0x3001      	MOVLW      1
0x064F	0x00B3      	MOVWF      FARG_Lcd_Chr_column
0x0650	0x300A      	MOVLW      10
0x0651	0x00F4      	MOVWF      R4
0x0652	0x1283      	BCF        STATUS, 5
0x0653	0x0838      	MOVF       _years, 0
0x0654	0x00F0      	MOVWF      R0
0x0655	0x2343      	CALL       _Div_8X8_U
0x0656	0x3030      	MOVLW      48
0x0657	0x0770      	ADDWF      R0, 0
0x0658	0x1683      	BSF        STATUS, 5
0x0659	0x00B4      	MOVWF      FARG_Lcd_Chr_out_char
0x065A	0x230C      	CALL       _Lcd_Chr
0x065B	0x3002      	MOVLW      2
0x065C	0x00B2      	MOVWF      FARG_Lcd_Chr_row
0x065D	0x3001      	MOVLW      1
0x065E	0x00B3      	MOVWF      FARG_Lcd_Chr_column
0x065F	0x300A      	MOVLW      10
0x0660	0x00F4      	MOVWF      R4
0x0661	0x1283      	BCF        STATUS, 5
0x0662	0x0838      	MOVF       _years, 0
0x0663	0x00F0      	MOVWF      R0
0x0664	0x2343      	CALL       _Div_8X8_U
0x0665	0x0878      	MOVF       R8, 0
0x0666	0x00F0      	MOVWF      R0
0x0667	0x3030      	MOVLW      48
0x0668	0x0770      	ADDWF      R0, 0
0x0669	0x1683      	BSF        STATUS, 5
0x066A	0x00B4      	MOVWF      FARG_Lcd_Chr_out_char
0x066B	0x230C      	CALL       _Lcd_Chr
0x066C	0x2E8C      	GOTO       L_main18
;RTC2.c,73 :: 		case 6: updatetime();break;}  }
L_main25:
0x066D	0x23CB      	CALL       _updatetime
0x066E	0x2E8C      	GOTO       L_main18
L_main17:
0x066F	0x1283      	BCF        STATUS, 5
0x0670	0x082F      	MOVF       _i, 0
0x0671	0x3A00      	XORLW      0
0x0672	0x1903      	BTFSC      STATUS, 2
0x0673	0x2D77      	GOTO       L_main19
0x0674	0x082F      	MOVF       _i, 0
0x0675	0x3A01      	XORLW      1
0x0676	0x1903      	BTFSC      STATUS, 2
0x0677	0x2DA0      	GOTO       L_main20
0x0678	0x082F      	MOVF       _i, 0
0x0679	0x3A02      	XORLW      2
0x067A	0x1903      	BTFSC      STATUS, 2
0x067B	0x2DC9      	GOTO       L_main21
0x067C	0x082F      	MOVF       _i, 0
0x067D	0x3A03      	XORLW      3
0x067E	0x1903      	BTFSC      STATUS, 2
0x067F	0x2DF2      	GOTO       L_main22
0x0680	0x082F      	MOVF       _i, 0
0x0681	0x3A04      	XORLW      4
0x0682	0x1903      	BTFSC      STATUS, 2
0x0683	0x2E1B      	GOTO       L_main23
0x0684	0x082F      	MOVF       _i, 0
0x0685	0x3A05      	XORLW      5
0x0686	0x1903      	BTFSC      STATUS, 2
0x0687	0x2E44      	GOTO       L_main24
0x0688	0x082F      	MOVF       _i, 0
0x0689	0x3A06      	XORLW      6
0x068A	0x1903      	BTFSC      STATUS, 2
0x068B	0x2E6D      	GOTO       L_main25
L_main18:
0x068C	0x2D46      	GOTO       L_main6
L_main7:
;RTC2.c,76 :: 		val= read_time(0)&0x07; display_set(time,5); //seconds
0x068D	0x1683      	BSF        STATUS, 5
0x068E	0x01B2      	CLRF       FARG_read_time_address
0x068F	0x2354      	CALL       _read_time
0x0690	0x3007      	MOVLW      7
0x0691	0x0570      	ANDWF      R0, 0
0x0692	0x00AD      	MOVWF      _val
0x0693	0x3059      	MOVLW      _time
0x0694	0x00B2      	MOVWF      FARG_display_set_arr
0x0695	0x3005      	MOVLW      5
0x0696	0x00B3      	MOVWF      FARG_display_set_i
0x0697	0x22F3      	CALL       _display_set
;RTC2.c,77 :: 		val= read_time(1);   display_set(time,8);
0x0698	0x3001      	MOVLW      1
0x0699	0x00B2      	MOVWF      FARG_read_time_address
0x069A	0x2354      	CALL       _read_time
0x069B	0x0870      	MOVF       R0, 0
0x069C	0x00AD      	MOVWF      _val
0x069D	0x3059      	MOVLW      _time
0x069E	0x00B2      	MOVWF      FARG_display_set_arr
0x069F	0x3008      	MOVLW      8
0x06A0	0x00B3      	MOVWF      FARG_display_set_i
0x06A1	0x22F3      	CALL       _display_set
;RTC2.c,78 :: 		val=read_time(2)&0x1f;  display_set(time,11);     //hours
0x06A2	0x3002      	MOVLW      2
0x06A3	0x00B2      	MOVWF      FARG_read_time_address
0x06A4	0x2354      	CALL       _read_time
0x06A5	0x301F      	MOVLW      31
0x06A6	0x0570      	ANDWF      R0, 0
0x06A7	0x00AD      	MOVWF      _val
0x06A8	0x3059      	MOVLW      _time
0x06A9	0x00B2      	MOVWF      FARG_display_set_arr
0x06AA	0x300B      	MOVLW      11
0x06AB	0x00B3      	MOVWF      FARG_display_set_i
0x06AC	0x22F3      	CALL       _display_set
;RTC2.c,80 :: 		val=read_time(4);  display_set(date,5);   //date
0x06AD	0x3004      	MOVLW      4
0x06AE	0x00B2      	MOVWF      FARG_read_time_address
0x06AF	0x2354      	CALL       _read_time
0x06B0	0x0870      	MOVF       R0, 0
0x06B1	0x00AD      	MOVWF      _val
0x06B2	0x304B      	MOVLW      _date
0x06B3	0x00B2      	MOVWF      FARG_display_set_arr
0x06B4	0x3005      	MOVLW      5
0x06B5	0x00B3      	MOVWF      FARG_display_set_i
0x06B6	0x22F3      	CALL       _display_set
;RTC2.c,81 :: 		val=read_time(5);  display_set(date,8);   //month
0x06B7	0x3005      	MOVLW      5
0x06B8	0x00B2      	MOVWF      FARG_read_time_address
0x06B9	0x2354      	CALL       _read_time
0x06BA	0x0870      	MOVF       R0, 0
0x06BB	0x00AD      	MOVWF      _val
0x06BC	0x304B      	MOVLW      _date
0x06BD	0x00B2      	MOVWF      FARG_display_set_arr
0x06BE	0x3008      	MOVLW      8
0x06BF	0x00B3      	MOVWF      FARG_display_set_i
0x06C0	0x22F3      	CALL       _display_set
;RTC2.c,82 :: 		val=read_time(6);  display_set(date,8);           //year
0x06C1	0x3006      	MOVLW      6
0x06C2	0x00B2      	MOVWF      FARG_read_time_address
0x06C3	0x2354      	CALL       _read_time
0x06C4	0x0870      	MOVF       R0, 0
0x06C5	0x00AD      	MOVWF      _val
0x06C6	0x304B      	MOVLW      _date
0x06C7	0x00B2      	MOVWF      FARG_display_set_arr
0x06C8	0x3008      	MOVLW      8
0x06C9	0x00B3      	MOVWF      FARG_display_set_i
0x06CA	0x22F3      	CALL       _display_set
;RTC2.c,84 :: 		lcd_out(1,1,time);  lcd_out(2,1,date);
0x06CB	0x3001      	MOVLW      1
0x06CC	0x00B2      	MOVWF      FARG_Lcd_Out_row
0x06CD	0x3001      	MOVLW      1
0x06CE	0x00B3      	MOVWF      FARG_Lcd_Out_column
0x06CF	0x3059      	MOVLW      _time
0x06D0	0x00B4      	MOVWF      FARG_Lcd_Out_text
0x06D1	0x24C5      	CALL       _Lcd_Out
0x06D2	0x3002      	MOVLW      2
0x06D3	0x00B2      	MOVWF      FARG_Lcd_Out_row
0x06D4	0x3001      	MOVLW      1
0x06D5	0x00B3      	MOVWF      FARG_Lcd_Out_column
0x06D6	0x304B      	MOVLW      _date
0x06D7	0x00B4      	MOVWF      FARG_Lcd_Out_text
0x06D8	0x24C5      	CALL       _Lcd_Out
;RTC2.c,85 :: 		}
0x06D9	0x2D46      	GOTO       L_main4
;RTC2.c,86 :: 		}
L_end_main:
0x06DA	0x2EDA      	GOTO       $+0
; end of _main
0x0724	0x3023      	MOVLW      35
0x0725	0x0084      	MOVWF      FSR
0x0726	0x3044      	MOVLW      68
0x0727	0x1283      	BCF        STATUS, 5
0x0728	0x1303      	BCF        STATUS, 6
0x0729	0x00F0      	MOVWF      R0
0x072A	0x30E0      	MOVLW      224
0x072B	0x1683      	BSF        STATUS, 5
0x072C	0x00AE      	MOVWF      ___DoICPAddr
0x072D	0x3006      	MOVLW      6
0x072E	0x00AF      	MOVWF      175
0x072F	0x23BF      	CALL       959
0x0730	0x0008      	RETURN
;RTC2.c,0 :: ?ICS?lstr2_RTC2
0x06E0	0x3444 ;?ICS?lstr2_RTC2+0
0x06E1	0x346F ;?ICS?lstr2_RTC2+1
0x06E2	0x346E ;?ICS?lstr2_RTC2+2
0x06E3	0x3465 ;?ICS?lstr2_RTC2+3
0x06E4	0x3420 ;?ICS?lstr2_RTC2+4
0x06E5	0x3400 ;?ICS?lstr2_RTC2+5
; end of ?ICS?lstr2_RTC2
;RTC2.c,0 :: ?ICS?lstr4_RTC2
0x06E6	0x346D ;?ICS?lstr4_RTC2+0
0x06E7	0x343A ;?ICS?lstr4_RTC2+1
0x06E8	0x3400 ;?ICS?lstr4_RTC2+2
; end of ?ICS?lstr4_RTC2
;RTC2.c,0 :: ?ICS?lstr3_RTC2
0x06E9	0x3473 ;?ICS?lstr3_RTC2+0
0x06EA	0x343A ;?ICS?lstr3_RTC2+1
0x06EB	0x3400 ;?ICS?lstr3_RTC2+2
; end of ?ICS?lstr3_RTC2
;RTC2.c,0 :: ?ICS_i
0x06EC	0x3400 ;?ICS_i+0
; end of ?ICS_i
;RTC2.c,0 :: ?ICS?lstr1_RTC2
0x06ED	0x342E ;?ICS?lstr1_RTC2+0
0x06EE	0x342E ;?ICS?lstr1_RTC2+1
0x06EF	0x342E ;?ICS?lstr1_RTC2+2
0x06F0	0x3400 ;?ICS?lstr1_RTC2+3
; end of ?ICS?lstr1_RTC2
;RTC2.c,0 :: ?ICS_hrs
0x06F1	0x3400 ;?ICS_hrs+0
; end of ?ICS_hrs
;RTC2.c,0 :: ?ICS_mins
0x06F2	0x3400 ;?ICS_mins+0
; end of ?ICS_mins
;RTC2.c,0 :: ?ICS_secs
0x06F3	0x3400 ;?ICS_secs+0
; end of ?ICS_secs
;RTC2.c,0 :: ?ICS_day
0x06F4	0x3400 ;?ICS_day+0
; end of ?ICS_day
;RTC2.c,0 :: ?ICS_years
0x06F5	0x3400 ;?ICS_years+0
; end of ?ICS_years
;RTC2.c,0 :: ?ICS_months
0x06F6	0x3400 ;?ICS_months+0
; end of ?ICS_months
;RTC2.c,0 :: ?ICS_dates
0x06F7	0x3400 ;?ICS_dates+0
; end of ?ICS_dates
;RTC2.c,0 :: ?ICS?lstr5_RTC2
0x06F8	0x3468 ;?ICS?lstr5_RTC2+0
0x06F9	0x343A ;?ICS?lstr5_RTC2+1
0x06FA	0x3400 ;?ICS?lstr5_RTC2+2
; end of ?ICS?lstr5_RTC2
;RTC2.c,0 :: ?ICS?lstr8_RTC2
0x06FB	0x3459 ;?ICS?lstr8_RTC2+0
0x06FC	0x343A ;?ICS?lstr8_RTC2+1
0x06FD	0x3400 ;?ICS?lstr8_RTC2+2
; end of ?ICS?lstr8_RTC2
;RTC2.c,0 :: ?ICS?lstr7_RTC2
0x06FE	0x344D ;?ICS?lstr7_RTC2+0
0x06FF	0x343A ;?ICS?lstr7_RTC2+1
0x0700	0x3400 ;?ICS?lstr7_RTC2+2
; end of ?ICS?lstr7_RTC2
;RTC2.c,0 :: ?ICS?lstr6_RTC2
0x0701	0x3444 ;?ICS?lstr6_RTC2+0
0x0702	0x343A ;?ICS?lstr6_RTC2+1
0x0703	0x3400 ;?ICS?lstr6_RTC2+2
; end of ?ICS?lstr6_RTC2
;__Lib_I2C_c34.c,0 :: ?ICS__Lib_I2C_c34__I2C1_TIMEOUT
0x0704	0x3400 ;?ICS__Lib_I2C_c34__I2C1_TIMEOUT+0
0x0705	0x3400 ;?ICS__Lib_I2C_c34__I2C1_TIMEOUT+1
0x0706	0x3400 ;?ICS__Lib_I2C_c34__I2C1_TIMEOUT+2
0x0707	0x3400 ;?ICS__Lib_I2C_c34__I2C1_TIMEOUT+3
; end of ?ICS__Lib_I2C_c34__I2C1_TIMEOUT
;RTC2.c,0 :: ?ICS_date
0x0708	0x3444 ;?ICS_date+0
0x0709	0x3461 ;?ICS_date+1
0x070A	0x3474 ;?ICS_date+2
0x070B	0x3465 ;?ICS_date+3
0x070C	0x343A ;?ICS_date+4
0x070D	0x3420 ;?ICS_date+5
0x070E	0x3420 ;?ICS_date+6
0x070F	0x342D ;?ICS_date+7
0x0710	0x3420 ;?ICS_date+8
0x0711	0x3420 ;?ICS_date+9
0x0712	0x342D ;?ICS_date+10
0x0713	0x3420 ;?ICS_date+11
0x0714	0x3420 ;?ICS_date+12
0x0715	0x3400 ;?ICS_date+13
; end of ?ICS_date
;RTC2.c,0 :: ?ICS_time
0x0716	0x3454 ;?ICS_time+0
0x0717	0x3469 ;?ICS_time+1
0x0718	0x346D ;?ICS_time+2
0x0719	0x3465 ;?ICS_time+3
0x071A	0x343A ;?ICS_time+4
0x071B	0x3420 ;?ICS_time+5
0x071C	0x3420 ;?ICS_time+6
0x071D	0x343A ;?ICS_time+7
0x071E	0x3420 ;?ICS_time+8
0x071F	0x3420 ;?ICS_time+9
0x0720	0x343A ;?ICS_time+10
0x0721	0x3420 ;?ICS_time+11
0x0722	0x3420 ;?ICS_time+12
0x0723	0x3400 ;?ICS_time+13
; end of ?ICS_time
Symbol List:
//** Routines locations **
//ADDRESS    SIZE    PROCEDURE
//----------------------------------------------
0x0004      [30]    _interrupt
0x0022       [3]    _Delay_1us
0x0025      [13]    _Delay_5500us
0x0032       [7]    _Delay_50us
0x0039      [94]    _Lcd_Cmd
0x0097      [16]    _I2C1_Is_Idle
0x00A7       [7]    _____DoIFC
0x00AE       [4]    _I2C1_Stop
0x00B2      [81]    _Div_8X8_S
0x0103       [9]    _Lcd_Chr_CP
0x010C       [7]    _____DoICP
0x0113      [60]    _I2C1_Repeated_Start
0x014F      [94]    _I2C1_Start
0x01AD     [132]    _I2C1_Wr
0x0231     [141]    _I2C1_Rd
0x02BE      [53]    _I2C1_Init
0x02F3      [25]    _display_set
0x030C      [55]    _Lcd_Chr
0x0343      [17]    _Div_8X8_U
0x0354      [28]    _read_time
0x0370      [79]    _Lcd_Init
0x03BF      [12]    ___CC2DW
0x03CB     [250]    _updatetime
0x04C5      [65]    _Lcd_Out
0x0506     [468]    _main
//** Variables locations ** 
//ADDRESS    SIZE    VARIABLE
//----------------------------------------------
0x0000       [1]    INDF
0x0002       [1]    PCL
0x0003       [1]    STATUS
0x0004       [1]    FSR
0x0006       [0]    RB3_bit
0x0006       [0]    RB4_bit
0x0006       [0]    RB5_bit
0x0006       [0]    RB2_bit
0x0006       [1]    PORTB
0x0006       [0]    RB6_bit
0x0006       [0]    lcd_d5
0x0006       [0]    lcd_d6
0x0006       [0]    lcd_d7
0x0006       [0]    lcd_d4
0x0006       [0]    RB7_bit
0x0006       [0]    lcd_rs
0x0006       [0]    lcd_en
0x000A       [1]    PCLATH
0x000B       [0]    INTF_bit
0x000C       [1]    PIR1
0x0013       [1]    SSPBUF
0x0014       [1]    SSPCON
0x0021       [1]    FARG_I2C1_Rd_ack
0x0022       [1]    FARG_I2C1_Wr_data_
0x0023       [6]    ?lstr2_RTC2
0x0029       [3]    ?lstr4_RTC2
0x002C       [3]    ?lstr3_RTC2
0x002F       [1]    _i
0x0030       [4]    ?lstr1_RTC2
0x0034       [1]    _hrs
0x0035       [1]    _mins
0x0036       [1]    _secs
0x0037       [1]    _day
0x0038       [1]    _years
0x0039       [1]    _months
0x003A       [1]    _dates
0x003B       [3]    ?lstr5_RTC2
0x003E       [3]    ?lstr8_RTC2
0x0041       [3]    ?lstr7_RTC2
0x0044       [3]    ?lstr6_RTC2
0x0047       [4]    __Lib_I2C_c34__I2C1_TIMEOUT
0x004B      [14]    _date
0x0059      [14]    _time
0x0067       [3]    _I2C_Restart_Ptr
0x006A       [3]    _I2C_Start_Ptr
0x006D       [3]    _I2C_Is_Idle_Ptr
0x0070       [1]    R0
0x0071       [1]    R1
0x0072       [1]    R2
0x0073       [1]    R3
0x0074       [1]    R4
0x0075       [1]    R5
0x0076       [1]    R6
0x0077       [1]    R7
0x0078       [1]    R8
0x0079       [1]    R9
0x007A       [1]    R10
0x007B       [1]    R11
0x007C       [1]    R12
0x007D       [1]    R13
0x007E       [1]    R14
0x007F       [1]    R15
0x0086       [0]    TRISB7_bit
0x0086       [0]    TRISB6_bit
0x0086       [0]    TRISB5_bit
0x0086       [0]    lcd_d5_direction
0x0086       [1]    TRISB
0x0086       [0]    lcd_d7_direction
0x0086       [0]    lcd_d6_direction
0x0086       [0]    TRISB4_bit
0x0086       [0]    lcd_d4_direction
0x0086       [0]    lcd_en_direction
0x0086       [0]    lcd_rs_direction
0x0086       [0]    TRISB3_bit
0x0086       [0]    TRISB2_bit
0x0087       [0]    TRISC4_bit
0x0087       [0]    TRISC3_bit
0x0091       [1]    SSPCON2
0x0093       [1]    SSPADD
0x0094       [1]    SSPSTAT
0x00A0       [3]    _I2C_Read_Ptr
0x00A3       [0]    __Lib_Lcd_cmd_status
0x00A4       [3]    _I2C_Stop_Ptr
0x00A7       [3]    _I2C_Write_Ptr
0x00AA       [3]    _I2C1_Timeout_Ptr
0x00AD       [1]    _val
0x00AE       [2]    ___DoICPAddr
0x00B0       [1]    ___savePCLATH
0x00B1       [1]    ___saveSTATUS
0x00B2       [4]    FARG_I2C1_Init_clock
0x00B2       [1]    FARG_display_set_arr
0x00B2       [1]    FARG_Lcd_Chr_row
0x00B2       [1]    FARG_Lcd_Out_row
0x00B2       [1]    FARG_read_time_address
0x00B2       [2]    FLOC__updatetime
0x00B3       [1]    FARG_display_set_i
0x00B3       [1]    FARG_Lcd_Chr_column
0x00B3       [1]    FARG_Lcd_Out_column
0x00B3       [1]    read_time_read_data_L0
0x00B4       [1]    FARG_Lcd_Out_text
0x00B4       [1]    FARG_Lcd_Chr_out_char
0x00B5       [1]    Lcd_Out_i_L0
0x00B6       [1]    FARG_Lcd_Chr_CP_out_char
0x00B6       [2]    I2C1_Start_j_L0
0x00B6       [4]    I2C1_Repeated_Start_timeout_L0
0x00B6       [1]    I2C1_Rd_tmp_L0
0x00B6       [4]    I2C1_Wr_timeout_L0
0x00B7       [4]    I2C1_Rd_timeout_L0
0x00B8       [4]    I2C1_Start_timeout_L0
0x00BC       [1]    FARG_Lcd_Cmd_out_char
//** Constants locations ** 
//ADDRESS    SIZE    CONSTANT
//----------------------------------------------
0x06E0       [6]    ?ICS?lstr2_RTC2
0x06E6       [3]    ?ICS?lstr4_RTC2
0x06E9       [3]    ?ICS?lstr3_RTC2
0x06EC       [1]    ?ICS_i
0x06ED       [4]    ?ICS?lstr1_RTC2
0x06F1       [1]    ?ICS_hrs
0x06F2       [1]    ?ICS_mins
0x06F3       [1]    ?ICS_secs
0x06F4       [1]    ?ICS_day
0x06F5       [1]    ?ICS_years
0x06F6       [1]    ?ICS_months
0x06F7       [1]    ?ICS_dates
0x06F8       [3]    ?ICS?lstr5_RTC2
0x06FB       [3]    ?ICS?lstr8_RTC2
0x06FE       [3]    ?ICS?lstr7_RTC2
0x0701       [3]    ?ICS?lstr6_RTC2
0x0704       [4]    ?ICS__Lib_I2C_c34__I2C1_TIMEOUT
0x0708      [14]    ?ICS_date
0x0716      [14]    ?ICS_time
