;  LST file generated by mikroListExporter - v.2.0 
; Date/Time: 20-Dec-20 6:42:04 PM
;----------------------------------------------

;Address Opcode 	ASM
0x0000	0x2D2E      	GOTO       1326
_Delay_5500us:
;__Lib_Delays.c,31 :: 		void Delay_5500us() {
;__Lib_Delays.c,32 :: 		Delay_us(5500);
0x0003	0x3024      	MOVLW      36
0x0004	0x1283      	BCF        STATUS, 5
0x0005	0x1303      	BCF        STATUS, 6
0x0006	0x00FC      	MOVWF      R12
0x0007	0x30B5      	MOVLW      181
0x0008	0x00FD      	MOVWF      R13
L_Delay_5500us5:
0x0009	0x0BFD      	DECFSZ     R13, 1
0x000A	0x2809      	GOTO       L_Delay_5500us5
0x000B	0x0BFC      	DECFSZ     R12, 1
0x000C	0x2809      	GOTO       L_Delay_5500us5
0x000D	0x0000      	NOP
0x000E	0x0000      	NOP
;__Lib_Delays.c,33 :: 		}
L_end_Delay_5500us:
0x000F	0x0008      	RETURN
; end of _Delay_5500us
_Delay_50us:
;__Lib_Delays.c,19 :: 		void Delay_50us() {
;__Lib_Delays.c,20 :: 		Delay_us(50);
0x0010	0x3053      	MOVLW      83
0x0011	0x1283      	BCF        STATUS, 5
0x0012	0x1303      	BCF        STATUS, 6
0x0013	0x00FD      	MOVWF      R13
L_Delay_50us2:
0x0014	0x0BFD      	DECFSZ     R13, 1
0x0015	0x2814      	GOTO       L_Delay_50us2
;__Lib_Delays.c,21 :: 		}
L_end_Delay_50us:
0x0016	0x0008      	RETURN
; end of _Delay_50us
_Delay_1us:
;__Lib_Delays.c,7 :: 		void Delay_1us() {
;__Lib_Delays.c,8 :: 		Delay_us(1);
0x0017	0x0000      	NOP
0x0018	0x0000      	NOP
0x0019	0x0000      	NOP
0x001A	0x0000      	NOP
0x001B	0x0000      	NOP
;__Lib_Delays.c,9 :: 		}
L_end_Delay_1us:
0x001C	0x0008      	RETURN
; end of _Delay_1us
_Lcd_Cmd:
;__Lib_Lcd.c,18 :: 		
;__Lib_Lcd.c,20 :: 		
0x001D	0x1683      	BSF        STATUS, 5
0x001E	0x1303      	BCF        STATUS, 6
0x001F	0x1BBF      	BTFSC      FARG_Lcd_Cmd_out_char, 7
0x0020	0x2824      	GOTO       L__Lcd_Cmd21
0x0021	0x1283      	BCF        STATUS, 5
0x0022	0x1387      	BCF        lcd_d7, BitPos(lcd_d7+0)
0x0023	0x2826      	GOTO       L__Lcd_Cmd22
L__Lcd_Cmd21:
0x0024	0x1283      	BCF        STATUS, 5
0x0025	0x1787      	BSF        lcd_d7, BitPos(lcd_d7+0)
L__Lcd_Cmd22:
;__Lib_Lcd.c,21 :: 		
0x0026	0x1683      	BSF        STATUS, 5
0x0027	0x1B3F      	BTFSC      FARG_Lcd_Cmd_out_char, 6
0x0028	0x282C      	GOTO       L__Lcd_Cmd23
0x0029	0x1283      	BCF        STATUS, 5
0x002A	0x1307      	BCF        lcd_d6, BitPos(lcd_d6+0)
0x002B	0x282E      	GOTO       L__Lcd_Cmd24
L__Lcd_Cmd23:
0x002C	0x1283      	BCF        STATUS, 5
0x002D	0x1707      	BSF        lcd_d6, BitPos(lcd_d6+0)
L__Lcd_Cmd24:
;__Lib_Lcd.c,22 :: 		
0x002E	0x1683      	BSF        STATUS, 5
0x002F	0x1ABF      	BTFSC      FARG_Lcd_Cmd_out_char, 5
0x0030	0x2834      	GOTO       L__Lcd_Cmd25
0x0031	0x1283      	BCF        STATUS, 5
0x0032	0x1287      	BCF        lcd_d5, BitPos(lcd_d5+0)
0x0033	0x2836      	GOTO       L__Lcd_Cmd26
L__Lcd_Cmd25:
0x0034	0x1283      	BCF        STATUS, 5
0x0035	0x1687      	BSF        lcd_d5, BitPos(lcd_d5+0)
L__Lcd_Cmd26:
;__Lib_Lcd.c,23 :: 		
0x0036	0x1683      	BSF        STATUS, 5
0x0037	0x1A3F      	BTFSC      FARG_Lcd_Cmd_out_char, 4
0x0038	0x283C      	GOTO       L__Lcd_Cmd27
0x0039	0x1283      	BCF        STATUS, 5
0x003A	0x1207      	BCF        lcd_d4, BitPos(lcd_d4+0)
0x003B	0x283E      	GOTO       L__Lcd_Cmd28
L__Lcd_Cmd27:
0x003C	0x1283      	BCF        STATUS, 5
0x003D	0x1607      	BSF        lcd_d4, BitPos(lcd_d4+0)
L__Lcd_Cmd28:
;__Lib_Lcd.c,25 :: 		
0x003E	0x18EF      	BTFSC      __Lib_Lcd_cmd_status, BitPos(__Lib_Lcd_cmd_status+0)
0x003F	0x2842      	GOTO       L__Lcd_Cmd29
0x0040	0x1507      	BSF        lcd_rs, BitPos(lcd_rs+0)
0x0041	0x2843      	GOTO       L__Lcd_Cmd30
L__Lcd_Cmd29:
0x0042	0x1107      	BCF        lcd_rs, BitPos(lcd_rs+0)
L__Lcd_Cmd30:
;__Lib_Lcd.c,28 :: 		
0x0043	0x1587      	BSF        lcd_en, BitPos(lcd_en+0)
;__Lib_Lcd.c,29 :: 		
0x0044	0x2017      	CALL       _Delay_1us
;__Lib_Lcd.c,30 :: 		
0x0045	0x1187      	BCF        lcd_en, BitPos(lcd_en+0)
;__Lib_Lcd.c,33 :: 		
0x0046	0x1683      	BSF        STATUS, 5
0x0047	0x19BF      	BTFSC      FARG_Lcd_Cmd_out_char, 3
0x0048	0x284C      	GOTO       L__Lcd_Cmd31
0x0049	0x1283      	BCF        STATUS, 5
0x004A	0x1387      	BCF        lcd_d7, BitPos(lcd_d7+0)
0x004B	0x284E      	GOTO       L__Lcd_Cmd32
L__Lcd_Cmd31:
0x004C	0x1283      	BCF        STATUS, 5
0x004D	0x1787      	BSF        lcd_d7, BitPos(lcd_d7+0)
L__Lcd_Cmd32:
;__Lib_Lcd.c,34 :: 		
0x004E	0x1683      	BSF        STATUS, 5
0x004F	0x193F      	BTFSC      FARG_Lcd_Cmd_out_char, 2
0x0050	0x2854      	GOTO       L__Lcd_Cmd33
0x0051	0x1283      	BCF        STATUS, 5
0x0052	0x1307      	BCF        lcd_d6, BitPos(lcd_d6+0)
0x0053	0x2856      	GOTO       L__Lcd_Cmd34
L__Lcd_Cmd33:
0x0054	0x1283      	BCF        STATUS, 5
0x0055	0x1707      	BSF        lcd_d6, BitPos(lcd_d6+0)
L__Lcd_Cmd34:
;__Lib_Lcd.c,35 :: 		
0x0056	0x1683      	BSF        STATUS, 5
0x0057	0x18BF      	BTFSC      FARG_Lcd_Cmd_out_char, 1
0x0058	0x285C      	GOTO       L__Lcd_Cmd35
0x0059	0x1283      	BCF        STATUS, 5
0x005A	0x1287      	BCF        lcd_d5, BitPos(lcd_d5+0)
0x005B	0x285E      	GOTO       L__Lcd_Cmd36
L__Lcd_Cmd35:
0x005C	0x1283      	BCF        STATUS, 5
0x005D	0x1687      	BSF        lcd_d5, BitPos(lcd_d5+0)
L__Lcd_Cmd36:
;__Lib_Lcd.c,36 :: 		
0x005E	0x1683      	BSF        STATUS, 5
0x005F	0x183F      	BTFSC      FARG_Lcd_Cmd_out_char, 0
0x0060	0x2864      	GOTO       L__Lcd_Cmd37
0x0061	0x1283      	BCF        STATUS, 5
0x0062	0x1207      	BCF        lcd_d4, BitPos(lcd_d4+0)
0x0063	0x2866      	GOTO       L__Lcd_Cmd38
L__Lcd_Cmd37:
0x0064	0x1283      	BCF        STATUS, 5
0x0065	0x1607      	BSF        lcd_d4, BitPos(lcd_d4+0)
L__Lcd_Cmd38:
;__Lib_Lcd.c,38 :: 		
0x0066	0x18EF      	BTFSC      __Lib_Lcd_cmd_status, BitPos(__Lib_Lcd_cmd_status+0)
0x0067	0x286A      	GOTO       L__Lcd_Cmd39
0x0068	0x1507      	BSF        lcd_rs, BitPos(lcd_rs+0)
0x0069	0x286B      	GOTO       L__Lcd_Cmd40
L__Lcd_Cmd39:
0x006A	0x1107      	BCF        lcd_rs, BitPos(lcd_rs+0)
L__Lcd_Cmd40:
;__Lib_Lcd.c,40 :: 		
0x006B	0x1587      	BSF        lcd_en, BitPos(lcd_en+0)
;__Lib_Lcd.c,41 :: 		
0x006C	0x2017      	CALL       _Delay_1us
;__Lib_Lcd.c,42 :: 		
0x006D	0x1187      	BCF        lcd_en, BitPos(lcd_en+0)
;__Lib_Lcd.c,44 :: 		
0x006E	0x1CEF      	BTFSS      __Lib_Lcd_cmd_status, BitPos(__Lib_Lcd_cmd_status+0)
0x006F	0x2872      	GOTO       L_Lcd_Cmd0
;__Lib_Lcd.c,45 :: 		
0x0070	0x2003      	CALL       _Delay_5500us
0x0071	0x2873      	GOTO       L_Lcd_Cmd1
L_Lcd_Cmd0:
;__Lib_Lcd.c,47 :: 		
0x0072	0x2010      	CALL       _Delay_50us
L_Lcd_Cmd1:
;__Lib_Lcd.c,48 :: 		
L_end_Lcd_Cmd:
0x0073	0x0008      	RETURN
; end of _Lcd_Cmd
_COMFREM:
;__Lib_Math.c,1067 :: 		
;__Lib_Math.c,1071 :: 		
0x0074	0x09FB      	COMF       R11, 1
;__Lib_Math.c,1072 :: 		
0x0075	0x09FA      	COMF       R10, 1
;__Lib_Math.c,1073 :: 		
0x0076	0x09F9      	COMF       R9, 1
;__Lib_Math.c,1074 :: 		
0x0077	0x09F8      	COMF       R8, 1
;__Lib_Math.c,1075 :: 		
0x0078	0x0AF8      	INCF       R8, 1
;__Lib_Math.c,1076 :: 		
0x0079	0x1903      	BTFSC      STATUS, 2
;__Lib_Math.c,1077 :: 		
0x007A	0x0AF9      	INCF       R9, 1
;__Lib_Math.c,1078 :: 		
0x007B	0x1903      	BTFSC      STATUS, 2
;__Lib_Math.c,1079 :: 		
0x007C	0x0AFA      	INCF       R10, 1
;__Lib_Math.c,1080 :: 		
0x007D	0x1903      	BTFSC      STATUS, 2
;__Lib_Math.c,1081 :: 		
0x007E	0x0AFB      	INCF       R11, 1
;__Lib_Math.c,1083 :: 		
L_end_COMFREM:
0x007F	0x0008      	RETURN
; end of _COMFREM
_SDIV3232L:
;__Lib_Math.c,698 :: 		
;__Lib_Math.c,707 :: 		
0x0080	0x0874      	MOVF       R4, 0
;__Lib_Math.c,708 :: 		
0x0081	0x02F8      	SUBWF      R8, 1
;__Lib_Math.c,709 :: 		
0x0082	0x0875      	MOVF       R5, 0
;__Lib_Math.c,710 :: 		
0x0083	0x1C03      	BTFSS      STATUS, 0
;__Lib_Math.c,711 :: 		
0x0084	0x0F75      	INCFSZ     R5, 0
;__Lib_Math.c,712 :: 		
0x0085	0x02F9      	SUBWF      R9, 1
;__Lib_Math.c,713 :: 		
0x0086	0x0876      	MOVF       R6, 0
;__Lib_Math.c,714 :: 		
0x0087	0x1C03      	BTFSS      STATUS, 0
;__Lib_Math.c,715 :: 		
0x0088	0x0F76      	INCFSZ     R6, 0
;__Lib_Math.c,716 :: 		
0x0089	0x02FA      	SUBWF      R10, 1
;__Lib_Math.c,717 :: 		
0x008A	0x0877      	MOVF       R7, 0
;__Lib_Math.c,718 :: 		
0x008B	0x1C03      	BTFSS      STATUS, 0
;__Lib_Math.c,719 :: 		
0x008C	0x0F77      	INCFSZ     R7, 0
;__Lib_Math.c,720 :: 		
0x008D	0x02FB      	SUBWF      R11, 1
;__Lib_Math.c,721 :: 		
0x008E	0x0DF3      	RLF        R3, 1
;__Lib_Math.c,723 :: 		
0x008F	0x3007      	MOVLW      7
;__Lib_Math.c,724 :: 		
0x0090	0x00FC      	MOVWF      R12
;__Lib_Math.c,726 :: 		
LOOPS3232A:
;__Lib_Math.c,727 :: 		
0x0091	0x0D73      	RLF        R3, 0
;__Lib_Math.c,728 :: 		
0x0092	0x0DF8      	RLF        R8, 1
;__Lib_Math.c,729 :: 		
0x0093	0x0DF9      	RLF        R9, 1
;__Lib_Math.c,730 :: 		
0x0094	0x0DFA      	RLF        R10, 1
;__Lib_Math.c,731 :: 		
0x0095	0x0DFB      	RLF        R11, 1
;__Lib_Math.c,732 :: 		
0x0096	0x0874      	MOVF       R4, 0
;__Lib_Math.c,733 :: 		
0x0097	0x1C73      	BTFSS      R3, 0
;__Lib_Math.c,734 :: 		
0x0098	0x28A7      	GOTO       SADD22LA
;__Lib_Math.c,736 :: 		
0x0099	0x02F8      	SUBWF      R8, 1
;__Lib_Math.c,737 :: 		
0x009A	0x0875      	MOVF       R5, 0
;__Lib_Math.c,738 :: 		
0x009B	0x1C03      	BTFSS      STATUS, 0
;__Lib_Math.c,739 :: 		
0x009C	0x0F75      	INCFSZ     R5, 0
;__Lib_Math.c,740 :: 		
0x009D	0x02F9      	SUBWF      R9, 1
;__Lib_Math.c,741 :: 		
0x009E	0x0876      	MOVF       R6, 0
;__Lib_Math.c,742 :: 		
0x009F	0x1C03      	BTFSS      STATUS, 0
;__Lib_Math.c,743 :: 		
0x00A0	0x0F76      	INCFSZ     R6, 0
;__Lib_Math.c,744 :: 		
0x00A1	0x02FA      	SUBWF      R10, 1
;__Lib_Math.c,745 :: 		
0x00A2	0x0877      	MOVF       R7, 0
;__Lib_Math.c,746 :: 		
0x00A3	0x1C03      	BTFSS      STATUS, 0
;__Lib_Math.c,747 :: 		
0x00A4	0x0F77      	INCFSZ     R7, 0
;__Lib_Math.c,748 :: 		
0x00A5	0x02FB      	SUBWF      R11, 1
;__Lib_Math.c,749 :: 		
0x00A6	0x28B4      	GOTO       SOK22LA
;__Lib_Math.c,751 :: 		
SADD22LA:
;__Lib_Math.c,752 :: 		
0x00A7	0x07F8      	ADDWF      R8, 1
;__Lib_Math.c,753 :: 		
0x00A8	0x0875      	MOVF       R5, 0
;__Lib_Math.c,754 :: 		
0x00A9	0x1803      	BTFSC      STATUS, 0
;__Lib_Math.c,755 :: 		
0x00AA	0x0F75      	INCFSZ     R5, 0
;__Lib_Math.c,756 :: 		
0x00AB	0x07F9      	ADDWF      R9, 1
;__Lib_Math.c,757 :: 		
0x00AC	0x0876      	MOVF       R6, 0
;__Lib_Math.c,758 :: 		
0x00AD	0x1803      	BTFSC      STATUS, 0
;__Lib_Math.c,759 :: 		
0x00AE	0x0F76      	INCFSZ     R6, 0
;__Lib_Math.c,760 :: 		
0x00AF	0x07FA      	ADDWF      R10, 1
;__Lib_Math.c,761 :: 		
0x00B0	0x0877      	MOVF       R7, 0
;__Lib_Math.c,762 :: 		
0x00B1	0x1803      	BTFSC      STATUS, 0
;__Lib_Math.c,763 :: 		
0x00B2	0x0F77      	INCFSZ     R7, 0
;__Lib_Math.c,764 :: 		
0x00B3	0x07FB      	ADDWF      R11, 1
;__Lib_Math.c,766 :: 		
SOK22LA:
;__Lib_Math.c,767 :: 		
0x00B4	0x0DF3      	RLF        R3, 1
;__Lib_Math.c,769 :: 		
0x00B5	0x0BFC      	DECFSZ     R12, 1
;__Lib_Math.c,770 :: 		
0x00B6	0x2891      	GOTO       LOOPS3232A
;__Lib_Math.c,772 :: 		
0x00B7	0x0D72      	RLF        R2, 0
;__Lib_Math.c,773 :: 		
0x00B8	0x0DF8      	RLF        R8, 1
;__Lib_Math.c,774 :: 		
0x00B9	0x0DF9      	RLF        R9, 1
;__Lib_Math.c,775 :: 		
0x00BA	0x0DFA      	RLF        R10, 1
;__Lib_Math.c,776 :: 		
0x00BB	0x0DFB      	RLF        R11, 1
;__Lib_Math.c,777 :: 		
0x00BC	0x0874      	MOVF       R4, 0
;__Lib_Math.c,778 :: 		
0x00BD	0x1C73      	BTFSS      R3, 0
;__Lib_Math.c,779 :: 		
0x00BE	0x28CD      	GOTO       SADD22L8
;__Lib_Math.c,781 :: 		
0x00BF	0x02F8      	SUBWF      R8, 1
;__Lib_Math.c,782 :: 		
0x00C0	0x0875      	MOVF       R5, 0
;__Lib_Math.c,783 :: 		
0x00C1	0x1C03      	BTFSS      STATUS, 0
;__Lib_Math.c,784 :: 		
0x00C2	0x0F75      	INCFSZ     R5, 0
;__Lib_Math.c,785 :: 		
0x00C3	0x02F9      	SUBWF      R9, 1
;__Lib_Math.c,786 :: 		
0x00C4	0x0876      	MOVF       R6, 0
;__Lib_Math.c,787 :: 		
0x00C5	0x1C03      	BTFSS      STATUS, 0
;__Lib_Math.c,788 :: 		
0x00C6	0x0F76      	INCFSZ     R6, 0
;__Lib_Math.c,789 :: 		
0x00C7	0x02FA      	SUBWF      R10, 1
;__Lib_Math.c,790 :: 		
0x00C8	0x0877      	MOVF       R7, 0
;__Lib_Math.c,791 :: 		
0x00C9	0x1C03      	BTFSS      STATUS, 0
;__Lib_Math.c,792 :: 		
0x00CA	0x0F77      	INCFSZ     R7, 0
;__Lib_Math.c,793 :: 		
0x00CB	0x02FB      	SUBWF      R11, 1
;__Lib_Math.c,794 :: 		
0x00CC	0x28DA      	GOTO       SOK22L8
;__Lib_Math.c,796 :: 		
SADD22L8:
;__Lib_Math.c,797 :: 		
0x00CD	0x07F8      	ADDWF      R8, 1
;__Lib_Math.c,798 :: 		
0x00CE	0x0875      	MOVF       R5, 0
;__Lib_Math.c,799 :: 		
0x00CF	0x1803      	BTFSC      STATUS, 0
;__Lib_Math.c,800 :: 		
0x00D0	0x0F75      	INCFSZ     R5, 0
;__Lib_Math.c,801 :: 		
0x00D1	0x07F9      	ADDWF      R9, 1
;__Lib_Math.c,802 :: 		
0x00D2	0x0876      	MOVF       R6, 0
;__Lib_Math.c,803 :: 		
0x00D3	0x1803      	BTFSC      STATUS, 0
;__Lib_Math.c,804 :: 		
0x00D4	0x0F76      	INCFSZ     R6, 0
;__Lib_Math.c,805 :: 		
0x00D5	0x07FA      	ADDWF      R10, 1
;__Lib_Math.c,806 :: 		
0x00D6	0x0877      	MOVF       R7, 0
;__Lib_Math.c,807 :: 		
0x00D7	0x1803      	BTFSC      STATUS, 0
;__Lib_Math.c,808 :: 		
0x00D8	0x0F77      	INCFSZ     R7, 0
;__Lib_Math.c,809 :: 		
0x00D9	0x07FB      	ADDWF      R11, 1
;__Lib_Math.c,811 :: 		
SOK22L8:
;__Lib_Math.c,812 :: 		
0x00DA	0x0DF2      	RLF        R2, 1
;__Lib_Math.c,814 :: 		
0x00DB	0x3007      	MOVLW      7
;__Lib_Math.c,815 :: 		
0x00DC	0x00FC      	MOVWF      R12
;__Lib_Math.c,817 :: 		
LOOPS3232B:
;__Lib_Math.c,818 :: 		
0x00DD	0x0D72      	RLF        R2, 0
;__Lib_Math.c,819 :: 		
0x00DE	0x0DF8      	RLF        R8, 1
;__Lib_Math.c,820 :: 		
0x00DF	0x0DF9      	RLF        R9, 1
;__Lib_Math.c,821 :: 		
0x00E0	0x0DFA      	RLF        R10, 1
;__Lib_Math.c,822 :: 		
0x00E1	0x0DFB      	RLF        R11, 1
;__Lib_Math.c,823 :: 		
0x00E2	0x0874      	MOVF       R4, 0
;__Lib_Math.c,824 :: 		
0x00E3	0x1C72      	BTFSS      R2, 0
;__Lib_Math.c,825 :: 		
0x00E4	0x28F3      	GOTO       SADD22LB
;__Lib_Math.c,827 :: 		
0x00E5	0x02F8      	SUBWF      R8, 1
;__Lib_Math.c,828 :: 		
0x00E6	0x0875      	MOVF       R5, 0
;__Lib_Math.c,829 :: 		
0x00E7	0x1C03      	BTFSS      STATUS, 0
;__Lib_Math.c,830 :: 		
0x00E8	0x0F75      	INCFSZ     R5, 0
;__Lib_Math.c,831 :: 		
0x00E9	0x02F9      	SUBWF      R9, 1
;__Lib_Math.c,832 :: 		
0x00EA	0x0876      	MOVF       R6, 0
;__Lib_Math.c,833 :: 		
0x00EB	0x1C03      	BTFSS      STATUS, 0
;__Lib_Math.c,834 :: 		
0x00EC	0x0F76      	INCFSZ     R6, 0
;__Lib_Math.c,835 :: 		
0x00ED	0x02FA      	SUBWF      R10, 1
;__Lib_Math.c,836 :: 		
0x00EE	0x0877      	MOVF       R7, 0
;__Lib_Math.c,837 :: 		
0x00EF	0x1C03      	BTFSS      STATUS, 0
;__Lib_Math.c,838 :: 		
0x00F0	0x0F77      	INCFSZ     R7, 0
;__Lib_Math.c,839 :: 		
0x00F1	0x02FB      	SUBWF      R11, 1
;__Lib_Math.c,840 :: 		
0x00F2	0x2900      	GOTO       SOK22LB
;__Lib_Math.c,842 :: 		
SADD22LB:
;__Lib_Math.c,843 :: 		
0x00F3	0x07F8      	ADDWF      R8, 1
;__Lib_Math.c,844 :: 		
0x00F4	0x0875      	MOVF       R5, 0
;__Lib_Math.c,845 :: 		
0x00F5	0x1803      	BTFSC      STATUS, 0
;__Lib_Math.c,846 :: 		
0x00F6	0x0F75      	INCFSZ     R5, 0
;__Lib_Math.c,847 :: 		
0x00F7	0x07F9      	ADDWF      R9, 1
;__Lib_Math.c,848 :: 		
0x00F8	0x0876      	MOVF       R6, 0
;__Lib_Math.c,849 :: 		
0x00F9	0x1803      	BTFSC      STATUS, 0
;__Lib_Math.c,850 :: 		
0x00FA	0x0F76      	INCFSZ     R6, 0
;__Lib_Math.c,851 :: 		
0x00FB	0x07FA      	ADDWF      R10, 1
;__Lib_Math.c,852 :: 		
0x00FC	0x0877      	MOVF       R7, 0
;__Lib_Math.c,853 :: 		
0x00FD	0x1803      	BTFSC      STATUS, 0
;__Lib_Math.c,854 :: 		
0x00FE	0x0F77      	INCFSZ     R7, 0
;__Lib_Math.c,855 :: 		
0x00FF	0x07FB      	ADDWF      R11, 1
;__Lib_Math.c,857 :: 		
SOK22LB:
;__Lib_Math.c,858 :: 		
0x0100	0x0DF2      	RLF        R2, 1
;__Lib_Math.c,860 :: 		
0x0101	0x0BFC      	DECFSZ     R12, 1
;__Lib_Math.c,861 :: 		
0x0102	0x28DD      	GOTO       LOOPS3232B
;__Lib_Math.c,863 :: 		
0x0103	0x0D71      	RLF        R1, 0
;__Lib_Math.c,864 :: 		
0x0104	0x0DF8      	RLF        R8, 1
;__Lib_Math.c,865 :: 		
0x0105	0x0DF9      	RLF        R9, 1
;__Lib_Math.c,866 :: 		
0x0106	0x0DFA      	RLF        R10, 1
;__Lib_Math.c,867 :: 		
0x0107	0x0DFB      	RLF        R11, 1
;__Lib_Math.c,868 :: 		
0x0108	0x0874      	MOVF       R4, 0
;__Lib_Math.c,869 :: 		
0x0109	0x1C72      	BTFSS      R2, 0
;__Lib_Math.c,870 :: 		
0x010A	0x2919      	GOTO       SADD22L16
;__Lib_Math.c,872 :: 		
0x010B	0x02F8      	SUBWF      R8, 1
;__Lib_Math.c,873 :: 		
0x010C	0x0875      	MOVF       R5, 0
;__Lib_Math.c,874 :: 		
0x010D	0x1C03      	BTFSS      STATUS, 0
;__Lib_Math.c,875 :: 		
0x010E	0x0F75      	INCFSZ     R5, 0
;__Lib_Math.c,876 :: 		
0x010F	0x02F9      	SUBWF      R9, 1
;__Lib_Math.c,877 :: 		
0x0110	0x0876      	MOVF       R6, 0
;__Lib_Math.c,878 :: 		
0x0111	0x1C03      	BTFSS      STATUS, 0
;__Lib_Math.c,879 :: 		
0x0112	0x0F76      	INCFSZ     R6, 0
;__Lib_Math.c,880 :: 		
0x0113	0x02FA      	SUBWF      R10, 1
;__Lib_Math.c,881 :: 		
0x0114	0x0877      	MOVF       R7, 0
;__Lib_Math.c,882 :: 		
0x0115	0x1C03      	BTFSS      STATUS, 0
;__Lib_Math.c,883 :: 		
0x0116	0x0F77      	INCFSZ     R7, 0
;__Lib_Math.c,884 :: 		
0x0117	0x02FB      	SUBWF      R11, 1
;__Lib_Math.c,885 :: 		
0x0118	0x2926      	GOTO       SOK22L16
;__Lib_Math.c,887 :: 		
SADD22L16:
;__Lib_Math.c,888 :: 		
0x0119	0x07F8      	ADDWF      R8, 1
;__Lib_Math.c,889 :: 		
0x011A	0x0875      	MOVF       R5, 0
;__Lib_Math.c,890 :: 		
0x011B	0x1803      	BTFSC      STATUS, 0
;__Lib_Math.c,891 :: 		
0x011C	0x0F75      	INCFSZ     R5, 0
;__Lib_Math.c,892 :: 		
0x011D	0x07F9      	ADDWF      R9, 1
;__Lib_Math.c,893 :: 		
0x011E	0x0876      	MOVF       R6, 0
;__Lib_Math.c,894 :: 		
0x011F	0x1803      	BTFSC      STATUS, 0
;__Lib_Math.c,895 :: 		
0x0120	0x0F76      	INCFSZ     R6, 0
;__Lib_Math.c,896 :: 		
0x0121	0x07FA      	ADDWF      R10, 1
;__Lib_Math.c,897 :: 		
0x0122	0x0877      	MOVF       R7, 0
;__Lib_Math.c,898 :: 		
0x0123	0x1803      	BTFSC      STATUS, 0
;__Lib_Math.c,899 :: 		
0x0124	0x0F77      	INCFSZ     R7, 0
;__Lib_Math.c,900 :: 		
0x0125	0x07FB      	ADDWF      R11, 1
;__Lib_Math.c,902 :: 		
SOK22L16:
;__Lib_Math.c,903 :: 		
0x0126	0x0DF1      	RLF        R1, 1
;__Lib_Math.c,905 :: 		
0x0127	0x3007      	MOVLW      7
;__Lib_Math.c,906 :: 		
0x0128	0x00FC      	MOVWF      R12
;__Lib_Math.c,908 :: 		
LOOPS3232C:
;__Lib_Math.c,909 :: 		
0x0129	0x0D71      	RLF        R1, 0
;__Lib_Math.c,910 :: 		
0x012A	0x0DF8      	RLF        R8, 1
;__Lib_Math.c,911 :: 		
0x012B	0x0DF9      	RLF        R9, 1
;__Lib_Math.c,912 :: 		
0x012C	0x0DFA      	RLF        R10, 1
;__Lib_Math.c,913 :: 		
0x012D	0x0DFB      	RLF        R11, 1
;__Lib_Math.c,914 :: 		
0x012E	0x0874      	MOVF       R4, 0
;__Lib_Math.c,915 :: 		
0x012F	0x1C71      	BTFSS      R1, 0
;__Lib_Math.c,916 :: 		
0x0130	0x293F      	GOTO       SADD22LC
;__Lib_Math.c,918 :: 		
0x0131	0x02F8      	SUBWF      R8, 1
;__Lib_Math.c,919 :: 		
0x0132	0x0875      	MOVF       R5, 0
;__Lib_Math.c,920 :: 		
0x0133	0x1C03      	BTFSS      STATUS, 0
;__Lib_Math.c,921 :: 		
0x0134	0x0F75      	INCFSZ     R5, 0
;__Lib_Math.c,922 :: 		
0x0135	0x02F9      	SUBWF      R9, 1
;__Lib_Math.c,923 :: 		
0x0136	0x0876      	MOVF       R6, 0
;__Lib_Math.c,924 :: 		
0x0137	0x1C03      	BTFSS      STATUS, 0
;__Lib_Math.c,925 :: 		
0x0138	0x0F76      	INCFSZ     R6, 0
;__Lib_Math.c,926 :: 		
0x0139	0x02FA      	SUBWF      R10, 1
;__Lib_Math.c,927 :: 		
0x013A	0x0877      	MOVF       R7, 0
;__Lib_Math.c,928 :: 		
0x013B	0x1C03      	BTFSS      STATUS, 0
;__Lib_Math.c,929 :: 		
0x013C	0x0F77      	INCFSZ     R7, 0
;__Lib_Math.c,930 :: 		
0x013D	0x02FB      	SUBWF      R11, 1
;__Lib_Math.c,931 :: 		
0x013E	0x294C      	GOTO       SOK22LC
;__Lib_Math.c,933 :: 		
SADD22LC:
;__Lib_Math.c,934 :: 		
0x013F	0x07F8      	ADDWF      R8, 1
;__Lib_Math.c,935 :: 		
0x0140	0x0875      	MOVF       R5, 0
;__Lib_Math.c,936 :: 		
0x0141	0x1803      	BTFSC      STATUS, 0
;__Lib_Math.c,937 :: 		
0x0142	0x0F75      	INCFSZ     R5, 0
;__Lib_Math.c,938 :: 		
0x0143	0x07F9      	ADDWF      R9, 1
;__Lib_Math.c,939 :: 		
0x0144	0x0876      	MOVF       R6, 0
;__Lib_Math.c,940 :: 		
0x0145	0x1803      	BTFSC      STATUS, 0
;__Lib_Math.c,941 :: 		
0x0146	0x0F76      	INCFSZ     R6, 0
;__Lib_Math.c,942 :: 		
0x0147	0x07FA      	ADDWF      R10, 1
;__Lib_Math.c,943 :: 		
0x0148	0x0877      	MOVF       R7, 0
;__Lib_Math.c,944 :: 		
0x0149	0x1803      	BTFSC      STATUS, 0
;__Lib_Math.c,945 :: 		
0x014A	0x0F77      	INCFSZ     R7, 0
;__Lib_Math.c,946 :: 		
0x014B	0x07FB      	ADDWF      R11, 1
;__Lib_Math.c,948 :: 		
SOK22LC:
;__Lib_Math.c,949 :: 		
0x014C	0x0DF1      	RLF        R1, 1
;__Lib_Math.c,951 :: 		
0x014D	0x0BFC      	DECFSZ     R12, 1
;__Lib_Math.c,952 :: 		
0x014E	0x2929      	GOTO       LOOPS3232C
;__Lib_Math.c,954 :: 		
0x014F	0x0D70      	RLF        R0, 0
;__Lib_Math.c,955 :: 		
0x0150	0x0DF8      	RLF        R8, 1
;__Lib_Math.c,956 :: 		
0x0151	0x0DF9      	RLF        R9, 1
;__Lib_Math.c,957 :: 		
0x0152	0x0DFA      	RLF        R10, 1
;__Lib_Math.c,958 :: 		
0x0153	0x0DFB      	RLF        R11, 1
;__Lib_Math.c,959 :: 		
0x0154	0x0874      	MOVF       R4, 0
;__Lib_Math.c,960 :: 		
0x0155	0x1C71      	BTFSS      R1, 0
;__Lib_Math.c,961 :: 		
0x0156	0x2965      	GOTO       SADD22L24
;__Lib_Math.c,963 :: 		
0x0157	0x02F8      	SUBWF      R8, 1
;__Lib_Math.c,964 :: 		
0x0158	0x0875      	MOVF       R5, 0
;__Lib_Math.c,965 :: 		
0x0159	0x1C03      	BTFSS      STATUS, 0
;__Lib_Math.c,966 :: 		
0x015A	0x0F75      	INCFSZ     R5, 0
;__Lib_Math.c,967 :: 		
0x015B	0x02F9      	SUBWF      R9, 1
;__Lib_Math.c,968 :: 		
0x015C	0x0876      	MOVF       R6, 0
;__Lib_Math.c,969 :: 		
0x015D	0x1C03      	BTFSS      STATUS, 0
;__Lib_Math.c,970 :: 		
0x015E	0x0F76      	INCFSZ     R6, 0
;__Lib_Math.c,971 :: 		
0x015F	0x02FA      	SUBWF      R10, 1
;__Lib_Math.c,972 :: 		
0x0160	0x0877      	MOVF       R7, 0
;__Lib_Math.c,973 :: 		
0x0161	0x1C03      	BTFSS      STATUS, 0
;__Lib_Math.c,974 :: 		
0x0162	0x0F77      	INCFSZ     R7, 0
;__Lib_Math.c,975 :: 		
0x0163	0x02FB      	SUBWF      R11, 1
;__Lib_Math.c,976 :: 		
0x0164	0x2972      	GOTO       SOK22L24
;__Lib_Math.c,978 :: 		
SADD22L24:
;__Lib_Math.c,979 :: 		
0x0165	0x07F8      	ADDWF      R8, 1
;__Lib_Math.c,980 :: 		
0x0166	0x0875      	MOVF       R5, 0
;__Lib_Math.c,981 :: 		
0x0167	0x1803      	BTFSC      STATUS, 0
;__Lib_Math.c,982 :: 		
0x0168	0x0F75      	INCFSZ     R5, 0
;__Lib_Math.c,983 :: 		
0x0169	0x07F9      	ADDWF      R9, 1
;__Lib_Math.c,984 :: 		
0x016A	0x0876      	MOVF       R6, 0
;__Lib_Math.c,985 :: 		
0x016B	0x1803      	BTFSC      STATUS, 0
;__Lib_Math.c,986 :: 		
0x016C	0x0F76      	INCFSZ     R6, 0
;__Lib_Math.c,987 :: 		
0x016D	0x07FA      	ADDWF      R10, 1
;__Lib_Math.c,988 :: 		
0x016E	0x0877      	MOVF       R7, 0
;__Lib_Math.c,989 :: 		
0x016F	0x1803      	BTFSC      STATUS, 0
;__Lib_Math.c,990 :: 		
0x0170	0x0F77      	INCFSZ     R7, 0
;__Lib_Math.c,991 :: 		
0x0171	0x07FB      	ADDWF      R11, 1
;__Lib_Math.c,993 :: 		
SOK22L24:
;__Lib_Math.c,994 :: 		
0x0172	0x0DF0      	RLF        R0, 1
;__Lib_Math.c,996 :: 		
0x0173	0x3007      	MOVLW      7
;__Lib_Math.c,997 :: 		
0x0174	0x00FC      	MOVWF      R12
;__Lib_Math.c,999 :: 		
LOOPS3232D:
;__Lib_Math.c,1000 :: 		
0x0175	0x0D70      	RLF        R0, 0
;__Lib_Math.c,1001 :: 		
0x0176	0x0DF8      	RLF        R8, 1
;__Lib_Math.c,1002 :: 		
0x0177	0x0DF9      	RLF        R9, 1
;__Lib_Math.c,1003 :: 		
0x0178	0x0DFA      	RLF        R10, 1
;__Lib_Math.c,1004 :: 		
0x0179	0x0DFB      	RLF        R11, 1
;__Lib_Math.c,1005 :: 		
0x017A	0x0874      	MOVF       R4, 0
;__Lib_Math.c,1006 :: 		
0x017B	0x1C70      	BTFSS      R0, 0
;__Lib_Math.c,1007 :: 		
0x017C	0x298B      	GOTO       SADD22LD
;__Lib_Math.c,1009 :: 		
0x017D	0x02F8      	SUBWF      R8, 1
;__Lib_Math.c,1010 :: 		
0x017E	0x0875      	MOVF       R5, 0
;__Lib_Math.c,1011 :: 		
0x017F	0x1C03      	BTFSS      STATUS, 0
;__Lib_Math.c,1012 :: 		
0x0180	0x0F75      	INCFSZ     R5, 0
;__Lib_Math.c,1013 :: 		
0x0181	0x02F9      	SUBWF      R9, 1
;__Lib_Math.c,1014 :: 		
0x0182	0x0876      	MOVF       R6, 0
;__Lib_Math.c,1015 :: 		
0x0183	0x1C03      	BTFSS      STATUS, 0
;__Lib_Math.c,1016 :: 		
0x0184	0x0F76      	INCFSZ     R6, 0
;__Lib_Math.c,1017 :: 		
0x0185	0x02FA      	SUBWF      R10, 1
;__Lib_Math.c,1018 :: 		
0x0186	0x0877      	MOVF       R7, 0
;__Lib_Math.c,1019 :: 		
0x0187	0x1C03      	BTFSS      STATUS, 0
;__Lib_Math.c,1020 :: 		
0x0188	0x0F77      	INCFSZ     R7, 0
;__Lib_Math.c,1021 :: 		
0x0189	0x02FB      	SUBWF      R11, 1
;__Lib_Math.c,1022 :: 		
0x018A	0x2998      	GOTO       SOK22LD
;__Lib_Math.c,1024 :: 		
SADD22LD:
;__Lib_Math.c,1025 :: 		
0x018B	0x07F8      	ADDWF      R8, 1
;__Lib_Math.c,1026 :: 		
0x018C	0x0875      	MOVF       R5, 0
;__Lib_Math.c,1027 :: 		
0x018D	0x1803      	BTFSC      STATUS, 0
;__Lib_Math.c,1028 :: 		
0x018E	0x0F75      	INCFSZ     R5, 0
;__Lib_Math.c,1029 :: 		
0x018F	0x07F9      	ADDWF      R9, 1
;__Lib_Math.c,1030 :: 		
0x0190	0x0876      	MOVF       R6, 0
;__Lib_Math.c,1031 :: 		
0x0191	0x1803      	BTFSC      STATUS, 0
;__Lib_Math.c,1032 :: 		
0x0192	0x0F76      	INCFSZ     R6, 0
;__Lib_Math.c,1033 :: 		
0x0193	0x07FA      	ADDWF      R10, 1
;__Lib_Math.c,1034 :: 		
0x0194	0x0877      	MOVF       R7, 0
;__Lib_Math.c,1035 :: 		
0x0195	0x1803      	BTFSC      STATUS, 0
;__Lib_Math.c,1037 :: 		
0x0196	0x0F77      	INCFSZ     R7, 0
;__Lib_Math.c,1038 :: 		
0x0197	0x07FB      	ADDWF      R11, 1
;__Lib_Math.c,1040 :: 		
SOK22LD:
;__Lib_Math.c,1041 :: 		
0x0198	0x0DF0      	RLF        R0, 1
;__Lib_Math.c,1043 :: 		
0x0199	0x0BFC      	DECFSZ     R12, 1
;__Lib_Math.c,1044 :: 		
0x019A	0x2975      	GOTO       LOOPS3232D
;__Lib_Math.c,1046 :: 		
0x019B	0x1870      	BTFSC      R0, 0
;__Lib_Math.c,1047 :: 		
0x019C	0x29AB      	GOTO       SOK22L
;__Lib_Math.c,1048 :: 		
0x019D	0x0874      	MOVF       R4, 0
;__Lib_Math.c,1049 :: 		
0x019E	0x07F8      	ADDWF      R8, 1
;__Lib_Math.c,1050 :: 		
0x019F	0x0875      	MOVF       R5, 0
;__Lib_Math.c,1051 :: 		
0x01A0	0x1803      	BTFSC      STATUS, 0
;__Lib_Math.c,1052 :: 		
0x01A1	0x0F75      	INCFSZ     R5, 0
;__Lib_Math.c,1053 :: 		
0x01A2	0x07F9      	ADDWF      R9, 1
;__Lib_Math.c,1054 :: 		
0x01A3	0x0876      	MOVF       R6, 0
;__Lib_Math.c,1055 :: 		
0x01A4	0x1803      	BTFSC      STATUS, 0
;__Lib_Math.c,1056 :: 		
0x01A5	0x0F76      	INCFSZ     R6, 0
;__Lib_Math.c,1057 :: 		
0x01A6	0x07FA      	ADDWF      R10, 1
;__Lib_Math.c,1058 :: 		
0x01A7	0x0877      	MOVF       R7, 0
;__Lib_Math.c,1059 :: 		
0x01A8	0x1803      	BTFSC      STATUS, 0
;__Lib_Math.c,1060 :: 		
0x01A9	0x0F77      	INCFSZ     R7, 0
;__Lib_Math.c,1061 :: 		
0x01AA	0x07FB      	ADDWF      R11, 1
;__Lib_Math.c,1062 :: 		
SOK22L:
;__Lib_Math.c,1065 :: 		
L_end_SDIV3232L:
0x01AB	0x0008      	RETURN
; end of _SDIV3232L
_Lcd_Chr_CP:
;__Lib_Lcd.c,50 :: 		
;__Lib_Lcd.c,52 :: 		
0x01AC	0x1283      	BCF        STATUS, 5
0x01AD	0x1303      	BCF        STATUS, 6
0x01AE	0x10EF      	BCF        __Lib_Lcd_cmd_status, BitPos(__Lib_Lcd_cmd_status+0)
;__Lib_Lcd.c,53 :: 		
0x01AF	0x1683      	BSF        STATUS, 5
0x01B0	0x083E      	MOVF       FARG_Lcd_Chr_CP_out_char, 0
0x01B1	0x00BF      	MOVWF      FARG_Lcd_Cmd_out_char
0x01B2	0x201D      	CALL       _Lcd_Cmd
;__Lib_Lcd.c,54 :: 		
0x01B3	0x14EF      	BSF        __Lib_Lcd_cmd_status, BitPos(__Lib_Lcd_cmd_status+0)
;__Lib_Lcd.c,55 :: 		
L_end_Lcd_Chr_CP:
0x01B4	0x0008      	RETURN
; end of _Lcd_Chr_CP
_____DoICP:
;__Lib_System.c,6 :: 		
;__Lib_System.c,9 :: 		
0x01B5	0x1283      	BCF        STATUS, 5
0x01B6	0x1303      	BCF        STATUS, 6
0x01B7	0x086E      	MOVF       ___DoICPAddr+1, 0
0x01B8	0x008A      	MOVWF      PCLATH
;__Lib_System.c,10 :: 		
0x01B9	0x086D      	MOVF       ___DoICPAddr, 0
0x01BA	0x0082      	MOVWF      PCL
;__Lib_System.c,12 :: 		
L_end_____DoICP:
0x01BB	0x0008      	RETURN
; end of _____DoICP
_Div_32x32_S:
;__Lib_Math.c,1092 :: 		
;__Lib_Math.c,1103 :: 		
;__Lib_Math.c,1106 :: 		
0x01BC	0x1283      	BCF        STATUS, 5
0x01BD	0x1303      	BCF        STATUS, 6
0x01BE	0x0874      	MOVF       R4, 0
0x01BF	0x3A00      	XORLW      0
0x01C0	0x1D03      	BTFSS      STATUS, 2
0x01C1	0x29D7      	GOTO       L_Div_32x32_S6
;__Lib_Math.c,1107 :: 		
0x01C2	0x0875      	MOVF       R5, 0
0x01C3	0x3A00      	XORLW      0
0x01C4	0x1D03      	BTFSS      STATUS, 2
0x01C5	0x29D7      	GOTO       L_Div_32x32_S7
;__Lib_Math.c,1108 :: 		
0x01C6	0x0876      	MOVF       R6, 0
0x01C7	0x3A00      	XORLW      0
0x01C8	0x1D03      	BTFSS      STATUS, 2
0x01C9	0x29D7      	GOTO       L_Div_32x32_S8
;__Lib_Math.c,1109 :: 		
0x01CA	0x0877      	MOVF       R7, 0
0x01CB	0x3A00      	XORLW      0
0x01CC	0x1D03      	BTFSS      STATUS, 2
0x01CD	0x29D7      	GOTO       L_Div_32x32_S9
;__Lib_Math.c,1110 :: 		
0x01CE	0x30FF      	MOVLW      255
0x01CF	0x00F0      	MOVWF      R0
;__Lib_Math.c,1111 :: 		
0x01D0	0x30FF      	MOVLW      255
0x01D1	0x00F1      	MOVWF      R1
;__Lib_Math.c,1112 :: 		
0x01D2	0x30FF      	MOVLW      255
0x01D3	0x00F2      	MOVWF      R2
;__Lib_Math.c,1113 :: 		
0x01D4	0x307F      	MOVLW      127
0x01D5	0x00F3      	MOVWF      R3
;__Lib_Math.c,1114 :: 		
0x01D6	0x2A70      	GOTO       L_end_Div_32x32_S
;__Lib_Math.c,1115 :: 		
L_Div_32x32_S9:
L_Div_32x32_S8:
L_Div_32x32_S7:
L_Div_32x32_S6:
;__Lib_Math.c,1118 :: 		
0x01D7	0x1283      	BCF        STATUS, 5
;__Lib_Math.c,1119 :: 		
0x01D8	0x1303      	BCF        STATUS, 6
;__Lib_Math.c,1121 :: 		
0x01D9	0x01FC      	CLRF       R12
;__Lib_Math.c,1122 :: 		
0x01DA	0x1BF7      	BTFSC      R7, 7
;__Lib_Math.c,1123 :: 		
0x01DB	0x0AFC      	INCF       R12, 1
;__Lib_Math.c,1125 :: 		
0x01DC	0x01FD      	CLRF       R13
;__Lib_Math.c,1126 :: 		
0x01DD	0x01FB      	CLRF       R11
;__Lib_Math.c,1127 :: 		
0x01DE	0x01FA      	CLRF       R10
;__Lib_Math.c,1128 :: 		
0x01DF	0x01F9      	CLRF       R9
;__Lib_Math.c,1129 :: 		
0x01E0	0x01F8      	CLRF       R8
;__Lib_Math.c,1130 :: 		
0x01E1	0x0873      	MOVF       R3, 0
;__Lib_Math.c,1131 :: 		
0x01E2	0x0472      	IORWF      R2, 0
;__Lib_Math.c,1132 :: 		
0x01E3	0x0471      	IORWF      R1, 0
;__Lib_Math.c,1133 :: 		
0x01E4	0x0470      	IORWF      R0, 0
;__Lib_Math.c,1134 :: 		
0x01E5	0x1903      	BTFSC      STATUS, 2
;__Lib_Math.c,1135 :: 		
0x01E6	0x2A6B      	GOTO       END_ALL
;__Lib_Math.c,1137 :: 		
0x01E7	0x0873      	MOVF       R3, 0
;__Lib_Math.c,1138 :: 		
0x01E8	0x0677      	XORWF      R7, 0
;__Lib_Math.c,1139 :: 		
0x01E9	0x00A0      	MOVWF      ___math_tempb
;__Lib_Math.c,1140 :: 		
0x01EA	0x1BA0      	BTFSC      ___math_tempb, 7
;__Lib_Math.c,1141 :: 		
0x01EB	0x09FD      	COMF       R13, 1
;__Lib_Math.c,1145 :: 		
0x01EC	0x1FF7      	BTFSS      R7, 7
;__Lib_Math.c,1146 :: 		
0x01ED	0x29F9      	GOTO       CA3232S
;__Lib_Math.c,1148 :: 		
0x01EE	0x09F4      	COMF       R4, 1
;__Lib_Math.c,1149 :: 		
0x01EF	0x09F5      	COMF       R5, 1
;__Lib_Math.c,1150 :: 		
0x01F0	0x09F6      	COMF       R6, 1
;__Lib_Math.c,1151 :: 		
0x01F1	0x09F7      	COMF       R7, 1
;__Lib_Math.c,1152 :: 		
0x01F2	0x0AF4      	INCF       R4, 1
;__Lib_Math.c,1153 :: 		
0x01F3	0x1903      	BTFSC      STATUS, 2
;__Lib_Math.c,1154 :: 		
0x01F4	0x0AF5      	INCF       R5, 1
;__Lib_Math.c,1155 :: 		
0x01F5	0x1903      	BTFSC      STATUS, 2
;__Lib_Math.c,1156 :: 		
0x01F6	0x0AF6      	INCF       R6, 1
;__Lib_Math.c,1157 :: 		
0x01F7	0x1903      	BTFSC      STATUS, 2
;__Lib_Math.c,1158 :: 		
0x01F8	0x0AF7      	INCF       R7, 1
;__Lib_Math.c,1160 :: 		
CA3232S:
;__Lib_Math.c,1161 :: 		
0x01F9	0x1FF3      	BTFSS      R3, 7
;__Lib_Math.c,1162 :: 		
0x01FA	0x2A06      	GOTO       C3232SX
;__Lib_Math.c,1164 :: 		
0x01FB	0x09F0      	COMF       R0, 1
;__Lib_Math.c,1165 :: 		
0x01FC	0x09F1      	COMF       R1, 1
;__Lib_Math.c,1166 :: 		
0x01FD	0x09F2      	COMF       R2, 1
;__Lib_Math.c,1167 :: 		
0x01FE	0x09F3      	COMF       R3, 1
;__Lib_Math.c,1168 :: 		
0x01FF	0x0AF0      	INCF       R0, 1
;__Lib_Math.c,1169 :: 		
0x0200	0x1903      	BTFSC      STATUS, 2
;__Lib_Math.c,1170 :: 		
0x0201	0x0AF1      	INCF       R1, 1
;__Lib_Math.c,1171 :: 		
0x0202	0x1903      	BTFSC      STATUS, 2
;__Lib_Math.c,1172 :: 		
0x0203	0x0AF2      	INCF       R2, 1
;__Lib_Math.c,1173 :: 		
0x0204	0x1903      	BTFSC      STATUS, 2
;__Lib_Math.c,1174 :: 		
0x0205	0x0AF3      	INCF       R3, 1
;__Lib_Math.c,1176 :: 		
C3232SX:
;__Lib_Math.c,1177 :: 		
0x0206	0x0873      	MOVF       R3, 0
;__Lib_Math.c,1178 :: 		
0x0207	0x0477      	IORWF      R7, 0
;__Lib_Math.c,1179 :: 		
0x0208	0x00A0      	MOVWF      ___math_tempb
;__Lib_Math.c,1180 :: 		
0x0209	0x1BA0      	BTFSC      ___math_tempb, 7
;__Lib_Math.c,1181 :: 		
0x020A	0x2A27      	GOTO       C3232SX1
;__Lib_Math.c,1183 :: 		
C3232S:
;__Lib_Math.c,1186 :: 		
0x020B	0x2080      	CALL       _SDIV3232L
;__Lib_Math.c,1190 :: 		
0x020C	0x1BFC      	BTFSC      R12, 7
;__Lib_Math.c,1191 :: 		
0x020D	0x2A44      	GOTO       C3232SX4
;__Lib_Math.c,1193 :: 		
C3232SOK:
;__Lib_Math.c,1194 :: 		
0x020E	0x1FFD      	BTFSS      R13, 7
;__Lib_Math.c,1195 :: 		
0x020F	0x2A6B      	GOTO       END_ALL
;__Lib_Math.c,1197 :: 		
0x0210	0x09F0      	COMF       R0, 1
;__Lib_Math.c,1198 :: 		
0x0211	0x09F1      	COMF       R1, 1
;__Lib_Math.c,1199 :: 		
0x0212	0x09F2      	COMF       R2, 1
;__Lib_Math.c,1200 :: 		
0x0213	0x09F3      	COMF       R3, 1
;__Lib_Math.c,1201 :: 		
0x0214	0x0AF0      	INCF       R0, 1
;__Lib_Math.c,1202 :: 		
0x0215	0x1903      	BTFSC      STATUS, 2
;__Lib_Math.c,1203 :: 		
0x0216	0x0AF1      	INCF       R1, 1
;__Lib_Math.c,1204 :: 		
0x0217	0x1903      	BTFSC      STATUS, 2
;__Lib_Math.c,1205 :: 		
0x0218	0x0AF2      	INCF       R2, 1
;__Lib_Math.c,1206 :: 		
0x0219	0x1903      	BTFSC      STATUS, 2
;__Lib_Math.c,1207 :: 		
0x021A	0x0AF3      	INCF       R3, 1
;__Lib_Math.c,1209 :: 		
0x021B	0x09F8      	COMF       R8, 1
;__Lib_Math.c,1210 :: 		
0x021C	0x09F9      	COMF       R9, 1
;__Lib_Math.c,1211 :: 		
0x021D	0x09FA      	COMF       R10, 1
;__Lib_Math.c,1212 :: 		
0x021E	0x09FB      	COMF       R11, 1
;__Lib_Math.c,1213 :: 		
0x021F	0x0AF8      	INCF       R8, 1
;__Lib_Math.c,1214 :: 		
0x0220	0x1903      	BTFSC      STATUS, 2
;__Lib_Math.c,1215 :: 		
0x0221	0x0AF9      	INCF       R9, 1
;__Lib_Math.c,1216 :: 		
0x0222	0x1903      	BTFSC      STATUS, 2
;__Lib_Math.c,1217 :: 		
0x0223	0x0AFA      	INCF       R10, 1
;__Lib_Math.c,1218 :: 		
0x0224	0x1903      	BTFSC      STATUS, 2
;__Lib_Math.c,1219 :: 		
0x0225	0x0AFB      	INCF       R11, 1
;__Lib_Math.c,1221 :: 		
0x0226	0x2A6B      	GOTO       END_ALL
;__Lib_Math.c,1223 :: 		
C3232SX1:
;__Lib_Math.c,1224 :: 		
0x0227	0x1FF7      	BTFSS      R7, 7
;__Lib_Math.c,1225 :: 		
0x0228	0x2A3E      	GOTO       C3232SX3
;__Lib_Math.c,1226 :: 		
0x0229	0x1BF3      	BTFSC      R3, 7
;__Lib_Math.c,1227 :: 		
0x022A	0x2A38      	GOTO       C3232SX2
;__Lib_Math.c,1228 :: 		
0x022B	0x0873      	MOVF       R3, 0
;__Lib_Math.c,1229 :: 		
0x022C	0x00FB      	MOVWF      R11
;__Lib_Math.c,1230 :: 		
0x022D	0x0872      	MOVF       R2, 0
;__Lib_Math.c,1231 :: 		
0x022E	0x00FA      	MOVWF      R10
;__Lib_Math.c,1232 :: 		
0x022F	0x0871      	MOVF       R1, 0
;__Lib_Math.c,1233 :: 		
0x0230	0x00F9      	MOVWF      R9
;__Lib_Math.c,1234 :: 		
0x0231	0x0870      	MOVF       R0, 0
;__Lib_Math.c,1235 :: 		
0x0232	0x00F8      	MOVWF      R8
;__Lib_Math.c,1236 :: 		
0x0233	0x01F3      	CLRF       R3
;__Lib_Math.c,1237 :: 		
0x0234	0x01F2      	CLRF       R2
;__Lib_Math.c,1238 :: 		
0x0235	0x01F1      	CLRF       R1
;__Lib_Math.c,1239 :: 		
0x0236	0x01F0      	CLRF       R0
;__Lib_Math.c,1240 :: 		
0x0237	0x2A0E      	GOTO       C3232SOK
;__Lib_Math.c,1241 :: 		
C3232SX2:
;__Lib_Math.c,1242 :: 		
0x0238	0x01F3      	CLRF       R3
;__Lib_Math.c,1243 :: 		
0x0239	0x01F2      	CLRF       R2
;__Lib_Math.c,1244 :: 		
0x023A	0x01F1      	CLRF       R1
;__Lib_Math.c,1245 :: 		
0x023B	0x01F0      	CLRF       R0
;__Lib_Math.c,1246 :: 		
0x023C	0x0AF0      	INCF       R0, 1
;__Lib_Math.c,1247 :: 		
0x023D	0x3400      	RETLW      0
;__Lib_Math.c,1249 :: 		
C3232SX3:
;__Lib_Math.c,1250 :: 		
0x023E	0x09F3      	COMF       R3, 1
;__Lib_Math.c,1251 :: 		
0x023F	0x09F2      	COMF       R2, 1
;__Lib_Math.c,1252 :: 		
0x0240	0x09F1      	COMF       R1, 1
;__Lib_Math.c,1253 :: 		
0x0241	0x09F0      	COMF       R0, 1
;__Lib_Math.c,1255 :: 		
0x0242	0x17FC      	BSF        R12, 7
;__Lib_Math.c,1257 :: 		
0x0243	0x2A0B      	GOTO       C3232S
;__Lib_Math.c,1259 :: 		
C3232SX4:
;__Lib_Math.c,1260 :: 		
0x0244	0x0AF8      	INCF       R8, 1
;__Lib_Math.c,1261 :: 		
0x0245	0x1903      	BTFSC      STATUS, 2
;__Lib_Math.c,1262 :: 		
0x0246	0x0AF9      	INCF       R9, 1
;__Lib_Math.c,1263 :: 		
0x0247	0x1903      	BTFSC      STATUS, 2
;__Lib_Math.c,1264 :: 		
0x0248	0x0AFA      	INCF       R10, 1
;__Lib_Math.c,1265 :: 		
0x0249	0x1903      	BTFSC      STATUS, 2
;__Lib_Math.c,1266 :: 		
0x024A	0x0AFB      	INCF       R11, 1
;__Lib_Math.c,1267 :: 		
0x024B	0x0874      	MOVF       R4, 0
;__Lib_Math.c,1268 :: 		
0x024C	0x0278      	SUBWF      R8, 0
;__Lib_Math.c,1269 :: 		
0x024D	0x1D03      	BTFSS      STATUS, 2
;__Lib_Math.c,1270 :: 		
0x024E	0x2A0E      	GOTO       C3232SOK
;__Lib_Math.c,1271 :: 		
0x024F	0x0875      	MOVF       R5, 0
;__Lib_Math.c,1272 :: 		
0x0250	0x0279      	SUBWF      R9, 0
;__Lib_Math.c,1273 :: 		
0x0251	0x1D03      	BTFSS      STATUS, 2
;__Lib_Math.c,1274 :: 		
0x0252	0x2A0E      	GOTO       C3232SOK
;__Lib_Math.c,1275 :: 		
0x0253	0x0876      	MOVF       R6, 0
;__Lib_Math.c,1276 :: 		
0x0254	0x027A      	SUBWF      R10, 0
;__Lib_Math.c,1277 :: 		
0x0255	0x1D03      	BTFSS      STATUS, 2
;__Lib_Math.c,1278 :: 		
0x0256	0x2A0E      	GOTO       C3232SOK
;__Lib_Math.c,1279 :: 		
0x0257	0x0877      	MOVF       R7, 0
;__Lib_Math.c,1280 :: 		
0x0258	0x027B      	SUBWF      R11, 0
;__Lib_Math.c,1281 :: 		
0x0259	0x1D03      	BTFSS      STATUS, 2
;__Lib_Math.c,1282 :: 		
0x025A	0x2A0E      	GOTO       C3232SOK
;__Lib_Math.c,1283 :: 		
0x025B	0x01FB      	CLRF       R11
;__Lib_Math.c,1284 :: 		
0x025C	0x01FA      	CLRF       R10
;__Lib_Math.c,1285 :: 		
0x025D	0x01F9      	CLRF       R9
;__Lib_Math.c,1286 :: 		
0x025E	0x01F8      	CLRF       R8
;__Lib_Math.c,1287 :: 		
0x025F	0x0AF0      	INCF       R0, 1
;__Lib_Math.c,1288 :: 		
0x0260	0x1903      	BTFSC      STATUS, 2
;__Lib_Math.c,1289 :: 		
0x0261	0x0AF1      	INCF       R1, 1
;__Lib_Math.c,1290 :: 		
0x0262	0x1903      	BTFSC      STATUS, 2
;__Lib_Math.c,1291 :: 		
0x0263	0x0AF2      	INCF       R2, 1
;__Lib_Math.c,1292 :: 		
0x0264	0x1903      	BTFSC      STATUS, 2
;__Lib_Math.c,1293 :: 		
0x0265	0x0AF3      	INCF       R3, 1
;__Lib_Math.c,1294 :: 		
0x0266	0x1FF3      	BTFSS      R3, 7
;__Lib_Math.c,1295 :: 		
0x0267	0x2A0E      	GOTO       C3232SOK
;__Lib_Math.c,1296 :: 		
0x0268	0x01A0      	CLRF       ___math_tempb
;__Lib_Math.c,1297 :: 		
0x0269	0x1620      	BSF        ___math_tempb, 4
;__Lib_Math.c,1298 :: 		
0x026A	0x34FF      	RETLW      255
;__Lib_Math.c,1299 :: 		
END_ALL:
;__Lib_Math.c,1300 :: 		
0x026B	0x01A0      	CLRF       ___math_tempb
;__Lib_Math.c,1301 :: 		
0x026C	0x1C7C      	BTFSS      R12, 0
;__Lib_Math.c,1302 :: 		
0x026D	0x2A6F      	GOTO       avoid_comfrem
;__Lib_Math.c,1304 :: 		
0x026E	0x2074      	CALL       _COMFREM
;__Lib_Math.c,1306 :: 		
avoid_comfrem:
;__Lib_Math.c,1307 :: 		
0x026F	0x3E00      	ADDLW      0
;__Lib_Math.c,1309 :: 		
L_end_Div_32x32_S:
0x0270	0x0008      	RETURN
; end of _Div_32x32_S
_Delay_Cyc:
;__Lib_Delays.c,65 :: 		void Delay_Cyc(char cycles_div_by_10)  { // Cycles_div_by_10: min 3, max 255
;__Lib_Delays.c,67 :: 		--cycles_div_by_10;
0x0271	0x1683      	BSF        STATUS, 5
0x0272	0x1303      	BCF        STATUS, 6
0x0273	0x03BE      	DECF       FARG_Delay_Cyc_cycles_div_by_10, 1
;__Lib_Delays.c,68 :: 		--cycles_div_by_10;
0x0274	0x03BE      	DECF       FARG_Delay_Cyc_cycles_div_by_10, 1
;__Lib_Delays.c,69 :: 		while (cycles_div_by_10 > 0) {
L_Delay_Cyc13:
0x0275	0x083E      	MOVF       FARG_Delay_Cyc_cycles_div_by_10, 0
0x0276	0x3C00      	SUBLW      0
0x0277	0x1803      	BTFSC      STATUS, 0
0x0278	0x2A7E      	GOTO       L_Delay_Cyc14
;__Lib_Delays.c,70 :: 		--cycles_div_by_10;
0x0279	0x03BE      	DECF       FARG_Delay_Cyc_cycles_div_by_10, 1
;__Lib_Delays.c,71 :: 		asm nop;
0x027A	0x0000      	NOP
;__Lib_Delays.c,72 :: 		asm nop;
0x027B	0x0000      	NOP
;__Lib_Delays.c,73 :: 		asm nop;
0x027C	0x0000      	NOP
;__Lib_Delays.c,74 :: 		}
0x027D	0x2A75      	GOTO       L_Delay_Cyc13
L_Delay_Cyc14:
;__Lib_Delays.c,75 :: 		asm nop;
0x027E	0x0000      	NOP
;__Lib_Delays.c,76 :: 		asm nop;
0x027F	0x0000      	NOP
;__Lib_Delays.c,77 :: 		asm nop;
0x0280	0x0000      	NOP
;__Lib_Delays.c,78 :: 		asm nop;
0x0281	0x0000      	NOP
;__Lib_Delays.c,79 :: 		asm nop;
0x0282	0x0000      	NOP
;__Lib_Delays.c,80 :: 		}
L_end_Delay_Cyc:
0x0283	0x0008      	RETURN
; end of _Delay_Cyc
_Mul_32x32_U:
;__Lib_Math.c,1775 :: 		
;__Lib_Math.c,1790 :: 		
0x0284	0x1283      	BCF        STATUS, 5
;__Lib_Math.c,1791 :: 		
0x0285	0x1303      	BCF        STATUS, 6
;__Lib_Math.c,1792 :: 		
0x0286	0x3022      	MOVLW      34
;__Lib_Math.c,1793 :: 		
0x0287	0x00FC      	MOVWF      R12
;__Lib_Math.c,1794 :: 		
0x0288	0x01F8      	CLRF       R8
;__Lib_Math.c,1795 :: 		
0x0289	0x01F9      	CLRF       R9
;__Lib_Math.c,1796 :: 		
0x028A	0x01FA      	CLRF       R10
;__Lib_Math.c,1797 :: 		
0x028B	0x01FB      	CLRF       R11
;__Lib_Math.c,1799 :: 		
_NEXT:
;__Lib_Math.c,1803 :: 		
0x028C	0x03FC      	DECF       R12, 1
;__Lib_Math.c,1804 :: 		
0x028D	0x1903      	BTFSC      STATUS, 2
;__Lib_Math.c,1805 :: 		
0x028E	0x2ABA      	GOTO       _EXIT2
;__Lib_Math.c,1806 :: 		
0x028F	0x1003      	BCF        STATUS, 0
;__Lib_Math.c,1808 :: 		
_LOOP:
;__Lib_Math.c,1817 :: 		
0x0290	0x0CFB      	RRF        R11, 1
;__Lib_Math.c,1818 :: 		
0x0291	0x0CFA      	RRF        R10, 1
;__Lib_Math.c,1819 :: 		
0x0292	0x0CF9      	RRF        R9, 1
;__Lib_Math.c,1820 :: 		
0x0293	0x0CF8      	RRF        R8, 1
;__Lib_Math.c,1821 :: 		
0x0294	0x0CF3      	RRF        R3, 1
;__Lib_Math.c,1822 :: 		
0x0295	0x0CF2      	RRF        R2, 1
;__Lib_Math.c,1823 :: 		
0x0296	0x0CF1      	RRF        R1, 1
;__Lib_Math.c,1824 :: 		
0x0297	0x0CF0      	RRF        R0, 1
;__Lib_Math.c,1829 :: 		
0x0298	0x1C03      	BTFSS      STATUS, 0
;__Lib_Math.c,1830 :: 		
0x0299	0x2A8C      	GOTO       _NEXT
;__Lib_Math.c,1831 :: 		
0x029A	0x03FC      	DECF       R12, 1
;__Lib_Math.c,1832 :: 		
0x029B	0x1903      	BTFSC      STATUS, 2
;__Lib_Math.c,1833 :: 		
0x029C	0x2AAC      	GOTO       _EXIT1
;__Lib_Math.c,1840 :: 		
0x029D	0x0874      	MOVF       R4, 0
;__Lib_Math.c,1841 :: 		
0x029E	0x07F8      	ADDWF      R8, 1
;__Lib_Math.c,1842 :: 		
0x029F	0x0875      	MOVF       R5, 0
;__Lib_Math.c,1843 :: 		
0x02A0	0x1803      	BTFSC      STATUS, 0
;__Lib_Math.c,1844 :: 		
0x02A1	0x0F75      	INCFSZ     R5, 0
;__Lib_Math.c,1845 :: 		
0x02A2	0x07F9      	ADDWF      R9, 1
;__Lib_Math.c,1846 :: 		
0x02A3	0x0876      	MOVF       R6, 0
;__Lib_Math.c,1847 :: 		
0x02A4	0x1803      	BTFSC      STATUS, 0
;__Lib_Math.c,1848 :: 		
0x02A5	0x0F76      	INCFSZ     R6, 0
;__Lib_Math.c,1849 :: 		
0x02A6	0x07FA      	ADDWF      R10, 1
;__Lib_Math.c,1850 :: 		
0x02A7	0x0877      	MOVF       R7, 0
;__Lib_Math.c,1851 :: 		
0x02A8	0x1803      	BTFSC      STATUS, 0
;__Lib_Math.c,1852 :: 		
0x02A9	0x0F77      	INCFSZ     R7, 0
;__Lib_Math.c,1853 :: 		
0x02AA	0x07FB      	ADDWF      R11, 1
;__Lib_Math.c,1855 :: 		
0x02AB	0x2A90      	GOTO       _LOOP
;__Lib_Math.c,1857 :: 		
_EXIT1:
;__Lib_Math.c,1862 :: 		
0x02AC	0x0874      	MOVF       R4, 0
;__Lib_Math.c,1863 :: 		
0x02AD	0x07F8      	ADDWF      R8, 1
;__Lib_Math.c,1864 :: 		
0x02AE	0x0875      	MOVF       R5, 0
;__Lib_Math.c,1865 :: 		
0x02AF	0x1803      	BTFSC      STATUS, 0
;__Lib_Math.c,1866 :: 		
0x02B0	0x0F75      	INCFSZ     R5, 0
;__Lib_Math.c,1867 :: 		
0x02B1	0x07F9      	ADDWF      R9, 1
;__Lib_Math.c,1868 :: 		
0x02B2	0x0876      	MOVF       R6, 0
;__Lib_Math.c,1869 :: 		
0x02B3	0x1803      	BTFSC      STATUS, 0
;__Lib_Math.c,1870 :: 		
0x02B4	0x0F76      	INCFSZ     R6, 0
;__Lib_Math.c,1871 :: 		
0x02B5	0x07FA      	ADDWF      R10, 1
;__Lib_Math.c,1872 :: 		
0x02B6	0x0877      	MOVF       R7, 0
;__Lib_Math.c,1873 :: 		
0x02B7	0x1803      	BTFSC      STATUS, 0
;__Lib_Math.c,1874 :: 		
0x02B8	0x0F77      	INCFSZ     R7, 0
;__Lib_Math.c,1875 :: 		
0x02B9	0x07FB      	ADDWF      R11, 1
;__Lib_Math.c,1878 :: 		
_EXIT2:
;__Lib_Math.c,1880 :: 		
L_end_Mul_32x32_U:
0x02BA	0x0008      	RETURN
; end of _Mul_32x32_U
_Get_Fosc_kHz:
;__Lib_Delays.c,1 :: 		unsigned long Get_Fosc_kHz(){
;__Lib_Delays.c,3 :: 		return Clock_kHz();
0x02BB	0x3020      	MOVLW      32
0x02BC	0x1283      	BCF        STATUS, 5
0x02BD	0x1303      	BCF        STATUS, 6
0x02BE	0x00F0      	MOVWF      R0
0x02BF	0x304E      	MOVLW      78
0x02C0	0x00F1      	MOVWF      R0+1
0x02C1	0x01F2      	CLRF       R0+2
0x02C2	0x01F3      	CLRF       R0+3
;__Lib_Delays.c,5 :: 		}
L_end_Get_Fosc_kHz:
0x02C3	0x0008      	RETURN
; end of _Get_Fosc_kHz
_Soft_UART_Write:
;__Lib_SoftUART.c,101 :: 		
;__Lib_SoftUART.c,103 :: 		
0x02C4	0x3001      	MOVLW      1
0x02C5	0x1683      	BSF        STATUS, 5
0x02C6	0x1303      	BCF        STATUS, 6
0x02C7	0x00A9      	MOVWF      Soft_UART_Write_mask_L0
;__Lib_SoftUART.c,104 :: 		
0x02C8	0x0827      	MOVF       __Lib_SoftUART_InvertMaskRd, 0
0x02C9	0x06A8      	XORWF      FARG_Soft_UART_Write_udata, 1
;__Lib_SoftUART.c,106 :: 		
0x02CA	0x0826      	MOVF       __Lib_SoftUART__port_addr, 0
0x02CB	0x0084      	MOVWF      FSR
;__Lib_SoftUART.c,109 :: 		
0x02CC	0x0827      	MOVF       __Lib_SoftUART_InvertMaskRd, 0
0x02CD	0x3A00      	XORLW      0
0x02CE	0x1903      	BTFSC      STATUS, 2
0x02CF	0x2AD3      	GOTO       L_Soft_UART_Write13
;__Lib_SoftUART.c,111 :: 		
0x02D0	0x0825      	MOVF       __Lib_SoftUART__tx_mask1, 0
0x02D1	0x0480      	IORWF      INDF, 1
0x02D2	0x2AD5      	GOTO       L_Soft_UART_Write14
L_Soft_UART_Write13:
;__Lib_SoftUART.c,114 :: 		
0x02D3	0x0821      	MOVF       __Lib_SoftUART__tx_mask0, 0
0x02D4	0x0580      	ANDWF      INDF, 1
L_Soft_UART_Write14:
;__Lib_SoftUART.c,116 :: 		
0x02D5	0x0820      	MOVF       __Lib_SoftUART_FullBit, 0
0x02D6	0x00BE      	MOVWF      FARG_Delay_Cyc_cycles_div_by_10
0x02D7	0x2271      	CALL       _Delay_Cyc
;__Lib_SoftUART.c,118 :: 		
0x02D8	0x09A8      	COMF       FARG_Soft_UART_Write_udata, 1
;__Lib_SoftUART.c,120 :: 		
L_Soft_UART_Write15:
0x02D9	0x0829      	MOVF       Soft_UART_Write_mask_L0, 0
0x02DA	0x1903      	BTFSC      STATUS, 2
0x02DB	0x2AF1      	GOTO       L_Soft_UART_Write16
;__Lib_SoftUART.c,122 :: 		
0x02DC	0x0829      	MOVF       Soft_UART_Write_mask_L0, 0
0x02DD	0x0528      	ANDWF      FARG_Soft_UART_Write_udata, 0
0x02DE	0x00F0      	MOVWF      R0
0x02DF	0x1D03      	BTFSS      STATUS, 2
0x02E0	0x2AE4      	GOTO       L_Soft_UART_Write17
;__Lib_SoftUART.c,123 :: 		
0x02E1	0x0825      	MOVF       __Lib_SoftUART__tx_mask1, 0
0x02E2	0x0480      	IORWF      INDF, 1
0x02E3	0x2AE6      	GOTO       L_Soft_UART_Write18
L_Soft_UART_Write17:
;__Lib_SoftUART.c,125 :: 		
0x02E4	0x0821      	MOVF       __Lib_SoftUART__tx_mask0, 0
0x02E5	0x0580      	ANDWF      INDF, 1
L_Soft_UART_Write18:
;__Lib_SoftUART.c,127 :: 		
0x02E6	0x0DA9      	RLF        Soft_UART_Write_mask_L0, 1
0x02E7	0x1029      	BCF        Soft_UART_Write_mask_L0, 0
;__Lib_SoftUART.c,130 :: 		
0x02E8	0x3002      	MOVLW      2
0x02E9	0x0220      	SUBWF      __Lib_SoftUART_FullBit, 0
0x02EA	0x00BE      	MOVWF      FARG_Delay_Cyc_cycles_div_by_10
0x02EB	0x2271      	CALL       _Delay_Cyc
;__Lib_SoftUART.c,131 :: 		
0x02EC	0x0000      	NOP
;__Lib_SoftUART.c,132 :: 		
0x02ED	0x0000      	NOP
;__Lib_SoftUART.c,133 :: 		
0x02EE	0x0000      	NOP
;__Lib_SoftUART.c,134 :: 		
0x02EF	0x0000      	NOP
;__Lib_SoftUART.c,135 :: 		
0x02F0	0x2AD9      	GOTO       L_Soft_UART_Write15
L_Soft_UART_Write16:
;__Lib_SoftUART.c,137 :: 		
0x02F1	0x0827      	MOVF       __Lib_SoftUART_InvertMaskRd, 0
0x02F2	0x3A00      	XORLW      0
0x02F3	0x1903      	BTFSC      STATUS, 2
0x02F4	0x2AF8      	GOTO       L_Soft_UART_Write19
;__Lib_SoftUART.c,139 :: 		
0x02F5	0x0821      	MOVF       __Lib_SoftUART__tx_mask0, 0
0x02F6	0x0580      	ANDWF      INDF, 1
0x02F7	0x2AFA      	GOTO       L_Soft_UART_Write20
L_Soft_UART_Write19:
;__Lib_SoftUART.c,142 :: 		
0x02F8	0x0825      	MOVF       __Lib_SoftUART__tx_mask1, 0
0x02F9	0x0480      	IORWF      INDF, 1
L_Soft_UART_Write20:
;__Lib_SoftUART.c,144 :: 		
0x02FA	0x0820      	MOVF       __Lib_SoftUART_FullBit, 0
0x02FB	0x00BE      	MOVWF      FARG_Delay_Cyc_cycles_div_by_10
0x02FC	0x2271      	CALL       _Delay_Cyc
;__Lib_SoftUART.c,146 :: 		
L_end_Soft_UART_Write:
0x02FD	0x0008      	RETURN
; end of _Soft_UART_Write
_Lcd_Chr:
;__Lib_Lcd.c,65 :: 		
;__Lib_Lcd.c,66 :: 		
0x02FE	0x2B10      	GOTO       L_Lcd_Chr4
;__Lib_Lcd.c,67 :: 		
L_Lcd_Chr6:
0x02FF	0x3080      	MOVLW      128
0x0300	0x1683      	BSF        STATUS, 5
0x0301	0x1303      	BCF        STATUS, 6
0x0302	0x00A8      	MOVWF      FARG_Lcd_Chr_row
0x0303	0x2B23      	GOTO       L_Lcd_Chr5
;__Lib_Lcd.c,68 :: 		
L_Lcd_Chr7:
0x0304	0x30C0      	MOVLW      192
0x0305	0x00A8      	MOVWF      FARG_Lcd_Chr_row
0x0306	0x2B23      	GOTO       L_Lcd_Chr5
;__Lib_Lcd.c,69 :: 		
L_Lcd_Chr8:
0x0307	0x3094      	MOVLW      148
0x0308	0x00A8      	MOVWF      FARG_Lcd_Chr_row
0x0309	0x2B23      	GOTO       L_Lcd_Chr5
;__Lib_Lcd.c,70 :: 		
L_Lcd_Chr9:
0x030A	0x30D4      	MOVLW      212
0x030B	0x00A8      	MOVWF      FARG_Lcd_Chr_row
0x030C	0x2B23      	GOTO       L_Lcd_Chr5
;__Lib_Lcd.c,71 :: 		
L_Lcd_Chr10:
0x030D	0x3080      	MOVLW      128
0x030E	0x00A8      	MOVWF      FARG_Lcd_Chr_row
;__Lib_Lcd.c,72 :: 		
0x030F	0x2B23      	GOTO       L_Lcd_Chr5
L_Lcd_Chr4:
0x0310	0x1683      	BSF        STATUS, 5
0x0311	0x1303      	BCF        STATUS, 6
0x0312	0x0828      	MOVF       FARG_Lcd_Chr_row, 0
0x0313	0x3A01      	XORLW      1
0x0314	0x1903      	BTFSC      STATUS, 2
0x0315	0x2AFF      	GOTO       L_Lcd_Chr6
0x0316	0x0828      	MOVF       FARG_Lcd_Chr_row, 0
0x0317	0x3A02      	XORLW      2
0x0318	0x1903      	BTFSC      STATUS, 2
0x0319	0x2B04      	GOTO       L_Lcd_Chr7
0x031A	0x0828      	MOVF       FARG_Lcd_Chr_row, 0
0x031B	0x3A03      	XORLW      3
0x031C	0x1903      	BTFSC      STATUS, 2
0x031D	0x2B07      	GOTO       L_Lcd_Chr8
0x031E	0x0828      	MOVF       FARG_Lcd_Chr_row, 0
0x031F	0x3A04      	XORLW      4
0x0320	0x1903      	BTFSC      STATUS, 2
0x0321	0x2B0A      	GOTO       L_Lcd_Chr9
0x0322	0x2B0D      	GOTO       L_Lcd_Chr10
L_Lcd_Chr5:
;__Lib_Lcd.c,74 :: 		
0x0323	0x0329      	DECF       FARG_Lcd_Chr_column, 0
0x0324	0x00F0      	MOVWF      R0
0x0325	0x0828      	MOVF       FARG_Lcd_Chr_row, 0
0x0326	0x07F0      	ADDWF      R0, 1
0x0327	0x0870      	MOVF       R0, 0
0x0328	0x00A8      	MOVWF      FARG_Lcd_Chr_row
;__Lib_Lcd.c,76 :: 		
0x0329	0x14EF      	BSF        __Lib_Lcd_cmd_status, BitPos(__Lib_Lcd_cmd_status+0)
;__Lib_Lcd.c,77 :: 		
0x032A	0x0870      	MOVF       R0, 0
0x032B	0x00BF      	MOVWF      FARG_Lcd_Cmd_out_char
0x032C	0x201D      	CALL       _Lcd_Cmd
;__Lib_Lcd.c,79 :: 		
0x032D	0x10EF      	BCF        __Lib_Lcd_cmd_status, BitPos(__Lib_Lcd_cmd_status+0)
;__Lib_Lcd.c,80 :: 		
0x032E	0x1683      	BSF        STATUS, 5
0x032F	0x082A      	MOVF       FARG_Lcd_Chr_out_char, 0
0x0330	0x00BF      	MOVWF      FARG_Lcd_Cmd_out_char
0x0331	0x201D      	CALL       _Lcd_Cmd
;__Lib_Lcd.c,81 :: 		
0x0332	0x14EF      	BSF        __Lib_Lcd_cmd_status, BitPos(__Lib_Lcd_cmd_status+0)
;__Lib_Lcd.c,82 :: 		
L_end_Lcd_Chr:
0x0333	0x0008      	RETURN
; end of _Lcd_Chr
_Lcd_Out:
;__Lib_Lcd.c,184 :: 		
;__Lib_Lcd.c,187 :: 		
0x0334	0x2B46      	GOTO       L_Lcd_Out11
;__Lib_Lcd.c,188 :: 		
L_Lcd_Out13:
0x0335	0x3080      	MOVLW      128
0x0336	0x1683      	BSF        STATUS, 5
0x0337	0x1303      	BCF        STATUS, 6
0x0338	0x00A8      	MOVWF      FARG_Lcd_Out_row
0x0339	0x2B59      	GOTO       L_Lcd_Out12
;__Lib_Lcd.c,189 :: 		
L_Lcd_Out14:
0x033A	0x30C0      	MOVLW      192
0x033B	0x00A8      	MOVWF      FARG_Lcd_Out_row
0x033C	0x2B59      	GOTO       L_Lcd_Out12
;__Lib_Lcd.c,190 :: 		
L_Lcd_Out15:
0x033D	0x3094      	MOVLW      148
0x033E	0x00A8      	MOVWF      FARG_Lcd_Out_row
0x033F	0x2B59      	GOTO       L_Lcd_Out12
;__Lib_Lcd.c,191 :: 		
L_Lcd_Out16:
0x0340	0x30D4      	MOVLW      212
0x0341	0x00A8      	MOVWF      FARG_Lcd_Out_row
0x0342	0x2B59      	GOTO       L_Lcd_Out12
;__Lib_Lcd.c,192 :: 		
L_Lcd_Out17:
0x0343	0x3080      	MOVLW      128
0x0344	0x00A8      	MOVWF      FARG_Lcd_Out_row
;__Lib_Lcd.c,193 :: 		
0x0345	0x2B59      	GOTO       L_Lcd_Out12
L_Lcd_Out11:
0x0346	0x1683      	BSF        STATUS, 5
0x0347	0x1303      	BCF        STATUS, 6
0x0348	0x0828      	MOVF       FARG_Lcd_Out_row, 0
0x0349	0x3A01      	XORLW      1
0x034A	0x1903      	BTFSC      STATUS, 2
0x034B	0x2B35      	GOTO       L_Lcd_Out13
0x034C	0x0828      	MOVF       FARG_Lcd_Out_row, 0
0x034D	0x3A02      	XORLW      2
0x034E	0x1903      	BTFSC      STATUS, 2
0x034F	0x2B3A      	GOTO       L_Lcd_Out14
0x0350	0x0828      	MOVF       FARG_Lcd_Out_row, 0
0x0351	0x3A03      	XORLW      3
0x0352	0x1903      	BTFSC      STATUS, 2
0x0353	0x2B3D      	GOTO       L_Lcd_Out15
0x0354	0x0828      	MOVF       FARG_Lcd_Out_row, 0
0x0355	0x3A04      	XORLW      4
0x0356	0x1903      	BTFSC      STATUS, 2
0x0357	0x2B40      	GOTO       L_Lcd_Out16
0x0358	0x2B43      	GOTO       L_Lcd_Out17
L_Lcd_Out12:
;__Lib_Lcd.c,194 :: 		
0x0359	0x0329      	DECF       FARG_Lcd_Out_column, 0
0x035A	0x00F0      	MOVWF      R0
0x035B	0x0828      	MOVF       FARG_Lcd_Out_row, 0
0x035C	0x07F0      	ADDWF      R0, 1
0x035D	0x0870      	MOVF       R0, 0
0x035E	0x00A8      	MOVWF      FARG_Lcd_Out_row
;__Lib_Lcd.c,196 :: 		
0x035F	0x0870      	MOVF       R0, 0
0x0360	0x00BF      	MOVWF      FARG_Lcd_Cmd_out_char
0x0361	0x201D      	CALL       _Lcd_Cmd
;__Lib_Lcd.c,197 :: 		
0x0362	0x10EF      	BCF        __Lib_Lcd_cmd_status, BitPos(__Lib_Lcd_cmd_status+0)
;__Lib_Lcd.c,198 :: 		
0x0363	0x1683      	BSF        STATUS, 5
0x0364	0x01AB      	CLRF       Lcd_Out_i_L0
;__Lib_Lcd.c,199 :: 		
L_Lcd_Out18:
0x0365	0x082B      	MOVF       Lcd_Out_i_L0, 0
0x0366	0x072A      	ADDWF      FARG_Lcd_Out_text, 0
0x0367	0x0084      	MOVWF      FSR
0x0368	0x0800      	MOVF       INDF, 0
0x0369	0x1903      	BTFSC      STATUS, 2
0x036A	0x2B74      	GOTO       L_Lcd_Out19
;__Lib_Lcd.c,200 :: 		
0x036B	0x082B      	MOVF       Lcd_Out_i_L0, 0
0x036C	0x072A      	ADDWF      FARG_Lcd_Out_text, 0
0x036D	0x0084      	MOVWF      FSR
0x036E	0x0800      	MOVF       INDF, 0
0x036F	0x00BE      	MOVWF      FARG_Lcd_Chr_CP_out_char
0x0370	0x21AC      	CALL       _Lcd_Chr_CP
0x0371	0x1683      	BSF        STATUS, 5
0x0372	0x0AAB      	INCF       Lcd_Out_i_L0, 1
0x0373	0x2B65      	GOTO       L_Lcd_Out18
L_Lcd_Out19:
;__Lib_Lcd.c,201 :: 		
0x0374	0x14EF      	BSF        __Lib_Lcd_cmd_status, BitPos(__Lib_Lcd_cmd_status+0)
;__Lib_Lcd.c,202 :: 		
L_end_Lcd_Out:
0x0375	0x0008      	RETURN
; end of _Lcd_Out
_Soft_UART_Init:
;__Lib_SoftUART.c,149 :: 		
;__Lib_SoftUART.c,153 :: 		
0x0376	0x1683      	BSF        STATUS, 5
0x0377	0x1303      	BCF        STATUS, 6
0x0378	0x0828      	MOVF       FARG_Soft_UART_Init_port, 0
0x0379	0x00A6      	MOVWF      __Lib_SoftUART__port_addr
;__Lib_SoftUART.c,154 :: 		
0x037A	0x0829      	MOVF       FARG_Soft_UART_Init_rx_pin, 0
0x037B	0x00F0      	MOVWF      R0
0x037C	0x3001      	MOVLW      1
0x037D	0x00F2      	MOVWF      R2
0x037E	0x0870      	MOVF       R0, 0
L__Soft_UART_Init32:
0x037F	0x1903      	BTFSC      STATUS, 2
0x0380	0x2B85      	GOTO       L__Soft_UART_Init33
0x0381	0x0DF2      	RLF        R2, 1
0x0382	0x1072      	BCF        R2, 0
0x0383	0x3EFF      	ADDLW      255
0x0384	0x2B7F      	GOTO       L__Soft_UART_Init32
L__Soft_UART_Init33:
0x0385	0x0872      	MOVF       R2, 0
0x0386	0x00A4      	MOVWF      __Lib_SoftUART__rx_mask1
;__Lib_SoftUART.c,155 :: 		
0x0387	0x0972      	COMF       R2, 0
0x0388	0x00A2      	MOVWF      __Lib_SoftUART__rx_mask0
;__Lib_SoftUART.c,156 :: 		
0x0389	0x082A      	MOVF       FARG_Soft_UART_Init_tx_pin, 0
0x038A	0x00F1      	MOVWF      R1
0x038B	0x3001      	MOVLW      1
0x038C	0x00F0      	MOVWF      R0
0x038D	0x0871      	MOVF       R1, 0
L__Soft_UART_Init34:
0x038E	0x1903      	BTFSC      STATUS, 2
0x038F	0x2B94      	GOTO       L__Soft_UART_Init35
0x0390	0x0DF0      	RLF        R0, 1
0x0391	0x1070      	BCF        R0, 0
0x0392	0x3EFF      	ADDLW      255
0x0393	0x2B8E      	GOTO       L__Soft_UART_Init34
L__Soft_UART_Init35:
0x0394	0x0870      	MOVF       R0, 0
0x0395	0x00A5      	MOVWF      __Lib_SoftUART__tx_mask1
;__Lib_SoftUART.c,157 :: 		
0x0396	0x09F0      	COMF       R0, 1
0x0397	0x0870      	MOVF       R0, 0
0x0398	0x00A1      	MOVWF      __Lib_SoftUART__tx_mask0
;__Lib_SoftUART.c,160 :: 		
0x0399	0x3080      	MOVLW      128
0x039A	0x0728      	ADDWF      FARG_Soft_UART_Init_port, 0
0x039B	0x0084      	MOVWF      FSR
;__Lib_SoftUART.c,161 :: 		
0x039C	0x0872      	MOVF       R2, 0
0x039D	0x0480      	IORWF      INDF, 1
;__Lib_SoftUART.c,164 :: 		
0x039E	0x0870      	MOVF       R0, 0
0x039F	0x0580      	ANDWF      INDF, 1
;__Lib_SoftUART.c,166 :: 		
0x03A0	0x01A7      	CLRF       __Lib_SoftUART_InvertMaskRd
;__Lib_SoftUART.c,167 :: 		
0x03A1	0x082F      	MOVF       FARG_Soft_UART_Init_inverted, 0
0x03A2	0x1903      	BTFSC      STATUS, 2
0x03A3	0x2BA5      	GOTO       L_Soft_UART_Init21
;__Lib_SoftUART.c,168 :: 		
0x03A4	0x09A7      	COMF       __Lib_SoftUART_InvertMaskRd, 1
L_Soft_UART_Init21:
;__Lib_SoftUART.c,171 :: 		
0x03A5	0x1384      	BCF        FSR, 7
;__Lib_SoftUART.c,172 :: 		
0x03A6	0x0827      	MOVF       __Lib_SoftUART_InvertMaskRd, 0
0x03A7	0x3A00      	XORLW      0
0x03A8	0x1903      	BTFSC      STATUS, 2
0x03A9	0x2BAD      	GOTO       L_Soft_UART_Init22
;__Lib_SoftUART.c,174 :: 		
0x03AA	0x0821      	MOVF       __Lib_SoftUART__tx_mask0, 0
0x03AB	0x0580      	ANDWF      INDF, 1
0x03AC	0x2BAF      	GOTO       L_Soft_UART_Init23
L_Soft_UART_Init22:
;__Lib_SoftUART.c,177 :: 		
0x03AD	0x0825      	MOVF       __Lib_SoftUART__tx_mask1, 0
0x03AE	0x0480      	IORWF      INDF, 1
L_Soft_UART_Init23:
;__Lib_SoftUART.c,179 :: 		
0x03AF	0x22BB      	CALL       _Get_Fosc_kHz
0x03B0	0x30E8      	MOVLW      232
0x03B1	0x00F4      	MOVWF      R4
0x03B2	0x3003      	MOVLW      3
0x03B3	0x00F5      	MOVWF      R4+1
0x03B4	0x01F6      	CLRF       R4+2
0x03B5	0x01F7      	CLRF       R4+3
0x03B6	0x2284      	CALL       _Mul_32x32_U
0x03B7	0x0870      	MOVF       R0, 0
0x03B8	0x1683      	BSF        STATUS, 5
0x03B9	0x00BA      	MOVWF      FLOC__Soft_UART_Init
0x03BA	0x0871      	MOVF       R0+1, 0
0x03BB	0x00BB      	MOVWF      FLOC__Soft_UART_Init+1
0x03BC	0x0872      	MOVF       R0+2, 0
0x03BD	0x00BC      	MOVWF      FLOC__Soft_UART_Init+2
0x03BE	0x0873      	MOVF       R0+3, 0
0x03BF	0x00BD      	MOVWF      FLOC__Soft_UART_Init+3
0x03C0	0x083A      	MOVF       FLOC__Soft_UART_Init, 0
0x03C1	0x00B0      	MOVWF      Soft_UART_Init_q1_L0
0x03C2	0x083B      	MOVF       FLOC__Soft_UART_Init+1, 0
0x03C3	0x00B1      	MOVWF      Soft_UART_Init_q1_L0+1
0x03C4	0x083C      	MOVF       FLOC__Soft_UART_Init+2, 0
0x03C5	0x00B2      	MOVWF      Soft_UART_Init_q1_L0+2
0x03C6	0x083D      	MOVF       FLOC__Soft_UART_Init+3, 0
0x03C7	0x00B3      	MOVWF      Soft_UART_Init_q1_L0+3
;__Lib_SoftUART.c,180 :: 		
0x03C8	0x082B      	MOVF       FARG_Soft_UART_Init_baud_rate, 0
0x03C9	0x00F0      	MOVWF      R0
0x03CA	0x082C      	MOVF       FARG_Soft_UART_Init_baud_rate+1, 0
0x03CB	0x00F1      	MOVWF      R0+1
0x03CC	0x082D      	MOVF       FARG_Soft_UART_Init_baud_rate+2, 0
0x03CD	0x00F2      	MOVWF      R0+2
0x03CE	0x082E      	MOVF       FARG_Soft_UART_Init_baud_rate+3, 0
0x03CF	0x00F3      	MOVWF      R0+3
0x03D0	0x0DF0      	RLF        R0, 1
0x03D1	0x0DF1      	RLF        R0+1, 1
0x03D2	0x0DF2      	RLF        R0+2, 1
0x03D3	0x0DF3      	RLF        R0+3, 1
0x03D4	0x1070      	BCF        R0, 0
0x03D5	0x0DF0      	RLF        R0, 1
0x03D6	0x0DF1      	RLF        R0+1, 1
0x03D7	0x0DF2      	RLF        R0+2, 1
0x03D8	0x0DF3      	RLF        R0+3, 1
0x03D9	0x1070      	BCF        R0, 0
0x03DA	0x300A      	MOVLW      10
0x03DB	0x00F4      	MOVWF      R4
0x03DC	0x01F5      	CLRF       R4+1
0x03DD	0x01F6      	CLRF       R4+2
0x03DE	0x01F7      	CLRF       R4+3
0x03DF	0x2284      	CALL       _Mul_32x32_U
0x03E0	0x0870      	MOVF       R0, 0
0x03E1	0x1683      	BSF        STATUS, 5
0x03E2	0x00B4      	MOVWF      Soft_UART_Init_q2_L0
0x03E3	0x0871      	MOVF       R0+1, 0
0x03E4	0x00B5      	MOVWF      Soft_UART_Init_q2_L0+1
0x03E5	0x0872      	MOVF       R0+2, 0
0x03E6	0x00B6      	MOVWF      Soft_UART_Init_q2_L0+2
0x03E7	0x0873      	MOVF       R0+3, 0
0x03E8	0x00B7      	MOVWF      Soft_UART_Init_q2_L0+3
;__Lib_SoftUART.c,183 :: 		
0x03E9	0x0870      	MOVF       R0, 0
0x03EA	0x00F4      	MOVWF      R4
0x03EB	0x0871      	MOVF       R0+1, 0
0x03EC	0x00F5      	MOVWF      R4+1
0x03ED	0x0872      	MOVF       R0+2, 0
0x03EE	0x00F6      	MOVWF      R4+2
0x03EF	0x0873      	MOVF       R0+3, 0
0x03F0	0x00F7      	MOVWF      R4+3
0x03F1	0x083A      	MOVF       FLOC__Soft_UART_Init, 0
0x03F2	0x00F0      	MOVWF      R0
0x03F3	0x083B      	MOVF       FLOC__Soft_UART_Init+1, 0
0x03F4	0x00F1      	MOVWF      R0+1
0x03F5	0x083C      	MOVF       FLOC__Soft_UART_Init+2, 0
0x03F6	0x00F2      	MOVWF      R0+2
0x03F7	0x083D      	MOVF       FLOC__Soft_UART_Init+3, 0
0x03F8	0x00F3      	MOVWF      R0+3
0x03F9	0x21BC      	CALL       _Div_32x32_S
0x03FA	0x0870      	MOVF       R0, 0
0x03FB	0x1683      	BSF        STATUS, 5
0x03FC	0x00B8      	MOVWF      Soft_UART_Init_temp_word_L0
0x03FD	0x0871      	MOVF       R0+1, 0
0x03FE	0x00B9      	MOVWF      Soft_UART_Init_temp_word_L0+1
;__Lib_SoftUART.c,184 :: 		
0x03FF	0x0871      	MOVF       R0+1, 0
0x0400	0x00F4      	MOVWF      R4
0x0401	0x01F5      	CLRF       R4+1
0x0402	0x0874      	MOVF       R4, 0
0x0403	0x0475      	IORWF      R4+1, 0
0x0404	0x1903      	BTFSC      STATUS, 2
0x0405	0x2C09      	GOTO       L_Soft_UART_Init24
;__Lib_SoftUART.c,185 :: 		
0x0406	0x3002      	MOVLW      2
0x0407	0x00F0      	MOVWF      R0
0x0408	0x2C5F      	GOTO       L_end_Soft_UART_Init
L_Soft_UART_Init24:
;__Lib_SoftUART.c,187 :: 		
0x0409	0x0838      	MOVF       Soft_UART_Init_temp_word_L0, 0
0x040A	0x00A0      	MOVWF      __Lib_SoftUART_FullBit
;__Lib_SoftUART.c,188 :: 		
0x040B	0x0834      	MOVF       Soft_UART_Init_q2_L0, 0
0x040C	0x00F4      	MOVWF      R4
0x040D	0x0835      	MOVF       Soft_UART_Init_q2_L0+1, 0
0x040E	0x00F5      	MOVWF      R4+1
0x040F	0x0836      	MOVF       Soft_UART_Init_q2_L0+2, 0
0x0410	0x00F6      	MOVWF      R4+2
0x0411	0x0837      	MOVF       Soft_UART_Init_q2_L0+3, 0
0x0412	0x00F7      	MOVWF      R4+3
0x0413	0x0830      	MOVF       Soft_UART_Init_q1_L0, 0
0x0414	0x00F0      	MOVWF      R0
0x0415	0x0831      	MOVF       Soft_UART_Init_q1_L0+1, 0
0x0416	0x00F1      	MOVWF      R0+1
0x0417	0x0832      	MOVF       Soft_UART_Init_q1_L0+2, 0
0x0418	0x00F2      	MOVWF      R0+2
0x0419	0x0833      	MOVF       Soft_UART_Init_q1_L0+3, 0
0x041A	0x00F3      	MOVWF      R0+3
0x041B	0x21BC      	CALL       _Div_32x32_S
0x041C	0x0878      	MOVF       R8, 0
0x041D	0x00F0      	MOVWF      R0
0x041E	0x0879      	MOVF       R8+1, 0
0x041F	0x00F1      	MOVWF      R0+1
0x0420	0x087A      	MOVF       R8+2, 0
0x0421	0x00F2      	MOVWF      R0+2
0x0422	0x087B      	MOVF       R8+3, 0
0x0423	0x00F3      	MOVWF      R0+3
0x0424	0x0870      	MOVF       R0, 0
0x0425	0x1683      	BSF        STATUS, 5
0x0426	0x00B0      	MOVWF      Soft_UART_Init_q1_L0
0x0427	0x0871      	MOVF       R0+1, 0
0x0428	0x00B1      	MOVWF      Soft_UART_Init_q1_L0+1
0x0429	0x0872      	MOVF       R0+2, 0
0x042A	0x00B2      	MOVWF      Soft_UART_Init_q1_L0+2
0x042B	0x0873      	MOVF       R0+3, 0
0x042C	0x00B3      	MOVWF      Soft_UART_Init_q1_L0+3
;__Lib_SoftUART.c,190 :: 		
0x042D	0x0834      	MOVF       Soft_UART_Init_q2_L0, 0
0x042E	0x00F5      	MOVWF      R5
0x042F	0x0835      	MOVF       Soft_UART_Init_q2_L0+1, 0
0x0430	0x00F6      	MOVWF      R5+1
0x0431	0x0836      	MOVF       Soft_UART_Init_q2_L0+2, 0
0x0432	0x00F7      	MOVWF      R5+2
0x0433	0x0837      	MOVF       Soft_UART_Init_q2_L0+3, 0
0x0434	0x00F8      	MOVWF      R5+3
0x0435	0x0CF8      	RRF        R5+3, 1
0x0436	0x0CF7      	RRF        R5+2, 1
0x0437	0x0CF6      	RRF        R5+1, 1
0x0438	0x0CF5      	RRF        R5, 1
0x0439	0x13F8      	BCF        R5+3, 7
0x043A	0x1B78      	BTFSC      R5+3, 6
0x043B	0x17F8      	BSF        R5+3, 7
0x043C	0x3080      	MOVLW      128
0x043D	0x0678      	XORWF      R5+3, 0
0x043E	0x00F4      	MOVWF      R4
0x043F	0x3080      	MOVLW      128
0x0440	0x0673      	XORWF      R0+3, 0
0x0441	0x0274      	SUBWF      R4, 0
0x0442	0x1D03      	BTFSS      STATUS, 2
0x0443	0x2C4E      	GOTO       L__Soft_UART_Init36
0x0444	0x0872      	MOVF       R0+2, 0
0x0445	0x0277      	SUBWF      R5+2, 0
0x0446	0x1D03      	BTFSS      STATUS, 2
0x0447	0x2C4E      	GOTO       L__Soft_UART_Init36
0x0448	0x0871      	MOVF       R0+1, 0
0x0449	0x0276      	SUBWF      R5+1, 0
0x044A	0x1D03      	BTFSS      STATUS, 2
0x044B	0x2C4E      	GOTO       L__Soft_UART_Init36
0x044C	0x0870      	MOVF       R0, 0
0x044D	0x0275      	SUBWF      R5, 0
L__Soft_UART_Init36:
0x044E	0x1803      	BTFSC      STATUS, 0
0x044F	0x2C51      	GOTO       L_Soft_UART_Init25
;__Lib_SoftUART.c,191 :: 		
0x0450	0x0AA0      	INCF       __Lib_SoftUART_FullBit, 1
L_Soft_UART_Init25:
;__Lib_SoftUART.c,193 :: 		
0x0451	0x0820      	MOVF       __Lib_SoftUART_FullBit, 0
0x0452	0x00F1      	MOVWF      R1
0x0453	0x0CF1      	RRF        R1, 1
0x0454	0x13F1      	BCF        R1, 7
0x0455	0x0871      	MOVF       R1, 0
0x0456	0x00A3      	MOVWF      __Lib_SoftUART_HalfBit
;__Lib_SoftUART.c,195 :: 		
0x0457	0x3007      	MOVLW      7
0x0458	0x0271      	SUBWF      R1, 0
0x0459	0x1803      	BTFSC      STATUS, 0
0x045A	0x2C5E      	GOTO       L_Soft_UART_Init26
;__Lib_SoftUART.c,196 :: 		
0x045B	0x3001      	MOVLW      1
0x045C	0x00F0      	MOVWF      R0
0x045D	0x2C5F      	GOTO       L_end_Soft_UART_Init
L_Soft_UART_Init26:
;__Lib_SoftUART.c,198 :: 		
0x045E	0x01F0      	CLRF       R0
;__Lib_SoftUART.c,199 :: 		
L_end_Soft_UART_Init:
0x045F	0x0008      	RETURN
; end of _Soft_UART_Init
_Lcd_Init:
;__Lib_Lcd.c,84 :: 		
;__Lib_Lcd.c,86 :: 		
0x0460	0x1683      	BSF        STATUS, 5
0x0461	0x1303      	BCF        STATUS, 6
0x0462	0x1187      	BCF        lcd_en_direction, BitPos(lcd_en_direction+0)
;__Lib_Lcd.c,87 :: 		
0x0463	0x1107      	BCF        lcd_rs_direction, BitPos(lcd_rs_direction+0)
;__Lib_Lcd.c,88 :: 		
0x0464	0x1207      	BCF        lcd_d4_direction, BitPos(lcd_d4_direction+0)
;__Lib_Lcd.c,89 :: 		
0x0465	0x1287      	BCF        lcd_d5_direction, BitPos(lcd_d5_direction+0)
;__Lib_Lcd.c,90 :: 		
0x0466	0x1307      	BCF        lcd_d6_direction, BitPos(lcd_d6_direction+0)
;__Lib_Lcd.c,91 :: 		
0x0467	0x1387      	BCF        lcd_d7_direction, BitPos(lcd_d7_direction+0)
;__Lib_Lcd.c,93 :: 		
0x0468	0x1283      	BCF        STATUS, 5
0x0469	0x1187      	BCF        lcd_en, BitPos(lcd_en+0)
;__Lib_Lcd.c,94 :: 		
0x046A	0x1107      	BCF        lcd_rs, BitPos(lcd_rs+0)
;__Lib_Lcd.c,95 :: 		
0x046B	0x1387      	BCF        lcd_d7, BitPos(lcd_d7+0)
;__Lib_Lcd.c,96 :: 		
0x046C	0x1307      	BCF        lcd_d6, BitPos(lcd_d6+0)
;__Lib_Lcd.c,97 :: 		
0x046D	0x1287      	BCF        lcd_d5, BitPos(lcd_d5+0)
;__Lib_Lcd.c,98 :: 		
0x046E	0x1207      	BCF        lcd_d4, BitPos(lcd_d4+0)
;__Lib_Lcd.c,100 :: 		
0x046F	0x2003      	CALL       _Delay_5500us
;__Lib_Lcd.c,101 :: 		
0x0470	0x2003      	CALL       _Delay_5500us
;__Lib_Lcd.c,102 :: 		
0x0471	0x2003      	CALL       _Delay_5500us
;__Lib_Lcd.c,105 :: 		
0x0472	0x1687      	BSF        lcd_d5, BitPos(lcd_d5+0)
;__Lib_Lcd.c,106 :: 		
0x0473	0x1607      	BSF        lcd_d4, BitPos(lcd_d4+0)
;__Lib_Lcd.c,107 :: 		
0x0474	0x1587      	BSF        lcd_en, BitPos(lcd_en+0)
;__Lib_Lcd.c,108 :: 		
0x0475	0x2017      	CALL       _Delay_1us
;__Lib_Lcd.c,109 :: 		
0x0476	0x1187      	BCF        lcd_en, BitPos(lcd_en+0)
;__Lib_Lcd.c,110 :: 		
0x0477	0x2003      	CALL       _Delay_5500us
;__Lib_Lcd.c,112 :: 		
0x0478	0x1587      	BSF        lcd_en, BitPos(lcd_en+0)
;__Lib_Lcd.c,113 :: 		
0x0479	0x2017      	CALL       _Delay_1us
;__Lib_Lcd.c,114 :: 		
0x047A	0x1187      	BCF        lcd_en, BitPos(lcd_en+0)
;__Lib_Lcd.c,115 :: 		
0x047B	0x2003      	CALL       _Delay_5500us
;__Lib_Lcd.c,117 :: 		
0x047C	0x1587      	BSF        lcd_en, BitPos(lcd_en+0)
;__Lib_Lcd.c,118 :: 		
0x047D	0x2017      	CALL       _Delay_1us
;__Lib_Lcd.c,119 :: 		
0x047E	0x1187      	BCF        lcd_en, BitPos(lcd_en+0)
;__Lib_Lcd.c,120 :: 		
0x047F	0x2003      	CALL       _Delay_5500us
;__Lib_Lcd.c,123 :: 		
0x0480	0x1207      	BCF        lcd_d4, BitPos(lcd_d4+0)
;__Lib_Lcd.c,124 :: 		
0x0481	0x1587      	BSF        lcd_en, BitPos(lcd_en+0)
;__Lib_Lcd.c,125 :: 		
0x0482	0x2017      	CALL       _Delay_1us
;__Lib_Lcd.c,126 :: 		
0x0483	0x1187      	BCF        lcd_en, BitPos(lcd_en+0)
;__Lib_Lcd.c,127 :: 		
0x0484	0x2003      	CALL       _Delay_5500us
;__Lib_Lcd.c,130 :: 		
0x0485	0x1587      	BSF        lcd_en, BitPos(lcd_en+0)
;__Lib_Lcd.c,131 :: 		
0x0486	0x2017      	CALL       _Delay_1us
;__Lib_Lcd.c,132 :: 		
0x0487	0x1187      	BCF        lcd_en, BitPos(lcd_en+0)
;__Lib_Lcd.c,134 :: 		
0x0488	0x1287      	BCF        lcd_d5, BitPos(lcd_d5+0)
;__Lib_Lcd.c,135 :: 		
0x0489	0x1787      	BSF        lcd_d7, BitPos(lcd_d7+0)
;__Lib_Lcd.c,136 :: 		
0x048A	0x1587      	BSF        lcd_en, BitPos(lcd_en+0)
;__Lib_Lcd.c,137 :: 		
0x048B	0x2017      	CALL       _Delay_1us
;__Lib_Lcd.c,138 :: 		
0x048C	0x1187      	BCF        lcd_en, BitPos(lcd_en+0)
;__Lib_Lcd.c,139 :: 		
0x048D	0x2003      	CALL       _Delay_5500us
;__Lib_Lcd.c,142 :: 		
0x048E	0x1387      	BCF        lcd_d7, BitPos(lcd_d7+0)
;__Lib_Lcd.c,143 :: 		
0x048F	0x1607      	BSF        lcd_d4, BitPos(lcd_d4+0)
;__Lib_Lcd.c,144 :: 		
0x0490	0x1587      	BSF        lcd_en, BitPos(lcd_en+0)
;__Lib_Lcd.c,145 :: 		
0x0491	0x2017      	CALL       _Delay_1us
;__Lib_Lcd.c,146 :: 		
0x0492	0x1187      	BCF        lcd_en, BitPos(lcd_en+0)
;__Lib_Lcd.c,148 :: 		
0x0493	0x1207      	BCF        lcd_d4, BitPos(lcd_d4+0)
;__Lib_Lcd.c,149 :: 		
0x0494	0x1587      	BSF        lcd_en, BitPos(lcd_en+0)
;__Lib_Lcd.c,150 :: 		
0x0495	0x2017      	CALL       _Delay_1us
;__Lib_Lcd.c,151 :: 		
0x0496	0x1187      	BCF        lcd_en, BitPos(lcd_en+0)
;__Lib_Lcd.c,152 :: 		
0x0497	0x2003      	CALL       _Delay_5500us
;__Lib_Lcd.c,155 :: 		
0x0498	0x1587      	BSF        lcd_en, BitPos(lcd_en+0)
;__Lib_Lcd.c,156 :: 		
0x0499	0x2017      	CALL       _Delay_1us
;__Lib_Lcd.c,157 :: 		
0x049A	0x1187      	BCF        lcd_en, BitPos(lcd_en+0)
;__Lib_Lcd.c,159 :: 		
0x049B	0x1607      	BSF        lcd_d4, BitPos(lcd_d4+0)
;__Lib_Lcd.c,160 :: 		
0x049C	0x1587      	BSF        lcd_en, BitPos(lcd_en+0)
;__Lib_Lcd.c,161 :: 		
0x049D	0x2017      	CALL       _Delay_1us
;__Lib_Lcd.c,162 :: 		
0x049E	0x1187      	BCF        lcd_en, BitPos(lcd_en+0)
;__Lib_Lcd.c,163 :: 		
0x049F	0x2003      	CALL       _Delay_5500us
;__Lib_Lcd.c,166 :: 		
0x04A0	0x1207      	BCF        lcd_d4, BitPos(lcd_d4+0)
;__Lib_Lcd.c,167 :: 		
0x04A1	0x1587      	BSF        lcd_en, BitPos(lcd_en+0)
;__Lib_Lcd.c,168 :: 		
0x04A2	0x2017      	CALL       _Delay_1us
;__Lib_Lcd.c,169 :: 		
0x04A3	0x1187      	BCF        lcd_en, BitPos(lcd_en+0)
;__Lib_Lcd.c,171 :: 		
0x04A4	0x1787      	BSF        lcd_d7, BitPos(lcd_d7+0)
;__Lib_Lcd.c,172 :: 		
0x04A5	0x1707      	BSF        lcd_d6, BitPos(lcd_d6+0)
;__Lib_Lcd.c,173 :: 		
0x04A6	0x1687      	BSF        lcd_d5, BitPos(lcd_d5+0)
;__Lib_Lcd.c,174 :: 		
0x04A7	0x1607      	BSF        lcd_d4, BitPos(lcd_d4+0)
;__Lib_Lcd.c,175 :: 		
0x04A8	0x1587      	BSF        lcd_en, BitPos(lcd_en+0)
;__Lib_Lcd.c,176 :: 		
0x04A9	0x2017      	CALL       _Delay_1us
;__Lib_Lcd.c,177 :: 		
0x04AA	0x1187      	BCF        lcd_en, BitPos(lcd_en+0)
;__Lib_Lcd.c,179 :: 		
0x04AB	0x2003      	CALL       _Delay_5500us
;__Lib_Lcd.c,181 :: 		
0x04AC	0x14EF      	BSF        __Lib_Lcd_cmd_status, BitPos(__Lib_Lcd_cmd_status+0)
;__Lib_Lcd.c,182 :: 		
L_end_Lcd_Init:
0x04AD	0x0008      	RETURN
; end of _Lcd_Init
___CC2DW:
;__Lib_System.c,134 :: 		
;__Lib_System.c,137 :: 		
_CC2D_Loop1:
;__Lib_System.c,139 :: 		
0x04AE	0x21B5      	CALL       _____DoICP
0x04AF	0x118A      	BCF        PCLATH, 3
0x04B0	0x120A      	BCF        PCLATH, 4
;__Lib_System.c,141 :: 		
0x04B1	0x0080      	MOVWF      INDF
;__Lib_System.c,142 :: 		
0x04B2	0x0A84      	INCF       FSR, 1
;__Lib_System.c,143 :: 		
0x04B3	0x0AED      	INCF       ___DoICPAddr, 1
;__Lib_System.c,145 :: 		
0x04B4	0x1903      	BTFSC      STATUS, 2
;__Lib_System.c,146 :: 		
0x04B5	0x0AEE      	INCF       ___DoICPAddr+1, 1
;__Lib_System.c,147 :: 		
0x04B6	0x03F0      	DECF       R0, 1
;__Lib_System.c,149 :: 		
0x04B7	0x1D03      	BTFSS      STATUS, 2
;__Lib_System.c,150 :: 		
0x04B8	0x2CAE      	GOTO       _CC2D_Loop1
;__Lib_System.c,152 :: 		
L_end___CC2DW:
0x04B9	0x0008      	RETURN
; end of ___CC2DW
_Soft_UART_Read:
;__Lib_SoftUART.c,42 :: 		
;__Lib_SoftUART.c,45 :: 		
0x04BA	0x1683      	BSF        STATUS, 5
0x04BB	0x1303      	BCF        STATUS, 6
0x04BC	0x0828      	MOVF       FARG_Soft_UART_Read_error, 0
0x04BD	0x0084      	MOVWF      FSR
0x04BE	0x0180      	CLRF       INDF
;__Lib_SoftUART.c,46 :: 		
0x04BF	0x3001      	MOVLW      1
0x04C0	0x00AA      	MOVWF      Soft_UART_Read_mask_L0
;__Lib_SoftUART.c,47 :: 		
0x04C1	0x01A9      	CLRF       Soft_UART_Read_result_L0
;__Lib_SoftUART.c,49 :: 		
0x04C2	0x106F      	BCF        __Lib_SoftUART___StopWaiting, BitPos(__Lib_SoftUART___StopWaiting+0)
;__Lib_SoftUART.c,51 :: 		
0x04C3	0x0826      	MOVF       __Lib_SoftUART__port_addr, 0
0x04C4	0x0084      	MOVWF      FSR
;__Lib_SoftUART.c,54 :: 		
0x04C5	0x0827      	MOVF       __Lib_SoftUART_InvertMaskRd, 0
0x04C6	0x3A00      	XORLW      0
0x04C7	0x1D03      	BTFSS      STATUS, 2
0x04C8	0x2CDB      	GOTO       L_Soft_UART_Read0
;__Lib_SoftUART.c,56 :: 		
L_Soft_UART_Read1:
0x04C9	0x0824      	MOVF       __Lib_SoftUART__rx_mask1, 0
0x04CA	0x0500      	ANDWF      INDF, 0
0x04CB	0x00F1      	MOVWF      R1
0x04CC	0x0871      	MOVF       R1, 0
0x04CD	0x3A00      	XORLW      0
0x04CE	0x1903      	BTFSC      STATUS, 2
0x04CF	0x2CDA      	GOTO       L_Soft_UART_Read2
;__Lib_SoftUART.c,57 :: 		
0x04D0	0x1C6F      	BTFSS      __Lib_SoftUART___StopWaiting, BitPos(__Lib_SoftUART___StopWaiting+0)
0x04D1	0x2CD9      	GOTO       L_Soft_UART_Read3
;__Lib_SoftUART.c,58 :: 		
0x04D2	0x0828      	MOVF       FARG_Soft_UART_Read_error, 0
0x04D3	0x0084      	MOVWF      FSR
0x04D4	0x30FF      	MOVLW      255
0x04D5	0x0080      	MOVWF      INDF
;__Lib_SoftUART.c,59 :: 		
0x04D6	0x0829      	MOVF       Soft_UART_Read_result_L0, 0
0x04D7	0x00F0      	MOVWF      R0
0x04D8	0x2D2D      	GOTO       L_end_Soft_UART_Read
;__Lib_SoftUART.c,60 :: 		
L_Soft_UART_Read3:
;__Lib_SoftUART.c,61 :: 		
0x04D9	0x2CC9      	GOTO       L_Soft_UART_Read1
L_Soft_UART_Read2:
0x04DA	0x2CEC      	GOTO       L_Soft_UART_Read4
L_Soft_UART_Read0:
;__Lib_SoftUART.c,64 :: 		
L_Soft_UART_Read5:
0x04DB	0x0824      	MOVF       __Lib_SoftUART__rx_mask1, 0
0x04DC	0x0500      	ANDWF      INDF, 0
0x04DD	0x00F1      	MOVWF      R1
0x04DE	0x0871      	MOVF       R1, 0
0x04DF	0x3A00      	XORLW      0
0x04E0	0x1D03      	BTFSS      STATUS, 2
0x04E1	0x2CEC      	GOTO       L_Soft_UART_Read6
;__Lib_SoftUART.c,65 :: 		
0x04E2	0x1C6F      	BTFSS      __Lib_SoftUART___StopWaiting, BitPos(__Lib_SoftUART___StopWaiting+0)
0x04E3	0x2CEB      	GOTO       L_Soft_UART_Read7
;__Lib_SoftUART.c,66 :: 		
0x04E4	0x0828      	MOVF       FARG_Soft_UART_Read_error, 0
0x04E5	0x0084      	MOVWF      FSR
0x04E6	0x30FF      	MOVLW      255
0x04E7	0x0080      	MOVWF      INDF
;__Lib_SoftUART.c,67 :: 		
0x04E8	0x0829      	MOVF       Soft_UART_Read_result_L0, 0
0x04E9	0x00F0      	MOVWF      R0
0x04EA	0x2D2D      	GOTO       L_end_Soft_UART_Read
;__Lib_SoftUART.c,68 :: 		
L_Soft_UART_Read7:
;__Lib_SoftUART.c,69 :: 		
0x04EB	0x2CDB      	GOTO       L_Soft_UART_Read5
L_Soft_UART_Read6:
L_Soft_UART_Read4:
;__Lib_SoftUART.c,71 :: 		
0x04EC	0x0823      	MOVF       __Lib_SoftUART_HalfBit, 0
0x04ED	0x00BE      	MOVWF      FARG_Delay_Cyc_cycles_div_by_10
0x04EE	0x2271      	CALL       _Delay_Cyc
;__Lib_SoftUART.c,72 :: 		
0x04EF	0x0820      	MOVF       __Lib_SoftUART_FullBit, 0
0x04F0	0x00BE      	MOVWF      FARG_Delay_Cyc_cycles_div_by_10
0x04F1	0x2271      	CALL       _Delay_Cyc
;__Lib_SoftUART.c,75 :: 		
L_Soft_UART_Read8:
0x04F2	0x082A      	MOVF       Soft_UART_Read_mask_L0, 0
0x04F3	0x1903      	BTFSC      STATUS, 2
0x04F4	0x2D09      	GOTO       L_Soft_UART_Read9
;__Lib_SoftUART.c,77 :: 		
0x04F5	0x0824      	MOVF       __Lib_SoftUART__rx_mask1, 0
0x04F6	0x0500      	ANDWF      INDF, 0
0x04F7	0x00F1      	MOVWF      R1
0x04F8	0x0871      	MOVF       R1, 0
0x04F9	0x3A00      	XORLW      0
0x04FA	0x1903      	BTFSC      STATUS, 2
0x04FB	0x2CFE      	GOTO       L_Soft_UART_Read10
;__Lib_SoftUART.c,78 :: 		
0x04FC	0x082A      	MOVF       Soft_UART_Read_mask_L0, 0
0x04FD	0x04A9      	IORWF      Soft_UART_Read_result_L0, 1
L_Soft_UART_Read10:
;__Lib_SoftUART.c,79 :: 		
0x04FE	0x0DAA      	RLF        Soft_UART_Read_mask_L0, 1
0x04FF	0x102A      	BCF        Soft_UART_Read_mask_L0, 0
;__Lib_SoftUART.c,82 :: 		
0x0500	0x3002      	MOVLW      2
0x0501	0x0220      	SUBWF      __Lib_SoftUART_FullBit, 0
0x0502	0x00BE      	MOVWF      FARG_Delay_Cyc_cycles_div_by_10
0x0503	0x2271      	CALL       _Delay_Cyc
;__Lib_SoftUART.c,83 :: 		
0x0504	0x0000      	NOP
;__Lib_SoftUART.c,84 :: 		
0x0505	0x0000      	NOP
;__Lib_SoftUART.c,85 :: 		
0x0506	0x0000      	NOP
;__Lib_SoftUART.c,86 :: 		
0x0507	0x0000      	NOP
;__Lib_SoftUART.c,87 :: 		
0x0508	0x2CF2      	GOTO       L_Soft_UART_Read8
L_Soft_UART_Read9:
;__Lib_SoftUART.c,90 :: 		
0x0509	0x0827      	MOVF       __Lib_SoftUART_InvertMaskRd, 0
0x050A	0x3A00      	XORLW      0
0x050B	0x1D03      	BTFSS      STATUS, 2
0x050C	0x2D1B      	GOTO       L_Soft_UART_Read11
;__Lib_SoftUART.c,92 :: 		
0x050D	0x0824      	MOVF       __Lib_SoftUART__rx_mask1, 0
0x050E	0x0500      	ANDWF      INDF, 0
0x050F	0x00F1      	MOVWF      R1
0x0510	0x0871      	MOVF       R1, 0
0x0511	0x3A00      	XORLW      0
0x0512	0x3001      	MOVLW      1
0x0513	0x1D03      	BTFSS      STATUS, 2
0x0514	0x3000      	MOVLW      0
0x0515	0x00F0      	MOVWF      R0
0x0516	0x0828      	MOVF       FARG_Soft_UART_Read_error, 0
0x0517	0x0084      	MOVWF      FSR
0x0518	0x0870      	MOVF       R0, 0
0x0519	0x0080      	MOVWF      INDF
0x051A	0x2D28      	GOTO       L_Soft_UART_Read12
L_Soft_UART_Read11:
;__Lib_SoftUART.c,95 :: 		
0x051B	0x0824      	MOVF       __Lib_SoftUART__rx_mask1, 0
0x051C	0x0500      	ANDWF      INDF, 0
0x051D	0x00F1      	MOVWF      R1
0x051E	0x0871      	MOVF       R1, 0
0x051F	0x3A00      	XORLW      0
0x0520	0x3001      	MOVLW      1
0x0521	0x1903      	BTFSC      STATUS, 2
0x0522	0x3000      	MOVLW      0
0x0523	0x00F0      	MOVWF      R0
0x0524	0x0828      	MOVF       FARG_Soft_UART_Read_error, 0
0x0525	0x0084      	MOVWF      FSR
0x0526	0x0870      	MOVF       R0, 0
0x0527	0x0080      	MOVWF      INDF
L_Soft_UART_Read12:
;__Lib_SoftUART.c,97 :: 		
0x0528	0x0827      	MOVF       __Lib_SoftUART_InvertMaskRd, 0
0x0529	0x0629      	XORWF      Soft_UART_Read_result_L0, 0
0x052A	0x00F0      	MOVWF      R0
0x052B	0x0870      	MOVF       R0, 0
0x052C	0x00A9      	MOVWF      Soft_UART_Read_result_L0
;__Lib_SoftUART.c,98 :: 		
;__Lib_SoftUART.c,99 :: 		
L_end_Soft_UART_Read:
0x052D	0x0008      	RETURN
; end of _Soft_UART_Read
_main:
0x052E	0x264C      	CALL       1612
;Btpassword.c,23 :: 		void main() {
;Btpassword.c,25 :: 		trisc=0;
0x052F	0x1683      	BSF        STATUS, 5
0x0530	0x1303      	BCF        STATUS, 6
0x0531	0x0187      	CLRF       TRISC
;Btpassword.c,26 :: 		trisb=0;
0x0532	0x0186      	CLRF       TRISB
;Btpassword.c,28 :: 		lcd_init();
0x0533	0x2460      	CALL       _Lcd_Init
;Btpassword.c,29 :: 		lcd_cmd(_lcd_clear);
0x0534	0x3001      	MOVLW      1
0x0535	0x1683      	BSF        STATUS, 5
0x0536	0x00BF      	MOVWF      FARG_Lcd_Cmd_out_char
0x0537	0x201D      	CALL       _Lcd_Cmd
;Btpassword.c,30 :: 		lcd_cmd(_lcd_cursor_off);
0x0538	0x300C      	MOVLW      12
0x0539	0x1683      	BSF        STATUS, 5
0x053A	0x00BF      	MOVWF      FARG_Lcd_Cmd_out_char
0x053B	0x201D      	CALL       _Lcd_Cmd
;Btpassword.c,33 :: 		error=soft_uart_init(&portb, 6,7,9600, 0);
0x053C	0x3006      	MOVLW      PORTB
0x053D	0x1683      	BSF        STATUS, 5
0x053E	0x00A8      	MOVWF      FARG_Soft_UART_Init_port
0x053F	0x3006      	MOVLW      6
0x0540	0x00A9      	MOVWF      FARG_Soft_UART_Init_rx_pin
0x0541	0x3007      	MOVLW      7
0x0542	0x00AA      	MOVWF      FARG_Soft_UART_Init_tx_pin
0x0543	0x3080      	MOVLW      128
0x0544	0x00AB      	MOVWF      FARG_Soft_UART_Init_baud_rate
0x0545	0x3025      	MOVLW      37
0x0546	0x00AC      	MOVWF      FARG_Soft_UART_Init_baud_rate+1
0x0547	0x01AD      	CLRF       FARG_Soft_UART_Init_baud_rate+2
0x0548	0x01AE      	CLRF       FARG_Soft_UART_Init_baud_rate+3
0x0549	0x01AF      	CLRF       FARG_Soft_UART_Init_inverted
0x054A	0x2376      	CALL       _Soft_UART_Init
0x054B	0x0870      	MOVF       R0, 0
0x054C	0x00EC      	MOVWF      _error
;Btpassword.c,34 :: 		if (error>0)
0x054D	0x0870      	MOVF       R0, 0
0x054E	0x3C00      	SUBLW      0
0x054F	0x1803      	BTFSC      STATUS, 0
0x0550	0x2D59      	GOTO       L_main0
;Btpassword.c,36 :: 		lcd_out(1,1,"Error");
0x0551	0x3001      	MOVLW      1
0x0552	0x00A8      	MOVWF      FARG_Lcd_Out_row
0x0553	0x3001      	MOVLW      1
0x0554	0x00A9      	MOVWF      FARG_Lcd_Out_column
0x0555	0x3040      	MOVLW      ?lstr1_Btpassword
0x0556	0x00AA      	MOVWF      FARG_Lcd_Out_text
0x0557	0x2334      	CALL       _Lcd_Out
;Btpassword.c,37 :: 		while(1);
L_main1:
0x0558	0x2D58      	GOTO       L_main1
;Btpassword.c,38 :: 		}
L_main0:
;Btpassword.c,39 :: 		delay_ms(100);
0x0559	0x3003      	MOVLW      3
0x055A	0x00FB      	MOVWF      R11
0x055B	0x308A      	MOVLW      138
0x055C	0x00FC      	MOVWF      R12
0x055D	0x3055      	MOVLW      85
0x055E	0x00FD      	MOVWF      R13
L_main3:
0x055F	0x0BFD      	DECFSZ     R13, 1
0x0560	0x2D5F      	GOTO       L_main3
0x0561	0x0BFC      	DECFSZ     R12, 1
0x0562	0x2D5F      	GOTO       L_main3
0x0563	0x0BFB      	DECFSZ     R11, 1
0x0564	0x2D5F      	GOTO       L_main3
0x0565	0x0000      	NOP
0x0566	0x0000      	NOP
;Btpassword.c,41 :: 		for(i=0;i<5;i++)
0x0567	0x01EA      	CLRF       _i
0x0568	0x01EB      	CLRF       _i+1
L_main4:
0x0569	0x3080      	MOVLW      128
0x056A	0x066B      	XORWF      _i+1, 0
0x056B	0x00F0      	MOVWF      R0
0x056C	0x3080      	MOVLW      128
0x056D	0x0270      	SUBWF      R0, 0
0x056E	0x1D03      	BTFSS      STATUS, 2
0x056F	0x2D72      	GOTO       L__main15
0x0570	0x3005      	MOVLW      5
0x0571	0x026A      	SUBWF      _i, 0
L__main15:
0x0572	0x1803      	BTFSC      STATUS, 0
0x0573	0x2DA9      	GOTO       L_main5
;Btpassword.c,43 :: 		rd1=soft_uart_read(&error);
0x0574	0x1683      	BSF        STATUS, 5
0x0575	0x306C      	MOVLW      _error
0x0576	0x00A8      	MOVWF      FARG_Soft_UART_Read_error
0x0577	0x24BA      	CALL       _Soft_UART_Read
0x0578	0x0870      	MOVF       R0, 0
0x0579	0x00E9      	MOVWF      _rd1
;Btpassword.c,45 :: 		if (error)
0x057A	0x086C      	MOVF       _error, 0
0x057B	0x1903      	BTFSC      STATUS, 2
0x057C	0x2D85      	GOTO       L_main7
;Btpassword.c,47 :: 		lcd_out(1,1,"Error1");
0x057D	0x3001      	MOVLW      1
0x057E	0x00A8      	MOVWF      FARG_Lcd_Out_row
0x057F	0x3001      	MOVLW      1
0x0580	0x00A9      	MOVWF      FARG_Lcd_Out_column
0x0581	0x302B      	MOVLW      ?lstr2_Btpassword
0x0582	0x00AA      	MOVWF      FARG_Lcd_Out_text
0x0583	0x2334      	CALL       _Lcd_Out
;Btpassword.c,48 :: 		}
0x0584	0x2DA5      	GOTO       L_main8
L_main7:
;Btpassword.c,50 :: 		soft_uart_write(rd1);
0x0585	0x0869      	MOVF       _rd1, 0
0x0586	0x00A8      	MOVWF      FARG_Soft_UART_Write_udata
0x0587	0x22C4      	CALL       _Soft_UART_Write
;Btpassword.c,51 :: 		read[i]=rd1;
0x0588	0x086A      	MOVF       _i, 0
0x0589	0x3E21      	ADDLW      _read
0x058A	0x0084      	MOVWF      FSR
0x058B	0x0869      	MOVF       _rd1, 0
0x058C	0x0080      	MOVWF      INDF
;Btpassword.c,52 :: 		if (read[i]==pass[i]) k++;
0x058D	0x086A      	MOVF       _i, 0
0x058E	0x3E21      	ADDLW      _read
0x058F	0x0084      	MOVWF      FSR
0x0590	0x0800      	MOVF       INDF, 0
0x0591	0x00F1      	MOVWF      R1
0x0592	0x086A      	MOVF       _i, 0
0x0593	0x3E36      	ADDLW      _pass
0x0594	0x0084      	MOVWF      FSR
0x0595	0x0871      	MOVF       R1, 0
0x0596	0x0600      	XORWF      INDF, 0
0x0597	0x1D03      	BTFSS      STATUS, 2
0x0598	0x2D9D      	GOTO       L_main9
0x0599	0x1283      	BCF        STATUS, 5
0x059A	0x0AB4      	INCF       _k, 1
0x059B	0x1903      	BTFSC      STATUS, 2
0x059C	0x0AB5      	INCF       _k+1, 1
L_main9:
;Btpassword.c,53 :: 		lcd_chr(1,(i+1),rd1);
0x059D	0x3001      	MOVLW      1
0x059E	0x1683      	BSF        STATUS, 5
0x059F	0x00A8      	MOVWF      FARG_Lcd_Chr_row
0x05A0	0x0A6A      	INCF       _i, 0
0x05A1	0x00A9      	MOVWF      FARG_Lcd_Chr_column
0x05A2	0x0869      	MOVF       _rd1, 0
0x05A3	0x00AA      	MOVWF      FARG_Lcd_Chr_out_char
0x05A4	0x22FE      	CALL       _Lcd_Chr
;Btpassword.c,55 :: 		}
L_main8:
;Btpassword.c,41 :: 		for(i=0;i<5;i++)
0x05A5	0x0AEA      	INCF       _i, 1
0x05A6	0x1903      	BTFSC      STATUS, 2
0x05A7	0x0AEB      	INCF       _i+1, 1
;Btpassword.c,57 :: 		}
0x05A8	0x2D69      	GOTO       L_main4
L_main5:
0x05A9	0x1283      	BCF        STATUS, 5
;Btpassword.c,58 :: 		if (k==5) chk1=1;
0x05AA	0x3000      	MOVLW      0
0x05AB	0x0635      	XORWF      _k+1, 0
0x05AC	0x1D03      	BTFSS      STATUS, 2
0x05AD	0x2DB0      	GOTO       L__main16
0x05AE	0x3005      	MOVLW      5
0x05AF	0x0634      	XORWF      _k, 0
L__main16:
0x05B0	0x1D03      	BTFSS      STATUS, 2
0x05B1	0x2DB6      	GOTO       L_main10
0x05B2	0x3001      	MOVLW      1
0x05B3	0x00B2      	MOVWF      _chk1
0x05B4	0x3000      	MOVLW      0
0x05B5	0x00B3      	MOVWF      _chk1+1
L_main10:
;Btpassword.c,59 :: 		lcd_cmd(_lcd_clear);
0x05B6	0x3001      	MOVLW      1
0x05B7	0x1683      	BSF        STATUS, 5
0x05B8	0x00BF      	MOVWF      FARG_Lcd_Cmd_out_char
0x05B9	0x201D      	CALL       _Lcd_Cmd
;Btpassword.c,60 :: 		lcd_out(1,1,"Pass is :");
0x05BA	0x3001      	MOVLW      1
0x05BB	0x1683      	BSF        STATUS, 5
0x05BC	0x00A8      	MOVWF      FARG_Lcd_Out_row
0x05BD	0x3001      	MOVLW      1
0x05BE	0x00A9      	MOVWF      FARG_Lcd_Out_column
0x05BF	0x3046      	MOVLW      ?lstr3_Btpassword
0x05C0	0x00AA      	MOVWF      FARG_Lcd_Out_text
0x05C1	0x2334      	CALL       _Lcd_Out
;Btpassword.c,61 :: 		lcd_out(1,10,pass);
0x05C2	0x3001      	MOVLW      1
0x05C3	0x00A8      	MOVWF      FARG_Lcd_Out_row
0x05C4	0x300A      	MOVLW      10
0x05C5	0x00A9      	MOVWF      FARG_Lcd_Out_column
0x05C6	0x3036      	MOVLW      _pass
0x05C7	0x00AA      	MOVWF      FARG_Lcd_Out_text
0x05C8	0x2334      	CALL       _Lcd_Out
;Btpassword.c,62 :: 		lcd_out(2,1,"Read is:");
0x05C9	0x3002      	MOVLW      2
0x05CA	0x00A8      	MOVWF      FARG_Lcd_Out_row
0x05CB	0x3001      	MOVLW      1
0x05CC	0x00A9      	MOVWF      FARG_Lcd_Out_column
0x05CD	0x3060      	MOVLW      ?lstr4_Btpassword
0x05CE	0x00AA      	MOVWF      FARG_Lcd_Out_text
0x05CF	0x2334      	CALL       _Lcd_Out
;Btpassword.c,63 :: 		lcd_out(2,10,read);
0x05D0	0x3002      	MOVLW      2
0x05D1	0x00A8      	MOVWF      FARG_Lcd_Out_row
0x05D2	0x300A      	MOVLW      10
0x05D3	0x00A9      	MOVWF      FARG_Lcd_Out_column
0x05D4	0x3021      	MOVLW      _read
0x05D5	0x00AA      	MOVWF      FARG_Lcd_Out_text
0x05D6	0x2334      	CALL       _Lcd_Out
;Btpassword.c,64 :: 		delay_ms(2000);
0x05D7	0x3033      	MOVLW      51
0x05D8	0x00FB      	MOVWF      R11
0x05D9	0x30BB      	MOVLW      187
0x05DA	0x00FC      	MOVWF      R12
0x05DB	0x30DF      	MOVLW      223
0x05DC	0x00FD      	MOVWF      R13
L_main11:
0x05DD	0x0BFD      	DECFSZ     R13, 1
0x05DE	0x2DDD      	GOTO       L_main11
0x05DF	0x0BFC      	DECFSZ     R12, 1
0x05E0	0x2DDD      	GOTO       L_main11
0x05E1	0x0BFB      	DECFSZ     R11, 1
0x05E2	0x2DDD      	GOTO       L_main11
0x05E3	0x0000      	NOP
0x05E4	0x0000      	NOP
;Btpassword.c,65 :: 		lcd_cmd(_lcd_clear);
0x05E5	0x3001      	MOVLW      1
0x05E6	0x00BF      	MOVWF      FARG_Lcd_Cmd_out_char
0x05E7	0x201D      	CALL       _Lcd_Cmd
;Btpassword.c,66 :: 		if(chk1 )
0x05E8	0x0832      	MOVF       _chk1, 0
0x05E9	0x0433      	IORWF      _chk1+1, 0
0x05EA	0x1903      	BTFSC      STATUS, 2
0x05EB	0x2DF5      	GOTO       L_main12
;Btpassword.c,68 :: 		lcd_out(1,1,"Unlocked");
0x05EC	0x3001      	MOVLW      1
0x05ED	0x1683      	BSF        STATUS, 5
0x05EE	0x00A8      	MOVWF      FARG_Lcd_Out_row
0x05EF	0x3001      	MOVLW      1
0x05F0	0x00A9      	MOVWF      FARG_Lcd_Out_column
0x05F1	0x3057      	MOVLW      ?lstr5_Btpassword
0x05F2	0x00AA      	MOVWF      FARG_Lcd_Out_text
0x05F3	0x2334      	CALL       _Lcd_Out
;Btpassword.c,69 :: 		}
0x05F4	0x2DFD      	GOTO       L_main13
L_main12:
0x05F5	0x1683      	BSF        STATUS, 5
;Btpassword.c,72 :: 		lcd_out(1,1,"failed");
0x05F6	0x3001      	MOVLW      1
0x05F7	0x00A8      	MOVWF      FARG_Lcd_Out_row
0x05F8	0x3001      	MOVLW      1
0x05F9	0x00A9      	MOVWF      FARG_Lcd_Out_column
0x05FA	0x3050      	MOVLW      ?lstr6_Btpassword
0x05FB	0x00AA      	MOVWF      FARG_Lcd_Out_text
0x05FC	0x2334      	CALL       _Lcd_Out
;Btpassword.c,73 :: 		}
L_main13:
;Btpassword.c,76 :: 		}
L_end_main:
0x05FD	0x2DFD      	GOTO       $+0
; end of _main
0x064C	0x3021      	MOVLW      33
0x064D	0x0084      	MOVWF      FSR
0x064E	0x3048      	MOVLW      72
0x064F	0x1283      	BCF        STATUS, 5
0x0650	0x1303      	BCF        STATUS, 6
0x0651	0x00F0      	MOVWF      R0
0x0652	0x3003      	MOVLW      3
0x0653	0x00ED      	MOVWF      ___DoICPAddr
0x0654	0x3006      	MOVLW      6
0x0655	0x00EE      	MOVWF      110
0x0656	0x24AE      	CALL       1198
0x0657	0x0008      	RETURN
;Btpassword.c,0 :: ?ICS_read
0x0603	0x3420 ;?ICS_read+0
0x0604	0x3420 ;?ICS_read+1
0x0605	0x3420 ;?ICS_read+2
0x0606	0x3420 ;?ICS_read+3
0x0607	0x3420 ;?ICS_read+4
0x0608	0x3400 ;?ICS_read+5
0x0609	0x3400 ;?ICS_read+6
0x060A	0x3400 ;?ICS_read+7
0x060B	0x3400 ;?ICS_read+8
0x060C	0x3400 ;?ICS_read+9
; end of ?ICS_read
;Btpassword.c,0 :: ?ICS?lstr2_Btpassword
0x060D	0x3445 ;?ICS?lstr2_Btpassword+0
0x060E	0x3472 ;?ICS?lstr2_Btpassword+1
0x060F	0x3472 ;?ICS?lstr2_Btpassword+2
0x0610	0x346F ;?ICS?lstr2_Btpassword+3
0x0611	0x3472 ;?ICS?lstr2_Btpassword+4
0x0612	0x3431 ;?ICS?lstr2_Btpassword+5
0x0613	0x3400 ;?ICS?lstr2_Btpassword+6
; end of ?ICS?lstr2_Btpassword
;Btpassword.c,0 :: ?ICS_chk1
0x0614	0x3400 ;?ICS_chk1+0
0x0615	0x3400 ;?ICS_chk1+1
; end of ?ICS_chk1
;Btpassword.c,0 :: ?ICS_k
0x0616	0x3400 ;?ICS_k+0
0x0617	0x3400 ;?ICS_k+1
; end of ?ICS_k
;Btpassword.c,0 :: ?ICS_pass
0x0618	0x346D ;?ICS_pass+0
0x0619	0x3475 ;?ICS_pass+1
0x061A	0x3466 ;?ICS_pass+2
0x061B	0x3466 ;?ICS_pass+3
0x061C	0x3469 ;?ICS_pass+4
0x061D	0x3400 ;?ICS_pass+5
0x061E	0x3400 ;?ICS_pass+6
0x061F	0x3400 ;?ICS_pass+7
0x0620	0x3400 ;?ICS_pass+8
0x0621	0x3400 ;?ICS_pass+9
; end of ?ICS_pass
;Btpassword.c,0 :: ?ICS?lstr1_Btpassword
0x0622	0x3445 ;?ICS?lstr1_Btpassword+0
0x0623	0x3472 ;?ICS?lstr1_Btpassword+1
0x0624	0x3472 ;?ICS?lstr1_Btpassword+2
0x0625	0x346F ;?ICS?lstr1_Btpassword+3
0x0626	0x3472 ;?ICS?lstr1_Btpassword+4
0x0627	0x3400 ;?ICS?lstr1_Btpassword+5
; end of ?ICS?lstr1_Btpassword
;Btpassword.c,0 :: ?ICS?lstr3_Btpassword
0x0628	0x3450 ;?ICS?lstr3_Btpassword+0
0x0629	0x3461 ;?ICS?lstr3_Btpassword+1
0x062A	0x3473 ;?ICS?lstr3_Btpassword+2
0x062B	0x3473 ;?ICS?lstr3_Btpassword+3
0x062C	0x3420 ;?ICS?lstr3_Btpassword+4
0x062D	0x3469 ;?ICS?lstr3_Btpassword+5
0x062E	0x3473 ;?ICS?lstr3_Btpassword+6
0x062F	0x3420 ;?ICS?lstr3_Btpassword+7
0x0630	0x343A ;?ICS?lstr3_Btpassword+8
0x0631	0x3400 ;?ICS?lstr3_Btpassword+9
; end of ?ICS?lstr3_Btpassword
;Btpassword.c,0 :: ?ICS?lstr6_Btpassword
0x0632	0x3466 ;?ICS?lstr6_Btpassword+0
0x0633	0x3461 ;?ICS?lstr6_Btpassword+1
0x0634	0x3469 ;?ICS?lstr6_Btpassword+2
0x0635	0x346C ;?ICS?lstr6_Btpassword+3
0x0636	0x3465 ;?ICS?lstr6_Btpassword+4
0x0637	0x3464 ;?ICS?lstr6_Btpassword+5
0x0638	0x3400 ;?ICS?lstr6_Btpassword+6
; end of ?ICS?lstr6_Btpassword
;Btpassword.c,0 :: ?ICS?lstr5_Btpassword
0x0639	0x3455 ;?ICS?lstr5_Btpassword+0
0x063A	0x346E ;?ICS?lstr5_Btpassword+1
0x063B	0x346C ;?ICS?lstr5_Btpassword+2
0x063C	0x346F ;?ICS?lstr5_Btpassword+3
0x063D	0x3463 ;?ICS?lstr5_Btpassword+4
0x063E	0x346B ;?ICS?lstr5_Btpassword+5
0x063F	0x3465 ;?ICS?lstr5_Btpassword+6
0x0640	0x3464 ;?ICS?lstr5_Btpassword+7
0x0641	0x3400 ;?ICS?lstr5_Btpassword+8
; end of ?ICS?lstr5_Btpassword
;Btpassword.c,0 :: ?ICS?lstr4_Btpassword
0x0642	0x3452 ;?ICS?lstr4_Btpassword+0
0x0643	0x3465 ;?ICS?lstr4_Btpassword+1
0x0644	0x3461 ;?ICS?lstr4_Btpassword+2
0x0645	0x3464 ;?ICS?lstr4_Btpassword+3
0x0646	0x3420 ;?ICS?lstr4_Btpassword+4
0x0647	0x3469 ;?ICS?lstr4_Btpassword+5
0x0648	0x3473 ;?ICS?lstr4_Btpassword+6
0x0649	0x343A ;?ICS?lstr4_Btpassword+7
0x064A	0x3400 ;?ICS?lstr4_Btpassword+8
; end of ?ICS?lstr4_Btpassword
Symbol List:
//** Routines locations **
//ADDRESS    SIZE    PROCEDURE
//----------------------------------------------
0x0003      [13]    _Delay_5500us
0x0010       [7]    _Delay_50us
0x0017       [6]    _Delay_1us
0x001D      [87]    _Lcd_Cmd
0x0074      [12]    _COMFREM
0x0080     [300]    _SDIV3232L
0x01AC       [9]    _Lcd_Chr_CP
0x01B5       [7]    _____DoICP
0x01BC     [181]    _Div_32x32_S
0x0271      [19]    _Delay_Cyc
0x0284      [55]    _Mul_32x32_U
0x02BB       [9]    _Get_Fosc_kHz
0x02C4      [58]    _Soft_UART_Write
0x02FE      [54]    _Lcd_Chr
0x0334      [66]    _Lcd_Out
0x0376     [234]    _Soft_UART_Init
0x0460      [78]    _Lcd_Init
0x04AE      [12]    ___CC2DW
0x04BA     [116]    _Soft_UART_Read
0x052E     [207]    _main
//** Variables locations ** 
//ADDRESS    SIZE    VARIABLE
//----------------------------------------------
0x0000       [1]    INDF
0x0002       [1]    PCL
0x0003       [1]    STATUS
0x0004       [1]    FSR
0x0006       [1]    PORTB
0x0007       [0]    RC4_bit
0x0007       [0]    RC5_bit
0x0007       [0]    lcd_d7
0x0007       [0]    RC6_bit
0x0007       [0]    lcd_rs
0x0007       [0]    RC3_bit
0x0007       [0]    RC7_bit
0x0007       [0]    RC2_bit
0x0007       [0]    lcd_d4
0x0007       [0]    lcd_d6
0x0007       [0]    lcd_en
0x0007       [0]    lcd_d5
0x000A       [1]    PCLATH
0x0020       [1]    ___math_tempb
0x0021      [10]    _read
0x002B       [7]    ?lstr2_Btpassword
0x0032       [2]    _chk1
0x0034       [2]    _k
0x0036      [10]    _pass
0x0040       [6]    ?lstr1_Btpassword
0x0046      [10]    ?lstr3_Btpassword
0x0050       [7]    ?lstr6_Btpassword
0x0057       [9]    ?lstr5_Btpassword
0x0060       [9]    ?lstr4_Btpassword
0x0069       [1]    _rd1
0x006A       [2]    _i
0x006C       [1]    _error
0x006D       [2]    ___DoICPAddr
0x006F       [0]    __Lib_Lcd_cmd_status
0x006F       [0]    __Lib_SoftUART___StopWaiting
0x0070       [1]    R0
0x0071       [1]    R1
0x0072       [1]    R2
0x0073       [1]    R3
0x0074       [1]    R4
0x0075       [1]    R5
0x0076       [1]    R6
0x0077       [1]    R7
0x0078       [1]    R8
0x0079       [1]    R9
0x007A       [1]    R10
0x007B       [1]    R11
0x007C       [1]    R12
0x007D       [1]    R13
0x007E       [1]    R14
0x007F       [1]    R15
0x0086       [1]    TRISB
0x0087       [0]    TRISC5_bit
0x0087       [0]    TRISC4_bit
0x0087       [0]    TRISC6_bit
0x0087       [0]    lcd_en_direction
0x0087       [0]    lcd_d4_direction
0x0087       [0]    lcd_d6_direction
0x0087       [0]    lcd_d7_direction
0x0087       [0]    lcd_d5_direction
0x0087       [0]    TRISC3_bit
0x0087       [0]    TRISC2_bit
0x0087       [0]    lcd_rs_direction
0x0087       [0]    TRISC7_bit
0x0087       [1]    TRISC
0x00A0       [1]    __Lib_SoftUART_FullBit
0x00A1       [1]    __Lib_SoftUART__tx_mask0
0x00A2       [1]    __Lib_SoftUART__rx_mask0
0x00A3       [1]    __Lib_SoftUART_HalfBit
0x00A4       [1]    __Lib_SoftUART__rx_mask1
0x00A5       [1]    __Lib_SoftUART__tx_mask1
0x00A6       [1]    __Lib_SoftUART__port_addr
0x00A7       [1]    __Lib_SoftUART_InvertMaskRd
0x00A8       [1]    FARG_Soft_UART_Read_error
0x00A8       [1]    FARG_Soft_UART_Init_port
0x00A8       [1]    FARG_Lcd_Out_row
0x00A8       [1]    FARG_Lcd_Chr_row
0x00A8       [1]    FARG_Soft_UART_Write_udata
0x00A9       [1]    Soft_UART_Write_mask_L0
0x00A9       [1]    FARG_Lcd_Out_column
0x00A9       [1]    FARG_Soft_UART_Init_rx_pin
0x00A9       [1]    Soft_UART_Read_result_L0
0x00A9       [1]    FARG_Lcd_Chr_column
0x00AA       [1]    FARG_Lcd_Out_text
0x00AA       [1]    FARG_Lcd_Chr_out_char
0x00AA       [1]    FARG_Soft_UART_Init_tx_pin
0x00AA       [1]    Soft_UART_Read_mask_L0
0x00AB       [1]    Lcd_Out_i_L0
0x00AB       [4]    FARG_Soft_UART_Init_baud_rate
0x00AF       [1]    FARG_Soft_UART_Init_inverted
0x00B0       [4]    Soft_UART_Init_q1_L0
0x00B4       [4]    Soft_UART_Init_q2_L0
0x00B8       [2]    Soft_UART_Init_temp_word_L0
0x00BA       [4]    FLOC__Soft_UART_Init
0x00BE       [1]    FARG_Lcd_Chr_CP_out_char
0x00BE       [1]    FARG_Delay_Cyc_cycles_div_by_10
0x00BF       [1]    FARG_Lcd_Cmd_out_char
//** Constants locations ** 
//ADDRESS    SIZE    CONSTANT
//----------------------------------------------
0x0603      [10]    ?ICS_read
0x060D       [7]    ?ICS?lstr2_Btpassword
0x0614       [2]    ?ICS_chk1
0x0616       [2]    ?ICS_k
0x0618      [10]    ?ICS_pass
0x0622       [6]    ?ICS?lstr1_Btpassword
0x0628      [10]    ?ICS?lstr3_Btpassword
0x0632       [7]    ?ICS?lstr6_Btpassword
0x0639       [9]    ?ICS?lstr5_Btpassword
0x0642       [9]    ?ICS?lstr4_Btpassword
