;  LST file generated by mikroListExporter - v.2.0 
; Date/Time: 30-Nov-20 8:32:38 PM
;----------------------------------------------

;Address Opcode 	ASM
0x0000	0x2803      	GOTO       3
_main:
;bitshift.c,1 :: 		void main() {
;bitshift.c,2 :: 		while(1)
L_main0:
;bitshift.c,5 :: 		trisb=0;
0x0003	0x1683      	BSF        STATUS, 5
0x0004	0x1303      	BCF        STATUS, 6
0x0005	0x0186      	CLRF       TRISB
;bitshift.c,6 :: 		portb=1;
0x0006	0x3001      	MOVLW      1
0x0007	0x1283      	BCF        STATUS, 5
0x0008	0x0086      	MOVWF      PORTB
;bitshift.c,7 :: 		delay_ms(1000);
0x0009	0x300D      	MOVLW      13
0x000A	0x00FB      	MOVWF      R11
0x000B	0x30AF      	MOVLW      175
0x000C	0x00FC      	MOVWF      R12
0x000D	0x30B6      	MOVLW      182
0x000E	0x00FD      	MOVWF      R13
L_main2:
0x000F	0x0BFD      	DECFSZ     R13, 1
0x0010	0x280F      	GOTO       L_main2
0x0011	0x0BFC      	DECFSZ     R12, 1
0x0012	0x280F      	GOTO       L_main2
0x0013	0x0BFB      	DECFSZ     R11, 1
0x0014	0x280F      	GOTO       L_main2
0x0015	0x0000      	NOP
;bitshift.c,8 :: 		for(i=0;i<7;i++)
0x0016	0x01F2      	CLRF       R2
0x0017	0x01F3      	CLRF       R2+1
L_main3:
0x0018	0x3080      	MOVLW      128
0x0019	0x0673      	XORWF      R2+1, 0
0x001A	0x00F0      	MOVWF      R0
0x001B	0x3080      	MOVLW      128
0x001C	0x0270      	SUBWF      R0, 0
0x001D	0x1D03      	BTFSS      STATUS, 2
0x001E	0x2821      	GOTO       L__main8
0x001F	0x3007      	MOVLW      7
0x0020	0x0272      	SUBWF      R2, 0
L__main8:
0x0021	0x1803      	BTFSC      STATUS, 0
0x0022	0x283C      	GOTO       L_main4
;bitshift.c,10 :: 		portb=portb<<1;;
0x0023	0x1283      	BCF        STATUS, 5
0x0024	0x1303      	BCF        STATUS, 6
0x0025	0x0806      	MOVF       PORTB, 0
0x0026	0x00F0      	MOVWF      R0
0x0027	0x0DF0      	RLF        R0, 1
0x0028	0x1070      	BCF        R0, 0
0x0029	0x0870      	MOVF       R0, 0
0x002A	0x0086      	MOVWF      PORTB
;bitshift.c,11 :: 		delay_ms(1000);
0x002B	0x300D      	MOVLW      13
0x002C	0x00FB      	MOVWF      R11
0x002D	0x30AF      	MOVLW      175
0x002E	0x00FC      	MOVWF      R12
0x002F	0x30B6      	MOVLW      182
0x0030	0x00FD      	MOVWF      R13
L_main6:
0x0031	0x0BFD      	DECFSZ     R13, 1
0x0032	0x2831      	GOTO       L_main6
0x0033	0x0BFC      	DECFSZ     R12, 1
0x0034	0x2831      	GOTO       L_main6
0x0035	0x0BFB      	DECFSZ     R11, 1
0x0036	0x2831      	GOTO       L_main6
0x0037	0x0000      	NOP
;bitshift.c,8 :: 		for(i=0;i<7;i++)
0x0038	0x0AF2      	INCF       R2, 1
0x0039	0x1903      	BTFSC      STATUS, 2
0x003A	0x0AF3      	INCF       R2+1, 1
;bitshift.c,13 :: 		}
0x003B	0x2818      	GOTO       L_main3
L_main4:
;bitshift.c,14 :: 		}
0x003C	0x2803      	GOTO       L_main0
;bitshift.c,15 :: 		}
L_end_main:
0x003D	0x283D      	GOTO       $+0
; end of _main
Symbol List:
//** Routines locations **
//ADDRESS    SIZE    PROCEDURE
//----------------------------------------------
0x0003      [59]    _main
//** Variables locations ** 
//ADDRESS    SIZE    VARIABLE
//----------------------------------------------
0x0000       [1]    INDF
0x0003       [1]    STATUS
0x0004       [1]    FSR
0x0006       [1]    PORTB
0x000A       [1]    PCLATH
0x0020       [2]    ___DoICPAddr
0x0070       [1]    R0
0x0071       [1]    R1
0x0072       [1]    R2
0x0073       [1]    R3
0x0074       [1]    R4
0x0075       [1]    R5
0x0076       [1]    R6
0x0077       [1]    R7
0x0078       [1]    R8
0x0079       [1]    R9
0x007A       [1]    R10
0x007B       [1]    R11
0x007C       [1]    R12
0x007D       [1]    R13
0x007E       [1]    R14
0x007F       [1]    R15
0x0086       [1]    TRISB
