;  LST file generated by mikroListExporter - v.2.0 
; Date/Time: 20-Nov-20 9:38:50 AM
;----------------------------------------------

;Address Opcode 	ASM
0x0000	0x2803      	GOTO       3
_main:
;brtest.c,1 :: 		void main() {
;brtest.c,2 :: 		TRISB.F7=255;
0x0003	0x1683      	BSF        STATUS, 5
0x0004	0x1303      	BCF        STATUS, 6
0x0005	0x1786      	BSF        TRISB, 7
;brtest.c,3 :: 		TRISB.F0=0;
0x0006	0x1006      	BCF        TRISB, 0
;brtest.c,5 :: 		while(1){
L_main0:
;brtest.c,6 :: 		if (!PORTB.F7)
0x0007	0x1283      	BCF        STATUS, 5
0x0008	0x1B86      	BTFSC      PORTB, 7
0x0009	0x280C      	GOTO       L_main2
;brtest.c,8 :: 		PORTB.F0=1;
0x000A	0x1406      	BSF        PORTB, 0
;brtest.c,9 :: 		}
0x000B	0x280D      	GOTO       L_main3
L_main2:
;brtest.c,12 :: 		PORTB.F0=0;
0x000C	0x1006      	BCF        PORTB, 0
;brtest.c,13 :: 		}
L_main3:
;brtest.c,14 :: 		}
0x000D	0x2807      	GOTO       L_main0
;brtest.c,15 :: 		}
L_end_main:
0x000E	0x280E      	GOTO       $+0
; end of _main
Symbol List:
//** Routines locations **
//ADDRESS    SIZE    PROCEDURE
//----------------------------------------------
0x0003      [12]    _main
//** Variables locations ** 
//ADDRESS    SIZE    VARIABLE
//----------------------------------------------
0x0000       [1]    INDF
0x0003       [1]    STATUS
0x0004       [1]    FSR
0x0006       [1]    PORTB
0x000A       [1]    PCLATH
0x0020       [2]    ___DoICPAddr
0x0070       [1]    R0
0x0071       [1]    R1
0x0072       [1]    R2
0x0073       [1]    R3
0x0074       [1]    R4
0x0075       [1]    R5
0x0076       [1]    R6
0x0077       [1]    R7
0x0078       [1]    R8
0x0079       [1]    R9
0x007A       [1]    R10
0x007B       [1]    R11
0x007C       [1]    R12
0x007D       [1]    R13
0x007E       [1]    R14
0x007F       [1]    R15
0x0086       [1]    TRISB
