;  LST file generated by mikroListExporter - v.2.0 
; Date/Time: 25-Aug-21 10:32:37 PM
;----------------------------------------------

;Address Opcode 	ASM
0x0000	0x2816      	GOTO       22
_____DoICP:
;__Lib_System.c,6 :: 		
;__Lib_System.c,9 :: 		
0x0003	0x1283      	BCF        STATUS, 5
0x0004	0x1303      	BCF        STATUS, 6
0x0005	0x0832      	MOVF       ___DoICPAddr+1, 0
0x0006	0x008A      	MOVWF      PCLATH
;__Lib_System.c,10 :: 		
0x0007	0x0831      	MOVF       ___DoICPAddr, 0
0x0008	0x0082      	MOVWF      PCL
;__Lib_System.c,12 :: 		
L_end_____DoICP:
0x0009	0x0008      	RETURN
; end of _____DoICP
___CC2DW:
;__Lib_System.c,134 :: 		
;__Lib_System.c,137 :: 		
_CC2D_Loop1:
;__Lib_System.c,139 :: 		
0x000A	0x2003      	CALL       _____DoICP
0x000B	0x118A      	BCF        PCLATH, 3
0x000C	0x120A      	BCF        PCLATH, 4
;__Lib_System.c,141 :: 		
0x000D	0x0080      	MOVWF      INDF
;__Lib_System.c,142 :: 		
0x000E	0x0A84      	INCF       FSR, 1
;__Lib_System.c,143 :: 		
0x000F	0x0AB1      	INCF       ___DoICPAddr, 1
;__Lib_System.c,145 :: 		
0x0010	0x1903      	BTFSC      STATUS, 2
;__Lib_System.c,146 :: 		
0x0011	0x0AB2      	INCF       ___DoICPAddr+1, 1
;__Lib_System.c,147 :: 		
0x0012	0x03F0      	DECF       R0, 1
;__Lib_System.c,149 :: 		
0x0013	0x1D03      	BTFSS      STATUS, 2
;__Lib_System.c,150 :: 		
0x0014	0x280A      	GOTO       _CC2D_Loop1
;__Lib_System.c,152 :: 		
L_end___CC2DW:
0x0015	0x0008      	RETURN
; end of ___CC2DW
_main:
0x0016	0x303F      	MOVLW      63
0x0017	0x1283      	BCF        STATUS, 5
0x0018	0x1303      	BCF        STATUS, 6
0x0019	0x00A0      	MOVWF      _sevenseg
0x001A	0x3006      	MOVLW      6
0x001B	0x00A1      	MOVWF      33
0x001C	0x305B      	MOVLW      91
0x001D	0x00A2      	MOVWF      34
0x001E	0x304F      	MOVLW      79
0x001F	0x00A3      	MOVWF      35
0x0020	0x3066      	MOVLW      102
0x0021	0x00A4      	MOVWF      36
0x0022	0x306D      	MOVLW      109
0x0023	0x00A5      	MOVWF      37
0x0024	0x307D      	MOVLW      125
0x0025	0x00A6      	MOVWF      38
0x0026	0x3007      	MOVLW      7
0x0027	0x00A7      	MOVWF      39
0x0028	0x307F      	MOVLW      127
0x0029	0x00A8      	MOVWF      40
0x002A	0x306F      	MOVLW      111
0x002B	0x00A9      	MOVWF      41
0x002C	0x3077      	MOVLW      119
0x002D	0x00AA      	MOVWF      42
0x002E	0x307C      	MOVLW      124
0x002F	0x00AB      	MOVWF      43
0x0030	0x3039      	MOVLW      57
0x0031	0x00AC      	MOVWF      44
0x0032	0x305E      	MOVLW      94
0x0033	0x00AD      	MOVWF      45
0x0034	0x3079      	MOVLW      121
0x0035	0x00AE      	MOVWF      46
0x0036	0x3071      	MOVLW      113
0x0037	0x00AF      	MOVWF      47
;bcdto7segment.c,3 :: 		void main() {
;bcdto7segment.c,4 :: 		trisb=0x0f;
0x0038	0x300F      	MOVLW      15
0x0039	0x1683      	BSF        STATUS, 5
0x003A	0x0086      	MOVWF      TRISB
;bcdto7segment.c,5 :: 		trisc=0x00;
0x003B	0x0187      	CLRF       TRISC
;bcdto7segment.c,6 :: 		number=0;
0x003C	0x1283      	BCF        STATUS, 5
0x003D	0x01B0      	CLRF       _number
;bcdto7segment.c,7 :: 		while(1)
L_main0:
;bcdto7segment.c,9 :: 		number=portb&0x0f;
0x003E	0x300F      	MOVLW      15
0x003F	0x0506      	ANDWF      PORTB, 0
0x0040	0x00F0      	MOVWF      R0
0x0041	0x0870      	MOVF       R0, 0
0x0042	0x00B0      	MOVWF      _number
;bcdto7segment.c,10 :: 		portc=sevenseg[number];
0x0043	0x0870      	MOVF       R0, 0
0x0044	0x3E20      	ADDLW      _sevenseg
0x0045	0x0084      	MOVWF      FSR
0x0046	0x0800      	MOVF       INDF, 0
0x0047	0x0087      	MOVWF      PORTC
;bcdto7segment.c,11 :: 		}
0x0048	0x283E      	GOTO       L_main0
;bcdto7segment.c,12 :: 		}
L_end_main:
0x0049	0x2849      	GOTO       $+0
; end of _main
Symbol List:
//** Routines locations **
//ADDRESS    SIZE    PROCEDURE
//----------------------------------------------
0x0003       [7]    _____DoICP
0x000A      [12]    ___CC2DW
0x0016      [52]    _main
//** Variables locations ** 
//ADDRESS    SIZE    VARIABLE
//----------------------------------------------
0x0000       [1]    INDF
0x0002       [1]    PCL
0x0003       [1]    STATUS
0x0004       [1]    FSR
0x0006       [1]    PORTB
0x0007       [1]    PORTC
0x000A       [1]    PCLATH
0x0020      [16]    _sevenseg
0x0030       [1]    _number
0x0031       [2]    ___DoICPAddr
0x0070       [1]    R0
0x0071       [1]    R1
0x0072       [1]    R2
0x0073       [1]    R3
0x0074       [1]    R4
0x0075       [1]    R5
0x0076       [1]    R6
0x0077       [1]    R7
0x0078       [1]    R8
0x0079       [1]    R9
0x007A       [1]    R10
0x007B       [1]    R11
0x007C       [1]    R12
0x007D       [1]    R13
0x007E       [1]    R14
0x007F       [1]    R15
0x0086       [1]    TRISB
0x0087       [1]    TRISC
