;  LST file generated by mikroListExporter - v.2.0 
; Date/Time: 25-Jun-21 11:09:00 AM
;----------------------------------------------

;Address Opcode 	ASM
0x0000	0x28CE      	GOTO       206
_interrupt:
0x0004	0x00FF      	MOVWF      R15
0x0005	0x0E03      	SWAPF      STATUS, 0
0x0006	0x0183      	CLRF       STATUS
0x0007	0x00A4      	MOVWF      ___saveSTATUS
0x0008	0x080A      	MOVF       PCLATH, 0
0x0009	0x00A5      	MOVWF      ___savePCLATH
0x000A	0x018A      	CLRF       PCLATH
;multipleInterrupts.c,2 :: 		void interrupt(){
;multipleInterrupts.c,3 :: 		unresolved line
0x000B	0x1C0B      	BTFSS      RBIF_bit, BitPos(RBIF_bit+0)
0x000C	0x28C7      	GOTO       L_interrupt0
;multipleInterrupts.c,5 :: 		unresolved line
0x000D	0x0806      	MOVF       PORTB, 0
0x000E	0x00F3      	MOVWF      R3
;multipleInterrupts.c,6 :: 		unresolved line
0x000F	0x30F0      	MOVLW      240
0x0010	0x0573      	ANDWF      R3, 0
0x0011	0x00F1      	MOVWF      R1
0x0012	0x3000      	MOVLW      0
0x0013	0x1BF3      	BTFSC      R3, 7
0x0014	0x30FF      	MOVLW      255
0x0015	0x00F2      	MOVWF      R1+1
0x0016	0x3000      	MOVLW      0
0x0017	0x05F2      	ANDWF      R1+1, 1
0x0018	0x3000      	MOVLW      0
0x0019	0x0672      	XORWF      R1+1, 0
0x001A	0x1D03      	BTFSS      STATUS, 2
0x001B	0x281E      	GOTO       L__interrupt22
0x001C	0x30E0      	MOVLW      224
0x001D	0x0671      	XORWF      R1, 0
L__interrupt22:
0x001E	0x1D03      	BTFSS      STATUS, 2
0x001F	0x2831      	GOTO       L_interrupt1
0x0020	0x1407      	BSF        PORTC, 0
0x0021	0x3006      	MOVLW      6
0x0022	0x00FB      	MOVWF      R11
0x0023	0x3013      	MOVLW      19
0x0024	0x00FC      	MOVWF      R12
0x0025	0x30AD      	MOVLW      173
0x0026	0x00FD      	MOVWF      R13
L_interrupt2:
0x0027	0x0BFD      	DECFSZ     R13, 1
0x0028	0x2827      	GOTO       L_interrupt2
0x0029	0x0BFC      	DECFSZ     R12, 1
0x002A	0x2827      	GOTO       L_interrupt2
0x002B	0x0BFB      	DECFSZ     R11, 1
0x002C	0x2827      	GOTO       L_interrupt2
0x002D	0x0000      	NOP
0x002E	0x0000      	NOP
0x002F	0x1007      	BCF        PORTC, 0
0x0030	0x28C6      	GOTO       L_interrupt3
L_interrupt1:
;multipleInterrupts.c,7 :: 		unresolved line
0x0031	0x30F0      	MOVLW      240
0x0032	0x0573      	ANDWF      R3, 0
0x0033	0x00F1      	MOVWF      R1
0x0034	0x3000      	MOVLW      0
0x0035	0x1BF3      	BTFSC      R3, 7
0x0036	0x30FF      	MOVLW      255
0x0037	0x00F2      	MOVWF      R1+1
0x0038	0x3000      	MOVLW      0
0x0039	0x05F2      	ANDWF      R1+1, 1
0x003A	0x3000      	MOVLW      0
0x003B	0x0672      	XORWF      R1+1, 0
0x003C	0x1D03      	BTFSS      STATUS, 2
0x003D	0x2840      	GOTO       L__interrupt23
0x003E	0x30D0      	MOVLW      208
0x003F	0x0671      	XORWF      R1, 0
L__interrupt23:
0x0040	0x1D03      	BTFSS      STATUS, 2
0x0041	0x2853      	GOTO       L_interrupt4
0x0042	0x1487      	BSF        PORTC, 1
0x0043	0x3006      	MOVLW      6
0x0044	0x00FB      	MOVWF      R11
0x0045	0x3013      	MOVLW      19
0x0046	0x00FC      	MOVWF      R12
0x0047	0x30AD      	MOVLW      173
0x0048	0x00FD      	MOVWF      R13
L_interrupt5:
0x0049	0x0BFD      	DECFSZ     R13, 1
0x004A	0x2849      	GOTO       L_interrupt5
0x004B	0x0BFC      	DECFSZ     R12, 1
0x004C	0x2849      	GOTO       L_interrupt5
0x004D	0x0BFB      	DECFSZ     R11, 1
0x004E	0x2849      	GOTO       L_interrupt5
0x004F	0x0000      	NOP
0x0050	0x0000      	NOP
0x0051	0x1087      	BCF        PORTC, 1
0x0052	0x28C6      	GOTO       L_interrupt6
L_interrupt4:
;multipleInterrupts.c,8 :: 		unresolved line
0x0053	0x30F0      	MOVLW      240
0x0054	0x0573      	ANDWF      R3, 0
0x0055	0x00F1      	MOVWF      R1
0x0056	0x3000      	MOVLW      0
0x0057	0x1BF3      	BTFSC      R3, 7
0x0058	0x30FF      	MOVLW      255
0x0059	0x00F2      	MOVWF      R1+1
0x005A	0x3000      	MOVLW      0
0x005B	0x05F2      	ANDWF      R1+1, 1
0x005C	0x3000      	MOVLW      0
0x005D	0x0672      	XORWF      R1+1, 0
0x005E	0x1D03      	BTFSS      STATUS, 2
0x005F	0x2862      	GOTO       L__interrupt24
0x0060	0x30B0      	MOVLW      176
0x0061	0x0671      	XORWF      R1, 0
L__interrupt24:
0x0062	0x1D03      	BTFSS      STATUS, 2
0x0063	0x2875      	GOTO       L_interrupt7
0x0064	0x1487      	BSF        PORTC, 1
0x0065	0x3006      	MOVLW      6
0x0066	0x00FB      	MOVWF      R11
0x0067	0x3013      	MOVLW      19
0x0068	0x00FC      	MOVWF      R12
0x0069	0x30AD      	MOVLW      173
0x006A	0x00FD      	MOVWF      R13
L_interrupt8:
0x006B	0x0BFD      	DECFSZ     R13, 1
0x006C	0x286B      	GOTO       L_interrupt8
0x006D	0x0BFC      	DECFSZ     R12, 1
0x006E	0x286B      	GOTO       L_interrupt8
0x006F	0x0BFB      	DECFSZ     R11, 1
0x0070	0x286B      	GOTO       L_interrupt8
0x0071	0x0000      	NOP
0x0072	0x0000      	NOP
0x0073	0x1087      	BCF        PORTC, 1
0x0074	0x28C6      	GOTO       L_interrupt9
L_interrupt7:
;multipleInterrupts.c,9 :: 		unresolved line
0x0075	0x30F0      	MOVLW      240
0x0076	0x0573      	ANDWF      R3, 0
0x0077	0x00F1      	MOVWF      R1
0x0078	0x3000      	MOVLW      0
0x0079	0x1BF3      	BTFSC      R3, 7
0x007A	0x30FF      	MOVLW      255
0x007B	0x00F2      	MOVWF      R1+1
0x007C	0x3000      	MOVLW      0
0x007D	0x05F2      	ANDWF      R1+1, 1
0x007E	0x3000      	MOVLW      0
0x007F	0x0672      	XORWF      R1+1, 0
0x0080	0x1D03      	BTFSS      STATUS, 2
0x0081	0x2884      	GOTO       L__interrupt25
0x0082	0x3070      	MOVLW      112
0x0083	0x0671      	XORWF      R1, 0
L__interrupt25:
0x0084	0x1D03      	BTFSS      STATUS, 2
0x0085	0x2897      	GOTO       L_interrupt10
0x0086	0x1487      	BSF        PORTC, 1
0x0087	0x3006      	MOVLW      6
0x0088	0x00FB      	MOVWF      R11
0x0089	0x3013      	MOVLW      19
0x008A	0x00FC      	MOVWF      R12
0x008B	0x30AD      	MOVLW      173
0x008C	0x00FD      	MOVWF      R13
L_interrupt11:
0x008D	0x0BFD      	DECFSZ     R13, 1
0x008E	0x288D      	GOTO       L_interrupt11
0x008F	0x0BFC      	DECFSZ     R12, 1
0x0090	0x288D      	GOTO       L_interrupt11
0x0091	0x0BFB      	DECFSZ     R11, 1
0x0092	0x288D      	GOTO       L_interrupt11
0x0093	0x0000      	NOP
0x0094	0x0000      	NOP
0x0095	0x1087      	BCF        PORTC, 1
0x0096	0x28C6      	GOTO       L_interrupt12
L_interrupt10:
;multipleInterrupts.c,10 :: 		unresolved line
0x0097	0x01A2      	CLRF       _i
0x0098	0x01A3      	CLRF       _i+1
L_interrupt13:
0x0099	0x3080      	MOVLW      128
0x009A	0x0623      	XORWF      _i+1, 0
0x009B	0x00F0      	MOVWF      R0
0x009C	0x3080      	MOVLW      128
0x009D	0x0270      	SUBWF      R0, 0
0x009E	0x1D03      	BTFSS      STATUS, 2
0x009F	0x28A2      	GOTO       L__interrupt26
0x00A0	0x3003      	MOVLW      3
0x00A1	0x0222      	SUBWF      _i, 0
L__interrupt26:
0x00A2	0x1803      	BTFSC      STATUS, 0
0x00A3	0x28C6      	GOTO       L_interrupt14
0x00A4	0x1407      	BSF        PORTC, 0
0x00A5	0x3003      	MOVLW      3
0x00A6	0x00FB      	MOVWF      R11
0x00A7	0x308A      	MOVLW      138
0x00A8	0x00FC      	MOVWF      R12
0x00A9	0x3055      	MOVLW      85
0x00AA	0x00FD      	MOVWF      R13
L_interrupt16:
0x00AB	0x0BFD      	DECFSZ     R13, 1
0x00AC	0x28AB      	GOTO       L_interrupt16
0x00AD	0x0BFC      	DECFSZ     R12, 1
0x00AE	0x28AB      	GOTO       L_interrupt16
0x00AF	0x0BFB      	DECFSZ     R11, 1
0x00B0	0x28AB      	GOTO       L_interrupt16
0x00B1	0x0000      	NOP
0x00B2	0x0000      	NOP
0x00B3	0x1007      	BCF        PORTC, 0
0x00B4	0x3003      	MOVLW      3
0x00B5	0x00FB      	MOVWF      R11
0x00B6	0x308A      	MOVLW      138
0x00B7	0x00FC      	MOVWF      R12
0x00B8	0x3055      	MOVLW      85
0x00B9	0x00FD      	MOVWF      R13
L_interrupt17:
0x00BA	0x0BFD      	DECFSZ     R13, 1
0x00BB	0x28BA      	GOTO       L_interrupt17
0x00BC	0x0BFC      	DECFSZ     R12, 1
0x00BD	0x28BA      	GOTO       L_interrupt17
0x00BE	0x0BFB      	DECFSZ     R11, 1
0x00BF	0x28BA      	GOTO       L_interrupt17
0x00C0	0x0000      	NOP
0x00C1	0x0000      	NOP
0x00C2	0x0AA2      	INCF       _i, 1
0x00C3	0x1903      	BTFSC      STATUS, 2
0x00C4	0x0AA3      	INCF       _i+1, 1
0x00C5	0x2899      	GOTO       L_interrupt13
L_interrupt14:
L_interrupt12:
L_interrupt9:
L_interrupt6:
L_interrupt3:
;multipleInterrupts.c,12 :: 		unresolved line
0x00C6	0x100B      	BCF        RBIF_bit, BitPos(RBIF_bit+0)
;multipleInterrupts.c,14 :: 		unresolved line
L_interrupt0:
;multipleInterrupts.c,15 :: 		unresolved line
L_end_interrupt:
L__interrupt21:
0x00C7	0x0825      	MOVF       ___savePCLATH, 0
0x00C8	0x008A      	MOVWF      PCLATH
0x00C9	0x0E24      	SWAPF      ___saveSTATUS, 0
0x00CA	0x0083      	MOVWF      STATUS
0x00CB	0x0EFF      	SWAPF      R15, 1
0x00CC	0x0E7F      	SWAPF      R15, 0
0x00CD	0x0009      	RETFIE
; end of _interrupt
_main:
;multipleInterrupts.c,16 :: 		unresolved line
;multipleInterrupts.c,18 :: 		unresolved line
0x00CE	0x1683      	BSF        STATUS, 5
0x00CF	0x1303      	BCF        STATUS, 6
0x00D0	0x0181      	CLRF       OPTION_REG
;multipleInterrupts.c,19 :: 		unresolved line
0x00D1	0x1786      	BSF        TRISB, 7
0x00D2	0x1B86      	BTFSC      TRISB, 7
0x00D3	0x28D6      	GOTO       L__main28
0x00D4	0x1306      	BCF        TRISB, 6
0x00D5	0x28D7      	GOTO       L__main29
L__main28:
0x00D6	0x1706      	BSF        TRISB, 6
L__main29:
0x00D7	0x1B06      	BTFSC      TRISB, 6
0x00D8	0x28DB      	GOTO       L__main30
0x00D9	0x1286      	BCF        TRISB, 5
0x00DA	0x28DC      	GOTO       L__main31
L__main30:
0x00DB	0x1686      	BSF        TRISB, 5
L__main31:
0x00DC	0x1A86      	BTFSC      TRISB, 5
0x00DD	0x28E0      	GOTO       L__main32
0x00DE	0x1206      	BCF        TRISB, 4
0x00DF	0x28E1      	GOTO       L__main33
L__main32:
0x00E0	0x1606      	BSF        TRISB, 4
L__main33:
;multipleInterrupts.c,20 :: 		unresolved line
0x00E1	0x1187      	BCF        TRISC, 3
0x00E2	0x1987      	BTFSC      TRISC, 3
0x00E3	0x28E6      	GOTO       L__main34
0x00E4	0x1107      	BCF        TRISC, 2
0x00E5	0x28E7      	GOTO       L__main35
L__main34:
0x00E6	0x1507      	BSF        TRISC, 2
L__main35:
0x00E7	0x1907      	BTFSC      TRISC, 2
0x00E8	0x28EB      	GOTO       L__main36
0x00E9	0x1087      	BCF        TRISC, 1
0x00EA	0x28EC      	GOTO       L__main37
L__main36:
0x00EB	0x1487      	BSF        TRISC, 1
L__main37:
0x00EC	0x1887      	BTFSC      TRISC, 1
0x00ED	0x28F0      	GOTO       L__main38
0x00EE	0x1007      	BCF        TRISC, 0
0x00EF	0x28F1      	GOTO       L__main39
L__main38:
0x00F0	0x1407      	BSF        TRISC, 0
L__main39:
;multipleInterrupts.c,21 :: 		unresolved line
0x00F1	0x178B      	BSF        GIE_bit, BitPos(GIE_bit+0)
;multipleInterrupts.c,22 :: 		unresolved line
0x00F2	0x170B      	BSF        PEIE_bit, BitPos(PEIE_bit+0)
;multipleInterrupts.c,23 :: 		unresolved line
0x00F3	0x158B      	BSF        RBIE_bit, BitPos(RBIE_bit+0)
;multipleInterrupts.c,24 :: 		unresolved line
0x00F4	0x100B      	BCF        RBIF_bit, BitPos(RBIF_bit+0)
;multipleInterrupts.c,25 :: 		unresolved line
L_main18:
0x00F5	0x1283      	BCF        STATUS, 5
0x00F6	0x1187      	BCF        PORTC, 3
0x00F7	0x1987      	BTFSC      PORTC, 3
0x00F8	0x28FB      	GOTO       L__main40
0x00F9	0x1107      	BCF        PORTC, 2
0x00FA	0x28FC      	GOTO       L__main41
L__main40:
0x00FB	0x1507      	BSF        PORTC, 2
L__main41:
0x00FC	0x1907      	BTFSC      PORTC, 2
0x00FD	0x2900      	GOTO       L__main42
0x00FE	0x1087      	BCF        PORTC, 1
0x00FF	0x2901      	GOTO       L__main43
L__main42:
0x0100	0x1487      	BSF        PORTC, 1
L__main43:
0x0101	0x1887      	BTFSC      PORTC, 1
0x0102	0x2905      	GOTO       L__main44
0x0103	0x1007      	BCF        PORTC, 0
0x0104	0x2906      	GOTO       L__main45
L__main44:
0x0105	0x1407      	BSF        PORTC, 0
L__main45:
0x0106	0x28F5      	GOTO       L_main18
;multipleInterrupts.c,26 :: 		unresolved line
L_end_main:
0x0107	0x2907      	GOTO       $+0
; end of _main
Symbol List:
//** Routines locations **
//ADDRESS    SIZE    PROCEDURE
//----------------------------------------------
0x0004     [202]    _interrupt
0x00CE      [58]    _main
//** Variables locations ** 
//ADDRESS    SIZE    VARIABLE
//----------------------------------------------
0x0000       [1]    INDF
0x0003       [1]    STATUS
0x0004       [1]    FSR
0x0006       [1]    PORTB
0x0007       [1]    PORTC
0x000A       [1]    PCLATH
0x000B       [0]    PEIE_bit
0x000B       [0]    RBIF_bit
0x000B       [0]    GIE_bit
0x000B       [0]    RBIE_bit
0x0020       [2]    ___DoICPAddr
0x0022       [2]    _i
0x0024       [1]    ___saveSTATUS
0x0025       [1]    ___savePCLATH
0x0070       [1]    R0
0x0071       [1]    R1
0x0072       [1]    R2
0x0073       [1]    R3
0x0074       [1]    R4
0x0075       [1]    R5
0x0076       [1]    R6
0x0077       [1]    R7
0x0078       [1]    R8
0x0079       [1]    R9
0x007A       [1]    R10
0x007B       [1]    R11
0x007C       [1]    R12
0x007D       [1]    R13
0x007E       [1]    R14
0x007F       [1]    R15
0x0081       [1]    OPTION_REG
0x0086       [1]    TRISB
0x0087       [1]    TRISC
