
ROM used:   1098/2048 (54%)
            1098/2048 (54%) including unused fragments

            1.0 Average locations per line
            5.5 Average locations per statement

RAM used:   11/128 (9%) at main() level
            28/128 (22%) worst case

Stack used: 6 worst case (6 in main + 0 for interrupts)
Stack size: 8

Lines Stmts  %   Files
----- ----- ---  -----
  142   101  50  main.c
  537     0   0  C:\Program Files (x86)\PICC\Devices\16F72.h
  456   100  50  C:\Program Files (x86)\PICC\Drivers\lcd.c
----- -----
 1135   201 Total

Page ROM  %  RAM   Vol Diff  Functions:
---- --- --- ---   --- ----  ----------
0     19   2    1             @delay_ms1
 Inline         3   760  4.5  lcd_read_byte
0     37   3    2   262  3.7  lcd_read_nibble
0     30   3    1   399  2.4  lcd_send_nibble
0     68   6    3   415  3.7  lcd_send_byte
0     60   5    6   852  6.2  lcd_init
0     18   2    4   208  6.3  lcd_gotoxy
0     44   4    1   354  4.7  lcd_putc
0     55   5    3             @I2C_READ_1
0     56   5    1  1629  3.9  @I2C_WRITE_1
0     53   5    3    68  3.0  bcd_to_decimal
 Inline         2  1629  3.9  @MUL88
0     18   2    2    72  3.0  decimal_to_bcd
0     21   2    3  1629  3.9  @DIV88
0     91   8    0   743  2.4  ds3231_display
0     53   5    2             @PRINTF_U_576
0     15   1    1   125  3.4  blink
0     92   8    3   979  6.2  edit
0      2   0    0             @const626
0     86   8    4  1629  3.9  @PSTRINGC7_576
0    261  24    0  1629  3.9  MAIN
0      7   1    0             @const632
0      8   1    0             @const633
 Inline         0             @cinit1

Program metrics:
    Functions               17
    Statements              201
    Comments                275
    Volume (V)              21217
    Difficulty (D)          69.4
    Effort to implement (E) 1472156
    Time to implement (T)   22 hours, 43 minutes
    Est Delivered Bugs (B)  4
    Cyclomatic Complexity   19
    Maintainability (MI)    91

 Segment     Used  Free
-----------  ----  ----
00000-00003     4  0  
00004-007FF  1094  950  



