;  LST file generated by mikroListExporter - v.2.0 
; Date/Time: 05-Sep-21 12:30:15 PM
;----------------------------------------------

;Address Opcode 	ASM
0x0000	0x2803      	GOTO       3
_main:
;ledblink.c,4 :: 		void main() {
;ledblink.c,5 :: 		TRISA.RA0=0x00 ;          // Set direction of the PORTA  as output
0x0003	0x1683      	BSF        STATUS, 5
0x0004	0x1005      	BCF        TRISA, 0
;ledblink.c,6 :: 		OSCCAL=0x3f;          //Load Oscillator caliberation register
0x0005	0x303F      	MOVLW      63
0x0006	0x0090      	MOVWF      OSCCAL
;ledblink.c,7 :: 		ANSEL=0x00;           // Use all analog input pins as Digital I/O pins
0x0007	0x0191      	CLRF       ANSEL
;ledblink.c,10 :: 		while(1)
L_main0:
;ledblink.c,12 :: 		PORTA.RA0=ON;         DELAY_MS(1000);           // One second ON
0x0008	0x1283      	BCF        STATUS, 5
0x0009	0x1405      	BSF        PORTA, 0
0x000A	0x3006      	MOVLW      6
0x000B	0x00DB      	MOVWF      R11
0x000C	0x3013      	MOVLW      19
0x000D	0x00DC      	MOVWF      R12
0x000E	0x30AD      	MOVLW      173
0x000F	0x00DD      	MOVWF      R13
L_main2:
0x0010	0x0BDD      	DECFSZ     R13, 1
0x0011	0x2810      	GOTO       L_main2
0x0012	0x0BDC      	DECFSZ     R12, 1
0x0013	0x2810      	GOTO       L_main2
0x0014	0x0BDB      	DECFSZ     R11, 1
0x0015	0x2810      	GOTO       L_main2
0x0016	0x0000      	NOP
0x0017	0x0000      	NOP
;ledblink.c,13 :: 		PORTA.RA0=OFF;        DELAY_MS(1000);         // One second OFF
0x0018	0x1005      	BCF        PORTA, 0
0x0019	0x3006      	MOVLW      6
0x001A	0x00DB      	MOVWF      R11
0x001B	0x3013      	MOVLW      19
0x001C	0x00DC      	MOVWF      R12
0x001D	0x30AD      	MOVLW      173
0x001E	0x00DD      	MOVWF      R13
L_main3:
0x001F	0x0BDD      	DECFSZ     R13, 1
0x0020	0x281F      	GOTO       L_main3
0x0021	0x0BDC      	DECFSZ     R12, 1
0x0022	0x281F      	GOTO       L_main3
0x0023	0x0BDB      	DECFSZ     R11, 1
0x0024	0x281F      	GOTO       L_main3
0x0025	0x0000      	NOP
0x0026	0x0000      	NOP
;ledblink.c,15 :: 		}
0x0027	0x2808      	GOTO       L_main0
;ledblink.c,16 :: 		}
L_end_main:
0x0028	0x2828      	GOTO       $+0
; end of _main
Symbol List:
//** Routines locations **
//ADDRESS    SIZE    PROCEDURE
//----------------------------------------------
0x0003      [38]    _main
//** Variables locations ** 
//ADDRESS    SIZE    VARIABLE
//----------------------------------------------
0x0000       [1]    INDF
0x0003       [1]    STATUS
0x0004       [1]    FSR
0x0005       [1]    PORTA
0x000A       [1]    PCLATH
0x0020       [2]    ___DoICPAddr
0x0050       [1]    R0
0x0051       [1]    R1
0x0052       [1]    R2
0x0053       [1]    R3
0x0054       [1]    R4
0x0055       [1]    R5
0x0056       [1]    R6
0x0057       [1]    R7
0x0058       [1]    R8
0x0059       [1]    R9
0x005A       [1]    R10
0x005B       [1]    R11
0x005C       [1]    R12
0x005D       [1]    R13
0x005E       [1]    R14
0x005F       [1]    R15
0x0085       [1]    TRISA
0x0090       [1]    OSCCAL
0x0091       [1]    ANSEL
