;  LST file generated by mikroListExporter - v.2.0 
; Date/Time: 05-Dec-20 9:50:22 AM
;----------------------------------------------

;Address Opcode 	ASM
0x0000	0x2803      	GOTO       3
_main:
;ledlock.c,1 :: 		void main() {
;ledlock.c,2 :: 		trisb.rb0=0;
0x0003	0x1683      	BSF        STATUS, 5
0x0004	0x1303      	BCF        STATUS, 6
0x0005	0x1006      	BCF        TRISB, 0
;ledlock.c,4 :: 		trisc.rc0=trisc.rc1=trisc.rc2=trisc.rc3=trisc.rc4=trisc.rc5=trisc.rc6=trisc.rc7=255;
0x0006	0x1787      	BSF        TRISC, 7
0x0007	0x1B87      	BTFSC      TRISC, 7
0x0008	0x280B      	GOTO       L__main9
0x0009	0x1307      	BCF        TRISC, 6
0x000A	0x280C      	GOTO       L__main10
L__main9:
0x000B	0x1707      	BSF        TRISC, 6
L__main10:
0x000C	0x1B07      	BTFSC      TRISC, 6
0x000D	0x2810      	GOTO       L__main11
0x000E	0x1287      	BCF        TRISC, 5
0x000F	0x2811      	GOTO       L__main12
L__main11:
0x0010	0x1687      	BSF        TRISC, 5
L__main12:
0x0011	0x1A87      	BTFSC      TRISC, 5
0x0012	0x2815      	GOTO       L__main13
0x0013	0x1207      	BCF        TRISC, 4
0x0014	0x2816      	GOTO       L__main14
L__main13:
0x0015	0x1607      	BSF        TRISC, 4
L__main14:
0x0016	0x1A07      	BTFSC      TRISC, 4
0x0017	0x281A      	GOTO       L__main15
0x0018	0x1187      	BCF        TRISC, 3
0x0019	0x281B      	GOTO       L__main16
L__main15:
0x001A	0x1587      	BSF        TRISC, 3
L__main16:
0x001B	0x1987      	BTFSC      TRISC, 3
0x001C	0x281F      	GOTO       L__main17
0x001D	0x1107      	BCF        TRISC, 2
0x001E	0x2820      	GOTO       L__main18
L__main17:
0x001F	0x1507      	BSF        TRISC, 2
L__main18:
0x0020	0x1907      	BTFSC      TRISC, 2
0x0021	0x2824      	GOTO       L__main19
0x0022	0x1087      	BCF        TRISC, 1
0x0023	0x2825      	GOTO       L__main20
L__main19:
0x0024	0x1487      	BSF        TRISC, 1
L__main20:
0x0025	0x1887      	BTFSC      TRISC, 1
0x0026	0x2829      	GOTO       L__main21
0x0027	0x1007      	BCF        TRISC, 0
0x0028	0x282A      	GOTO       L__main22
L__main21:
0x0029	0x1407      	BSF        TRISC, 0
L__main22:
;ledlock.c,6 :: 		while(1)
L_main0:
;ledlock.c,9 :: 		if (portc.rc0 && portc.rc1 && portc.rc2 && portc.rc3 && !portc.rc4 && !portc.rc5  && !portc.rc6 && !portc.rc7)
0x002A	0x1283      	BCF        STATUS, 5
0x002B	0x1C07      	BTFSS      PORTC, 0
0x002C	0x284B      	GOTO       L_main4
0x002D	0x1C87      	BTFSS      PORTC, 1
0x002E	0x284B      	GOTO       L_main4
0x002F	0x1D07      	BTFSS      PORTC, 2
0x0030	0x284B      	GOTO       L_main4
0x0031	0x1D87      	BTFSS      PORTC, 3
0x0032	0x284B      	GOTO       L_main4
0x0033	0x1A07      	BTFSC      PORTC, 4
0x0034	0x284B      	GOTO       L_main4
0x0035	0x1A87      	BTFSC      PORTC, 5
0x0036	0x284B      	GOTO       L_main4
0x0037	0x1B07      	BTFSC      PORTC, 6
0x0038	0x284B      	GOTO       L_main4
0x0039	0x1B87      	BTFSC      PORTC, 7
0x003A	0x284B      	GOTO       L_main4
L__main7:
;ledlock.c,11 :: 		portb.rb0=1;
0x003B	0x1406      	BSF        PORTB, 0
;ledlock.c,12 :: 		delay_ms(1000);
0x003C	0x300B      	MOVLW      11
0x003D	0x00FB      	MOVWF      R11
0x003E	0x3026      	MOVLW      38
0x003F	0x00FC      	MOVWF      R12
0x0040	0x305D      	MOVLW      93
0x0041	0x00FD      	MOVWF      R13
L_main5:
0x0042	0x0BFD      	DECFSZ     R13, 1
0x0043	0x2842      	GOTO       L_main5
0x0044	0x0BFC      	DECFSZ     R12, 1
0x0045	0x2842      	GOTO       L_main5
0x0046	0x0BFB      	DECFSZ     R11, 1
0x0047	0x2842      	GOTO       L_main5
0x0048	0x0000      	NOP
0x0049	0x0000      	NOP
;ledlock.c,13 :: 		}
0x004A	0x284C      	GOTO       L_main6
L_main4:
;ledlock.c,16 :: 		portb.rb0=0;
0x004B	0x1006      	BCF        PORTB, 0
;ledlock.c,17 :: 		}
L_main6:
;ledlock.c,19 :: 		}
0x004C	0x282A      	GOTO       L_main0
;ledlock.c,20 :: 		}
L_end_main:
0x004D	0x284D      	GOTO       $+0
; end of _main
Symbol List:
//** Routines locations **
//ADDRESS    SIZE    PROCEDURE
//----------------------------------------------
0x0003      [75]    _main
//** Variables locations ** 
//ADDRESS    SIZE    VARIABLE
//----------------------------------------------
0x0000       [1]    INDF
0x0003       [1]    STATUS
0x0004       [1]    FSR
0x0006       [1]    PORTB
0x0007       [1]    PORTC
0x000A       [1]    PCLATH
0x0020       [2]    ___DoICPAddr
0x0070       [1]    R0
0x0071       [1]    R1
0x0072       [1]    R2
0x0073       [1]    R3
0x0074       [1]    R4
0x0075       [1]    R5
0x0076       [1]    R6
0x0077       [1]    R7
0x0078       [1]    R8
0x0079       [1]    R9
0x007A       [1]    R10
0x007B       [1]    R11
0x007C       [1]    R12
0x007D       [1]    R13
0x007E       [1]    R14
0x007F       [1]    R15
0x0086       [1]    TRISB
0x0087       [1]    TRISC
