;  LST file generated by mikroListExporter - v.2.0 
; Date/Time: 16-Dec-20 1:28:56 PM
;----------------------------------------------

;Address Opcode 	ASM
0x0000	0x2A05      	GOTO       517
_Delay_1us:
;__Lib_Delays.c,7 :: 		void Delay_1us() {
;__Lib_Delays.c,8 :: 		Delay_us(1);
0x0003	0x0000      	NOP
0x0004	0x0000      	NOP
;__Lib_Delays.c,9 :: 		}
L_end_Delay_1us:
0x0005	0x0008      	RETURN
; end of _Delay_1us
_Delay_5500us:
;__Lib_Delays.c,31 :: 		void Delay_5500us() {
;__Lib_Delays.c,32 :: 		Delay_us(5500);
0x0006	0x300F      	MOVLW      15
0x0007	0x1283      	BCF        STATUS, 5
0x0008	0x1303      	BCF        STATUS, 6
0x0009	0x00FC      	MOVWF      R12
0x000A	0x3047      	MOVLW      71
0x000B	0x00FD      	MOVWF      R13
L_Delay_5500us5:
0x000C	0x0BFD      	DECFSZ     R13, 1
0x000D	0x280C      	GOTO       L_Delay_5500us5
0x000E	0x0BFC      	DECFSZ     R12, 1
0x000F	0x280C      	GOTO       L_Delay_5500us5
0x0010	0x0000      	NOP
0x0011	0x0000      	NOP
;__Lib_Delays.c,33 :: 		}
L_end_Delay_5500us:
0x0012	0x0008      	RETURN
; end of _Delay_5500us
_Delay_50us:
;__Lib_Delays.c,19 :: 		void Delay_50us() {
;__Lib_Delays.c,20 :: 		Delay_us(50);
0x0013	0x3021      	MOVLW      33
0x0014	0x1283      	BCF        STATUS, 5
0x0015	0x1303      	BCF        STATUS, 6
0x0016	0x00FD      	MOVWF      R13
L_Delay_50us2:
0x0017	0x0BFD      	DECFSZ     R13, 1
0x0018	0x2817      	GOTO       L_Delay_50us2
;__Lib_Delays.c,21 :: 		}
L_end_Delay_50us:
0x0019	0x0008      	RETURN
; end of _Delay_50us
_Lcd_Cmd:
;__Lib_Lcd.c,18 :: 		
;__Lib_Lcd.c,20 :: 		
0x001A	0x1283      	BCF        STATUS, 5
0x001B	0x1303      	BCF        STATUS, 6
0x001C	0x1BD9      	BTFSC      FARG_Lcd_Cmd_out_char, 7
0x001D	0x2820      	GOTO       L__Lcd_Cmd21
0x001E	0x1387      	BCF        lcd_d7, BitPos(lcd_d7+0)
0x001F	0x2821      	GOTO       L__Lcd_Cmd22
L__Lcd_Cmd21:
0x0020	0x1787      	BSF        lcd_d7, BitPos(lcd_d7+0)
L__Lcd_Cmd22:
;__Lib_Lcd.c,21 :: 		
0x0021	0x1B59      	BTFSC      FARG_Lcd_Cmd_out_char, 6
0x0022	0x2825      	GOTO       L__Lcd_Cmd23
0x0023	0x1307      	BCF        lcd_d6, BitPos(lcd_d6+0)
0x0024	0x2826      	GOTO       L__Lcd_Cmd24
L__Lcd_Cmd23:
0x0025	0x1707      	BSF        lcd_d6, BitPos(lcd_d6+0)
L__Lcd_Cmd24:
;__Lib_Lcd.c,22 :: 		
0x0026	0x1AD9      	BTFSC      FARG_Lcd_Cmd_out_char, 5
0x0027	0x282A      	GOTO       L__Lcd_Cmd25
0x0028	0x1287      	BCF        lcd_d5, BitPos(lcd_d5+0)
0x0029	0x282B      	GOTO       L__Lcd_Cmd26
L__Lcd_Cmd25:
0x002A	0x1687      	BSF        lcd_d5, BitPos(lcd_d5+0)
L__Lcd_Cmd26:
;__Lib_Lcd.c,23 :: 		
0x002B	0x1A59      	BTFSC      FARG_Lcd_Cmd_out_char, 4
0x002C	0x282F      	GOTO       L__Lcd_Cmd27
0x002D	0x1207      	BCF        lcd_d4, BitPos(lcd_d4+0)
0x002E	0x2830      	GOTO       L__Lcd_Cmd28
L__Lcd_Cmd27:
0x002F	0x1607      	BSF        lcd_d4, BitPos(lcd_d4+0)
L__Lcd_Cmd28:
;__Lib_Lcd.c,25 :: 		
0x0030	0x1841      	BTFSC      __Lib_Lcd_cmd_status, BitPos(__Lib_Lcd_cmd_status+0)
0x0031	0x2834      	GOTO       L__Lcd_Cmd29
0x0032	0x1507      	BSF        lcd_rs, BitPos(lcd_rs+0)
0x0033	0x2835      	GOTO       L__Lcd_Cmd30
L__Lcd_Cmd29:
0x0034	0x1107      	BCF        lcd_rs, BitPos(lcd_rs+0)
L__Lcd_Cmd30:
;__Lib_Lcd.c,28 :: 		
0x0035	0x1587      	BSF        lcd_en, BitPos(lcd_en+0)
;__Lib_Lcd.c,29 :: 		
0x0036	0x2003      	CALL       _Delay_1us
;__Lib_Lcd.c,30 :: 		
0x0037	0x1187      	BCF        lcd_en, BitPos(lcd_en+0)
;__Lib_Lcd.c,33 :: 		
0x0038	0x19D9      	BTFSC      FARG_Lcd_Cmd_out_char, 3
0x0039	0x283C      	GOTO       L__Lcd_Cmd31
0x003A	0x1387      	BCF        lcd_d7, BitPos(lcd_d7+0)
0x003B	0x283D      	GOTO       L__Lcd_Cmd32
L__Lcd_Cmd31:
0x003C	0x1787      	BSF        lcd_d7, BitPos(lcd_d7+0)
L__Lcd_Cmd32:
;__Lib_Lcd.c,34 :: 		
0x003D	0x1959      	BTFSC      FARG_Lcd_Cmd_out_char, 2
0x003E	0x2841      	GOTO       L__Lcd_Cmd33
0x003F	0x1307      	BCF        lcd_d6, BitPos(lcd_d6+0)
0x0040	0x2842      	GOTO       L__Lcd_Cmd34
L__Lcd_Cmd33:
0x0041	0x1707      	BSF        lcd_d6, BitPos(lcd_d6+0)
L__Lcd_Cmd34:
;__Lib_Lcd.c,35 :: 		
0x0042	0x18D9      	BTFSC      FARG_Lcd_Cmd_out_char, 1
0x0043	0x2846      	GOTO       L__Lcd_Cmd35
0x0044	0x1287      	BCF        lcd_d5, BitPos(lcd_d5+0)
0x0045	0x2847      	GOTO       L__Lcd_Cmd36
L__Lcd_Cmd35:
0x0046	0x1687      	BSF        lcd_d5, BitPos(lcd_d5+0)
L__Lcd_Cmd36:
;__Lib_Lcd.c,36 :: 		
0x0047	0x1859      	BTFSC      FARG_Lcd_Cmd_out_char, 0
0x0048	0x284B      	GOTO       L__Lcd_Cmd37
0x0049	0x1207      	BCF        lcd_d4, BitPos(lcd_d4+0)
0x004A	0x284C      	GOTO       L__Lcd_Cmd38
L__Lcd_Cmd37:
0x004B	0x1607      	BSF        lcd_d4, BitPos(lcd_d4+0)
L__Lcd_Cmd38:
;__Lib_Lcd.c,38 :: 		
0x004C	0x1841      	BTFSC      __Lib_Lcd_cmd_status, BitPos(__Lib_Lcd_cmd_status+0)
0x004D	0x2850      	GOTO       L__Lcd_Cmd39
0x004E	0x1507      	BSF        lcd_rs, BitPos(lcd_rs+0)
0x004F	0x2851      	GOTO       L__Lcd_Cmd40
L__Lcd_Cmd39:
0x0050	0x1107      	BCF        lcd_rs, BitPos(lcd_rs+0)
L__Lcd_Cmd40:
;__Lib_Lcd.c,40 :: 		
0x0051	0x1587      	BSF        lcd_en, BitPos(lcd_en+0)
;__Lib_Lcd.c,41 :: 		
0x0052	0x2003      	CALL       _Delay_1us
;__Lib_Lcd.c,42 :: 		
0x0053	0x1187      	BCF        lcd_en, BitPos(lcd_en+0)
;__Lib_Lcd.c,44 :: 		
0x0054	0x1C41      	BTFSS      __Lib_Lcd_cmd_status, BitPos(__Lib_Lcd_cmd_status+0)
0x0055	0x2858      	GOTO       L_Lcd_Cmd0
;__Lib_Lcd.c,45 :: 		
0x0056	0x2006      	CALL       _Delay_5500us
0x0057	0x2859      	GOTO       L_Lcd_Cmd1
L_Lcd_Cmd0:
;__Lib_Lcd.c,47 :: 		
0x0058	0x2013      	CALL       _Delay_50us
L_Lcd_Cmd1:
;__Lib_Lcd.c,48 :: 		
L_end_Lcd_Cmd:
0x0059	0x0008      	RETURN
; end of _Lcd_Cmd
_Div_16X16_U:
;__Lib_Math.c,215 :: 		
;__Lib_Math.c,222 :: 		
0x005A	0x1283      	BCF        STATUS, 5
;__Lib_Math.c,223 :: 		
0x005B	0x1303      	BCF        STATUS, 6
;__Lib_Math.c,224 :: 		
0x005C	0x01F8      	CLRF       R8
;__Lib_Math.c,225 :: 		
0x005D	0x01F9      	CLRF       R9
;__Lib_Math.c,226 :: 		
0x005E	0x3010      	MOVLW      16
;__Lib_Math.c,227 :: 		
0x005F	0x00FC      	MOVWF      R12
;__Lib_Math.c,228 :: 		
0x0060	0x0D71      	RLF        R1, 0
;__Lib_Math.c,229 :: 		
0x0061	0x0DF8      	RLF        R8, 1
;__Lib_Math.c,230 :: 		
0x0062	0x0DF9      	RLF        R9, 1
;__Lib_Math.c,231 :: 		
0x0063	0x0874      	MOVF       R4, 0
;__Lib_Math.c,232 :: 		
0x0064	0x02F8      	SUBWF      R8, 1
;__Lib_Math.c,233 :: 		
0x0065	0x0875      	MOVF       R5, 0
;__Lib_Math.c,234 :: 		
0x0066	0x1C03      	BTFSS      STATUS, 0
;__Lib_Math.c,235 :: 		
0x0067	0x0F75      	INCFSZ     R5, 0
;__Lib_Math.c,236 :: 		
0x0068	0x02F9      	SUBWF      R9, 1
;__Lib_Math.c,237 :: 		
0x0069	0x1803      	BTFSC      STATUS, 0
;__Lib_Math.c,238 :: 		
0x006A	0x2872      	GOTO       $+8
;__Lib_Math.c,239 :: 		
0x006B	0x0874      	MOVF       R4, 0
;__Lib_Math.c,240 :: 		
0x006C	0x07F8      	ADDWF      R8, 1
;__Lib_Math.c,241 :: 		
0x006D	0x0875      	MOVF       R5, 0
;__Lib_Math.c,242 :: 		
0x006E	0x1803      	BTFSC      STATUS, 0
;__Lib_Math.c,243 :: 		
0x006F	0x0F75      	INCFSZ     R5, 0
;__Lib_Math.c,244 :: 		
0x0070	0x07F9      	ADDWF      R9, 1
;__Lib_Math.c,245 :: 		
0x0071	0x1003      	BCF        STATUS, 0
;__Lib_Math.c,246 :: 		
0x0072	0x0DF0      	RLF        R0, 1
;__Lib_Math.c,247 :: 		
0x0073	0x0DF1      	RLF        R1, 1
;__Lib_Math.c,248 :: 		
0x0074	0x0BFC      	DECFSZ     R12, 1
;__Lib_Math.c,249 :: 		
0x0075	0x2860      	GOTO       $-21
;__Lib_Math.c,251 :: 		
L_end_Div_16X16_U:
0x0076	0x0008      	RETURN
; end of _Div_16X16_U
_____DoICP:
;__Lib_System.c,6 :: 		
;__Lib_System.c,9 :: 		
0x0077	0x1283      	BCF        STATUS, 5
0x0078	0x1303      	BCF        STATUS, 6
0x0079	0x0840      	MOVF       ___DoICPAddr+1, 0
0x007A	0x008A      	MOVWF      PCLATH
;__Lib_System.c,10 :: 		
0x007B	0x083F      	MOVF       ___DoICPAddr, 0
0x007C	0x0082      	MOVWF      PCL
;__Lib_System.c,12 :: 		
L_end_____DoICP:
0x007D	0x0008      	RETURN
; end of _____DoICP
_Lcd_Chr_CP:
;__Lib_Lcd.c,50 :: 		
;__Lib_Lcd.c,52 :: 		
0x007E	0x1283      	BCF        STATUS, 5
0x007F	0x1303      	BCF        STATUS, 6
0x0080	0x1041      	BCF        __Lib_Lcd_cmd_status, BitPos(__Lib_Lcd_cmd_status+0)
;__Lib_Lcd.c,53 :: 		
0x0081	0x0854      	MOVF       FARG_Lcd_Chr_CP_out_char, 0
0x0082	0x00D9      	MOVWF      FARG_Lcd_Cmd_out_char
0x0083	0x201A      	CALL       _Lcd_Cmd
;__Lib_Lcd.c,54 :: 		
0x0084	0x1441      	BSF        __Lib_Lcd_cmd_status, BitPos(__Lib_Lcd_cmd_status+0)
;__Lib_Lcd.c,55 :: 		
L_end_Lcd_Chr_CP:
0x0085	0x0008      	RETURN
; end of _Lcd_Chr_CP
_Delay_22us:
;__Lib_Delays.c,15 :: 		void Delay_22us() {
;__Lib_Delays.c,16 :: 		Delay_us(22);
0x0086	0x300E      	MOVLW      14
0x0087	0x1283      	BCF        STATUS, 5
0x0088	0x1303      	BCF        STATUS, 6
0x0089	0x00FD      	MOVWF      R13
L_Delay_22us1:
0x008A	0x0BFD      	DECFSZ     R13, 1
0x008B	0x288A      	GOTO       L_Delay_22us1
0x008C	0x0000      	NOP
;__Lib_Delays.c,17 :: 		}
L_end_Delay_22us:
0x008D	0x0008      	RETURN
; end of _Delay_22us
_WordToStr:
;__Lib_Conversions.c,98 :: 		
;__Lib_Conversions.c,103 :: 		
0x008E	0x1283      	BCF        STATUS, 5
0x008F	0x1303      	BCF        STATUS, 6
0x0090	0x01D7      	CLRF       WordToStr_len_L0
L_WordToStr11:
0x0091	0x3005      	MOVLW      5
0x0092	0x0257      	SUBWF      WordToStr_len_L0, 0
0x0093	0x1803      	BTFSC      STATUS, 0
0x0094	0x289C      	GOTO       L_WordToStr12
;__Lib_Conversions.c,104 :: 		
0x0095	0x0857      	MOVF       WordToStr_len_L0, 0
0x0096	0x0756      	ADDWF      FARG_WordToStr_output, 0
0x0097	0x0084      	MOVWF      FSR
0x0098	0x3020      	MOVLW      32
0x0099	0x0080      	MOVWF      INDF
;__Lib_Conversions.c,103 :: 		
0x009A	0x0AD7      	INCF       WordToStr_len_L0, 1
;__Lib_Conversions.c,104 :: 		
0x009B	0x2891      	GOTO       L_WordToStr11
L_WordToStr12:
;__Lib_Conversions.c,105 :: 		
0x009C	0x0857      	MOVF       WordToStr_len_L0, 0
0x009D	0x0756      	ADDWF      FARG_WordToStr_output, 0
0x009E	0x0084      	MOVWF      FSR
0x009F	0x0180      	CLRF       INDF
0x00A0	0x03D7      	DECF       WordToStr_len_L0, 1
;__Lib_Conversions.c,107 :: 		
L_WordToStr14:
;__Lib_Conversions.c,108 :: 		
0x00A1	0x0857      	MOVF       WordToStr_len_L0, 0
0x00A2	0x0756      	ADDWF      FARG_WordToStr_output, 0
0x00A3	0x00D8      	MOVWF      FLOC__WordToStr
0x00A4	0x300A      	MOVLW      10
0x00A5	0x00F4      	MOVWF      R4
0x00A6	0x01F5      	CLRF       R4+1
0x00A7	0x0854      	MOVF       FARG_WordToStr_input, 0
0x00A8	0x00F0      	MOVWF      R0
0x00A9	0x0855      	MOVF       FARG_WordToStr_input+1, 0
0x00AA	0x00F1      	MOVWF      R0+1
0x00AB	0x205A      	CALL       _Div_16X16_U
0x00AC	0x0878      	MOVF       R8, 0
0x00AD	0x00F0      	MOVWF      R0
0x00AE	0x0879      	MOVF       R8+1, 0
0x00AF	0x00F1      	MOVWF      R0+1
0x00B0	0x3030      	MOVLW      48
0x00B1	0x07F0      	ADDWF      R0, 1
0x00B2	0x0858      	MOVF       FLOC__WordToStr, 0
0x00B3	0x0084      	MOVWF      FSR
0x00B4	0x0870      	MOVF       R0, 0
0x00B5	0x0080      	MOVWF      INDF
;__Lib_Conversions.c,109 :: 		
0x00B6	0x300A      	MOVLW      10
0x00B7	0x00F4      	MOVWF      R4
0x00B8	0x01F5      	CLRF       R4+1
0x00B9	0x0854      	MOVF       FARG_WordToStr_input, 0
0x00BA	0x00F0      	MOVWF      R0
0x00BB	0x0855      	MOVF       FARG_WordToStr_input+1, 0
0x00BC	0x00F1      	MOVWF      R0+1
0x00BD	0x205A      	CALL       _Div_16X16_U
0x00BE	0x0870      	MOVF       R0, 0
0x00BF	0x00D4      	MOVWF      FARG_WordToStr_input
0x00C0	0x0871      	MOVF       R0+1, 0
0x00C1	0x00D5      	MOVWF      FARG_WordToStr_input+1
;__Lib_Conversions.c,110 :: 		
0x00C2	0x3000      	MOVLW      0
0x00C3	0x0671      	XORWF      R0+1, 0
0x00C4	0x1D03      	BTFSS      STATUS, 2
0x00C5	0x28C8      	GOTO       L__WordToStr379
0x00C6	0x3000      	MOVLW      0
0x00C7	0x0670      	XORWF      R0, 0
L__WordToStr379:
0x00C8	0x1D03      	BTFSS      STATUS, 2
0x00C9	0x28CB      	GOTO       L_WordToStr16
;__Lib_Conversions.c,111 :: 		
0x00CA	0x28CD      	GOTO       L_WordToStr15
L_WordToStr16:
;__Lib_Conversions.c,112 :: 		
0x00CB	0x03D7      	DECF       WordToStr_len_L0, 1
;__Lib_Conversions.c,113 :: 		
0x00CC	0x28A1      	GOTO       L_WordToStr14
L_WordToStr15:
;__Lib_Conversions.c,114 :: 		
L_end_WordToStr:
0x00CD	0x0008      	RETURN
; end of _WordToStr
_ADC_Read:
;__Lib_ADC_A_A.c,57 :: 		
;__Lib_ADC_A_A.c,59 :: 		
0x00CE	0x1283      	BCF        STATUS, 5
0x00CF	0x1303      	BCF        STATUS, 6
0x00D0	0x019F      	CLRF       ADCON0
;__Lib_ADC_A_A.c,60 :: 		
0x00D1	0x0935      	COMF       _vref_mask, 0
0x00D2	0x00F0      	MOVWF      R0
0x00D3	0x0870      	MOVF       R0, 0
0x00D4	0x1683      	BSF        STATUS, 5
0x00D5	0x059F      	ANDWF      ADCON1, 1
;__Lib_ADC_A_A.c,61 :: 		
0x00D6	0x30C0      	MOVLW      192
0x00D7	0x1283      	BCF        STATUS, 5
0x00D8	0x049F      	IORWF      ADCON0, 1
;__Lib_ADC_A_A.c,62 :: 		
0x00D9	0x084B      	MOVF       FARG_ADC_Read_channel, 0
0x00DA	0x00F0      	MOVWF      R0
0x00DB	0x0DF0      	RLF        R0, 1
0x00DC	0x1070      	BCF        R0, 0
0x00DD	0x0DF0      	RLF        R0, 1
0x00DE	0x1070      	BCF        R0, 0
0x00DF	0x0DF0      	RLF        R0, 1
0x00E0	0x1070      	BCF        R0, 0
0x00E1	0x0870      	MOVF       R0, 0
0x00E2	0x049F      	IORWF      ADCON0, 1
;__Lib_ADC_A_A.c,63 :: 		
0x00E3	0x141F      	BSF        ADCON0, 0
;__Lib_ADC_A_A.c,66 :: 		
0x00E4	0x2086      	CALL       _Delay_22us
;__Lib_ADC_A_A.c,69 :: 		
0x00E5	0x151F      	BSF        ADCON0, 2
;__Lib_ADC_A_A.c,72 :: 		
L_ADC_Read2:
0x00E6	0x1D1F      	BTFSS      ADCON0, 2
0x00E7	0x28EA      	GOTO       L_ADC_Read3
;__Lib_ADC_A_A.c,73 :: 		
0x00E8	0x0000      	NOP
0x00E9	0x28E6      	GOTO       L_ADC_Read2
L_ADC_Read3:
;__Lib_ADC_A_A.c,76 :: 		
0x00EA	0x101F      	BCF        ADCON0, 0
;__Lib_ADC_A_A.c,77 :: 		
0x00EB	0x081E      	MOVF       ADRES, 0
0x00EC	0x00F0      	MOVWF      R0
0x00ED	0x01F1      	CLRF       R0+1
;__Lib_ADC_A_A.c,79 :: 		
L_end_ADC_Read:
0x00EE	0x0008      	RETURN
; end of _ADC_Read
_IntToStr:
;__Lib_Conversions.c,195 :: 		
;__Lib_Conversions.c,201 :: 		
0x00EF	0x1283      	BCF        STATUS, 5
0x00F0	0x1303      	BCF        STATUS, 6
0x00F1	0x01D0      	CLRF       IntToStr_negative_L0
0x00F2	0x01D1      	CLRF       IntToStr_negative_L0+1
;__Lib_Conversions.c,202 :: 		
0x00F3	0x084B      	MOVF       FARG_IntToStr_input, 0
0x00F4	0x00D2      	MOVWF      IntToStr_inword_L0
0x00F5	0x084C      	MOVF       FARG_IntToStr_input+1, 0
0x00F6	0x00D3      	MOVWF      IntToStr_inword_L0+1
;__Lib_Conversions.c,203 :: 		
0x00F7	0x3080      	MOVLW      128
0x00F8	0x064C      	XORWF      FARG_IntToStr_input+1, 0
0x00F9	0x00F0      	MOVWF      R0
0x00FA	0x3080      	MOVLW      128
0x00FB	0x0270      	SUBWF      R0, 0
0x00FC	0x1D03      	BTFSS      STATUS, 2
0x00FD	0x2900      	GOTO       L__IntToStr387
0x00FE	0x3000      	MOVLW      0
0x00FF	0x024B      	SUBWF      FARG_IntToStr_input, 0
L__IntToStr387:
0x0100	0x1803      	BTFSC      STATUS, 0
0x0101	0x290E      	GOTO       L_IntToStr37
;__Lib_Conversions.c,204 :: 		
0x0102	0x3001      	MOVLW      1
0x0103	0x00D0      	MOVWF      IntToStr_negative_L0
0x0104	0x3000      	MOVLW      0
0x0105	0x00D1      	MOVWF      IntToStr_negative_L0+1
;__Lib_Conversions.c,205 :: 		
0x0106	0x084B      	MOVF       FARG_IntToStr_input, 0
0x0107	0x3C00      	SUBLW      0
0x0108	0x00D2      	MOVWF      IntToStr_inword_L0
0x0109	0x084C      	MOVF       FARG_IntToStr_input+1, 0
0x010A	0x1C03      	BTFSS      STATUS, 0
0x010B	0x3E01      	ADDLW      1
0x010C	0x01D3      	CLRF       IntToStr_inword_L0+1
0x010D	0x02D3      	SUBWF      IntToStr_inword_L0+1, 1
;__Lib_Conversions.c,206 :: 		
L_IntToStr37:
;__Lib_Conversions.c,207 :: 		
0x010E	0x0852      	MOVF       IntToStr_inword_L0, 0
0x010F	0x00D4      	MOVWF      FARG_WordToStr_input
0x0110	0x0853      	MOVF       IntToStr_inword_L0+1, 0
0x0111	0x00D5      	MOVWF      FARG_WordToStr_input+1
0x0112	0x084D      	MOVF       FARG_IntToStr_output, 0
0x0113	0x00D6      	MOVWF      FARG_WordToStr_output
0x0114	0x208E      	CALL       _WordToStr
;__Lib_Conversions.c,209 :: 		
0x0115	0x3006      	MOVLW      6
0x0116	0x00CE      	MOVWF      IntToStr_i_L0
0x0117	0x3000      	MOVLW      0
0x0118	0x00CF      	MOVWF      IntToStr_i_L0+1
;__Lib_Conversions.c,210 :: 		
L_IntToStr38:
0x0119	0x084F      	MOVF       IntToStr_i_L0+1, 0
0x011A	0x3C00      	SUBLW      0
0x011B	0x1D03      	BTFSS      STATUS, 2
0x011C	0x291F      	GOTO       L__IntToStr388
0x011D	0x084E      	MOVF       IntToStr_i_L0, 0
0x011E	0x3C00      	SUBLW      0
L__IntToStr388:
0x011F	0x1803      	BTFSC      STATUS, 0
0x0120	0x293A      	GOTO       L_IntToStr39
;__Lib_Conversions.c,211 :: 		
0x0121	0x084E      	MOVF       IntToStr_i_L0, 0
0x0122	0x074D      	ADDWF      FARG_IntToStr_output, 0
0x0123	0x00F2      	MOVWF      R2
0x0124	0x3001      	MOVLW      1
0x0125	0x024E      	SUBWF      IntToStr_i_L0, 0
0x0126	0x00F0      	MOVWF      R0
0x0127	0x3000      	MOVLW      0
0x0128	0x1C03      	BTFSS      STATUS, 0
0x0129	0x3E01      	ADDLW      1
0x012A	0x024F      	SUBWF      IntToStr_i_L0+1, 0
0x012B	0x00F1      	MOVWF      R0+1
0x012C	0x0870      	MOVF       R0, 0
0x012D	0x074D      	ADDWF      FARG_IntToStr_output, 0
0x012E	0x0084      	MOVWF      FSR
0x012F	0x0800      	MOVF       INDF, 0
0x0130	0x00F0      	MOVWF      R0
0x0131	0x0872      	MOVF       R2, 0
0x0132	0x0084      	MOVWF      FSR
0x0133	0x0870      	MOVF       R0, 0
0x0134	0x0080      	MOVWF      INDF
;__Lib_Conversions.c,212 :: 		
0x0135	0x3001      	MOVLW      1
0x0136	0x02CE      	SUBWF      IntToStr_i_L0, 1
0x0137	0x1C03      	BTFSS      STATUS, 0
0x0138	0x03CF      	DECF       IntToStr_i_L0+1, 1
;__Lib_Conversions.c,213 :: 		
0x0139	0x2919      	GOTO       L_IntToStr38
L_IntToStr39:
;__Lib_Conversions.c,214 :: 		
0x013A	0x084D      	MOVF       FARG_IntToStr_output, 0
0x013B	0x0084      	MOVWF      FSR
0x013C	0x3020      	MOVLW      32
0x013D	0x0080      	MOVWF      INDF
;__Lib_Conversions.c,215 :: 		
0x013E	0x0850      	MOVF       IntToStr_negative_L0, 0
0x013F	0x0451      	IORWF      IntToStr_negative_L0+1, 0
0x0140	0x1903      	BTFSC      STATUS, 2
0x0141	0x2958      	GOTO       L_IntToStr40
;__Lib_Conversions.c,216 :: 		
0x0142	0x01CE      	CLRF       IntToStr_i_L0
0x0143	0x01CF      	CLRF       IntToStr_i_L0+1
;__Lib_Conversions.c,217 :: 		
L_IntToStr41:
0x0144	0x084E      	MOVF       IntToStr_i_L0, 0
0x0145	0x074D      	ADDWF      FARG_IntToStr_output, 0
0x0146	0x0084      	MOVWF      FSR
0x0147	0x0800      	MOVF       INDF, 0
0x0148	0x3A20      	XORLW      32
0x0149	0x1D03      	BTFSS      STATUS, 2
0x014A	0x294F      	GOTO       L_IntToStr42
0x014B	0x0ACE      	INCF       IntToStr_i_L0, 1
0x014C	0x1903      	BTFSC      STATUS, 2
0x014D	0x0ACF      	INCF       IntToStr_i_L0+1, 1
0x014E	0x2944      	GOTO       L_IntToStr41
L_IntToStr42:
;__Lib_Conversions.c,218 :: 		
0x014F	0x3001      	MOVLW      1
0x0150	0x02CE      	SUBWF      IntToStr_i_L0, 1
0x0151	0x1C03      	BTFSS      STATUS, 0
0x0152	0x03CF      	DECF       IntToStr_i_L0+1, 1
;__Lib_Conversions.c,219 :: 		
0x0153	0x084E      	MOVF       IntToStr_i_L0, 0
0x0154	0x074D      	ADDWF      FARG_IntToStr_output, 0
0x0155	0x0084      	MOVWF      FSR
0x0156	0x302D      	MOVLW      45
0x0157	0x0080      	MOVWF      INDF
L_IntToStr40:
;__Lib_Conversions.c,220 :: 		
L_end_IntToStr:
0x0158	0x0008      	RETURN
; end of _IntToStr
_Lcd_Out:
;__Lib_Lcd.c,184 :: 		
;__Lib_Lcd.c,187 :: 		
0x0159	0x296B      	GOTO       L_Lcd_Out11
;__Lib_Lcd.c,188 :: 		
L_Lcd_Out13:
0x015A	0x3080      	MOVLW      128
0x015B	0x1283      	BCF        STATUS, 5
0x015C	0x1303      	BCF        STATUS, 6
0x015D	0x00CB      	MOVWF      FARG_Lcd_Out_row
0x015E	0x297C      	GOTO       L_Lcd_Out12
;__Lib_Lcd.c,189 :: 		
L_Lcd_Out14:
0x015F	0x30C0      	MOVLW      192
0x0160	0x00CB      	MOVWF      FARG_Lcd_Out_row
0x0161	0x297C      	GOTO       L_Lcd_Out12
;__Lib_Lcd.c,190 :: 		
L_Lcd_Out15:
0x0162	0x3094      	MOVLW      148
0x0163	0x00CB      	MOVWF      FARG_Lcd_Out_row
0x0164	0x297C      	GOTO       L_Lcd_Out12
;__Lib_Lcd.c,191 :: 		
L_Lcd_Out16:
0x0165	0x30D4      	MOVLW      212
0x0166	0x00CB      	MOVWF      FARG_Lcd_Out_row
0x0167	0x297C      	GOTO       L_Lcd_Out12
;__Lib_Lcd.c,192 :: 		
L_Lcd_Out17:
0x0168	0x3080      	MOVLW      128
0x0169	0x00CB      	MOVWF      FARG_Lcd_Out_row
;__Lib_Lcd.c,193 :: 		
0x016A	0x297C      	GOTO       L_Lcd_Out12
L_Lcd_Out11:
0x016B	0x084B      	MOVF       FARG_Lcd_Out_row, 0
0x016C	0x3A01      	XORLW      1
0x016D	0x1903      	BTFSC      STATUS, 2
0x016E	0x295A      	GOTO       L_Lcd_Out13
0x016F	0x084B      	MOVF       FARG_Lcd_Out_row, 0
0x0170	0x3A02      	XORLW      2
0x0171	0x1903      	BTFSC      STATUS, 2
0x0172	0x295F      	GOTO       L_Lcd_Out14
0x0173	0x084B      	MOVF       FARG_Lcd_Out_row, 0
0x0174	0x3A03      	XORLW      3
0x0175	0x1903      	BTFSC      STATUS, 2
0x0176	0x2962      	GOTO       L_Lcd_Out15
0x0177	0x084B      	MOVF       FARG_Lcd_Out_row, 0
0x0178	0x3A04      	XORLW      4
0x0179	0x1903      	BTFSC      STATUS, 2
0x017A	0x2965      	GOTO       L_Lcd_Out16
0x017B	0x2968      	GOTO       L_Lcd_Out17
L_Lcd_Out12:
;__Lib_Lcd.c,194 :: 		
0x017C	0x034C      	DECF       FARG_Lcd_Out_column, 0
0x017D	0x00F0      	MOVWF      R0
0x017E	0x084B      	MOVF       FARG_Lcd_Out_row, 0
0x017F	0x07F0      	ADDWF      R0, 1
0x0180	0x0870      	MOVF       R0, 0
0x0181	0x00CB      	MOVWF      FARG_Lcd_Out_row
;__Lib_Lcd.c,196 :: 		
0x0182	0x0870      	MOVF       R0, 0
0x0183	0x00D9      	MOVWF      FARG_Lcd_Cmd_out_char
0x0184	0x201A      	CALL       _Lcd_Cmd
;__Lib_Lcd.c,197 :: 		
0x0185	0x1041      	BCF        __Lib_Lcd_cmd_status, BitPos(__Lib_Lcd_cmd_status+0)
;__Lib_Lcd.c,198 :: 		
0x0186	0x01CE      	CLRF       Lcd_Out_i_L0
;__Lib_Lcd.c,199 :: 		
L_Lcd_Out18:
0x0187	0x084E      	MOVF       Lcd_Out_i_L0, 0
0x0188	0x074D      	ADDWF      FARG_Lcd_Out_text, 0
0x0189	0x0084      	MOVWF      FSR
0x018A	0x0800      	MOVF       INDF, 0
0x018B	0x1903      	BTFSC      STATUS, 2
0x018C	0x2995      	GOTO       L_Lcd_Out19
;__Lib_Lcd.c,200 :: 		
0x018D	0x084E      	MOVF       Lcd_Out_i_L0, 0
0x018E	0x074D      	ADDWF      FARG_Lcd_Out_text, 0
0x018F	0x0084      	MOVWF      FSR
0x0190	0x0800      	MOVF       INDF, 0
0x0191	0x00D4      	MOVWF      FARG_Lcd_Chr_CP_out_char
0x0192	0x207E      	CALL       _Lcd_Chr_CP
0x0193	0x0ACE      	INCF       Lcd_Out_i_L0, 1
0x0194	0x2987      	GOTO       L_Lcd_Out18
L_Lcd_Out19:
;__Lib_Lcd.c,201 :: 		
0x0195	0x1441      	BSF        __Lib_Lcd_cmd_status, BitPos(__Lib_Lcd_cmd_status+0)
;__Lib_Lcd.c,202 :: 		
L_end_Lcd_Out:
0x0196	0x0008      	RETURN
; end of _Lcd_Out
_Lcd_Init:
;__Lib_Lcd.c,84 :: 		
;__Lib_Lcd.c,86 :: 		
0x0197	0x1683      	BSF        STATUS, 5
0x0198	0x1303      	BCF        STATUS, 6
0x0199	0x1187      	BCF        lcd_en_Direction, BitPos(lcd_en_Direction+0)
;__Lib_Lcd.c,87 :: 		
0x019A	0x1107      	BCF        lcd_rs_Direction, BitPos(lcd_rs_Direction+0)
;__Lib_Lcd.c,88 :: 		
0x019B	0x1207      	BCF        lcd_d4_direction, BitPos(lcd_d4_direction+0)
;__Lib_Lcd.c,89 :: 		
0x019C	0x1287      	BCF        lcd_d5_direction, BitPos(lcd_d5_direction+0)
;__Lib_Lcd.c,90 :: 		
0x019D	0x1307      	BCF        lcd_d6_direction, BitPos(lcd_d6_direction+0)
;__Lib_Lcd.c,91 :: 		
0x019E	0x1387      	BCF        lcd_d7_direction, BitPos(lcd_d7_direction+0)
;__Lib_Lcd.c,93 :: 		
0x019F	0x1283      	BCF        STATUS, 5
0x01A0	0x1187      	BCF        lcd_en, BitPos(lcd_en+0)
;__Lib_Lcd.c,94 :: 		
0x01A1	0x1107      	BCF        lcd_rs, BitPos(lcd_rs+0)
;__Lib_Lcd.c,95 :: 		
0x01A2	0x1387      	BCF        lcd_d7, BitPos(lcd_d7+0)
;__Lib_Lcd.c,96 :: 		
0x01A3	0x1307      	BCF        lcd_d6, BitPos(lcd_d6+0)
;__Lib_Lcd.c,97 :: 		
0x01A4	0x1287      	BCF        lcd_d5, BitPos(lcd_d5+0)
;__Lib_Lcd.c,98 :: 		
0x01A5	0x1207      	BCF        lcd_d4, BitPos(lcd_d4+0)
;__Lib_Lcd.c,100 :: 		
0x01A6	0x2006      	CALL       _Delay_5500us
;__Lib_Lcd.c,101 :: 		
0x01A7	0x2006      	CALL       _Delay_5500us
;__Lib_Lcd.c,102 :: 		
0x01A8	0x2006      	CALL       _Delay_5500us
;__Lib_Lcd.c,105 :: 		
0x01A9	0x1687      	BSF        lcd_d5, BitPos(lcd_d5+0)
;__Lib_Lcd.c,106 :: 		
0x01AA	0x1607      	BSF        lcd_d4, BitPos(lcd_d4+0)
;__Lib_Lcd.c,107 :: 		
0x01AB	0x1587      	BSF        lcd_en, BitPos(lcd_en+0)
;__Lib_Lcd.c,108 :: 		
0x01AC	0x2003      	CALL       _Delay_1us
;__Lib_Lcd.c,109 :: 		
0x01AD	0x1187      	BCF        lcd_en, BitPos(lcd_en+0)
;__Lib_Lcd.c,110 :: 		
0x01AE	0x2006      	CALL       _Delay_5500us
;__Lib_Lcd.c,112 :: 		
0x01AF	0x1587      	BSF        lcd_en, BitPos(lcd_en+0)
;__Lib_Lcd.c,113 :: 		
0x01B0	0x2003      	CALL       _Delay_1us
;__Lib_Lcd.c,114 :: 		
0x01B1	0x1187      	BCF        lcd_en, BitPos(lcd_en+0)
;__Lib_Lcd.c,115 :: 		
0x01B2	0x2006      	CALL       _Delay_5500us
;__Lib_Lcd.c,117 :: 		
0x01B3	0x1587      	BSF        lcd_en, BitPos(lcd_en+0)
;__Lib_Lcd.c,118 :: 		
0x01B4	0x2003      	CALL       _Delay_1us
;__Lib_Lcd.c,119 :: 		
0x01B5	0x1187      	BCF        lcd_en, BitPos(lcd_en+0)
;__Lib_Lcd.c,120 :: 		
0x01B6	0x2006      	CALL       _Delay_5500us
;__Lib_Lcd.c,123 :: 		
0x01B7	0x1207      	BCF        lcd_d4, BitPos(lcd_d4+0)
;__Lib_Lcd.c,124 :: 		
0x01B8	0x1587      	BSF        lcd_en, BitPos(lcd_en+0)
;__Lib_Lcd.c,125 :: 		
0x01B9	0x2003      	CALL       _Delay_1us
;__Lib_Lcd.c,126 :: 		
0x01BA	0x1187      	BCF        lcd_en, BitPos(lcd_en+0)
;__Lib_Lcd.c,127 :: 		
0x01BB	0x2006      	CALL       _Delay_5500us
;__Lib_Lcd.c,130 :: 		
0x01BC	0x1587      	BSF        lcd_en, BitPos(lcd_en+0)
;__Lib_Lcd.c,131 :: 		
0x01BD	0x2003      	CALL       _Delay_1us
;__Lib_Lcd.c,132 :: 		
0x01BE	0x1187      	BCF        lcd_en, BitPos(lcd_en+0)
;__Lib_Lcd.c,134 :: 		
0x01BF	0x1287      	BCF        lcd_d5, BitPos(lcd_d5+0)
;__Lib_Lcd.c,135 :: 		
0x01C0	0x1787      	BSF        lcd_d7, BitPos(lcd_d7+0)
;__Lib_Lcd.c,136 :: 		
0x01C1	0x1587      	BSF        lcd_en, BitPos(lcd_en+0)
;__Lib_Lcd.c,137 :: 		
0x01C2	0x2003      	CALL       _Delay_1us
;__Lib_Lcd.c,138 :: 		
0x01C3	0x1187      	BCF        lcd_en, BitPos(lcd_en+0)
;__Lib_Lcd.c,139 :: 		
0x01C4	0x2006      	CALL       _Delay_5500us
;__Lib_Lcd.c,142 :: 		
0x01C5	0x1387      	BCF        lcd_d7, BitPos(lcd_d7+0)
;__Lib_Lcd.c,143 :: 		
0x01C6	0x1607      	BSF        lcd_d4, BitPos(lcd_d4+0)
;__Lib_Lcd.c,144 :: 		
0x01C7	0x1587      	BSF        lcd_en, BitPos(lcd_en+0)
;__Lib_Lcd.c,145 :: 		
0x01C8	0x2003      	CALL       _Delay_1us
;__Lib_Lcd.c,146 :: 		
0x01C9	0x1187      	BCF        lcd_en, BitPos(lcd_en+0)
;__Lib_Lcd.c,148 :: 		
0x01CA	0x1207      	BCF        lcd_d4, BitPos(lcd_d4+0)
;__Lib_Lcd.c,149 :: 		
0x01CB	0x1587      	BSF        lcd_en, BitPos(lcd_en+0)
;__Lib_Lcd.c,150 :: 		
0x01CC	0x2003      	CALL       _Delay_1us
;__Lib_Lcd.c,151 :: 		
0x01CD	0x1187      	BCF        lcd_en, BitPos(lcd_en+0)
;__Lib_Lcd.c,152 :: 		
0x01CE	0x2006      	CALL       _Delay_5500us
;__Lib_Lcd.c,155 :: 		
0x01CF	0x1587      	BSF        lcd_en, BitPos(lcd_en+0)
;__Lib_Lcd.c,156 :: 		
0x01D0	0x2003      	CALL       _Delay_1us
;__Lib_Lcd.c,157 :: 		
0x01D1	0x1187      	BCF        lcd_en, BitPos(lcd_en+0)
;__Lib_Lcd.c,159 :: 		
0x01D2	0x1607      	BSF        lcd_d4, BitPos(lcd_d4+0)
;__Lib_Lcd.c,160 :: 		
0x01D3	0x1587      	BSF        lcd_en, BitPos(lcd_en+0)
;__Lib_Lcd.c,161 :: 		
0x01D4	0x2003      	CALL       _Delay_1us
;__Lib_Lcd.c,162 :: 		
0x01D5	0x1187      	BCF        lcd_en, BitPos(lcd_en+0)
;__Lib_Lcd.c,163 :: 		
0x01D6	0x2006      	CALL       _Delay_5500us
;__Lib_Lcd.c,166 :: 		
0x01D7	0x1207      	BCF        lcd_d4, BitPos(lcd_d4+0)
;__Lib_Lcd.c,167 :: 		
0x01D8	0x1587      	BSF        lcd_en, BitPos(lcd_en+0)
;__Lib_Lcd.c,168 :: 		
0x01D9	0x2003      	CALL       _Delay_1us
;__Lib_Lcd.c,169 :: 		
0x01DA	0x1187      	BCF        lcd_en, BitPos(lcd_en+0)
;__Lib_Lcd.c,171 :: 		
0x01DB	0x1787      	BSF        lcd_d7, BitPos(lcd_d7+0)
;__Lib_Lcd.c,172 :: 		
0x01DC	0x1707      	BSF        lcd_d6, BitPos(lcd_d6+0)
;__Lib_Lcd.c,173 :: 		
0x01DD	0x1687      	BSF        lcd_d5, BitPos(lcd_d5+0)
;__Lib_Lcd.c,174 :: 		
0x01DE	0x1607      	BSF        lcd_d4, BitPos(lcd_d4+0)
;__Lib_Lcd.c,175 :: 		
0x01DF	0x1587      	BSF        lcd_en, BitPos(lcd_en+0)
;__Lib_Lcd.c,176 :: 		
0x01E0	0x2003      	CALL       _Delay_1us
;__Lib_Lcd.c,177 :: 		
0x01E1	0x1187      	BCF        lcd_en, BitPos(lcd_en+0)
;__Lib_Lcd.c,179 :: 		
0x01E2	0x2006      	CALL       _Delay_5500us
;__Lib_Lcd.c,181 :: 		
0x01E3	0x1441      	BSF        __Lib_Lcd_cmd_status, BitPos(__Lib_Lcd_cmd_status+0)
;__Lib_Lcd.c,182 :: 		
L_end_Lcd_Init:
0x01E4	0x0008      	RETURN
; end of _Lcd_Init
_ADC_Init:
;__Lib_ADC_A_A.c,18 :: 		
;__Lib_ADC_A_A.c,19 :: 		
0x01E5	0x30FF      	MOVLW      _ADC_Get_Sample
0x01E6	0x1283      	BCF        STATUS, 5
0x01E7	0x1303      	BCF        STATUS, 6
0x01E8	0x00C2      	MOVWF      _ADC_Get_Sample_Ptr
0x01E9	0x30FF      	MOVLW      hi_addr(_ADC_Get_Sample)
0x01EA	0x00C3      	MOVWF      _ADC_Get_Sample_Ptr+1
0x01EB	0x30FF      	MOVLW      FARG_ADC_Get_Sample_channel
0x01EC	0x00C4      	MOVWF      _ADC_Get_Sample_Ptr+2
0x01ED	0x30FF      	MOVLW      hi_addr(FARG_ADC_Get_Sample_channel)
;__Lib_ADC_A_A.c,21 :: 		
0x01EE	0x019F      	CLRF       ADCON0
;__Lib_ADC_A_A.c,22 :: 		
0x01EF	0x0935      	COMF       _vref_mask, 0
0x01F0	0x00F0      	MOVWF      R0
0x01F1	0x0870      	MOVF       R0, 0
0x01F2	0x1683      	BSF        STATUS, 5
0x01F3	0x059F      	ANDWF      ADCON1, 1
;__Lib_ADC_A_A.c,23 :: 		
0x01F4	0x30C0      	MOVLW      192
0x01F5	0x1283      	BCF        STATUS, 5
0x01F6	0x049F      	IORWF      ADCON0, 1
;__Lib_ADC_A_A.c,24 :: 		
0x01F7	0x141F      	BSF        ADCON0, 0
;__Lib_ADC_A_A.c,25 :: 		
L_end_ADC_Init:
0x01F8	0x0008      	RETURN
; end of _ADC_Init
___CC2DW:
;__Lib_System.c,134 :: 		
;__Lib_System.c,137 :: 		
_CC2D_Loop1:
;__Lib_System.c,139 :: 		
0x01F9	0x2077      	CALL       _____DoICP
0x01FA	0x118A      	BCF        PCLATH, 3
0x01FB	0x120A      	BCF        PCLATH, 4
;__Lib_System.c,141 :: 		
0x01FC	0x0080      	MOVWF      INDF
;__Lib_System.c,142 :: 		
0x01FD	0x0A84      	INCF       FSR, 1
;__Lib_System.c,143 :: 		
0x01FE	0x0ABF      	INCF       ___DoICPAddr, 1
;__Lib_System.c,145 :: 		
0x01FF	0x1903      	BTFSC      STATUS, 2
;__Lib_System.c,146 :: 		
0x0200	0x0AC0      	INCF       ___DoICPAddr+1, 1
;__Lib_System.c,147 :: 		
0x0201	0x03F0      	DECF       R0, 1
;__Lib_System.c,149 :: 		
0x0202	0x1D03      	BTFSS      STATUS, 2
;__Lib_System.c,150 :: 		
0x0203	0x29F9      	GOTO       _CC2D_Loop1
;__Lib_System.c,152 :: 		
L_end___CC2DW:
0x0204	0x0008      	RETURN
; end of ___CC2DW
_main:
0x0205	0x2282      	CALL       642
;chkchkchk.c,23 :: 		void main() {
;chkchkchk.c,24 :: 		lcd_init();
0x0206	0x2197      	CALL       _Lcd_Init
;chkchkchk.c,25 :: 		lcd_cmd(_lcd_cursor_off);
0x0207	0x300C      	MOVLW      12
0x0208	0x00D9      	MOVWF      FARG_Lcd_Cmd_out_char
0x0209	0x201A      	CALL       _Lcd_Cmd
;chkchkchk.c,26 :: 		lcd_cmd(_lcd_clear);
0x020A	0x3001      	MOVLW      1
0x020B	0x00D9      	MOVWF      FARG_Lcd_Cmd_out_char
0x020C	0x201A      	CALL       _Lcd_Cmd
;chkchkchk.c,27 :: 		lcd_out(1,1,"check");
0x020D	0x3001      	MOVLW      1
0x020E	0x00CB      	MOVWF      FARG_Lcd_Out_row
0x020F	0x3001      	MOVLW      1
0x0210	0x00CC      	MOVWF      FARG_Lcd_Out_column
0x0211	0x3020      	MOVLW      ?lstr1_chkchkchk
0x0212	0x00CD      	MOVWF      FARG_Lcd_Out_text
0x0213	0x2159      	CALL       _Lcd_Out
;chkchkchk.c,28 :: 		delay_ms(3000);
0x0214	0x301F      	MOVLW      31
0x0215	0x00FB      	MOVWF      R11
0x0216	0x3071      	MOVLW      113
0x0217	0x00FC      	MOVWF      R12
0x0218	0x301E      	MOVLW      30
0x0219	0x00FD      	MOVWF      R13
L_main0:
0x021A	0x0BFD      	DECFSZ     R13, 1
0x021B	0x2A1A      	GOTO       L_main0
0x021C	0x0BFC      	DECFSZ     R12, 1
0x021D	0x2A1A      	GOTO       L_main0
0x021E	0x0BFB      	DECFSZ     R11, 1
0x021F	0x2A1A      	GOTO       L_main0
0x0220	0x0000      	NOP
;chkchkchk.c,30 :: 		trisa=1;
0x0221	0x3001      	MOVLW      1
0x0222	0x1683      	BSF        STATUS, 5
0x0223	0x0085      	MOVWF      TRISA
;chkchkchk.c,31 :: 		adcon1=ra0;
0x0224	0x019F      	CLRF       ADCON1
;chkchkchk.c,32 :: 		trisa.f0=1;
0x0225	0x1405      	BSF        TRISA, 0
;chkchkchk.c,34 :: 		trisb.rb0=0;
0x0226	0x1006      	BCF        TRISB, 0
;chkchkchk.c,35 :: 		trisb.rb1=255;
0x0227	0x1486      	BSF        TRISB, 1
;chkchkchk.c,36 :: 		ADC_init();
0x0228	0x21E5      	CALL       _ADC_Init
;chkchkchk.c,37 :: 		while(1){
L_main1:
;chkchkchk.c,38 :: 		tempread1=adc_read(0);
0x0229	0x01CB      	CLRF       FARG_ADC_Read_channel
0x022A	0x20CE      	CALL       _ADC_Read
0x022B	0x0870      	MOVF       R0, 0
0x022C	0x00C5      	MOVWF      _tempread1
0x022D	0x0871      	MOVF       R0+1, 0
0x022E	0x00C6      	MOVWF      _tempread1+1
;chkchkchk.c,40 :: 		inttostr(tempread1, readtostr);
0x022F	0x0870      	MOVF       R0, 0
0x0230	0x00CB      	MOVWF      FARG_IntToStr_input
0x0231	0x0871      	MOVF       R0+1, 0
0x0232	0x00CC      	MOVWF      FARG_IntToStr_input+1
0x0233	0x3047      	MOVLW      _readtostr
0x0234	0x00CD      	MOVWF      FARG_IntToStr_output
0x0235	0x20EF      	CALL       _IntToStr
;chkchkchk.c,41 :: 		lcd_cmd(_lcd_clear);
0x0236	0x3001      	MOVLW      1
0x0237	0x00D9      	MOVWF      FARG_Lcd_Cmd_out_char
0x0238	0x201A      	CALL       _Lcd_Cmd
;chkchkchk.c,43 :: 		lcd_out(1,1,"I am up!") ;
0x0239	0x3001      	MOVLW      1
0x023A	0x00CB      	MOVWF      FARG_Lcd_Out_row
0x023B	0x3001      	MOVLW      1
0x023C	0x00CC      	MOVWF      FARG_Lcd_Out_column
0x023D	0x3036      	MOVLW      ?lstr2_chkchkchk
0x023E	0x00CD      	MOVWF      FARG_Lcd_Out_text
0x023F	0x2159      	CALL       _Lcd_Out
;chkchkchk.c,44 :: 		lcd_out(2,1,readtostr);
0x0240	0x3002      	MOVLW      2
0x0241	0x00CB      	MOVWF      FARG_Lcd_Out_row
0x0242	0x3001      	MOVLW      1
0x0243	0x00CC      	MOVWF      FARG_Lcd_Out_column
0x0244	0x3047      	MOVLW      _readtostr
0x0245	0x00CD      	MOVWF      FARG_Lcd_Out_text
0x0246	0x2159      	CALL       _Lcd_Out
;chkchkchk.c,45 :: 		if (!portb.rb1)
0x0247	0x1886      	BTFSC      PORTB, 1
0x0248	0x2A54      	GOTO       L_main3
;chkchkchk.c,47 :: 		while(!portb.rb1)  {
L_main4:
0x0249	0x1886      	BTFSC      PORTB, 1
0x024A	0x2A54      	GOTO       L_main5
;chkchkchk.c,48 :: 		portb.rb0=1;
0x024B	0x1406      	BSF        PORTB, 0
;chkchkchk.c,49 :: 		lcd_out(2,10, "Led on");
0x024C	0x3002      	MOVLW      2
0x024D	0x00CB      	MOVWF      FARG_Lcd_Out_row
0x024E	0x300A      	MOVLW      10
0x024F	0x00CC      	MOVWF      FARG_Lcd_Out_column
0x0250	0x302E      	MOVLW      ?lstr3_chkchkchk
0x0251	0x00CD      	MOVWF      FARG_Lcd_Out_text
0x0252	0x2159      	CALL       _Lcd_Out
;chkchkchk.c,50 :: 		}
0x0253	0x2A49      	GOTO       L_main4
L_main5:
;chkchkchk.c,51 :: 		}
L_main3:
;chkchkchk.c,52 :: 		portb.rb0=0;
0x0254	0x1006      	BCF        PORTB, 0
;chkchkchk.c,53 :: 		lcd_out(2,10, "Led off");
0x0255	0x3002      	MOVLW      2
0x0256	0x00CB      	MOVWF      FARG_Lcd_Out_row
0x0257	0x300A      	MOVLW      10
0x0258	0x00CC      	MOVWF      FARG_Lcd_Out_column
0x0259	0x3026      	MOVLW      ?lstr4_chkchkchk
0x025A	0x00CD      	MOVWF      FARG_Lcd_Out_text
0x025B	0x2159      	CALL       _Lcd_Out
;chkchkchk.c,55 :: 		}        }
0x025C	0x2A29      	GOTO       L_main1
L_end_main:
0x025D	0x2A5D      	GOTO       $+0
; end of _main
0x0282	0x3020      	MOVLW      32
0x0283	0x0084      	MOVWF      FSR
0x0284	0x301F      	MOVLW      31
0x0285	0x1283      	BCF        STATUS, 5
0x0286	0x1303      	BCF        STATUS, 6
0x0287	0x00F0      	MOVWF      R0
0x0288	0x3063      	MOVLW      99
0x0289	0x00BF      	MOVWF      ___DoICPAddr
0x028A	0x3002      	MOVLW      2
0x028B	0x00C0      	MOVWF      64
0x028C	0x21F9      	CALL       505
0x028D	0x0008      	RETURN
;chkchkchk.c,0 :: ?ICS?lstr1_chkchkchk
0x0263	0x3463 ;?ICS?lstr1_chkchkchk+0
0x0264	0x3468 ;?ICS?lstr1_chkchkchk+1
0x0265	0x3465 ;?ICS?lstr1_chkchkchk+2
0x0266	0x3463 ;?ICS?lstr1_chkchkchk+3
0x0267	0x346B ;?ICS?lstr1_chkchkchk+4
0x0268	0x3400 ;?ICS?lstr1_chkchkchk+5
; end of ?ICS?lstr1_chkchkchk
;chkchkchk.c,0 :: ?ICS?lstr4_chkchkchk
0x0269	0x344C ;?ICS?lstr4_chkchkchk+0
0x026A	0x3465 ;?ICS?lstr4_chkchkchk+1
0x026B	0x3464 ;?ICS?lstr4_chkchkchk+2
0x026C	0x3420 ;?ICS?lstr4_chkchkchk+3
0x026D	0x346F ;?ICS?lstr4_chkchkchk+4
0x026E	0x3466 ;?ICS?lstr4_chkchkchk+5
0x026F	0x3466 ;?ICS?lstr4_chkchkchk+6
0x0270	0x3400 ;?ICS?lstr4_chkchkchk+7
; end of ?ICS?lstr4_chkchkchk
;chkchkchk.c,0 :: ?ICS?lstr3_chkchkchk
0x0271	0x344C ;?ICS?lstr3_chkchkchk+0
0x0272	0x3465 ;?ICS?lstr3_chkchkchk+1
0x0273	0x3464 ;?ICS?lstr3_chkchkchk+2
0x0274	0x3420 ;?ICS?lstr3_chkchkchk+3
0x0275	0x346F ;?ICS?lstr3_chkchkchk+4
0x0276	0x346E ;?ICS?lstr3_chkchkchk+5
0x0277	0x3400 ;?ICS?lstr3_chkchkchk+6
; end of ?ICS?lstr3_chkchkchk
;__Lib_ADC_A_A.c,0 :: ?ICS_vref_mask
0x0278	0x3407 ;?ICS_vref_mask+0
; end of ?ICS_vref_mask
;chkchkchk.c,0 :: ?ICS?lstr2_chkchkchk
0x0279	0x3449 ;?ICS?lstr2_chkchkchk+0
0x027A	0x3420 ;?ICS?lstr2_chkchkchk+1
0x027B	0x3461 ;?ICS?lstr2_chkchkchk+2
0x027C	0x346D ;?ICS?lstr2_chkchkchk+3
0x027D	0x3420 ;?ICS?lstr2_chkchkchk+4
0x027E	0x3475 ;?ICS?lstr2_chkchkchk+5
0x027F	0x3470 ;?ICS?lstr2_chkchkchk+6
0x0280	0x3421 ;?ICS?lstr2_chkchkchk+7
0x0281	0x3400 ;?ICS?lstr2_chkchkchk+8
; end of ?ICS?lstr2_chkchkchk
Symbol List:
//** Routines locations **
//ADDRESS    SIZE    PROCEDURE
//----------------------------------------------
0x0003       [3]    _Delay_1us
0x0006      [13]    _Delay_5500us
0x0013       [7]    _Delay_50us
0x001A      [64]    _Lcd_Cmd
0x005A      [29]    _Div_16X16_U
0x0077       [7]    _____DoICP
0x007E       [8]    _Lcd_Chr_CP
0x0086       [8]    _Delay_22us
0x008E      [64]    _WordToStr
0x00CE      [33]    _ADC_Read
0x00EF     [106]    _IntToStr
0x0159      [62]    _Lcd_Out
0x0197      [78]    _Lcd_Init
0x01E5      [20]    _ADC_Init
0x01F9      [12]    ___CC2DW
0x0205      [88]    _main
//** Variables locations ** 
//ADDRESS    SIZE    VARIABLE
//----------------------------------------------
0x0000       [1]    INDF
0x0002       [1]    PCL
0x0003       [1]    STATUS
0x0004       [1]    FSR
0x0006       [1]    PORTB
0x0007       [0]    RC2_bit
0x0007       [0]    lcd_d6
0x0007       [0]    lcd_d5
0x0007       [0]    lcd_rs
0x0007       [0]    lcd_d7
0x0007       [0]    lcd_en
0x0007       [0]    RC4_bit
0x0007       [0]    RC6_bit
0x0007       [0]    RC5_bit
0x0007       [0]    RC3_bit
0x0007       [0]    RC7_bit
0x0007       [0]    lcd_d4
0x000A       [1]    PCLATH
0x001E       [1]    ADRES
0x001F       [1]    ADCON0
0x0020       [6]    ?lstr1_chkchkchk
0x0026       [8]    ?lstr4_chkchkchk
0x002E       [7]    ?lstr3_chkchkchk
0x0035       [1]    _vref_mask
0x0036       [9]    ?lstr2_chkchkchk
0x003F       [2]    ___DoICPAddr
0x0041       [0]    __Lib_Lcd_cmd_status
0x0042       [3]    _ADC_Get_Sample_Ptr
0x0045       [2]    _tempread1
0x0047       [4]    _readtostr
0x004B       [1]    FARG_ADC_Read_channel
0x004B       [1]    FARG_Lcd_Out_row
0x004B       [2]    FARG_IntToStr_input
0x004C       [1]    FARG_Lcd_Out_column
0x004D       [1]    FARG_IntToStr_output
0x004D       [1]    FARG_Lcd_Out_text
0x004E       [2]    IntToStr_i_L0
0x004E       [1]    Lcd_Out_i_L0
0x0050       [2]    IntToStr_negative_L0
0x0052       [2]    IntToStr_inword_L0
0x0054       [2]    FARG_WordToStr_input
0x0054       [1]    FARG_Lcd_Chr_CP_out_char
0x0056       [1]    FARG_WordToStr_output
0x0057       [1]    WordToStr_len_L0
0x0058       [1]    FLOC__WordToStr
0x0059       [1]    FARG_Lcd_Cmd_out_char
0x0070       [1]    R0
0x0071       [1]    R1
0x0072       [1]    R2
0x0073       [1]    R3
0x0074       [1]    R4
0x0075       [1]    R5
0x0076       [1]    R6
0x0077       [1]    R7
0x0078       [1]    R8
0x0079       [1]    R9
0x007A       [1]    R10
0x007B       [1]    R11
0x007C       [1]    R12
0x007D       [1]    R13
0x007E       [1]    R14
0x007F       [1]    R15
0x0085       [1]    TRISA
0x0086       [1]    TRISB
0x0087       [0]    lcd_d4_direction
0x0087       [0]    lcd_rs_Direction
0x0087       [0]    lcd_en_Direction
0x0087       [0]    lcd_d7_direction
0x0087       [0]    lcd_d6_direction
0x0087       [0]    lcd_d5_direction
0x0087       [0]    TRISC6_bit
0x0087       [0]    TRISC5_bit
0x0087       [0]    TRISC7_bit
0x0087       [0]    TRISC2_bit
0x0087       [0]    TRISC4_bit
0x0087       [0]    TRISC3_bit
0x009F       [1]    ADCON1
//** Constants locations ** 
//ADDRESS    SIZE    CONSTANT
//----------------------------------------------
0x0263       [6]    ?ICS?lstr1_chkchkchk
0x0269       [8]    ?ICS?lstr4_chkchkchk
0x0271       [7]    ?ICS?lstr3_chkchkchk
0x0278       [1]    ?ICS_vref_mask
0x0279       [9]    ?ICS?lstr2_chkchkchk
