;  LST file generated by mikroListExporter - v.2.0 
; Date/Time: 18-Dec-20 1:39:30 PM
;----------------------------------------------

;Address Opcode 	ASM
0x0000	0x2CB6      	GOTO       1206
_Delay_50us:
;__Lib_Delays.c,19 :: 		void Delay_50us() {
;__Lib_Delays.c,20 :: 		Delay_us(50);
0x0003	0x3053      	MOVLW      83
0x0004	0x1283      	BCF        STATUS, 5
0x0005	0x1303      	BCF        STATUS, 6
0x0006	0x00FD      	MOVWF      R13
L_Delay_50us2:
0x0007	0x0BFD      	DECFSZ     R13, 1
0x0008	0x2807      	GOTO       L_Delay_50us2
;__Lib_Delays.c,21 :: 		}
L_end_Delay_50us:
0x0009	0x0008      	RETURN
; end of _Delay_50us
_Delay_1us:
;__Lib_Delays.c,7 :: 		void Delay_1us() {
;__Lib_Delays.c,8 :: 		Delay_us(1);
0x000A	0x0000      	NOP
0x000B	0x0000      	NOP
0x000C	0x0000      	NOP
0x000D	0x0000      	NOP
0x000E	0x0000      	NOP
;__Lib_Delays.c,9 :: 		}
L_end_Delay_1us:
0x000F	0x0008      	RETURN
; end of _Delay_1us
_Delay_5500us:
;__Lib_Delays.c,31 :: 		void Delay_5500us() {
;__Lib_Delays.c,32 :: 		Delay_us(5500);
0x0010	0x3024      	MOVLW      36
0x0011	0x1283      	BCF        STATUS, 5
0x0012	0x1303      	BCF        STATUS, 6
0x0013	0x00FC      	MOVWF      R12
0x0014	0x30B5      	MOVLW      181
0x0015	0x00FD      	MOVWF      R13
L_Delay_5500us5:
0x0016	0x0BFD      	DECFSZ     R13, 1
0x0017	0x2816      	GOTO       L_Delay_5500us5
0x0018	0x0BFC      	DECFSZ     R12, 1
0x0019	0x2816      	GOTO       L_Delay_5500us5
0x001A	0x0000      	NOP
0x001B	0x0000      	NOP
;__Lib_Delays.c,33 :: 		}
L_end_Delay_5500us:
0x001C	0x0008      	RETURN
; end of _Delay_5500us
_SETFOV32:
;__Lib_MathDouble.c,79 :: 		
;__Lib_MathDouble.c,86 :: 		
0x001D	0x14FB      	BSF        R11, 1
;__Lib_MathDouble.c,87 :: 		
0x001E	0x1FFB      	BTFSS      R11, 7
;__Lib_MathDouble.c,88 :: 		
0x001F	0x2827      	GOTO       SETFOV32EEE
;__Lib_MathDouble.c,89 :: 		
0x0020	0x30FF      	MOVLW      255
;__Lib_MathDouble.c,90 :: 		
0x0021	0x00F3      	MOVWF      R3
;__Lib_MathDouble.c,91 :: 		
0x0022	0x00F2      	MOVWF      R2
;__Lib_MathDouble.c,92 :: 		
0x0023	0x00F1      	MOVWF      R1
;__Lib_MathDouble.c,93 :: 		
0x0024	0x00F0      	MOVWF      R0
;__Lib_MathDouble.c,94 :: 		
0x0025	0x0DFA      	RLF        R10, 1
;__Lib_MathDouble.c,95 :: 		
0x0026	0x0CF2      	RRF        R2, 1
;__Lib_MathDouble.c,96 :: 		
SETFOV32EEE:
;__Lib_MathDouble.c,97 :: 		
0x0027	0x30FF      	MOVLW      255
;__Lib_MathDouble.c,99 :: 		
L_end_SETFOV32:
0x0028	0x0008      	RETURN
; end of _SETFOV32
_Lcd_Cmd:
;__Lib_Lcd.c,18 :: 		
;__Lib_Lcd.c,20 :: 		
0x0029	0x1283      	BCF        STATUS, 5
0x002A	0x1303      	BCF        STATUS, 6
0x002B	0x1BCF      	BTFSC      FARG_Lcd_Cmd_out_char, 7
0x002C	0x282F      	GOTO       L__Lcd_Cmd21
0x002D	0x1387      	BCF        lcd_d7, BitPos(lcd_d7+0)
0x002E	0x2830      	GOTO       L__Lcd_Cmd22
L__Lcd_Cmd21:
0x002F	0x1787      	BSF        lcd_d7, BitPos(lcd_d7+0)
L__Lcd_Cmd22:
;__Lib_Lcd.c,21 :: 		
0x0030	0x1B4F      	BTFSC      FARG_Lcd_Cmd_out_char, 6
0x0031	0x2834      	GOTO       L__Lcd_Cmd23
0x0032	0x1307      	BCF        lcd_d6, BitPos(lcd_d6+0)
0x0033	0x2835      	GOTO       L__Lcd_Cmd24
L__Lcd_Cmd23:
0x0034	0x1707      	BSF        lcd_d6, BitPos(lcd_d6+0)
L__Lcd_Cmd24:
;__Lib_Lcd.c,22 :: 		
0x0035	0x1ACF      	BTFSC      FARG_Lcd_Cmd_out_char, 5
0x0036	0x2839      	GOTO       L__Lcd_Cmd25
0x0037	0x1287      	BCF        lcd_d5, BitPos(lcd_d5+0)
0x0038	0x283A      	GOTO       L__Lcd_Cmd26
L__Lcd_Cmd25:
0x0039	0x1687      	BSF        lcd_d5, BitPos(lcd_d5+0)
L__Lcd_Cmd26:
;__Lib_Lcd.c,23 :: 		
0x003A	0x1A4F      	BTFSC      FARG_Lcd_Cmd_out_char, 4
0x003B	0x283E      	GOTO       L__Lcd_Cmd27
0x003C	0x1207      	BCF        lcd_d4, BitPos(lcd_d4+0)
0x003D	0x283F      	GOTO       L__Lcd_Cmd28
L__Lcd_Cmd27:
0x003E	0x1607      	BSF        lcd_d4, BitPos(lcd_d4+0)
L__Lcd_Cmd28:
;__Lib_Lcd.c,25 :: 		
0x003F	0x182B      	BTFSC      __Lib_Lcd_cmd_status, BitPos(__Lib_Lcd_cmd_status+0)
0x0040	0x2843      	GOTO       L__Lcd_Cmd29
0x0041	0x1507      	BSF        lcd_rs, BitPos(lcd_rs+0)
0x0042	0x2844      	GOTO       L__Lcd_Cmd30
L__Lcd_Cmd29:
0x0043	0x1107      	BCF        lcd_rs, BitPos(lcd_rs+0)
L__Lcd_Cmd30:
;__Lib_Lcd.c,28 :: 		
0x0044	0x1587      	BSF        lcd_en, BitPos(lcd_en+0)
;__Lib_Lcd.c,29 :: 		
0x0045	0x200A      	CALL       _Delay_1us
;__Lib_Lcd.c,30 :: 		
0x0046	0x1187      	BCF        lcd_en, BitPos(lcd_en+0)
;__Lib_Lcd.c,33 :: 		
0x0047	0x19CF      	BTFSC      FARG_Lcd_Cmd_out_char, 3
0x0048	0x284B      	GOTO       L__Lcd_Cmd31
0x0049	0x1387      	BCF        lcd_d7, BitPos(lcd_d7+0)
0x004A	0x284C      	GOTO       L__Lcd_Cmd32
L__Lcd_Cmd31:
0x004B	0x1787      	BSF        lcd_d7, BitPos(lcd_d7+0)
L__Lcd_Cmd32:
;__Lib_Lcd.c,34 :: 		
0x004C	0x194F      	BTFSC      FARG_Lcd_Cmd_out_char, 2
0x004D	0x2850      	GOTO       L__Lcd_Cmd33
0x004E	0x1307      	BCF        lcd_d6, BitPos(lcd_d6+0)
0x004F	0x2851      	GOTO       L__Lcd_Cmd34
L__Lcd_Cmd33:
0x0050	0x1707      	BSF        lcd_d6, BitPos(lcd_d6+0)
L__Lcd_Cmd34:
;__Lib_Lcd.c,35 :: 		
0x0051	0x18CF      	BTFSC      FARG_Lcd_Cmd_out_char, 1
0x0052	0x2855      	GOTO       L__Lcd_Cmd35
0x0053	0x1287      	BCF        lcd_d5, BitPos(lcd_d5+0)
0x0054	0x2856      	GOTO       L__Lcd_Cmd36
L__Lcd_Cmd35:
0x0055	0x1687      	BSF        lcd_d5, BitPos(lcd_d5+0)
L__Lcd_Cmd36:
;__Lib_Lcd.c,36 :: 		
0x0056	0x184F      	BTFSC      FARG_Lcd_Cmd_out_char, 0
0x0057	0x285A      	GOTO       L__Lcd_Cmd37
0x0058	0x1207      	BCF        lcd_d4, BitPos(lcd_d4+0)
0x0059	0x285B      	GOTO       L__Lcd_Cmd38
L__Lcd_Cmd37:
0x005A	0x1607      	BSF        lcd_d4, BitPos(lcd_d4+0)
L__Lcd_Cmd38:
;__Lib_Lcd.c,38 :: 		
0x005B	0x182B      	BTFSC      __Lib_Lcd_cmd_status, BitPos(__Lib_Lcd_cmd_status+0)
0x005C	0x285F      	GOTO       L__Lcd_Cmd39
0x005D	0x1507      	BSF        lcd_rs, BitPos(lcd_rs+0)
0x005E	0x2860      	GOTO       L__Lcd_Cmd40
L__Lcd_Cmd39:
0x005F	0x1107      	BCF        lcd_rs, BitPos(lcd_rs+0)
L__Lcd_Cmd40:
;__Lib_Lcd.c,40 :: 		
0x0060	0x1587      	BSF        lcd_en, BitPos(lcd_en+0)
;__Lib_Lcd.c,41 :: 		
0x0061	0x200A      	CALL       _Delay_1us
;__Lib_Lcd.c,42 :: 		
0x0062	0x1187      	BCF        lcd_en, BitPos(lcd_en+0)
;__Lib_Lcd.c,44 :: 		
0x0063	0x1C2B      	BTFSS      __Lib_Lcd_cmd_status, BitPos(__Lib_Lcd_cmd_status+0)
0x0064	0x2867      	GOTO       L_Lcd_Cmd0
;__Lib_Lcd.c,45 :: 		
0x0065	0x2010      	CALL       _Delay_5500us
0x0066	0x2868      	GOTO       L_Lcd_Cmd1
L_Lcd_Cmd0:
;__Lib_Lcd.c,47 :: 		
0x0067	0x2003      	CALL       _Delay_50us
L_Lcd_Cmd1:
;__Lib_Lcd.c,48 :: 		
L_end_Lcd_Cmd:
0x0068	0x0008      	RETURN
; end of _Lcd_Cmd
_SETFUN32:
;__Lib_MathDouble.c,138 :: 		
;__Lib_MathDouble.c,145 :: 		
0x0069	0x157B      	BSF        R11, 2
;__Lib_MathDouble.c,146 :: 		
0x006A	0x1FFB      	BTFSS      R11, 7
;__Lib_MathDouble.c,147 :: 		
0x006B	0x2873      	GOTO       SETFUN32EEE
;__Lib_MathDouble.c,148 :: 		
0x006C	0x3001      	MOVLW      1
;__Lib_MathDouble.c,149 :: 		
0x006D	0x00F3      	MOVWF      R3
;__Lib_MathDouble.c,150 :: 		
0x006E	0x01F2      	CLRF       R2
;__Lib_MathDouble.c,151 :: 		
0x006F	0x01F1      	CLRF       R1
;__Lib_MathDouble.c,152 :: 		
0x0070	0x01F0      	CLRF       R0
;__Lib_MathDouble.c,153 :: 		
0x0071	0x0DFA      	RLF        R10, 1
;__Lib_MathDouble.c,154 :: 		
0x0072	0x0CF2      	RRF        R2, 1
;__Lib_MathDouble.c,155 :: 		
SETFUN32EEE:
;__Lib_MathDouble.c,156 :: 		
0x0073	0x30FF      	MOVLW      255
;__Lib_MathDouble.c,158 :: 		
L_end_SETFUN32:
0x0074	0x0008      	RETURN
; end of _SETFUN32
_RES032:
;__Lib_MathDouble.c,123 :: 		
;__Lib_MathDouble.c,128 :: 		
0x0075	0x01F2      	CLRF       R2
;__Lib_MathDouble.c,129 :: 		
0x0076	0x01F1      	CLRF       R1
;__Lib_MathDouble.c,130 :: 		
0x0077	0x01F0      	CLRF       R0
;__Lib_MathDouble.c,131 :: 		
0x0078	0x01F8      	CLRF       R8
;__Lib_MathDouble.c,132 :: 		
0x0079	0x01F3      	CLRF       R3
;__Lib_MathDouble.c,133 :: 		
0x007A	0x3000      	MOVLW      0
;__Lib_MathDouble.c,135 :: 		
L_end_RES032:
0x007B	0x0008      	RETURN
; end of _RES032
_strcpy:
;__Lib_CString.c,126 :: 		
;__Lib_CString.c,129 :: 		
0x007C	0x1283      	BCF        STATUS, 5
0x007D	0x1303      	BCF        STATUS, 6
0x007E	0x084D      	MOVF       FARG_strcpy_to, 0
0x007F	0x00F2      	MOVWF      R2
;__Lib_CString.c,130 :: 		
L_strcpy34:
0x0080	0x0872      	MOVF       R2, 0
0x0081	0x00F1      	MOVWF      R1
0x0082	0x0AF2      	INCF       R2, 1
0x0083	0x084E      	MOVF       FARG_strcpy_from, 0
0x0084	0x00F0      	MOVWF      R0
0x0085	0x0ACE      	INCF       FARG_strcpy_from, 1
0x0086	0x0870      	MOVF       R0, 0
0x0087	0x0084      	MOVWF      FSR
0x0088	0x0800      	MOVF       INDF, 0
0x0089	0x00F0      	MOVWF      R0
0x008A	0x0871      	MOVF       R1, 0
0x008B	0x0084      	MOVWF      FSR
0x008C	0x0870      	MOVF       R0, 0
0x008D	0x0080      	MOVWF      INDF
0x008E	0x0871      	MOVF       R1, 0
0x008F	0x0084      	MOVWF      FSR
0x0090	0x0800      	MOVF       INDF, 0
0x0091	0x1903      	BTFSC      STATUS, 2
0x0092	0x2894      	GOTO       L_strcpy35
;__Lib_CString.c,131 :: 		
0x0093	0x2880      	GOTO       L_strcpy34
L_strcpy35:
;__Lib_CString.c,132 :: 		
0x0094	0x084D      	MOVF       FARG_strcpy_to, 0
0x0095	0x00F0      	MOVWF      R0
;__Lib_CString.c,133 :: 		
L_end_strcpy:
0x0096	0x0008      	RETURN
; end of _strcpy
_Div_8X8_S:
;__Lib_Math.c,607 :: 		
;__Lib_Math.c,615 :: 		
0x0097	0x1283      	BCF        STATUS, 5
;__Lib_Math.c,616 :: 		
0x0098	0x1303      	BCF        STATUS, 6
;__Lib_Math.c,617 :: 		
0x0099	0x01FD      	CLRF       R13
;__Lib_Math.c,618 :: 		
0x009A	0x01F8      	CLRF       R8
;__Lib_Math.c,619 :: 		
0x009B	0x0870      	MOVF       R0, 0
;__Lib_Math.c,620 :: 		
0x009C	0x1903      	BTFSC      STATUS, 2
;__Lib_Math.c,621 :: 		
0x009D	0x3400      	RETLW      0
;__Lib_Math.c,622 :: 		
0x009E	0x0674      	XORWF      R4, 0
;__Lib_Math.c,623 :: 		
0x009F	0x00FA      	MOVWF      R10
;__Lib_Math.c,624 :: 		
0x00A0	0x1BFA      	BTFSC      R10, 7
;__Lib_Math.c,625 :: 		
0x00A1	0x09FD      	COMF       R13, 1
;__Lib_Math.c,626 :: 		
0x00A2	0x01FB      	CLRF       R11
;__Lib_Math.c,627 :: 		
0x00A3	0x1FF4      	BTFSS      R4, 7
;__Lib_Math.c,628 :: 		
0x00A4	0x28A7      	GOTO       $+3
;__Lib_Math.c,629 :: 		
0x00A5	0x09F4      	COMF       R4, 1
;__Lib_Math.c,630 :: 		
0x00A6	0x0AF4      	INCF       R4, 1
;__Lib_Math.c,631 :: 		
0x00A7	0x1FF0      	BTFSS      R0, 7
;__Lib_Math.c,632 :: 		
0x00A8	0x28AB      	GOTO       $+3
;__Lib_Math.c,633 :: 		
0x00A9	0x09F0      	COMF       R0, 1
;__Lib_Math.c,634 :: 		
0x00AA	0x0AF0      	INCF       R0, 1
;__Lib_Math.c,635 :: 		
0x00AB	0x0870      	MOVF       R0, 0
;__Lib_Math.c,636 :: 		
0x00AC	0x0474      	IORWF      R4, 0
;__Lib_Math.c,637 :: 		
0x00AD	0x00FA      	MOVWF      R10
;__Lib_Math.c,638 :: 		
0x00AE	0x1BFA      	BTFSC      R10, 7
;__Lib_Math.c,639 :: 		
0x00AF	0x28CF      	GOTO       $+32
;__Lib_Math.c,640 :: 		
0x00B0	0x0874      	MOVF       R4, 0
;__Lib_Math.c,641 :: 		
0x00B1	0x02F8      	SUBWF      R8, 1
;__Lib_Math.c,642 :: 		
0x00B2	0x0DF0      	RLF        R0, 1
;__Lib_Math.c,643 :: 		
0x00B3	0x0D70      	RLF        R0, 0
;__Lib_Math.c,644 :: 		
0x00B4	0x0DF8      	RLF        R8, 1
;__Lib_Math.c,645 :: 		
0x00B5	0x0874      	MOVF       R4, 0
;__Lib_Math.c,646 :: 		
0x00B6	0x07F8      	ADDWF      R8, 1
;__Lib_Math.c,647 :: 		
0x00B7	0x0DF0      	RLF        R0, 1
;__Lib_Math.c,648 :: 		
0x00B8	0x3006      	MOVLW      6
;__Lib_Math.c,649 :: 		
0x00B9	0x00FC      	MOVWF      R12
;__Lib_Math.c,650 :: 		
0x00BA	0x0D70      	RLF        R0, 0
;__Lib_Math.c,651 :: 		
0x00BB	0x0DF8      	RLF        R8, 1
;__Lib_Math.c,652 :: 		
0x00BC	0x0874      	MOVF       R4, 0
;__Lib_Math.c,653 :: 		
0x00BD	0x1870      	BTFSC      R0, 0
;__Lib_Math.c,654 :: 		
0x00BE	0x02F8      	SUBWF      R8, 1
;__Lib_Math.c,655 :: 		
0x00BF	0x1C70      	BTFSS      R0, 0
;__Lib_Math.c,656 :: 		
0x00C0	0x07F8      	ADDWF      R8, 1
;__Lib_Math.c,657 :: 		
0x00C1	0x0DF0      	RLF        R0, 1
;__Lib_Math.c,658 :: 		
0x00C2	0x0BFC      	DECFSZ     R12, 1
;__Lib_Math.c,659 :: 		
0x00C3	0x28BA      	GOTO       $-9
;__Lib_Math.c,660 :: 		
0x00C4	0x1C70      	BTFSS      R0, 0
;__Lib_Math.c,661 :: 		
0x00C5	0x07F8      	ADDWF      R8, 1
;__Lib_Math.c,662 :: 		
0x00C6	0x187B      	BTFSC      R11, 0
;__Lib_Math.c,663 :: 		
0x00C7	0x28DD      	GOTO       $+22
;__Lib_Math.c,664 :: 		
0x00C8	0x1FFD      	BTFSS      R13, 7
;__Lib_Math.c,665 :: 		
0x00C9	0x3400      	RETLW      0
;__Lib_Math.c,666 :: 		
0x00CA	0x09F0      	COMF       R0, 1
;__Lib_Math.c,667 :: 		
0x00CB	0x0AF0      	INCF       R0, 1
;__Lib_Math.c,668 :: 		
0x00CC	0x09F8      	COMF       R8, 1
;__Lib_Math.c,669 :: 		
0x00CD	0x0AF8      	INCF       R8, 1
;__Lib_Math.c,670 :: 		
0x00CE	0x3400      	RETLW      0
;__Lib_Math.c,671 :: 		
0x00CF	0x1FF4      	BTFSS      R4, 7
;__Lib_Math.c,672 :: 		
0x00D0	0x28DA      	GOTO       $+10
;__Lib_Math.c,673 :: 		
0x00D1	0x1BF0      	BTFSC      R0, 7
;__Lib_Math.c,674 :: 		
0x00D2	0x28D7      	GOTO       $+5
;__Lib_Math.c,675 :: 		
0x00D3	0x0870      	MOVF       R0, 0
;__Lib_Math.c,676 :: 		
0x00D4	0x00F8      	MOVWF      R8
;__Lib_Math.c,677 :: 		
0x00D5	0x01F0      	CLRF       R0
;__Lib_Math.c,678 :: 		
0x00D6	0x28C8      	GOTO       $-14
;__Lib_Math.c,679 :: 		
0x00D7	0x01F0      	CLRF       R0
;__Lib_Math.c,680 :: 		
0x00D8	0x0AF0      	INCF       R0, 1
;__Lib_Math.c,681 :: 		
0x00D9	0x3400      	RETLW      0
;__Lib_Math.c,682 :: 		
0x00DA	0x09F0      	COMF       R0, 1
;__Lib_Math.c,683 :: 		
0x00DB	0x0AFB      	INCF       R11, 1
;__Lib_Math.c,684 :: 		
0x00DC	0x28B0      	GOTO       $-44
;__Lib_Math.c,685 :: 		
0x00DD	0x0AF8      	INCF       R8, 1
;__Lib_Math.c,686 :: 		
0x00DE	0x0874      	MOVF       R4, 0
;__Lib_Math.c,687 :: 		
0x00DF	0x0278      	SUBWF      R8, 0
;__Lib_Math.c,688 :: 		
0x00E0	0x1D03      	BTFSS      STATUS, 2
;__Lib_Math.c,689 :: 		
0x00E1	0x28C8      	GOTO       $-25
;__Lib_Math.c,690 :: 		
0x00E2	0x01F8      	CLRF       R8
;__Lib_Math.c,691 :: 		
0x00E3	0x0AF0      	INCF       R0, 1
;__Lib_Math.c,692 :: 		
0x00E4	0x1FF0      	BTFSS      R0, 7
;__Lib_Math.c,693 :: 		
0x00E5	0x28C8      	GOTO       $-29
;__Lib_Math.c,694 :: 		
0x00E6	0x34FF      	RETLW      255
;__Lib_Math.c,696 :: 		
L_end_Div_8X8_S:
0x00E7	0x0008      	RETURN
; end of _Div_8X8_S
_____DoICP:
;__Lib_System.c,6 :: 		
;__Lib_System.c,9 :: 		
0x00E8	0x1283      	BCF        STATUS, 5
0x00E9	0x1303      	BCF        STATUS, 6
0x00EA	0x083B      	MOVF       ___DoICPAddr+1, 0
0x00EB	0x008A      	MOVWF      PCLATH
;__Lib_System.c,10 :: 		
0x00EC	0x083A      	MOVF       ___DoICPAddr, 0
0x00ED	0x0082      	MOVWF      PCL
;__Lib_System.c,12 :: 		
L_end_____DoICP:
0x00EE	0x0008      	RETURN
; end of _____DoICP
_Lcd_Chr_CP:
;__Lib_Lcd.c,50 :: 		
;__Lib_Lcd.c,52 :: 		
0x00EF	0x1283      	BCF        STATUS, 5
0x00F0	0x1303      	BCF        STATUS, 6
0x00F1	0x102B      	BCF        __Lib_Lcd_cmd_status, BitPos(__Lib_Lcd_cmd_status+0)
;__Lib_Lcd.c,53 :: 		
0x00F2	0x084D      	MOVF       FARG_Lcd_Chr_CP_out_char, 0
0x00F3	0x00CF      	MOVWF      FARG_Lcd_Cmd_out_char
0x00F4	0x2029      	CALL       _Lcd_Cmd
;__Lib_Lcd.c,54 :: 		
0x00F5	0x142B      	BSF        __Lib_Lcd_cmd_status, BitPos(__Lib_Lcd_cmd_status+0)
;__Lib_Lcd.c,55 :: 		
L_end_Lcd_Chr_CP:
0x00F6	0x0008      	RETURN
; end of _Lcd_Chr_CP
_Compare_Double:
;__Lib_MathDouble.c,2053 :: 		
;__Lib_MathDouble.c,2062 :: 		
;__Lib_MathDouble.c,2064 :: 		
0x00F7	0x1283      	BCF        STATUS, 5
;__Lib_MathDouble.c,2065 :: 		
0x00F8	0x1303      	BCF        STATUS, 6
;__Lib_MathDouble.c,2067 :: 		
0x00F9	0x01FA      	CLRF       R10
;__Lib_MathDouble.c,2068 :: 		
0x00FA	0x0873      	MOVF       R3, 0
;__Lib_MathDouble.c,2069 :: 		
0x00FB	0x1D03      	BTFSS      STATUS, 2
;__Lib_MathDouble.c,2070 :: 		
0x00FC	0x147A      	BSF        R10, 0
;__Lib_MathDouble.c,2071 :: 		
0x00FD	0x0877      	MOVF       R7, 0
;__Lib_MathDouble.c,2072 :: 		
0x00FE	0x1D03      	BTFSS      STATUS, 2
;__Lib_MathDouble.c,2073 :: 		
0x00FF	0x14FA      	BSF        R10, 1
;__Lib_MathDouble.c,2075 :: 		
0x0100	0x087A      	MOVF       R10, 0
;__Lib_MathDouble.c,2076 :: 		
0x0101	0x1903      	BTFSC      STATUS, 2
;__Lib_MathDouble.c,2077 :: 		
0x0102	0x2943      	GOTO       COMPARE_EQU
;__Lib_MathDouble.c,2078 :: 		
0x0103	0x3A03      	XORLW      3
;__Lib_MathDouble.c,2079 :: 		
0x0104	0x1903      	BTFSC      STATUS, 2
;__Lib_MathDouble.c,2080 :: 		
0x0105	0x290E      	GOTO       COMPARE_NOTZERO
;__Lib_MathDouble.c,2082 :: 		
0x0106	0x187A      	BTFSC      R10, 0
;__Lib_MathDouble.c,2083 :: 		
0x0107	0x290B      	GOTO       COMPARE_XNOTZERO
;__Lib_MathDouble.c,2085 :: 		
0x0108	0x1FF6      	BTFSS      R6, 7
;__Lib_MathDouble.c,2086 :: 		
0x0109	0x2941      	GOTO       COMPARE_LT
;__Lib_MathDouble.c,2087 :: 		
0x010A	0x293F      	GOTO       COMPARE_GT
;__Lib_MathDouble.c,2088 :: 		
COMPARE_XNOTZERO:
;__Lib_MathDouble.c,2089 :: 		
0x010B	0x1FF2      	BTFSS      R2, 7
;__Lib_MathDouble.c,2090 :: 		
0x010C	0x293F      	GOTO       COMPARE_GT
;__Lib_MathDouble.c,2091 :: 		
0x010D	0x2941      	GOTO       COMPARE_LT
;__Lib_MathDouble.c,2093 :: 		
COMPARE_NOTZERO:
;__Lib_MathDouble.c,2094 :: 		
0x010E	0x0872      	MOVF       R2, 0
;__Lib_MathDouble.c,2095 :: 		
0x010F	0x3980      	ANDLW      128
;__Lib_MathDouble.c,2096 :: 		
0x0110	0x00FA      	MOVWF      R10
;__Lib_MathDouble.c,2097 :: 		
0x0111	0x13F2      	BCF        R2, 7
;__Lib_MathDouble.c,2099 :: 		
0x0112	0x0876      	MOVF       R6, 0
;__Lib_MathDouble.c,2100 :: 		
0x0113	0x3980      	ANDLW      128
;__Lib_MathDouble.c,2101 :: 		
0x0114	0x13F6      	BCF        R6, 7
;__Lib_MathDouble.c,2103 :: 		
0x0115	0x067A      	XORWF      R10, 0
;__Lib_MathDouble.c,2104 :: 		
0x0116	0x1903      	BTFSC      STATUS, 2
;__Lib_MathDouble.c,2105 :: 		
0x0117	0x291C      	GOTO       COMPARE_TESTALL
;__Lib_MathDouble.c,2107 :: 		
0x0118	0x087A      	MOVF       R10, 0
;__Lib_MathDouble.c,2108 :: 		
0x0119	0x1903      	BTFSC      STATUS, 2
;__Lib_MathDouble.c,2109 :: 		
0x011A	0x293F      	GOTO       COMPARE_GT
;__Lib_MathDouble.c,2110 :: 		
0x011B	0x2941      	GOTO       COMPARE_LT
;__Lib_MathDouble.c,2112 :: 		
COMPARE_TESTALL:
;__Lib_MathDouble.c,2113 :: 		
0x011C	0x0877      	MOVF       R7, 0
;__Lib_MathDouble.c,2114 :: 		
0x011D	0x0273      	SUBWF      R3, 0
;__Lib_MathDouble.c,2115 :: 		
0x011E	0x1903      	BTFSC      STATUS, 2
;__Lib_MathDouble.c,2116 :: 		
0x011F	0x2923      	GOTO       COMPARE_C1
;__Lib_MathDouble.c,2117 :: 		
0x0120	0x1C03      	BTFSS      STATUS, 0
;__Lib_MathDouble.c,2118 :: 		
0x0121	0x2937      	GOTO       GT_FALSE
;__Lib_MathDouble.c,2119 :: 		
0x0122	0x293B      	GOTO       GT_TRUE
;__Lib_MathDouble.c,2120 :: 		
COMPARE_C1:
;__Lib_MathDouble.c,2121 :: 		
0x0123	0x0876      	MOVF       R6, 0
;__Lib_MathDouble.c,2122 :: 		
0x0124	0x0272      	SUBWF      R2, 0
;__Lib_MathDouble.c,2123 :: 		
0x0125	0x1903      	BTFSC      STATUS, 2
;__Lib_MathDouble.c,2124 :: 		
0x0126	0x292A      	GOTO       COMPARE_C2
;__Lib_MathDouble.c,2125 :: 		
0x0127	0x1C03      	BTFSS      STATUS, 0
;__Lib_MathDouble.c,2126 :: 		
0x0128	0x2937      	GOTO       GT_FALSE
;__Lib_MathDouble.c,2127 :: 		
0x0129	0x293B      	GOTO       GT_TRUE
;__Lib_MathDouble.c,2128 :: 		
COMPARE_C2:
;__Lib_MathDouble.c,2129 :: 		
0x012A	0x0875      	MOVF       R5, 0
;__Lib_MathDouble.c,2130 :: 		
0x012B	0x0271      	SUBWF      R1, 0
;__Lib_MathDouble.c,2131 :: 		
0x012C	0x1903      	BTFSC      STATUS, 2
;__Lib_MathDouble.c,2132 :: 		
0x012D	0x2931      	GOTO       COMPARE_C3
;__Lib_MathDouble.c,2133 :: 		
0x012E	0x1C03      	BTFSS      STATUS, 0
;__Lib_MathDouble.c,2134 :: 		
0x012F	0x2937      	GOTO       GT_FALSE
;__Lib_MathDouble.c,2135 :: 		
0x0130	0x293B      	GOTO       GT_TRUE
;__Lib_MathDouble.c,2136 :: 		
COMPARE_C3:
;__Lib_MathDouble.c,2137 :: 		
0x0131	0x0874      	MOVF       R4, 0
;__Lib_MathDouble.c,2138 :: 		
0x0132	0x0270      	SUBWF      R0, 0
;__Lib_MathDouble.c,2139 :: 		
0x0133	0x1903      	BTFSC      STATUS, 2
;__Lib_MathDouble.c,2140 :: 		
0x0134	0x2943      	GOTO       COMPARE_EQU
;__Lib_MathDouble.c,2141 :: 		
0x0135	0x1803      	BTFSC      STATUS, 0
;__Lib_MathDouble.c,2142 :: 		
0x0136	0x293B      	GOTO       GT_TRUE
;__Lib_MathDouble.c,2144 :: 		
GT_FALSE:
;__Lib_MathDouble.c,2145 :: 		
0x0137	0x08FA      	MOVF       R10, 1
;__Lib_MathDouble.c,2146 :: 		
0x0138	0x1903      	BTFSC      STATUS, 2
;__Lib_MathDouble.c,2147 :: 		
0x0139	0x2941      	GOTO       COMPARE_LT
;__Lib_MathDouble.c,2148 :: 		
0x013A	0x293F      	GOTO       COMPARE_GT
;__Lib_MathDouble.c,2149 :: 		
GT_TRUE:
;__Lib_MathDouble.c,2150 :: 		
0x013B	0x08FA      	MOVF       R10, 1
;__Lib_MathDouble.c,2151 :: 		
0x013C	0x1903      	BTFSC      STATUS, 2
;__Lib_MathDouble.c,2152 :: 		
0x013D	0x293F      	GOTO       COMPARE_GT
;__Lib_MathDouble.c,2153 :: 		
0x013E	0x2941      	GOTO       COMPARE_LT
;__Lib_MathDouble.c,2155 :: 		
COMPARE_GT:
;__Lib_MathDouble.c,2158 :: 		
0x013F	0x1403      	BSF        STATUS, 0
;__Lib_MathDouble.c,2159 :: 		
0x0140	0x0008      	RETURN
;__Lib_MathDouble.c,2160 :: 		
COMPARE_LT:
;__Lib_MathDouble.c,2163 :: 		
0x0141	0x1003      	BCF        STATUS, 0
;__Lib_MathDouble.c,2164 :: 		
0x0142	0x0008      	RETURN
;__Lib_MathDouble.c,2165 :: 		
COMPARE_EQU:
;__Lib_MathDouble.c,2168 :: 		
0x0143	0x1403      	BSF        STATUS, 0
;__Lib_MathDouble.c,2169 :: 		
0x0144	0x1503      	BSF        STATUS, 2
;__Lib_MathDouble.c,2170 :: 		
0x0145	0x0008      	RETURN
;__Lib_MathDouble.c,2172 :: 		
L_end_Compare_Double:
0x0146	0x0008      	RETURN
; end of _Compare_Double
_Mul_32x32_FP:
;__Lib_MathDouble.c,610 :: 		
;__Lib_MathDouble.c,622 :: 		
;__Lib_MathDouble.c,624 :: 		
0x0147	0x1283      	BCF        STATUS, 5
;__Lib_MathDouble.c,625 :: 		
0x0148	0x1303      	BCF        STATUS, 6
;__Lib_MathDouble.c,627 :: 		
0x0149	0x01FB      	CLRF       R11
;__Lib_MathDouble.c,628 :: 		
0x014A	0x0873      	MOVF       R3, 0
;__Lib_MathDouble.c,629 :: 		
0x014B	0x1D03      	BTFSS      STATUS, 2
;__Lib_MathDouble.c,630 :: 		
0x014C	0x0877      	MOVF       R7, 0
;__Lib_MathDouble.c,631 :: 		
0x014D	0x1903      	BTFSC      STATUS, 2
;__Lib_MathDouble.c,632 :: 		
0x014E	0x299E      	GOTO       JPMRES032
;__Lib_MathDouble.c,634 :: 		
0x014F	0x0872      	MOVF       R2, 0
;__Lib_MathDouble.c,635 :: 		
0x0150	0x0676      	XORWF      R6, 0
;__Lib_MathDouble.c,636 :: 		
0x0151	0x00FA      	MOVWF      R10
;__Lib_MathDouble.c,637 :: 		
0x0152	0x0877      	MOVF       R7, 0
;__Lib_MathDouble.c,638 :: 		
0x0153	0x07F3      	ADDWF      R3, 1
;__Lib_MathDouble.c,639 :: 		
0x0154	0x307E      	MOVLW      126
;__Lib_MathDouble.c,640 :: 		
0x0155	0x1C03      	BTFSS      STATUS, 0
;__Lib_MathDouble.c,641 :: 		
0x0156	0x295B      	GOTO       MTUN32
;__Lib_MathDouble.c,642 :: 		
0x0157	0x02F3      	SUBWF      R3, 1
;__Lib_MathDouble.c,643 :: 		
0x0158	0x1803      	BTFSC      STATUS, 0
;__Lib_MathDouble.c,644 :: 		
0x0159	0x29A1      	GOTO       JPMSETFOV32
;__Lib_MathDouble.c,645 :: 		
0x015A	0x295E      	GOTO       MOK32
;__Lib_MathDouble.c,646 :: 		
MTUN32:
;__Lib_MathDouble.c,647 :: 		
0x015B	0x02F3      	SUBWF      R3, 1
;__Lib_MathDouble.c,648 :: 		
0x015C	0x1C03      	BTFSS      STATUS, 0
;__Lib_MathDouble.c,649 :: 		
0x015D	0x29A4      	GOTO       JPMSETFUN32
;__Lib_MathDouble.c,650 :: 		
MOK32:
;__Lib_MathDouble.c,651 :: 		
0x015E	0x0872      	MOVF       R2, 0
;__Lib_MathDouble.c,652 :: 		
0x015F	0x00F8      	MOVWF      R8
;__Lib_MathDouble.c,653 :: 		
0x0160	0x0871      	MOVF       R1, 0
;__Lib_MathDouble.c,654 :: 		
0x0161	0x00FC      	MOVWF      R12
;__Lib_MathDouble.c,655 :: 		
0x0162	0x0870      	MOVF       R0, 0
;__Lib_MathDouble.c,656 :: 		
0x0163	0x00FD      	MOVWF      R13
;__Lib_MathDouble.c,657 :: 		
0x0164	0x17F8      	BSF        R8, 7
;__Lib_MathDouble.c,658 :: 		
0x0165	0x17F6      	BSF        R6, 7
;__Lib_MathDouble.c,659 :: 		
0x0166	0x1003      	BCF        STATUS, 0
;__Lib_MathDouble.c,660 :: 		
0x0167	0x01F2      	CLRF       R2
;__Lib_MathDouble.c,661 :: 		
0x0168	0x01F1      	CLRF       R1
;__Lib_MathDouble.c,662 :: 		
0x0169	0x01F0      	CLRF       R0
;__Lib_MathDouble.c,663 :: 		
0x016A	0x3018      	MOVLW      24
;__Lib_MathDouble.c,664 :: 		
0x016B	0x00A0      	MOVWF      __math_tempbD
;__Lib_MathDouble.c,665 :: 		
MLOOP32:
;__Lib_MathDouble.c,666 :: 		
0x016C	0x1C7D      	BTFSS      R13, 0
;__Lib_MathDouble.c,667 :: 		
0x016D	0x2978      	GOTO       MNOADD32
;__Lib_MathDouble.c,669 :: 		
0x016E	0x0874      	MOVF       R4, 0
;__Lib_MathDouble.c,670 :: 		
0x016F	0x07F0      	ADDWF      R0, 1
;__Lib_MathDouble.c,671 :: 		
0x0170	0x0875      	MOVF       R5, 0
;__Lib_MathDouble.c,672 :: 		
0x0171	0x1803      	BTFSC      STATUS, 0
;__Lib_MathDouble.c,673 :: 		
0x0172	0x0F75      	INCFSZ     R5, 0
;__Lib_MathDouble.c,674 :: 		
0x0173	0x07F1      	ADDWF      R1, 1
;__Lib_MathDouble.c,675 :: 		
0x0174	0x0876      	MOVF       R6, 0
;__Lib_MathDouble.c,676 :: 		
0x0175	0x1803      	BTFSC      STATUS, 0
;__Lib_MathDouble.c,677 :: 		
0x0176	0x0F76      	INCFSZ     R6, 0
;__Lib_MathDouble.c,678 :: 		
0x0177	0x07F2      	ADDWF      R2, 1
;__Lib_MathDouble.c,679 :: 		
MNOADD32:
;__Lib_MathDouble.c,680 :: 		
0x0178	0x0CF2      	RRF        R2, 1
;__Lib_MathDouble.c,681 :: 		
0x0179	0x0CF1      	RRF        R1, 1
;__Lib_MathDouble.c,682 :: 		
0x017A	0x0CF0      	RRF        R0, 1
;__Lib_MathDouble.c,683 :: 		
0x017B	0x0CF8      	RRF        R8, 1
;__Lib_MathDouble.c,684 :: 		
0x017C	0x0CFC      	RRF        R12, 1
;__Lib_MathDouble.c,685 :: 		
0x017D	0x0CFD      	RRF        R13, 1
;__Lib_MathDouble.c,686 :: 		
0x017E	0x1003      	BCF        STATUS, 0
;__Lib_MathDouble.c,687 :: 		
0x017F	0x0BA0      	DECFSZ     __math_tempbD, 1
;__Lib_MathDouble.c,688 :: 		
0x0180	0x296C      	GOTO       MLOOP32
;__Lib_MathDouble.c,689 :: 		
0x0181	0x1BF2      	BTFSC      R2, 7
;__Lib_MathDouble.c,690 :: 		
0x0182	0x2988      	GOTO       MROUND32
;__Lib_MathDouble.c,691 :: 		
0x0183	0x0DF8      	RLF        R8, 1
;__Lib_MathDouble.c,692 :: 		
0x0184	0x0DF0      	RLF        R0, 1
;__Lib_MathDouble.c,693 :: 		
0x0185	0x0DF1      	RLF        R1, 1
;__Lib_MathDouble.c,694 :: 		
0x0186	0x0DF2      	RLF        R2, 1
;__Lib_MathDouble.c,695 :: 		
0x0187	0x03F3      	DECF       R3, 1
;__Lib_MathDouble.c,696 :: 		
MROUND32:
;__Lib_MathDouble.c,697 :: 		
0x0188	0x1B7B      	BTFSC      R11, 6
;__Lib_MathDouble.c,698 :: 		
0x0189	0x1C70      	BTFSS      R0, 0
;__Lib_MathDouble.c,699 :: 		
0x018A	0x299A      	GOTO       MUL32OK
;__Lib_MathDouble.c,700 :: 		
0x018B	0x1FF8      	BTFSS      R8, 7
;__Lib_MathDouble.c,701 :: 		
0x018C	0x299A      	GOTO       MUL32OK
;__Lib_MathDouble.c,702 :: 		
0x018D	0x0AF0      	INCF       R0, 1
;__Lib_MathDouble.c,703 :: 		
0x018E	0x1903      	BTFSC      STATUS, 2
;__Lib_MathDouble.c,704 :: 		
0x018F	0x0AF1      	INCF       R1, 1
;__Lib_MathDouble.c,705 :: 		
0x0190	0x1903      	BTFSC      STATUS, 2
;__Lib_MathDouble.c,706 :: 		
0x0191	0x0AF2      	INCF       R2, 1
;__Lib_MathDouble.c,707 :: 		
0x0192	0x1D03      	BTFSS      STATUS, 2
;__Lib_MathDouble.c,708 :: 		
0x0193	0x299A      	GOTO       MUL32OK
;__Lib_MathDouble.c,709 :: 		
0x0194	0x0CF2      	RRF        R2, 1
;__Lib_MathDouble.c,710 :: 		
0x0195	0x0CF1      	RRF        R1, 1
;__Lib_MathDouble.c,711 :: 		
0x0196	0x0CF0      	RRF        R0, 1
;__Lib_MathDouble.c,712 :: 		
0x0197	0x0AF3      	INCF       R3, 1
;__Lib_MathDouble.c,713 :: 		
0x0198	0x1903      	BTFSC      STATUS, 2
;__Lib_MathDouble.c,714 :: 		
0x0199	0x29A1      	GOTO       JPMSETFOV32
;__Lib_MathDouble.c,715 :: 		
MUL32OK:
;__Lib_MathDouble.c,716 :: 		
0x019A	0x1FFA      	BTFSS      R10, 7
;__Lib_MathDouble.c,717 :: 		
0x019B	0x13F2      	BCF        R2, 7
;__Lib_MathDouble.c,718 :: 		
0x019C	0x3000      	MOVLW      0
;__Lib_MathDouble.c,720 :: 		
0x019D	0x29A6      	GOTO       MUL32EEE
;__Lib_MathDouble.c,721 :: 		
JPMRES032:
;__Lib_MathDouble.c,722 :: 		
0x019E	0x3001      	MOVLW      1
;__Lib_MathDouble.c,725 :: 		
0x019F	0x2075      	CALL       _RES032
;__Lib_MathDouble.c,727 :: 		
0x01A0	0x29A6      	GOTO       MUL32EEE
;__Lib_MathDouble.c,728 :: 		
JPMSETFOV32:
;__Lib_MathDouble.c,729 :: 		
0x01A1	0x3002      	MOVLW      2
;__Lib_MathDouble.c,732 :: 		
0x01A2	0x201D      	CALL       _SETFOV32
;__Lib_MathDouble.c,734 :: 		
0x01A3	0x29A6      	GOTO       MUL32EEE
;__Lib_MathDouble.c,735 :: 		
JPMSETFUN32:
;__Lib_MathDouble.c,736 :: 		
0x01A4	0x3004      	MOVLW      4
;__Lib_MathDouble.c,739 :: 		
0x01A5	0x2069      	CALL       _SETFUN32
;__Lib_MathDouble.c,741 :: 		
MUL32EEE:
;__Lib_MathDouble.c,742 :: 		
0x01A6	0x0000      	NOP
;__Lib_MathDouble.c,749 :: 		
L_end_Mul_32x32_FP:
0x01A7	0x0008      	RETURN
; end of _Mul_32x32_FP
_Lcd_Out:
;__Lib_Lcd.c,184 :: 		
;__Lib_Lcd.c,187 :: 		
0x01A8	0x29BA      	GOTO       L_Lcd_Out11
;__Lib_Lcd.c,188 :: 		
L_Lcd_Out13:
0x01A9	0x3080      	MOVLW      128
0x01AA	0x1283      	BCF        STATUS, 5
0x01AB	0x1303      	BCF        STATUS, 6
0x01AC	0x00BC      	MOVWF      FARG_Lcd_Out_row
0x01AD	0x29CD      	GOTO       L_Lcd_Out12
;__Lib_Lcd.c,189 :: 		
L_Lcd_Out14:
0x01AE	0x30C0      	MOVLW      192
0x01AF	0x00BC      	MOVWF      FARG_Lcd_Out_row
0x01B0	0x29CD      	GOTO       L_Lcd_Out12
;__Lib_Lcd.c,190 :: 		
L_Lcd_Out15:
0x01B1	0x3094      	MOVLW      148
0x01B2	0x00BC      	MOVWF      FARG_Lcd_Out_row
0x01B3	0x29CD      	GOTO       L_Lcd_Out12
;__Lib_Lcd.c,191 :: 		
L_Lcd_Out16:
0x01B4	0x30D4      	MOVLW      212
0x01B5	0x00BC      	MOVWF      FARG_Lcd_Out_row
0x01B6	0x29CD      	GOTO       L_Lcd_Out12
;__Lib_Lcd.c,192 :: 		
L_Lcd_Out17:
0x01B7	0x3080      	MOVLW      128
0x01B8	0x00BC      	MOVWF      FARG_Lcd_Out_row
;__Lib_Lcd.c,193 :: 		
0x01B9	0x29CD      	GOTO       L_Lcd_Out12
L_Lcd_Out11:
0x01BA	0x1283      	BCF        STATUS, 5
0x01BB	0x1303      	BCF        STATUS, 6
0x01BC	0x083C      	MOVF       FARG_Lcd_Out_row, 0
0x01BD	0x3A01      	XORLW      1
0x01BE	0x1903      	BTFSC      STATUS, 2
0x01BF	0x29A9      	GOTO       L_Lcd_Out13
0x01C0	0x083C      	MOVF       FARG_Lcd_Out_row, 0
0x01C1	0x3A02      	XORLW      2
0x01C2	0x1903      	BTFSC      STATUS, 2
0x01C3	0x29AE      	GOTO       L_Lcd_Out14
0x01C4	0x083C      	MOVF       FARG_Lcd_Out_row, 0
0x01C5	0x3A03      	XORLW      3
0x01C6	0x1903      	BTFSC      STATUS, 2
0x01C7	0x29B1      	GOTO       L_Lcd_Out15
0x01C8	0x083C      	MOVF       FARG_Lcd_Out_row, 0
0x01C9	0x3A04      	XORLW      4
0x01CA	0x1903      	BTFSC      STATUS, 2
0x01CB	0x29B4      	GOTO       L_Lcd_Out16
0x01CC	0x29B7      	GOTO       L_Lcd_Out17
L_Lcd_Out12:
;__Lib_Lcd.c,194 :: 		
0x01CD	0x033D      	DECF       FARG_Lcd_Out_column, 0
0x01CE	0x00F0      	MOVWF      R0
0x01CF	0x083C      	MOVF       FARG_Lcd_Out_row, 0
0x01D0	0x07F0      	ADDWF      R0, 1
0x01D1	0x0870      	MOVF       R0, 0
0x01D2	0x00BC      	MOVWF      FARG_Lcd_Out_row
;__Lib_Lcd.c,196 :: 		
0x01D3	0x0870      	MOVF       R0, 0
0x01D4	0x00CF      	MOVWF      FARG_Lcd_Cmd_out_char
0x01D5	0x2029      	CALL       _Lcd_Cmd
;__Lib_Lcd.c,197 :: 		
0x01D6	0x102B      	BCF        __Lib_Lcd_cmd_status, BitPos(__Lib_Lcd_cmd_status+0)
;__Lib_Lcd.c,198 :: 		
0x01D7	0x01BF      	CLRF       Lcd_Out_i_L0
;__Lib_Lcd.c,199 :: 		
L_Lcd_Out18:
0x01D8	0x083F      	MOVF       Lcd_Out_i_L0, 0
0x01D9	0x073E      	ADDWF      FARG_Lcd_Out_text, 0
0x01DA	0x0084      	MOVWF      FSR
0x01DB	0x0800      	MOVF       INDF, 0
0x01DC	0x1903      	BTFSC      STATUS, 2
0x01DD	0x29E6      	GOTO       L_Lcd_Out19
;__Lib_Lcd.c,200 :: 		
0x01DE	0x083F      	MOVF       Lcd_Out_i_L0, 0
0x01DF	0x073E      	ADDWF      FARG_Lcd_Out_text, 0
0x01E0	0x0084      	MOVWF      FSR
0x01E1	0x0800      	MOVF       INDF, 0
0x01E2	0x00CD      	MOVWF      FARG_Lcd_Chr_CP_out_char
0x01E3	0x20EF      	CALL       _Lcd_Chr_CP
0x01E4	0x0ABF      	INCF       Lcd_Out_i_L0, 1
0x01E5	0x29D8      	GOTO       L_Lcd_Out18
L_Lcd_Out19:
;__Lib_Lcd.c,201 :: 		
0x01E6	0x142B      	BSF        __Lib_Lcd_cmd_status, BitPos(__Lib_Lcd_cmd_status+0)
;__Lib_Lcd.c,202 :: 		
L_end_Lcd_Out:
0x01E7	0x0008      	RETURN
; end of _Lcd_Out
___CC2DW:
;__Lib_System.c,134 :: 		
;__Lib_System.c,137 :: 		
_CC2D_Loop1:
;__Lib_System.c,139 :: 		
0x01E8	0x20E8      	CALL       _____DoICP
0x01E9	0x118A      	BCF        PCLATH, 3
0x01EA	0x120A      	BCF        PCLATH, 4
;__Lib_System.c,141 :: 		
0x01EB	0x0080      	MOVWF      INDF
;__Lib_System.c,142 :: 		
0x01EC	0x0A84      	INCF       FSR, 1
;__Lib_System.c,143 :: 		
0x01ED	0x0ABA      	INCF       ___DoICPAddr, 1
;__Lib_System.c,145 :: 		
0x01EE	0x1903      	BTFSC      STATUS, 2
;__Lib_System.c,146 :: 		
0x01EF	0x0ABB      	INCF       ___DoICPAddr+1, 1
;__Lib_System.c,147 :: 		
0x01F0	0x03F0      	DECF       R0, 1
;__Lib_System.c,149 :: 		
0x01F1	0x1D03      	BTFSS      STATUS, 2
;__Lib_System.c,150 :: 		
0x01F2	0x29E8      	GOTO       _CC2D_Loop1
;__Lib_System.c,152 :: 		
L_end___CC2DW:
0x01F3	0x0008      	RETURN
; end of ___CC2DW
_FloatToStr_FixLen:
;__Lib_Conversions.c,639 :: 		
;__Lib_Conversions.c,641 :: 		
0x01F4	0x1283      	BCF        STATUS, 5
0x01F5	0x1303      	BCF        STATUS, 6
0x01F6	0x01C8      	CLRF       FloatToStr_FixLen_bpoint_L0
0x01F7	0x01C9      	CLRF       FloatToStr_FixLen_j_L0
0x01F8	0x01CA      	CLRF       FloatToStr_FixLen_eksp_L0
0x01F9	0x01CB      	CLRF       FloatToStr_FixLen_dec_L0
0x01FA	0x01CC      	CLRF       FloatToStr_FixLen_dexpon_L0
;__Lib_Conversions.c,646 :: 		
0x01FB	0x083C      	MOVF       FARG_FloatToStr_FixLen_fnum, 0
0x01FC	0x00C4      	MOVWF      FloatToStr_FixLen_un_L0
0x01FD	0x083D      	MOVF       FARG_FloatToStr_FixLen_fnum+1, 0
0x01FE	0x00C5      	MOVWF      FloatToStr_FixLen_un_L0+1
0x01FF	0x083E      	MOVF       FARG_FloatToStr_FixLen_fnum+2, 0
0x0200	0x00C6      	MOVWF      FloatToStr_FixLen_un_L0+2
0x0201	0x083F      	MOVF       FARG_FloatToStr_FixLen_fnum+3, 0
0x0202	0x00C7      	MOVWF      FloatToStr_FixLen_un_L0+3
;__Lib_Conversions.c,647 :: 		
0x0203	0x0847      	MOVF       FloatToStr_FixLen_un_L0+3, 0
0x0204	0x3AFF      	XORLW      255
0x0205	0x1D03      	BTFSS      STATUS, 2
0x0206	0x2A11      	GOTO       L__FloatToStr_FixLen422
0x0207	0x0846      	MOVF       FloatToStr_FixLen_un_L0+2, 0
0x0208	0x3AFF      	XORLW      255
0x0209	0x1D03      	BTFSS      STATUS, 2
0x020A	0x2A11      	GOTO       L__FloatToStr_FixLen422
0x020B	0x0845      	MOVF       FloatToStr_FixLen_un_L0+1, 0
0x020C	0x3AFF      	XORLW      255
0x020D	0x1D03      	BTFSS      STATUS, 2
0x020E	0x2A11      	GOTO       L__FloatToStr_FixLen422
0x020F	0x0844      	MOVF       FloatToStr_FixLen_un_L0, 0
0x0210	0x3AFF      	XORLW      255
L__FloatToStr_FixLen422:
0x0211	0x1D03      	BTFSS      STATUS, 2
0x0212	0x2A1B      	GOTO       L_FloatToStr_FixLen112
;__Lib_Conversions.c,648 :: 		
0x0213	0x0840      	MOVF       FARG_FloatToStr_FixLen_str, 0
0x0214	0x00CD      	MOVWF      FARG_strcpy_to
0x0215	0x3023      	MOVLW      ?lstr4___Lib_Conversions
0x0216	0x00CE      	MOVWF      FARG_strcpy_from
0x0217	0x207C      	CALL       _strcpy
;__Lib_Conversions.c,649 :: 		
0x0218	0x3003      	MOVLW      3
0x0219	0x00F0      	MOVWF      R0
0x021A	0x2C67      	GOTO       L_end_FloatToStr_FixLen
;__Lib_Conversions.c,650 :: 		
L_FloatToStr_FixLen112:
;__Lib_Conversions.c,651 :: 		
0x021B	0x3001      	MOVLW      1
0x021C	0x00C2      	MOVWF      FloatToStr_FixLen_i_L0
;__Lib_Conversions.c,652 :: 		
0x021D	0x1FC6      	BTFSS      FloatToStr_FixLen_un_L0+2, 7
0x021E	0x2A2B      	GOTO       L_FloatToStr_FixLen113
;__Lib_Conversions.c,653 :: 		
0x021F	0x3080      	MOVLW      128
0x0220	0x0646      	XORWF      FloatToStr_FixLen_un_L0+2, 0
0x0221	0x00F0      	MOVWF      R0
0x0222	0x0870      	MOVF       R0, 0
0x0223	0x00C6      	MOVWF      FloatToStr_FixLen_un_L0+2
;__Lib_Conversions.c,654 :: 		
0x0224	0x0AC2      	INCF       FloatToStr_FixLen_i_L0, 1
;__Lib_Conversions.c,655 :: 		
0x0225	0x0AC9      	INCF       FloatToStr_FixLen_j_L0, 1
;__Lib_Conversions.c,656 :: 		
0x0226	0x0840      	MOVF       FARG_FloatToStr_FixLen_str, 0
0x0227	0x0084      	MOVWF      FSR
0x0228	0x302D      	MOVLW      45
0x0229	0x0080      	MOVWF      INDF
0x022A	0x0AC0      	INCF       FARG_FloatToStr_FixLen_str, 1
;__Lib_Conversions.c,657 :: 		
L_FloatToStr_FixLen113:
;__Lib_Conversions.c,658 :: 		
0x022B	0x3000      	MOVLW      0
0x022C	0x00F0      	MOVWF      R0
0x022D	0x0647      	XORWF      FloatToStr_FixLen_un_L0+3, 0
0x022E	0x1D03      	BTFSS      STATUS, 2
0x022F	0x2A3A      	GOTO       L__FloatToStr_FixLen423
0x0230	0x0870      	MOVF       R0, 0
0x0231	0x0646      	XORWF      FloatToStr_FixLen_un_L0+2, 0
0x0232	0x1D03      	BTFSS      STATUS, 2
0x0233	0x2A3A      	GOTO       L__FloatToStr_FixLen423
0x0234	0x0870      	MOVF       R0, 0
0x0235	0x0645      	XORWF      FloatToStr_FixLen_un_L0+1, 0
0x0236	0x1D03      	BTFSS      STATUS, 2
0x0237	0x2A3A      	GOTO       L__FloatToStr_FixLen423
0x0238	0x0844      	MOVF       FloatToStr_FixLen_un_L0, 0
0x0239	0x3A00      	XORLW      0
L__FloatToStr_FixLen423:
0x023A	0x1D03      	BTFSS      STATUS, 2
0x023B	0x2A43      	GOTO       L_FloatToStr_FixLen114
;__Lib_Conversions.c,659 :: 		
0x023C	0x0840      	MOVF       FARG_FloatToStr_FixLen_str, 0
0x023D	0x00CD      	MOVWF      FARG_strcpy_to
0x023E	0x3021      	MOVLW      ?lstr5___Lib_Conversions
0x023F	0x00CE      	MOVWF      FARG_strcpy_from
0x0240	0x207C      	CALL       _strcpy
;__Lib_Conversions.c,660 :: 		
0x0241	0x01F0      	CLRF       R0
0x0242	0x2C67      	GOTO       L_end_FloatToStr_FixLen
;__Lib_Conversions.c,661 :: 		
L_FloatToStr_FixLen114:
;__Lib_Conversions.c,662 :: 		
0x0243	0x0847      	MOVF       FloatToStr_FixLen_un_L0+3, 0
0x0244	0x3AFF      	XORLW      255
0x0245	0x1D03      	BTFSS      STATUS, 2
0x0246	0x2A51      	GOTO       L__FloatToStr_FixLen424
0x0247	0x0846      	MOVF       FloatToStr_FixLen_un_L0+2, 0
0x0248	0x3A00      	XORLW      0
0x0249	0x1D03      	BTFSS      STATUS, 2
0x024A	0x2A51      	GOTO       L__FloatToStr_FixLen424
0x024B	0x0845      	MOVF       FloatToStr_FixLen_un_L0+1, 0
0x024C	0x3A00      	XORLW      0
0x024D	0x1D03      	BTFSS      STATUS, 2
0x024E	0x2A51      	GOTO       L__FloatToStr_FixLen424
0x024F	0x0844      	MOVF       FloatToStr_FixLen_un_L0, 0
0x0250	0x3A00      	XORLW      0
L__FloatToStr_FixLen424:
0x0251	0x1D03      	BTFSS      STATUS, 2
0x0252	0x2A5B      	GOTO       L_FloatToStr_FixLen115
;__Lib_Conversions.c,663 :: 		
0x0253	0x0840      	MOVF       FARG_FloatToStr_FixLen_str, 0
0x0254	0x00CD      	MOVWF      FARG_strcpy_to
0x0255	0x3027      	MOVLW      ?lstr6___Lib_Conversions
0x0256	0x00CE      	MOVWF      FARG_strcpy_from
0x0257	0x207C      	CALL       _strcpy
;__Lib_Conversions.c,664 :: 		
0x0258	0x0842      	MOVF       FloatToStr_FixLen_i_L0, 0
0x0259	0x00F0      	MOVWF      R0
0x025A	0x2C67      	GOTO       L_end_FloatToStr_FixLen
;__Lib_Conversions.c,665 :: 		
L_FloatToStr_FixLen115:
;__Lib_Conversions.c,673 :: 		
L_FloatToStr_FixLen116:
0x025B	0x3000      	MOVLW      0
0x025C	0x00F4      	MOVWF      R4
0x025D	0x3000      	MOVLW      0
0x025E	0x00F5      	MOVWF      R4+1
0x025F	0x3000      	MOVLW      0
0x0260	0x00F6      	MOVWF      R4+2
0x0261	0x307F      	MOVLW      127
0x0262	0x00F7      	MOVWF      R4+3
0x0263	0x0844      	MOVF       FloatToStr_FixLen_un_L0, 0
0x0264	0x00F0      	MOVWF      R0
0x0265	0x0845      	MOVF       FloatToStr_FixLen_un_L0+1, 0
0x0266	0x00F1      	MOVWF      R0+1
0x0267	0x0846      	MOVF       FloatToStr_FixLen_un_L0+2, 0
0x0268	0x00F2      	MOVWF      R0+2
0x0269	0x0847      	MOVF       FloatToStr_FixLen_un_L0+3, 0
0x026A	0x00F3      	MOVWF      R0+3
0x026B	0x20F7      	CALL       _Compare_Double
0x026C	0x3001      	MOVLW      1
0x026D	0x1803      	BTFSC      STATUS, 0
0x026E	0x3000      	MOVLW      0
0x026F	0x00F0      	MOVWF      R0
0x0270	0x0870      	MOVF       R0, 0
0x0271	0x1903      	BTFSC      STATUS, 2
0x0272	0x2A8E      	GOTO       L_FloatToStr_FixLen117
;__Lib_Conversions.c,674 :: 		
0x0273	0x0844      	MOVF       FloatToStr_FixLen_un_L0, 0
0x0274	0x00F0      	MOVWF      R0
0x0275	0x0845      	MOVF       FloatToStr_FixLen_un_L0+1, 0
0x0276	0x00F1      	MOVWF      R0+1
0x0277	0x0846      	MOVF       FloatToStr_FixLen_un_L0+2, 0
0x0278	0x00F2      	MOVWF      R0+2
0x0279	0x0847      	MOVF       FloatToStr_FixLen_un_L0+3, 0
0x027A	0x00F3      	MOVWF      R0+3
0x027B	0x3000      	MOVLW      0
0x027C	0x00F4      	MOVWF      R4
0x027D	0x3000      	MOVLW      0
0x027E	0x00F5      	MOVWF      R4+1
0x027F	0x3020      	MOVLW      32
0x0280	0x00F6      	MOVWF      R4+2
0x0281	0x3082      	MOVLW      130
0x0282	0x00F7      	MOVWF      R4+3
0x0283	0x2147      	CALL       _Mul_32x32_FP
0x0284	0x0870      	MOVF       R0, 0
0x0285	0x00C4      	MOVWF      FloatToStr_FixLen_un_L0
0x0286	0x0871      	MOVF       R0+1, 0
0x0287	0x00C5      	MOVWF      FloatToStr_FixLen_un_L0+1
0x0288	0x0872      	MOVF       R0+2, 0
0x0289	0x00C6      	MOVWF      FloatToStr_FixLen_un_L0+2
0x028A	0x0873      	MOVF       R0+3, 0
0x028B	0x00C7      	MOVWF      FloatToStr_FixLen_un_L0+3
;__Lib_Conversions.c,675 :: 		
0x028C	0x03CC      	DECF       FloatToStr_FixLen_dexpon_L0, 1
;__Lib_Conversions.c,676 :: 		
0x028D	0x2A5B      	GOTO       L_FloatToStr_FixLen116
L_FloatToStr_FixLen117:
;__Lib_Conversions.c,681 :: 		
L_FloatToStr_FixLen118:
0x028E	0x3000      	MOVLW      0
0x028F	0x00F4      	MOVWF      R4
0x0290	0x3000      	MOVLW      0
0x0291	0x00F5      	MOVWF      R4+1
0x0292	0x3020      	MOVLW      32
0x0293	0x00F6      	MOVWF      R4+2
0x0294	0x3082      	MOVLW      130
0x0295	0x00F7      	MOVWF      R4+3
0x0296	0x0844      	MOVF       FloatToStr_FixLen_un_L0, 0
0x0297	0x00F0      	MOVWF      R0
0x0298	0x0845      	MOVF       FloatToStr_FixLen_un_L0+1, 0
0x0299	0x00F1      	MOVWF      R0+1
0x029A	0x0846      	MOVF       FloatToStr_FixLen_un_L0+2, 0
0x029B	0x00F2      	MOVWF      R0+2
0x029C	0x0847      	MOVF       FloatToStr_FixLen_un_L0+3, 0
0x029D	0x00F3      	MOVWF      R0+3
0x029E	0x20F7      	CALL       _Compare_Double
0x029F	0x3001      	MOVLW      1
0x02A0	0x1C03      	BTFSS      STATUS, 0
0x02A1	0x3000      	MOVLW      0
0x02A2	0x00F0      	MOVWF      R0
0x02A3	0x0870      	MOVF       R0, 0
0x02A4	0x1903      	BTFSC      STATUS, 2
0x02A5	0x2AC1      	GOTO       L_FloatToStr_FixLen119
;__Lib_Conversions.c,682 :: 		
0x02A6	0x0844      	MOVF       FloatToStr_FixLen_un_L0, 0
0x02A7	0x00F0      	MOVWF      R0
0x02A8	0x0845      	MOVF       FloatToStr_FixLen_un_L0+1, 0
0x02A9	0x00F1      	MOVWF      R0+1
0x02AA	0x0846      	MOVF       FloatToStr_FixLen_un_L0+2, 0
0x02AB	0x00F2      	MOVWF      R0+2
0x02AC	0x0847      	MOVF       FloatToStr_FixLen_un_L0+3, 0
0x02AD	0x00F3      	MOVWF      R0+3
0x02AE	0x30CD      	MOVLW      205
0x02AF	0x00F4      	MOVWF      R4
0x02B0	0x30CC      	MOVLW      204
0x02B1	0x00F5      	MOVWF      R4+1
0x02B2	0x304C      	MOVLW      76
0x02B3	0x00F6      	MOVWF      R4+2
0x02B4	0x307B      	MOVLW      123
0x02B5	0x00F7      	MOVWF      R4+3
0x02B6	0x2147      	CALL       _Mul_32x32_FP
0x02B7	0x0870      	MOVF       R0, 0
0x02B8	0x00C4      	MOVWF      FloatToStr_FixLen_un_L0
0x02B9	0x0871      	MOVF       R0+1, 0
0x02BA	0x00C5      	MOVWF      FloatToStr_FixLen_un_L0+1
0x02BB	0x0872      	MOVF       R0+2, 0
0x02BC	0x00C6      	MOVWF      FloatToStr_FixLen_un_L0+2
0x02BD	0x0873      	MOVF       R0+3, 0
0x02BE	0x00C7      	MOVWF      FloatToStr_FixLen_un_L0+3
;__Lib_Conversions.c,683 :: 		
0x02BF	0x0ACC      	INCF       FloatToStr_FixLen_dexpon_L0, 1
;__Lib_Conversions.c,684 :: 		
0x02C0	0x2A8E      	GOTO       L_FloatToStr_FixLen118
L_FloatToStr_FixLen119:
;__Lib_Conversions.c,693 :: 		
0x02C1	0x30FF      	MOVLW      255
0x02C2	0x0544      	ANDWF      FloatToStr_FixLen_un_L0, 0
0x02C3	0x00F8      	MOVWF      R8
0x02C4	0x30FF      	MOVLW      255
0x02C5	0x0545      	ANDWF      FloatToStr_FixLen_un_L0+1, 0
0x02C6	0x00F9      	MOVWF      R8+1
0x02C7	0x307F      	MOVLW      127
0x02C8	0x0546      	ANDWF      FloatToStr_FixLen_un_L0+2, 0
0x02C9	0x00FA      	MOVWF      R8+2
0x02CA	0x3000      	MOVLW      0
0x02CB	0x0547      	ANDWF      FloatToStr_FixLen_un_L0+3, 0
0x02CC	0x00FB      	MOVWF      R8+3
;__Lib_Conversions.c,694 :: 		
0x02CD	0x0878      	MOVF       R8, 0
0x02CE	0x00F4      	MOVWF      R4
0x02CF	0x0879      	MOVF       R8+1, 0
0x02D0	0x00F5      	MOVWF      R4+1
0x02D1	0x087A      	MOVF       R8+2, 0
0x02D2	0x00F6      	MOVWF      R4+2
0x02D3	0x087B      	MOVF       R8+3, 0
0x02D4	0x00F7      	MOVWF      R4+3
0x02D5	0x0DF4      	RLF        R4, 1
0x02D6	0x0DF5      	RLF        R4+1, 1
0x02D7	0x0DF6      	RLF        R4+2, 1
0x02D8	0x0DF7      	RLF        R4+3, 1
0x02D9	0x1074      	BCF        R4, 0
;__Lib_Conversions.c,695 :: 		
0x02DA	0x3000      	MOVLW      0
0x02DB	0x0544      	ANDWF      FloatToStr_FixLen_un_L0, 0
0x02DC	0x00F0      	MOVWF      R0
0x02DD	0x3000      	MOVLW      0
0x02DE	0x0545      	ANDWF      FloatToStr_FixLen_un_L0+1, 0
0x02DF	0x00F1      	MOVWF      R0+1
0x02E0	0x3000      	MOVLW      0
0x02E1	0x0546      	ANDWF      FloatToStr_FixLen_un_L0+2, 0
0x02E2	0x00F2      	MOVWF      R0+2
0x02E3	0x30FF      	MOVLW      255
0x02E4	0x0547      	ANDWF      FloatToStr_FixLen_un_L0+3, 0
0x02E5	0x00F3      	MOVWF      R0+3
0x02E6	0x0870      	MOVF       R0, 0
0x02E7	0x00C4      	MOVWF      FloatToStr_FixLen_un_L0
0x02E8	0x0871      	MOVF       R0+1, 0
0x02E9	0x00C5      	MOVWF      FloatToStr_FixLen_un_L0+1
0x02EA	0x0872      	MOVF       R0+2, 0
0x02EB	0x00C6      	MOVWF      FloatToStr_FixLen_un_L0+2
0x02EC	0x0873      	MOVF       R0+3, 0
0x02ED	0x00C7      	MOVWF      FloatToStr_FixLen_un_L0+3
;__Lib_Conversions.c,696 :: 		
0x02EE	0x0874      	MOVF       R4, 0
0x02EF	0x0444      	IORWF      FloatToStr_FixLen_un_L0, 0
0x02F0	0x00F0      	MOVWF      R0
0x02F1	0x0875      	MOVF       R4+1, 0
0x02F2	0x0445      	IORWF      FloatToStr_FixLen_un_L0+1, 0
0x02F3	0x00F1      	MOVWF      R0+1
0x02F4	0x0876      	MOVF       R4+2, 0
0x02F5	0x0446      	IORWF      FloatToStr_FixLen_un_L0+2, 0
0x02F6	0x00F2      	MOVWF      R0+2
0x02F7	0x0877      	MOVF       R4+3, 0
0x02F8	0x0447      	IORWF      FloatToStr_FixLen_un_L0+3, 0
0x02F9	0x00F3      	MOVWF      R0+3
0x02FA	0x0870      	MOVF       R0, 0
0x02FB	0x00C4      	MOVWF      FloatToStr_FixLen_un_L0
0x02FC	0x0871      	MOVF       R0+1, 0
0x02FD	0x00C5      	MOVWF      FloatToStr_FixLen_un_L0+1
0x02FE	0x0872      	MOVF       R0+2, 0
0x02FF	0x00C6      	MOVWF      FloatToStr_FixLen_un_L0+2
0x0300	0x0873      	MOVF       R0+3, 0
0x0301	0x00C7      	MOVWF      FloatToStr_FixLen_un_L0+3
;__Lib_Conversions.c,698 :: 		
0x0302	0x307F      	MOVLW      127
0x0303	0x0247      	SUBWF      FloatToStr_FixLen_un_L0+3, 0
0x0304	0x00F0      	MOVWF      R0
0x0305	0x0870      	MOVF       R0, 0
0x0306	0x00C3      	MOVWF      FloatToStr_FixLen_d_L0
;__Lib_Conversions.c,701 :: 		
0x0307	0x3001      	MOVLW      1
0x0308	0x00C7      	MOVWF      FloatToStr_FixLen_un_L0+3
;__Lib_Conversions.c,702 :: 		
0x0309	0x0870      	MOVF       R0, 0
0x030A	0x00F4      	MOVWF      R4
0x030B	0x0844      	MOVF       FloatToStr_FixLen_un_L0, 0
0x030C	0x00F0      	MOVWF      R0
0x030D	0x0845      	MOVF       FloatToStr_FixLen_un_L0+1, 0
0x030E	0x00F1      	MOVWF      R0+1
0x030F	0x0846      	MOVF       FloatToStr_FixLen_un_L0+2, 0
0x0310	0x00F2      	MOVWF      R0+2
0x0311	0x0847      	MOVF       FloatToStr_FixLen_un_L0+3, 0
0x0312	0x00F3      	MOVWF      R0+3
0x0313	0x0874      	MOVF       R4, 0
L__FloatToStr_FixLen425:
0x0314	0x1903      	BTFSC      STATUS, 2
0x0315	0x2B1D      	GOTO       L__FloatToStr_FixLen426
0x0316	0x0DF0      	RLF        R0, 1
0x0317	0x0DF1      	RLF        R0+1, 1
0x0318	0x0DF2      	RLF        R0+2, 1
0x0319	0x0DF3      	RLF        R0+3, 1
0x031A	0x1070      	BCF        R0, 0
0x031B	0x3EFF      	ADDLW      255
0x031C	0x2B14      	GOTO       L__FloatToStr_FixLen425
L__FloatToStr_FixLen426:
0x031D	0x0870      	MOVF       R0, 0
0x031E	0x00C4      	MOVWF      FloatToStr_FixLen_un_L0
0x031F	0x0871      	MOVF       R0+1, 0
0x0320	0x00C5      	MOVWF      FloatToStr_FixLen_un_L0+1
0x0321	0x0872      	MOVF       R0+2, 0
0x0322	0x00C6      	MOVWF      FloatToStr_FixLen_un_L0+2
0x0323	0x0873      	MOVF       R0+3, 0
0x0324	0x00C7      	MOVWF      FloatToStr_FixLen_un_L0+3
;__Lib_Conversions.c,703 :: 		
0x0325	0x0847      	MOVF       FloatToStr_FixLen_un_L0+3, 0
0x0326	0x3E30      	ADDLW      48
0x0327	0x00F0      	MOVWF      R0
0x0328	0x0840      	MOVF       FARG_FloatToStr_FixLen_str, 0
0x0329	0x0084      	MOVWF      FSR
0x032A	0x0870      	MOVF       R0, 0
0x032B	0x0080      	MOVWF      INDF
0x032C	0x0AC0      	INCF       FARG_FloatToStr_FixLen_str, 1
;__Lib_Conversions.c,704 :: 		
0x032D	0x0AC9      	INCF       FloatToStr_FixLen_j_L0, 1
;__Lib_Conversions.c,705 :: 		
0x032E	0x3080      	MOVLW      128
0x032F	0x064C      	XORWF      FloatToStr_FixLen_dexpon_L0, 0
0x0330	0x00F0      	MOVWF      R0
0x0331	0x3080      	MOVLW      128
0x0332	0x3A01      	XORLW      1
0x0333	0x0270      	SUBWF      R0, 0
0x0334	0x1C03      	BTFSS      STATUS, 0
0x0335	0x2B3F      	GOTO       L__FloatToStr_FixLen347
0x0336	0x3080      	MOVLW      128
0x0337	0x3A06      	XORLW      6
0x0338	0x00F0      	MOVWF      R0
0x0339	0x3080      	MOVLW      128
0x033A	0x064C      	XORWF      FloatToStr_FixLen_dexpon_L0, 0
0x033B	0x0270      	SUBWF      R0, 0
0x033C	0x1C03      	BTFSS      STATUS, 0
0x033D	0x2B3F      	GOTO       L__FloatToStr_FixLen347
0x033E	0x2B47      	GOTO       L_FloatToStr_FixLen122
L__FloatToStr_FixLen347:
;__Lib_Conversions.c,706 :: 		
0x033F	0x0840      	MOVF       FARG_FloatToStr_FixLen_str, 0
0x0340	0x0084      	MOVWF      FSR
0x0341	0x302E      	MOVLW      46
0x0342	0x0080      	MOVWF      INDF
0x0343	0x0AC0      	INCF       FARG_FloatToStr_FixLen_str, 1
;__Lib_Conversions.c,707 :: 		
0x0344	0x3001      	MOVLW      1
0x0345	0x00C8      	MOVWF      FloatToStr_FixLen_bpoint_L0
;__Lib_Conversions.c,708 :: 		
0x0346	0x0AC9      	INCF       FloatToStr_FixLen_j_L0, 1
;__Lib_Conversions.c,709 :: 		
L_FloatToStr_FixLen122:
;__Lib_Conversions.c,710 :: 		
0x0347	0x3006      	MOVLW      6
0x0348	0x00C3      	MOVWF      FloatToStr_FixLen_d_L0
L_FloatToStr_FixLen123:
0x0349	0x0843      	MOVF       FloatToStr_FixLen_d_L0, 0
0x034A	0x3A00      	XORLW      0
0x034B	0x1903      	BTFSC      STATUS, 2
0x034C	0x2BA9      	GOTO       L_FloatToStr_FixLen124
;__Lib_Conversions.c,711 :: 		
0x034D	0x01C7      	CLRF       FloatToStr_FixLen_un_L0+3
;__Lib_Conversions.c,712 :: 		
0x034E	0x0844      	MOVF       FloatToStr_FixLen_un_L0, 0
0x034F	0x00F0      	MOVWF      R0
0x0350	0x0845      	MOVF       FloatToStr_FixLen_un_L0+1, 0
0x0351	0x00F1      	MOVWF      R0+1
0x0352	0x0846      	MOVF       FloatToStr_FixLen_un_L0+2, 0
0x0353	0x00F2      	MOVWF      R0+2
0x0354	0x0847      	MOVF       FloatToStr_FixLen_un_L0+3, 0
0x0355	0x00F3      	MOVWF      R0+3
0x0356	0x0DF0      	RLF        R0, 1
0x0357	0x0DF1      	RLF        R0+1, 1
0x0358	0x0DF2      	RLF        R0+2, 1
0x0359	0x0DF3      	RLF        R0+3, 1
0x035A	0x1070      	BCF        R0, 0
0x035B	0x0DF0      	RLF        R0, 1
0x035C	0x0DF1      	RLF        R0+1, 1
0x035D	0x0DF2      	RLF        R0+2, 1
0x035E	0x0DF3      	RLF        R0+3, 1
0x035F	0x1070      	BCF        R0, 0
0x0360	0x0844      	MOVF       FloatToStr_FixLen_un_L0, 0
0x0361	0x07F0      	ADDWF      R0, 1
0x0362	0x0845      	MOVF       FloatToStr_FixLen_un_L0+1, 0
0x0363	0x1803      	BTFSC      STATUS, 0
0x0364	0x0F45      	INCFSZ     FloatToStr_FixLen_un_L0+1, 0
0x0365	0x07F1      	ADDWF      R0+1, 1
0x0366	0x0846      	MOVF       FloatToStr_FixLen_un_L0+2, 0
0x0367	0x1803      	BTFSC      STATUS, 0
0x0368	0x0F46      	INCFSZ     FloatToStr_FixLen_un_L0+2, 0
0x0369	0x07F2      	ADDWF      R0+2, 1
0x036A	0x0847      	MOVF       FloatToStr_FixLen_un_L0+3, 0
0x036B	0x1803      	BTFSC      STATUS, 0
0x036C	0x0F47      	INCFSZ     FloatToStr_FixLen_un_L0+3, 0
0x036D	0x07F3      	ADDWF      R0+3, 1
0x036E	0x0870      	MOVF       R0, 0
0x036F	0x00C4      	MOVWF      FloatToStr_FixLen_un_L0
0x0370	0x0871      	MOVF       R0+1, 0
0x0371	0x00C5      	MOVWF      FloatToStr_FixLen_un_L0+1
0x0372	0x0872      	MOVF       R0+2, 0
0x0373	0x00C6      	MOVWF      FloatToStr_FixLen_un_L0+2
0x0374	0x0873      	MOVF       R0+3, 0
0x0375	0x00C7      	MOVWF      FloatToStr_FixLen_un_L0+3
;__Lib_Conversions.c,713 :: 		
0x0376	0x0844      	MOVF       FloatToStr_FixLen_un_L0, 0
0x0377	0x00F0      	MOVWF      R0
0x0378	0x0845      	MOVF       FloatToStr_FixLen_un_L0+1, 0
0x0379	0x00F1      	MOVWF      R0+1
0x037A	0x0846      	MOVF       FloatToStr_FixLen_un_L0+2, 0
0x037B	0x00F2      	MOVWF      R0+2
0x037C	0x0847      	MOVF       FloatToStr_FixLen_un_L0+3, 0
0x037D	0x00F3      	MOVWF      R0+3
0x037E	0x0DF0      	RLF        R0, 1
0x037F	0x0DF1      	RLF        R0+1, 1
0x0380	0x0DF2      	RLF        R0+2, 1
0x0381	0x0DF3      	RLF        R0+3, 1
0x0382	0x1070      	BCF        R0, 0
0x0383	0x0870      	MOVF       R0, 0
0x0384	0x00C4      	MOVWF      FloatToStr_FixLen_un_L0
0x0385	0x0871      	MOVF       R0+1, 0
0x0386	0x00C5      	MOVWF      FloatToStr_FixLen_un_L0+1
0x0387	0x0872      	MOVF       R0+2, 0
0x0388	0x00C6      	MOVWF      FloatToStr_FixLen_un_L0+2
0x0389	0x0873      	MOVF       R0+3, 0
0x038A	0x00C7      	MOVWF      FloatToStr_FixLen_un_L0+3
;__Lib_Conversions.c,714 :: 		
0x038B	0x0847      	MOVF       FloatToStr_FixLen_un_L0+3, 0
0x038C	0x3E30      	ADDLW      48
0x038D	0x00F0      	MOVWF      R0
0x038E	0x0840      	MOVF       FARG_FloatToStr_FixLen_str, 0
0x038F	0x0084      	MOVWF      FSR
0x0390	0x0870      	MOVF       R0, 0
0x0391	0x0080      	MOVWF      INDF
0x0392	0x0AC0      	INCF       FARG_FloatToStr_FixLen_str, 1
;__Lib_Conversions.c,715 :: 		
0x0393	0x0AC9      	INCF       FloatToStr_FixLen_j_L0, 1
;__Lib_Conversions.c,716 :: 		
0x0394	0x0848      	MOVF       FloatToStr_FixLen_bpoint_L0, 0
0x0395	0x3A00      	XORLW      0
0x0396	0x1D03      	BTFSS      STATUS, 2
0x0397	0x2BA7      	GOTO       L_FloatToStr_FixLen126
;__Lib_Conversions.c,717 :: 		
0x0398	0x03CC      	DECF       FloatToStr_FixLen_dexpon_L0, 1
0x0399	0x084C      	MOVF       FloatToStr_FixLen_dexpon_L0, 0
0x039A	0x3A00      	XORLW      0
0x039B	0x1D03      	BTFSS      STATUS, 2
0x039C	0x2BA7      	GOTO       L_FloatToStr_FixLen127
;__Lib_Conversions.c,718 :: 		
0x039D	0x3001      	MOVLW      1
0x039E	0x00CB      	MOVWF      FloatToStr_FixLen_dec_L0
;__Lib_Conversions.c,719 :: 		
0x039F	0x0840      	MOVF       FARG_FloatToStr_FixLen_str, 0
0x03A0	0x0084      	MOVWF      FSR
0x03A1	0x302E      	MOVLW      46
0x03A2	0x0080      	MOVWF      INDF
0x03A3	0x0AC0      	INCF       FARG_FloatToStr_FixLen_str, 1
;__Lib_Conversions.c,720 :: 		
0x03A4	0x3001      	MOVLW      1
0x03A5	0x00C8      	MOVWF      FloatToStr_FixLen_bpoint_L0
;__Lib_Conversions.c,721 :: 		
0x03A6	0x0AC9      	INCF       FloatToStr_FixLen_j_L0, 1
;__Lib_Conversions.c,722 :: 		
L_FloatToStr_FixLen127:
L_FloatToStr_FixLen126:
;__Lib_Conversions.c,710 :: 		
0x03A7	0x03C3      	DECF       FloatToStr_FixLen_d_L0, 1
;__Lib_Conversions.c,723 :: 		
0x03A8	0x2B49      	GOTO       L_FloatToStr_FixLen123
L_FloatToStr_FixLen124:
;__Lib_Conversions.c,724 :: 		
0x03A9	0x084B      	MOVF       FloatToStr_FixLen_dec_L0, 0
0x03AA	0x3A01      	XORLW      1
0x03AB	0x1D03      	BTFSS      STATUS, 2
0x03AC	0x2BAE      	GOTO       L_FloatToStr_FixLen128
0x03AD	0x03C9      	DECF       FloatToStr_FixLen_j_L0, 1
L_FloatToStr_FixLen128:
;__Lib_Conversions.c,725 :: 		
0x03AE	0x30FF      	MOVLW      255
0x03AF	0x0740      	ADDWF      FARG_FloatToStr_FixLen_str, 0
0x03B0	0x0084      	MOVWF      FSR
0x03B1	0x0800      	MOVF       INDF, 0
0x03B2	0x3A2E      	XORLW      46
0x03B3	0x1D03      	BTFSS      STATUS, 2
0x03B4	0x2BB7      	GOTO       L_FloatToStr_FixLen129
;__Lib_Conversions.c,726 :: 		
0x03B5	0x03C0      	DECF       FARG_FloatToStr_FixLen_str, 1
;__Lib_Conversions.c,727 :: 		
0x03B6	0x03C9      	DECF       FloatToStr_FixLen_j_L0, 1
;__Lib_Conversions.c,728 :: 		
L_FloatToStr_FixLen129:
;__Lib_Conversions.c,730 :: 		
0x03B7	0x3080      	MOVLW      128
0x03B8	0x3A00      	XORLW      0
0x03B9	0x00F0      	MOVWF      R0
0x03BA	0x3080      	MOVLW      128
0x03BB	0x064C      	XORWF      FloatToStr_FixLen_dexpon_L0, 0
0x03BC	0x0270      	SUBWF      R0, 0
0x03BD	0x1803      	BTFSC      STATUS, 0
0x03BE	0x2BC1      	GOTO       L_FloatToStr_FixLen130
0x03BF	0x3001      	MOVLW      1
0x03C0	0x00CA      	MOVWF      FloatToStr_FixLen_eksp_L0
L_FloatToStr_FixLen130:
;__Lib_Conversions.c,731 :: 		
0x03C1	0x3080      	MOVLW      128
0x03C2	0x064C      	XORWF      FloatToStr_FixLen_dexpon_L0, 0
0x03C3	0x00F0      	MOVWF      R0
0x03C4	0x3080      	MOVLW      128
0x03C5	0x3A00      	XORLW      0
0x03C6	0x0270      	SUBWF      R0, 0
0x03C7	0x1803      	BTFSC      STATUS, 0
0x03C8	0x2BCB      	GOTO       L_FloatToStr_FixLen131
0x03C9	0x3002      	MOVLW      2
0x03CA	0x00CA      	MOVWF      FloatToStr_FixLen_eksp_L0
L_FloatToStr_FixLen131:
;__Lib_Conversions.c,732 :: 		
0x03CB	0x084C      	MOVF       FloatToStr_FixLen_dexpon_L0, 0
0x03CC	0x00C3      	MOVWF      FloatToStr_FixLen_d_L0
;__Lib_Conversions.c,733 :: 		
0x03CD	0x3080      	MOVLW      128
0x03CE	0x3A09      	XORLW      9
0x03CF	0x00F0      	MOVWF      R0
0x03D0	0x3080      	MOVLW      128
0x03D1	0x064C      	XORWF      FloatToStr_FixLen_dexpon_L0, 0
0x03D2	0x0270      	SUBWF      R0, 0
0x03D3	0x1C03      	BTFSS      STATUS, 0
0x03D4	0x2BD7      	GOTO       L_FloatToStr_FixLen132
0x03D5	0x0ACA      	INCF       FloatToStr_FixLen_eksp_L0, 1
0x03D6	0x2BD9      	GOTO       L_FloatToStr_FixLen133
L_FloatToStr_FixLen132:
;__Lib_Conversions.c,734 :: 		
0x03D7	0x3002      	MOVLW      2
0x03D8	0x07CA      	ADDWF      FloatToStr_FixLen_eksp_L0, 1
L_FloatToStr_FixLen133:
;__Lib_Conversions.c,736 :: 		
L_FloatToStr_FixLen134:
0x03D9	0x084A      	MOVF       FloatToStr_FixLen_eksp_L0, 0
0x03DA	0x0749      	ADDWF      FloatToStr_FixLen_j_L0, 0
0x03DB	0x00F1      	MOVWF      R1
0x03DC	0x01F2      	CLRF       R1+1
0x03DD	0x1803      	BTFSC      STATUS, 0
0x03DE	0x0AF2      	INCF       R1+1, 1
0x03DF	0x3080      	MOVLW      128
0x03E0	0x0672      	XORWF      R1+1, 0
0x03E1	0x00F0      	MOVWF      R0
0x03E2	0x3080      	MOVLW      128
0x03E3	0x0270      	SUBWF      R0, 0
0x03E4	0x1D03      	BTFSS      STATUS, 2
0x03E5	0x2BE8      	GOTO       L__FloatToStr_FixLen427
0x03E6	0x0841      	MOVF       FARG_FloatToStr_FixLen_len, 0
0x03E7	0x0271      	SUBWF      R1, 0
L__FloatToStr_FixLen427:
0x03E8	0x1803      	BTFSC      STATUS, 0
0x03E9	0x2BF1      	GOTO       L_FloatToStr_FixLen135
;__Lib_Conversions.c,737 :: 		
0x03EA	0x0840      	MOVF       FARG_FloatToStr_FixLen_str, 0
0x03EB	0x0084      	MOVWF      FSR
0x03EC	0x3030      	MOVLW      48
0x03ED	0x0080      	MOVWF      INDF
0x03EE	0x0AC0      	INCF       FARG_FloatToStr_FixLen_str, 1
;__Lib_Conversions.c,738 :: 		
0x03EF	0x0AC9      	INCF       FloatToStr_FixLen_j_L0, 1
;__Lib_Conversions.c,739 :: 		
0x03F0	0x2BD9      	GOTO       L_FloatToStr_FixLen134
L_FloatToStr_FixLen135:
;__Lib_Conversions.c,741 :: 		
0x03F1	0x084C      	MOVF       FloatToStr_FixLen_dexpon_L0, 0
0x03F2	0x3A00      	XORLW      0
0x03F3	0x1903      	BTFSC      STATUS, 2
0x03F4	0x2C2E      	GOTO       L_FloatToStr_FixLen136
;__Lib_Conversions.c,742 :: 		
0x03F5	0x0840      	MOVF       FARG_FloatToStr_FixLen_str, 0
0x03F6	0x0084      	MOVWF      FSR
0x03F7	0x3065      	MOVLW      101
0x03F8	0x0080      	MOVWF      INDF
0x03F9	0x0AC0      	INCF       FARG_FloatToStr_FixLen_str, 1
;__Lib_Conversions.c,743 :: 		
0x03FA	0x3080      	MOVLW      128
0x03FB	0x064C      	XORWF      FloatToStr_FixLen_dexpon_L0, 0
0x03FC	0x00F0      	MOVWF      R0
0x03FD	0x3080      	MOVLW      128
0x03FE	0x3A00      	XORLW      0
0x03FF	0x0270      	SUBWF      R0, 0
0x0400	0x1803      	BTFSC      STATUS, 0
0x0401	0x2C0A      	GOTO       L_FloatToStr_FixLen137
;__Lib_Conversions.c,744 :: 		
0x0402	0x0840      	MOVF       FARG_FloatToStr_FixLen_str, 0
0x0403	0x0084      	MOVWF      FSR
0x0404	0x302D      	MOVLW      45
0x0405	0x0080      	MOVWF      INDF
0x0406	0x0AC0      	INCF       FARG_FloatToStr_FixLen_str, 1
;__Lib_Conversions.c,745 :: 		
0x0407	0x084C      	MOVF       FloatToStr_FixLen_dexpon_L0, 0
0x0408	0x3C00      	SUBLW      0
0x0409	0x00CC      	MOVWF      FloatToStr_FixLen_dexpon_L0
;__Lib_Conversions.c,746 :: 		
L_FloatToStr_FixLen137:
;__Lib_Conversions.c,747 :: 		
0x040A	0x084C      	MOVF       FloatToStr_FixLen_dexpon_L0, 0
0x040B	0x00C3      	MOVWF      FloatToStr_FixLen_d_L0
;__Lib_Conversions.c,748 :: 		
0x040C	0x3080      	MOVLW      128
0x040D	0x3A09      	XORLW      9
0x040E	0x00F0      	MOVWF      R0
0x040F	0x3080      	MOVLW      128
0x0410	0x064C      	XORWF      FloatToStr_FixLen_dexpon_L0, 0
0x0411	0x0270      	SUBWF      R0, 0
0x0412	0x1803      	BTFSC      STATUS, 0
0x0413	0x2C20      	GOTO       L_FloatToStr_FixLen138
;__Lib_Conversions.c,749 :: 		
0x0414	0x300A      	MOVLW      10
0x0415	0x00F4      	MOVWF      R4
0x0416	0x0843      	MOVF       FloatToStr_FixLen_d_L0, 0
0x0417	0x00F0      	MOVWF      R0
0x0418	0x2097      	CALL       _Div_8X8_S
0x0419	0x3030      	MOVLW      48
0x041A	0x07F0      	ADDWF      R0, 1
0x041B	0x0840      	MOVF       FARG_FloatToStr_FixLen_str, 0
0x041C	0x0084      	MOVWF      FSR
0x041D	0x0870      	MOVF       R0, 0
0x041E	0x0080      	MOVWF      INDF
0x041F	0x0AC0      	INCF       FARG_FloatToStr_FixLen_str, 1
;__Lib_Conversions.c,750 :: 		
L_FloatToStr_FixLen138:
;__Lib_Conversions.c,751 :: 		
0x0420	0x300A      	MOVLW      10
0x0421	0x00F4      	MOVWF      R4
0x0422	0x0843      	MOVF       FloatToStr_FixLen_d_L0, 0
0x0423	0x00F0      	MOVWF      R0
0x0424	0x2097      	CALL       _Div_8X8_S
0x0425	0x0878      	MOVF       R8, 0
0x0426	0x00F0      	MOVWF      R0
0x0427	0x3030      	MOVLW      48
0x0428	0x07F0      	ADDWF      R0, 1
0x0429	0x0840      	MOVF       FARG_FloatToStr_FixLen_str, 0
0x042A	0x0084      	MOVWF      FSR
0x042B	0x0870      	MOVF       R0, 0
0x042C	0x0080      	MOVWF      INDF
0x042D	0x0AC0      	INCF       FARG_FloatToStr_FixLen_str, 1
;__Lib_Conversions.c,752 :: 		
L_FloatToStr_FixLen136:
;__Lib_Conversions.c,753 :: 		
0x042E	0x084A      	MOVF       FloatToStr_FixLen_eksp_L0, 0
0x042F	0x0749      	ADDWF      FloatToStr_FixLen_j_L0, 0
0x0430	0x00F0      	MOVWF      R0
0x0431	0x0870      	MOVF       R0, 0
0x0432	0x00C9      	MOVWF      FloatToStr_FixLen_j_L0
;__Lib_Conversions.c,754 :: 		
0x0433	0x0841      	MOVF       FARG_FloatToStr_FixLen_len, 0
0x0434	0x0270      	SUBWF      R0, 0
0x0435	0x00F1      	MOVWF      R1
0x0436	0x0871      	MOVF       R1, 0
0x0437	0x00C3      	MOVWF      FloatToStr_FixLen_d_L0
;__Lib_Conversions.c,755 :: 		
0x0438	0x3080      	MOVLW      128
0x0439	0x3A00      	XORLW      0
0x043A	0x00F0      	MOVWF      R0
0x043B	0x3080      	MOVLW      128
0x043C	0x0671      	XORWF      R1, 0
0x043D	0x0270      	SUBWF      R0, 0
0x043E	0x1803      	BTFSC      STATUS, 0
0x043F	0x2C4C      	GOTO       L_FloatToStr_FixLen139
;__Lib_Conversions.c,756 :: 		
L_FloatToStr_FixLen140:
0x0440	0x3080      	MOVLW      128
0x0441	0x3A00      	XORLW      0
0x0442	0x00F0      	MOVWF      R0
0x0443	0x3080      	MOVLW      128
0x0444	0x0643      	XORWF      FloatToStr_FixLen_d_L0, 0
0x0445	0x0270      	SUBWF      R0, 0
0x0446	0x1803      	BTFSC      STATUS, 0
0x0447	0x2C4B      	GOTO       L_FloatToStr_FixLen141
;__Lib_Conversions.c,757 :: 		
0x0448	0x03C3      	DECF       FloatToStr_FixLen_d_L0, 1
;__Lib_Conversions.c,758 :: 		
0x0449	0x03C0      	DECF       FARG_FloatToStr_FixLen_str, 1
;__Lib_Conversions.c,759 :: 		
0x044A	0x2C40      	GOTO       L_FloatToStr_FixLen140
L_FloatToStr_FixLen141:
;__Lib_Conversions.c,760 :: 		
0x044B	0x2C63      	GOTO       L_FloatToStr_FixLen142
L_FloatToStr_FixLen139:
;__Lib_Conversions.c,761 :: 		
0x044C	0x3080      	MOVLW      128
0x044D	0x0643      	XORWF      FloatToStr_FixLen_d_L0, 0
0x044E	0x00F0      	MOVWF      R0
0x044F	0x3080      	MOVLW      128
0x0450	0x3A00      	XORLW      0
0x0451	0x0270      	SUBWF      R0, 0
0x0452	0x1803      	BTFSC      STATUS, 0
0x0453	0x2C63      	GOTO       L_FloatToStr_FixLen143
;__Lib_Conversions.c,762 :: 		
L_FloatToStr_FixLen144:
0x0454	0x3080      	MOVLW      128
0x0455	0x0643      	XORWF      FloatToStr_FixLen_d_L0, 0
0x0456	0x00F0      	MOVWF      R0
0x0457	0x3080      	MOVLW      128
0x0458	0x3A00      	XORLW      0
0x0459	0x0270      	SUBWF      R0, 0
0x045A	0x1803      	BTFSC      STATUS, 0
0x045B	0x2C63      	GOTO       L_FloatToStr_FixLen145
;__Lib_Conversions.c,763 :: 		
0x045C	0x0AC3      	INCF       FloatToStr_FixLen_d_L0, 1
;__Lib_Conversions.c,764 :: 		
0x045D	0x0840      	MOVF       FARG_FloatToStr_FixLen_str, 0
0x045E	0x0084      	MOVWF      FSR
0x045F	0x3030      	MOVLW      48
0x0460	0x0080      	MOVWF      INDF
0x0461	0x0AC0      	INCF       FARG_FloatToStr_FixLen_str, 1
;__Lib_Conversions.c,765 :: 		
0x0462	0x2C54      	GOTO       L_FloatToStr_FixLen144
L_FloatToStr_FixLen145:
;__Lib_Conversions.c,766 :: 		
L_FloatToStr_FixLen143:
L_FloatToStr_FixLen142:
;__Lib_Conversions.c,767 :: 		
0x0463	0x0840      	MOVF       FARG_FloatToStr_FixLen_str, 0
0x0464	0x0084      	MOVWF      FSR
0x0465	0x0180      	CLRF       INDF
;__Lib_Conversions.c,768 :: 		
0x0466	0x01F0      	CLRF       R0
;__Lib_Conversions.c,769 :: 		
L_end_FloatToStr_FixLen:
0x0467	0x0008      	RETURN
; end of _FloatToStr_FixLen
_Lcd_Init:
;__Lib_Lcd.c,84 :: 		
;__Lib_Lcd.c,86 :: 		
0x0468	0x1683      	BSF        STATUS, 5
0x0469	0x1303      	BCF        STATUS, 6
0x046A	0x1187      	BCF        lcd_en_direction, BitPos(lcd_en_direction+0)
;__Lib_Lcd.c,87 :: 		
0x046B	0x1107      	BCF        lcd_rs_direction, BitPos(lcd_rs_direction+0)
;__Lib_Lcd.c,88 :: 		
0x046C	0x1207      	BCF        lcd_d4_direction, BitPos(lcd_d4_direction+0)
;__Lib_Lcd.c,89 :: 		
0x046D	0x1287      	BCF        lcd_d5_direction, BitPos(lcd_d5_direction+0)
;__Lib_Lcd.c,90 :: 		
0x046E	0x1307      	BCF        lcd_d6_direction, BitPos(lcd_d6_direction+0)
;__Lib_Lcd.c,91 :: 		
0x046F	0x1387      	BCF        lcd_d7_direction, BitPos(lcd_d7_direction+0)
;__Lib_Lcd.c,93 :: 		
0x0470	0x1283      	BCF        STATUS, 5
0x0471	0x1187      	BCF        lcd_en, BitPos(lcd_en+0)
;__Lib_Lcd.c,94 :: 		
0x0472	0x1107      	BCF        lcd_rs, BitPos(lcd_rs+0)
;__Lib_Lcd.c,95 :: 		
0x0473	0x1387      	BCF        lcd_d7, BitPos(lcd_d7+0)
;__Lib_Lcd.c,96 :: 		
0x0474	0x1307      	BCF        lcd_d6, BitPos(lcd_d6+0)
;__Lib_Lcd.c,97 :: 		
0x0475	0x1287      	BCF        lcd_d5, BitPos(lcd_d5+0)
;__Lib_Lcd.c,98 :: 		
0x0476	0x1207      	BCF        lcd_d4, BitPos(lcd_d4+0)
;__Lib_Lcd.c,100 :: 		
0x0477	0x2010      	CALL       _Delay_5500us
;__Lib_Lcd.c,101 :: 		
0x0478	0x2010      	CALL       _Delay_5500us
;__Lib_Lcd.c,102 :: 		
0x0479	0x2010      	CALL       _Delay_5500us
;__Lib_Lcd.c,105 :: 		
0x047A	0x1687      	BSF        lcd_d5, BitPos(lcd_d5+0)
;__Lib_Lcd.c,106 :: 		
0x047B	0x1607      	BSF        lcd_d4, BitPos(lcd_d4+0)
;__Lib_Lcd.c,107 :: 		
0x047C	0x1587      	BSF        lcd_en, BitPos(lcd_en+0)
;__Lib_Lcd.c,108 :: 		
0x047D	0x200A      	CALL       _Delay_1us
;__Lib_Lcd.c,109 :: 		
0x047E	0x1187      	BCF        lcd_en, BitPos(lcd_en+0)
;__Lib_Lcd.c,110 :: 		
0x047F	0x2010      	CALL       _Delay_5500us
;__Lib_Lcd.c,112 :: 		
0x0480	0x1587      	BSF        lcd_en, BitPos(lcd_en+0)
;__Lib_Lcd.c,113 :: 		
0x0481	0x200A      	CALL       _Delay_1us
;__Lib_Lcd.c,114 :: 		
0x0482	0x1187      	BCF        lcd_en, BitPos(lcd_en+0)
;__Lib_Lcd.c,115 :: 		
0x0483	0x2010      	CALL       _Delay_5500us
;__Lib_Lcd.c,117 :: 		
0x0484	0x1587      	BSF        lcd_en, BitPos(lcd_en+0)
;__Lib_Lcd.c,118 :: 		
0x0485	0x200A      	CALL       _Delay_1us
;__Lib_Lcd.c,119 :: 		
0x0486	0x1187      	BCF        lcd_en, BitPos(lcd_en+0)
;__Lib_Lcd.c,120 :: 		
0x0487	0x2010      	CALL       _Delay_5500us
;__Lib_Lcd.c,123 :: 		
0x0488	0x1207      	BCF        lcd_d4, BitPos(lcd_d4+0)
;__Lib_Lcd.c,124 :: 		
0x0489	0x1587      	BSF        lcd_en, BitPos(lcd_en+0)
;__Lib_Lcd.c,125 :: 		
0x048A	0x200A      	CALL       _Delay_1us
;__Lib_Lcd.c,126 :: 		
0x048B	0x1187      	BCF        lcd_en, BitPos(lcd_en+0)
;__Lib_Lcd.c,127 :: 		
0x048C	0x2010      	CALL       _Delay_5500us
;__Lib_Lcd.c,130 :: 		
0x048D	0x1587      	BSF        lcd_en, BitPos(lcd_en+0)
;__Lib_Lcd.c,131 :: 		
0x048E	0x200A      	CALL       _Delay_1us
;__Lib_Lcd.c,132 :: 		
0x048F	0x1187      	BCF        lcd_en, BitPos(lcd_en+0)
;__Lib_Lcd.c,134 :: 		
0x0490	0x1287      	BCF        lcd_d5, BitPos(lcd_d5+0)
;__Lib_Lcd.c,135 :: 		
0x0491	0x1787      	BSF        lcd_d7, BitPos(lcd_d7+0)
;__Lib_Lcd.c,136 :: 		
0x0492	0x1587      	BSF        lcd_en, BitPos(lcd_en+0)
;__Lib_Lcd.c,137 :: 		
0x0493	0x200A      	CALL       _Delay_1us
;__Lib_Lcd.c,138 :: 		
0x0494	0x1187      	BCF        lcd_en, BitPos(lcd_en+0)
;__Lib_Lcd.c,139 :: 		
0x0495	0x2010      	CALL       _Delay_5500us
;__Lib_Lcd.c,142 :: 		
0x0496	0x1387      	BCF        lcd_d7, BitPos(lcd_d7+0)
;__Lib_Lcd.c,143 :: 		
0x0497	0x1607      	BSF        lcd_d4, BitPos(lcd_d4+0)
;__Lib_Lcd.c,144 :: 		
0x0498	0x1587      	BSF        lcd_en, BitPos(lcd_en+0)
;__Lib_Lcd.c,145 :: 		
0x0499	0x200A      	CALL       _Delay_1us
;__Lib_Lcd.c,146 :: 		
0x049A	0x1187      	BCF        lcd_en, BitPos(lcd_en+0)
;__Lib_Lcd.c,148 :: 		
0x049B	0x1207      	BCF        lcd_d4, BitPos(lcd_d4+0)
;__Lib_Lcd.c,149 :: 		
0x049C	0x1587      	BSF        lcd_en, BitPos(lcd_en+0)
;__Lib_Lcd.c,150 :: 		
0x049D	0x200A      	CALL       _Delay_1us
;__Lib_Lcd.c,151 :: 		
0x049E	0x1187      	BCF        lcd_en, BitPos(lcd_en+0)
;__Lib_Lcd.c,152 :: 		
0x049F	0x2010      	CALL       _Delay_5500us
;__Lib_Lcd.c,155 :: 		
0x04A0	0x1587      	BSF        lcd_en, BitPos(lcd_en+0)
;__Lib_Lcd.c,156 :: 		
0x04A1	0x200A      	CALL       _Delay_1us
;__Lib_Lcd.c,157 :: 		
0x04A2	0x1187      	BCF        lcd_en, BitPos(lcd_en+0)
;__Lib_Lcd.c,159 :: 		
0x04A3	0x1607      	BSF        lcd_d4, BitPos(lcd_d4+0)
;__Lib_Lcd.c,160 :: 		
0x04A4	0x1587      	BSF        lcd_en, BitPos(lcd_en+0)
;__Lib_Lcd.c,161 :: 		
0x04A5	0x200A      	CALL       _Delay_1us
;__Lib_Lcd.c,162 :: 		
0x04A6	0x1187      	BCF        lcd_en, BitPos(lcd_en+0)
;__Lib_Lcd.c,163 :: 		
0x04A7	0x2010      	CALL       _Delay_5500us
;__Lib_Lcd.c,166 :: 		
0x04A8	0x1207      	BCF        lcd_d4, BitPos(lcd_d4+0)
;__Lib_Lcd.c,167 :: 		
0x04A9	0x1587      	BSF        lcd_en, BitPos(lcd_en+0)
;__Lib_Lcd.c,168 :: 		
0x04AA	0x200A      	CALL       _Delay_1us
;__Lib_Lcd.c,169 :: 		
0x04AB	0x1187      	BCF        lcd_en, BitPos(lcd_en+0)
;__Lib_Lcd.c,171 :: 		
0x04AC	0x1787      	BSF        lcd_d7, BitPos(lcd_d7+0)
;__Lib_Lcd.c,172 :: 		
0x04AD	0x1707      	BSF        lcd_d6, BitPos(lcd_d6+0)
;__Lib_Lcd.c,173 :: 		
0x04AE	0x1687      	BSF        lcd_d5, BitPos(lcd_d5+0)
;__Lib_Lcd.c,174 :: 		
0x04AF	0x1607      	BSF        lcd_d4, BitPos(lcd_d4+0)
;__Lib_Lcd.c,175 :: 		
0x04B0	0x1587      	BSF        lcd_en, BitPos(lcd_en+0)
;__Lib_Lcd.c,176 :: 		
0x04B1	0x200A      	CALL       _Delay_1us
;__Lib_Lcd.c,177 :: 		
0x04B2	0x1187      	BCF        lcd_en, BitPos(lcd_en+0)
;__Lib_Lcd.c,179 :: 		
0x04B3	0x2010      	CALL       _Delay_5500us
;__Lib_Lcd.c,181 :: 		
0x04B4	0x142B      	BSF        __Lib_Lcd_cmd_status, BitPos(__Lib_Lcd_cmd_status+0)
;__Lib_Lcd.c,182 :: 		
L_end_Lcd_Init:
0x04B5	0x0008      	RETURN
; end of _Lcd_Init
_main:
0x04B6	0x24EA      	CALL       1258
;float_check.c,18 :: 		void main() {
;float_check.c,19 :: 		lcd_init();
0x04B7	0x2468      	CALL       _Lcd_Init
;float_check.c,20 :: 		lcd_cmd(_lcd_clear);
0x04B8	0x3001      	MOVLW      1
0x04B9	0x00CF      	MOVWF      FARG_Lcd_Cmd_out_char
0x04BA	0x2029      	CALL       _Lcd_Cmd
;float_check.c,21 :: 		lcd_cmd(_lcd_cursor_off);
0x04BB	0x300C      	MOVLW      12
0x04BC	0x00CF      	MOVWF      FARG_Lcd_Cmd_out_char
0x04BD	0x2029      	CALL       _Lcd_Cmd
;float_check.c,22 :: 		a=25.78798;
0x04BE	0x30C8      	MOVLW      200
0x04BF	0x00B6      	MOVWF      _a
0x04C0	0x304D      	MOVLW      77
0x04C1	0x00B7      	MOVWF      _a+1
0x04C2	0x304E      	MOVLW      78
0x04C3	0x00B8      	MOVWF      _a+2
0x04C4	0x3083      	MOVLW      131
0x04C5	0x00B9      	MOVWF      _a+3
;float_check.c,23 :: 		floattostr_fixlen(a, atostr, 7);
0x04C6	0x30C8      	MOVLW      200
0x04C7	0x00BC      	MOVWF      FARG_FloatToStr_FixLen_fnum
0x04C8	0x304D      	MOVLW      77
0x04C9	0x00BD      	MOVWF      FARG_FloatToStr_FixLen_fnum+1
0x04CA	0x304E      	MOVLW      78
0x04CB	0x00BE      	MOVWF      FARG_FloatToStr_FixLen_fnum+2
0x04CC	0x3083      	MOVLW      131
0x04CD	0x00BF      	MOVWF      FARG_FloatToStr_FixLen_fnum+3
0x04CE	0x302C      	MOVLW      _atostr
0x04CF	0x00C0      	MOVWF      FARG_FloatToStr_FixLen_str
0x04D0	0x3007      	MOVLW      7
0x04D1	0x00C1      	MOVWF      FARG_FloatToStr_FixLen_len
0x04D2	0x21F4      	CALL       _FloatToStr_FixLen
;float_check.c,24 :: 		lcd_out(1,1,atostr);
0x04D3	0x3001      	MOVLW      1
0x04D4	0x00BC      	MOVWF      FARG_Lcd_Out_row
0x04D5	0x3001      	MOVLW      1
0x04D6	0x00BD      	MOVWF      FARG_Lcd_Out_column
0x04D7	0x302C      	MOVLW      _atostr
0x04D8	0x00BE      	MOVWF      FARG_Lcd_Out_text
0x04D9	0x21A8      	CALL       _Lcd_Out
;float_check.c,29 :: 		}
L_end_main:
0x04DA	0x2CDA      	GOTO       $+0
; end of _main
0x04EA	0x3021      	MOVLW      33
0x04EB	0x0084      	MOVWF      FSR
0x04EC	0x300A      	MOVLW      10
0x04ED	0x1283      	BCF        STATUS, 5
0x04EE	0x1303      	BCF        STATUS, 6
0x04EF	0x00F0      	MOVWF      R0
0x04F0	0x30E0      	MOVLW      224
0x04F1	0x00BA      	MOVWF      ___DoICPAddr
0x04F2	0x3004      	MOVLW      4
0x04F3	0x00BB      	MOVWF      59
0x04F4	0x21E8      	CALL       488
0x04F5	0x0008      	RETURN
;__Lib_Conversions.c,0 :: ?ICS?lstr5___Lib_Conversions
0x04E0	0x3430 ;?ICS?lstr5___Lib_Conversions+0
0x04E1	0x3400 ;?ICS?lstr5___Lib_Conversions+1
; end of ?ICS?lstr5___Lib_Conversions
;__Lib_Conversions.c,0 :: ?ICS?lstr4___Lib_Conversions
0x04E2	0x344E ;?ICS?lstr4___Lib_Conversions+0
0x04E3	0x3461 ;?ICS?lstr4___Lib_Conversions+1
0x04E4	0x344E ;?ICS?lstr4___Lib_Conversions+2
0x04E5	0x3400 ;?ICS?lstr4___Lib_Conversions+3
; end of ?ICS?lstr4___Lib_Conversions
;__Lib_Conversions.c,0 :: ?ICS?lstr6___Lib_Conversions
0x04E6	0x3449 ;?ICS?lstr6___Lib_Conversions+0
0x04E7	0x344E ;?ICS?lstr6___Lib_Conversions+1
0x04E8	0x3446 ;?ICS?lstr6___Lib_Conversions+2
0x04E9	0x3400 ;?ICS?lstr6___Lib_Conversions+3
; end of ?ICS?lstr6___Lib_Conversions
Symbol List:
//** Routines locations **
//ADDRESS    SIZE    PROCEDURE
//----------------------------------------------
0x0003       [7]    _Delay_50us
0x000A       [6]    _Delay_1us
0x0010      [13]    _Delay_5500us
0x001D      [12]    _SETFOV32
0x0029      [64]    _Lcd_Cmd
0x0069      [12]    _SETFUN32
0x0075       [7]    _RES032
0x007C      [27]    _strcpy
0x0097      [81]    _Div_8X8_S
0x00E8       [7]    _____DoICP
0x00EF       [8]    _Lcd_Chr_CP
0x00F7      [80]    _Compare_Double
0x0147      [97]    _Mul_32x32_FP
0x01A8      [64]    _Lcd_Out
0x01E8      [12]    ___CC2DW
0x01F4     [628]    _FloatToStr_FixLen
0x0468      [78]    _Lcd_Init
0x04B6      [36]    _main
//** Variables locations ** 
//ADDRESS    SIZE    VARIABLE
//----------------------------------------------
0x0000       [1]    INDF
0x0002       [1]    PCL
0x0003       [1]    STATUS
0x0004       [1]    FSR
0x0007       [0]    RC3_bit
0x0007       [0]    RC2_bit
0x0007       [0]    lcd_d7
0x0007       [0]    RC5_bit
0x0007       [0]    RC7_bit
0x0007       [0]    lcd_d4
0x0007       [0]    lcd_en
0x0007       [0]    lcd_rs
0x0007       [0]    lcd_d6
0x0007       [0]    lcd_d5
0x0007       [0]    RC4_bit
0x0007       [0]    RC6_bit
0x000A       [1]    PCLATH
0x0020       [1]    __math_tempbD
0x0021       [2]    ?lstr5___Lib_Conversions
0x0023       [4]    ?lstr4___Lib_Conversions
0x0027       [4]    ?lstr6___Lib_Conversions
0x002B       [0]    __Lib_Lcd_cmd_status
0x002C      [10]    _atostr
0x0036       [4]    _a
0x003A       [2]    ___DoICPAddr
0x003C       [4]    FARG_FloatToStr_FixLen_fnum
0x003C       [1]    FARG_Lcd_Out_row
0x003D       [1]    FARG_Lcd_Out_column
0x003E       [1]    FARG_Lcd_Out_text
0x003F       [1]    Lcd_Out_i_L0
0x0040       [1]    FARG_FloatToStr_FixLen_str
0x0041       [1]    FARG_FloatToStr_FixLen_len
0x0042       [1]    FloatToStr_FixLen_i_L0
0x0043       [1]    FloatToStr_FixLen_d_L0
0x0044       [4]    FloatToStr_FixLen_un_L0
0x0048       [1]    FloatToStr_FixLen_bpoint_L0
0x0049       [1]    FloatToStr_FixLen_j_L0
0x004A       [1]    FloatToStr_FixLen_eksp_L0
0x004B       [1]    FloatToStr_FixLen_dec_L0
0x004C       [1]    FloatToStr_FixLen_dexpon_L0
0x004D       [1]    FARG_Lcd_Chr_CP_out_char
0x004D       [1]    FARG_strcpy_to
0x004E       [1]    FARG_strcpy_from
0x004F       [1]    FARG_Lcd_Cmd_out_char
0x0070       [1]    R0
0x0071       [1]    R1
0x0072       [1]    R2
0x0073       [1]    R3
0x0074       [1]    R4
0x0075       [1]    R5
0x0076       [1]    R6
0x0077       [1]    R7
0x0078       [1]    R8
0x0079       [1]    R9
0x007A       [1]    R10
0x007B       [1]    R11
0x007C       [1]    R12
0x007D       [1]    R13
0x007E       [1]    R14
0x007F       [1]    R15
0x0087       [0]    lcd_en_direction
0x0087       [0]    lcd_rs_direction
0x0087       [0]    lcd_d4_direction
0x0087       [0]    lcd_d7_direction
0x0087       [0]    lcd_d6_direction
0x0087       [0]    lcd_d5_direction
0x0087       [0]    TRISC5_bit
0x0087       [0]    TRISC4_bit
0x0087       [0]    TRISC7_bit
0x0087       [0]    TRISC6_bit
0x0087       [0]    TRISC3_bit
0x0087       [0]    TRISC2_bit
//** Constants locations ** 
//ADDRESS    SIZE    CONSTANT
//----------------------------------------------
0x04E0       [2]    ?ICS?lstr5___Lib_Conversions
0x04E2       [4]    ?ICS?lstr4___Lib_Conversions
0x04E6       [4]    ?ICS?lstr6___Lib_Conversions
