
ROM used:   744/8192 (9%)
            744/8192 (9%) including unused fragments

            0.6 Average locations per line
            6.5 Average locations per statement

RAM used:   7/368 (2%) at main() level
            23/368 (6%) worst case

Stack used: 5 worst case (5 in main + 0 for interrupts)
Stack size: 8

Lines Stmts  %   Files
----- ----- ---  -----
   39    14  12  main.c
    5     0   0  main.h
  671     0   0  ..\..\..\..\..\Program Files (x86)\PICC\Devices\16F877A.h
  456   100  88  ..\..\..\..\..\Program Files (x86)\PICC\Drivers\lcd.c
----- -----
 1171   114 Total

Page ROM  %  RAM   Vol Diff  Functions:
---- --- --- ---   --- ----  ----------
0     20   3    1             @delay_ms1
 Inline         3   760  4.5  lcd_read_byte
0     49   7    2   262  3.7  lcd_read_nibble
0     44   6    1   399  2.4  lcd_send_nibble
0     92  12    3   415  3.7  lcd_send_byte
0     70   9    6   852  6.2  lcd_init
0     18   2    4   208  6.3  lcd_gotoxy
0     44   6    1   354  4.7  lcd_putc
0     20   3    1             @delay_ms2
0     79  11    2   320  3.2  MAIN
0      7   1    0             @const665
0     86  12    4             @PSTRINGC7_645
0      6   1    0             @const667
0      6   1    0             @const668
0     89  12    5             @PSTRINGCN7_645
0     21   3    3             @DIV88
0     89  12    6             @PRINTF_D_645
 Inline         0             @cinit1

Program metrics:
    Functions               8
    Statements              114
    Comments                231
    Volume (V)              5426
    Difficulty (D)          33.0
    Effort to implement (E) 179220
    Time to implement (T)   2 hours, 46 minutes
    Est Delivered Bugs (B)  1
    Cyclomatic Complexity   8
    Maintainability (MI)    138

 Segment     Used  Free
-----------  ----  ----
00000-00003     4  0  
00004-007FF   740  1304  
00800-00FFF     0  2048  
01000-017FF     0  2048  
01800-01FFF     0  2048  



