;  LST file generated by mikroListExporter - v.2.0 
; Date/Time: 21-Nov-20 1:15:05 PM
;----------------------------------------------

;Address Opcode 	ASM
0x0000	0x28AB      	GOTO       171
_Div_16x16_S_L:
;__Lib_Math.c,421 :: 		
;__Lib_Math.c,427 :: 		
0x0003	0x0D71      	RLF        R1, 0
;__Lib_Math.c,428 :: 		
0x0004	0x0DF8      	RLF        R8, 1
;__Lib_Math.c,429 :: 		
0x0005	0x0DF9      	RLF        R9, 1
;__Lib_Math.c,430 :: 		
0x0006	0x0874      	MOVF       R4, 0
;__Lib_Math.c,431 :: 		
0x0007	0x02F8      	SUBWF      R8, 1
;__Lib_Math.c,432 :: 		
0x0008	0x0875      	MOVF       R5, 0
;__Lib_Math.c,433 :: 		
0x0009	0x1C03      	BTFSS      STATUS, 0
;__Lib_Math.c,434 :: 		
0x000A	0x0F75      	INCFSZ     R5, 0
;__Lib_Math.c,435 :: 		
0x000B	0x02F9      	SUBWF      R9, 1
;__Lib_Math.c,436 :: 		
0x000C	0x0DF0      	RLF        R0, 1
;__Lib_Math.c,437 :: 		
0x000D	0x0DF1      	RLF        R1, 1
;__Lib_Math.c,439 :: 		
0x000E	0x300F      	MOVLW      15
;__Lib_Math.c,440 :: 		
0x000F	0x00FC      	MOVWF      R12
;__Lib_Math.c,442 :: 		
0x0010	0x0D71      	RLF        R1, 0
;__Lib_Math.c,443 :: 		
0x0011	0x0DF8      	RLF        R8, 1
;__Lib_Math.c,444 :: 		
0x0012	0x0DF9      	RLF        R9, 1
;__Lib_Math.c,445 :: 		
0x0013	0x0874      	MOVF       R4, 0
;__Lib_Math.c,447 :: 		
0x0014	0x1C70      	BTFSS      R0, 0
;__Lib_Math.c,448 :: 		
0x0015	0x281C      	GOTO       $+7
;__Lib_Math.c,449 :: 		
0x0016	0x02F8      	SUBWF      R8, 1
;__Lib_Math.c,450 :: 		
0x0017	0x0875      	MOVF       R5, 0
;__Lib_Math.c,451 :: 		
0x0018	0x1C03      	BTFSS      STATUS, 0
;__Lib_Math.c,452 :: 		
0x0019	0x0F75      	INCFSZ     R5, 0
;__Lib_Math.c,453 :: 		
0x001A	0x02F9      	SUBWF      R9, 1
;__Lib_Math.c,454 :: 		
0x001B	0x2821      	GOTO       $+6
;__Lib_Math.c,456 :: 		
0x001C	0x07F8      	ADDWF      R8, 1
;__Lib_Math.c,457 :: 		
0x001D	0x0875      	MOVF       R5, 0
;__Lib_Math.c,458 :: 		
0x001E	0x1803      	BTFSC      STATUS, 0
;__Lib_Math.c,459 :: 		
0x001F	0x0F75      	INCFSZ     R5, 0
;__Lib_Math.c,460 :: 		
0x0020	0x07F9      	ADDWF      R9, 1
;__Lib_Math.c,462 :: 		
0x0021	0x0DF0      	RLF        R0, 1
;__Lib_Math.c,463 :: 		
0x0022	0x0DF1      	RLF        R1, 1
;__Lib_Math.c,465 :: 		
0x0023	0x0BFC      	DECFSZ     R12, 1
;__Lib_Math.c,466 :: 		
0x0024	0x2810      	GOTO       $-20
;__Lib_Math.c,468 :: 		
0x0025	0x1870      	BTFSC      R0, 0
;__Lib_Math.c,469 :: 		
0x0026	0x282D      	GOTO       $+7
;__Lib_Math.c,470 :: 		
0x0027	0x0874      	MOVF       R4, 0
;__Lib_Math.c,471 :: 		
0x0028	0x07F8      	ADDWF      R8, 1
;__Lib_Math.c,472 :: 		
0x0029	0x0875      	MOVF       R5, 0
;__Lib_Math.c,473 :: 		
0x002A	0x1803      	BTFSC      STATUS, 0
;__Lib_Math.c,474 :: 		
0x002B	0x0F75      	INCFSZ     R5, 0
;__Lib_Math.c,475 :: 		
0x002C	0x07F9      	ADDWF      R9, 1
;__Lib_Math.c,476 :: 		
0x002D	0x0000      	NOP
;__Lib_Math.c,478 :: 		
L_end_Div_16x16_S_L:
0x002E	0x0008      	RETURN
; end of _Div_16x16_S_L
_____DoICP:
;__Lib_System.c,6 :: 		
;__Lib_System.c,9 :: 		
0x002F	0x1283      	BCF        STATUS, 5
0x0030	0x1303      	BCF        STATUS, 6
0x0031	0x0831      	MOVF       ___DoICPAddr+1, 0
0x0032	0x008A      	MOVWF      PCLATH
;__Lib_System.c,10 :: 		
0x0033	0x0830      	MOVF       ___DoICPAddr, 0
0x0034	0x0082      	MOVWF      PCL
;__Lib_System.c,12 :: 		
L_end_____DoICP:
0x0035	0x0008      	RETURN
; end of _____DoICP
___CC2DW:
;__Lib_System.c,134 :: 		
;__Lib_System.c,137 :: 		
_CC2D_Loop1:
;__Lib_System.c,139 :: 		
0x0036	0x202F      	CALL       _____DoICP
0x0037	0x118A      	BCF        PCLATH, 3
0x0038	0x120A      	BCF        PCLATH, 4
;__Lib_System.c,141 :: 		
0x0039	0x0080      	MOVWF      INDF
;__Lib_System.c,142 :: 		
0x003A	0x0A84      	INCF       FSR, 1
;__Lib_System.c,143 :: 		
0x003B	0x0AB0      	INCF       ___DoICPAddr, 1
;__Lib_System.c,145 :: 		
0x003C	0x1903      	BTFSC      STATUS, 2
;__Lib_System.c,146 :: 		
0x003D	0x0AB1      	INCF       ___DoICPAddr+1, 1
;__Lib_System.c,147 :: 		
0x003E	0x03F0      	DECF       R0, 1
;__Lib_System.c,149 :: 		
0x003F	0x1D03      	BTFSS      STATUS, 2
;__Lib_System.c,150 :: 		
0x0040	0x2836      	GOTO       _CC2D_Loop1
;__Lib_System.c,152 :: 		
L_end___CC2DW:
0x0041	0x0008      	RETURN
; end of ___CC2DW
_Div_16x16_S:
;__Lib_Math.c,480 :: 		
;__Lib_Math.c,488 :: 		
0x0042	0x1283      	BCF        STATUS, 5
0x0043	0x1303      	BCF        STATUS, 6
0x0044	0x0874      	MOVF       R4, 0
0x0045	0x3A00      	XORLW      0
0x0046	0x1D03      	BTFSS      STATUS, 2
0x0047	0x2851      	GOTO       L_Div_16x16_S0
;__Lib_Math.c,489 :: 		
0x0048	0x0875      	MOVF       R5, 0
0x0049	0x3A00      	XORLW      0
0x004A	0x1D03      	BTFSS      STATUS, 2
0x004B	0x2851      	GOTO       L_Div_16x16_S1
;__Lib_Math.c,490 :: 		
0x004C	0x30FF      	MOVLW      255
0x004D	0x00F0      	MOVWF      R0
;__Lib_Math.c,491 :: 		
0x004E	0x307F      	MOVLW      127
0x004F	0x00F1      	MOVWF      R1
;__Lib_Math.c,492 :: 		
0x0050	0x28AA      	GOTO       L_end_Div_16x16_S
;__Lib_Math.c,493 :: 		
L_Div_16x16_S1:
L_Div_16x16_S0:
;__Lib_Math.c,496 :: 		
0x0051	0x1283      	BCF        STATUS, 5
;__Lib_Math.c,497 :: 		
0x0052	0x1303      	BCF        STATUS, 6
;__Lib_Math.c,498 :: 		
0x0053	0x01FD      	CLRF       R13
;__Lib_Math.c,499 :: 		
0x0054	0x01F9      	CLRF       R9
;__Lib_Math.c,500 :: 		
0x0055	0x01F8      	CLRF       R8
;__Lib_Math.c,501 :: 		
0x0056	0x0871      	MOVF       R1, 0
;__Lib_Math.c,502 :: 		
0x0057	0x0470      	IORWF      R0, 0
;__Lib_Math.c,503 :: 		
0x0058	0x1903      	BTFSC      STATUS, 2
;__Lib_Math.c,504 :: 		
0x0059	0x3400      	RETLW      0
;__Lib_Math.c,506 :: 		
0x005A	0x0871      	MOVF       R1, 0
;__Lib_Math.c,507 :: 		
0x005B	0x0675      	XORWF      R5, 0
;__Lib_Math.c,508 :: 		
0x005C	0x00FA      	MOVWF      R10
;__Lib_Math.c,509 :: 		
0x005D	0x1BFA      	BTFSC      R10, 7
;__Lib_Math.c,510 :: 		
0x005E	0x09FD      	COMF       R13, 1
;__Lib_Math.c,512 :: 		
0x005F	0x01FB      	CLRF       R11
;__Lib_Math.c,514 :: 		
0x0060	0x1FF5      	BTFSS      R5, 7
;__Lib_Math.c,515 :: 		
0x0061	0x2867      	GOTO       $+6
;__Lib_Math.c,517 :: 		
0x0062	0x09F4      	COMF       R4, 1
;__Lib_Math.c,518 :: 		
0x0063	0x09F5      	COMF       R5, 1
;__Lib_Math.c,519 :: 		
0x0064	0x0AF4      	INCF       R4, 1
;__Lib_Math.c,520 :: 		
0x0065	0x1903      	BTFSC      STATUS, 2
;__Lib_Math.c,521 :: 		
0x0066	0x0AF5      	INCF       R5, 1
;__Lib_Math.c,523 :: 		
0x0067	0x1FF1      	BTFSS      R1, 7
;__Lib_Math.c,524 :: 		
0x0068	0x286E      	GOTO       $+6
;__Lib_Math.c,526 :: 		
0x0069	0x09F0      	COMF       R0, 1
;__Lib_Math.c,527 :: 		
0x006A	0x09F1      	COMF       R1, 1
;__Lib_Math.c,528 :: 		
0x006B	0x0AF0      	INCF       R0, 1
;__Lib_Math.c,529 :: 		
0x006C	0x1903      	BTFSC      STATUS, 2
;__Lib_Math.c,530 :: 		
0x006D	0x0AF1      	INCF       R1, 1
;__Lib_Math.c,532 :: 		
0x006E	0x0871      	MOVF       R1, 0
;__Lib_Math.c,533 :: 		
0x006F	0x0475      	IORWF      R5, 0
;__Lib_Math.c,534 :: 		
0x0070	0x00FA      	MOVWF      R10
;__Lib_Math.c,535 :: 		
0x0071	0x1BFA      	BTFSC      R10, 7
;__Lib_Math.c,536 :: 		
0x0072	0x2883      	GOTO       $+17
;__Lib_Math.c,538 :: 		
0x0073	0x2003      	CALL       _Div_16x16_S_L
;__Lib_Math.c,540 :: 		
0x0074	0x187B      	BTFSC      R11, 0
;__Lib_Math.c,541 :: 		
0x0075	0x2896      	GOTO       $+33
;__Lib_Math.c,543 :: 		
0x0076	0x1FFD      	BTFSS      R13, 7
;__Lib_Math.c,544 :: 		
0x0077	0x3400      	RETLW      0
;__Lib_Math.c,546 :: 		
0x0078	0x09F0      	COMF       R0, 1
;__Lib_Math.c,547 :: 		
0x0079	0x09F1      	COMF       R1, 1
;__Lib_Math.c,548 :: 		
0x007A	0x0AF0      	INCF       R0, 1
;__Lib_Math.c,549 :: 		
0x007B	0x1903      	BTFSC      STATUS, 2
;__Lib_Math.c,550 :: 		
0x007C	0x0AF1      	INCF       R1, 1
;__Lib_Math.c,552 :: 		
0x007D	0x09F8      	COMF       R8, 1
;__Lib_Math.c,553 :: 		
0x007E	0x09F9      	COMF       R9, 1
;__Lib_Math.c,554 :: 		
0x007F	0x0AF8      	INCF       R8, 1
;__Lib_Math.c,555 :: 		
0x0080	0x1903      	BTFSC      STATUS, 2
;__Lib_Math.c,556 :: 		
0x0081	0x0AF9      	INCF       R9, 1
;__Lib_Math.c,558 :: 		
0x0082	0x3400      	RETLW      0
;__Lib_Math.c,560 :: 		
0x0083	0x1FF5      	BTFSS      R5, 7
;__Lib_Math.c,561 :: 		
0x0084	0x2892      	GOTO       $+14
;__Lib_Math.c,562 :: 		
0x0085	0x1BF1      	BTFSC      R1, 7
;__Lib_Math.c,563 :: 		
0x0086	0x288E      	GOTO       $+8
;__Lib_Math.c,564 :: 		
0x0087	0x0871      	MOVF       R1, 0
;__Lib_Math.c,565 :: 		
0x0088	0x00F9      	MOVWF      R9
;__Lib_Math.c,566 :: 		
0x0089	0x0870      	MOVF       R0, 0
;__Lib_Math.c,567 :: 		
0x008A	0x00F8      	MOVWF      R8
;__Lib_Math.c,568 :: 		
0x008B	0x01F1      	CLRF       R1
;__Lib_Math.c,569 :: 		
0x008C	0x01F0      	CLRF       R0
;__Lib_Math.c,570 :: 		
0x008D	0x2876      	GOTO       $-23
;__Lib_Math.c,571 :: 		
0x008E	0x01F1      	CLRF       R1
;__Lib_Math.c,572 :: 		
0x008F	0x01F0      	CLRF       R0
;__Lib_Math.c,573 :: 		
0x0090	0x0AF0      	INCF       R0, 1
;__Lib_Math.c,574 :: 		
0x0091	0x3400      	RETLW      0
;__Lib_Math.c,576 :: 		
0x0092	0x09F1      	COMF       R1, 1
;__Lib_Math.c,577 :: 		
0x0093	0x09F0      	COMF       R0, 1
;__Lib_Math.c,578 :: 		
0x0094	0x0AFB      	INCF       R11, 1
;__Lib_Math.c,579 :: 		
0x0095	0x2873      	GOTO       $-34
;__Lib_Math.c,581 :: 		
0x0096	0x0AF8      	INCF       R8, 1
;__Lib_Math.c,582 :: 		
0x0097	0x1903      	BTFSC      STATUS, 2
;__Lib_Math.c,583 :: 		
0x0098	0x0AF9      	INCF       R9, 1
;__Lib_Math.c,584 :: 		
0x0099	0x0874      	MOVF       R4, 0
;__Lib_Math.c,585 :: 		
0x009A	0x0278      	SUBWF      R8, 0
;__Lib_Math.c,586 :: 		
0x009B	0x1D03      	BTFSS      STATUS, 2
;__Lib_Math.c,587 :: 		
0x009C	0x2876      	GOTO       $-38
;__Lib_Math.c,588 :: 		
0x009D	0x0875      	MOVF       R5, 0
;__Lib_Math.c,589 :: 		
0x009E	0x0279      	SUBWF      R9, 0
;__Lib_Math.c,590 :: 		
0x009F	0x1D03      	BTFSS      STATUS, 2
;__Lib_Math.c,591 :: 		
0x00A0	0x2876      	GOTO       $-42
;__Lib_Math.c,592 :: 		
0x00A1	0x01F9      	CLRF       R9
;__Lib_Math.c,593 :: 		
0x00A2	0x01F8      	CLRF       R8
;__Lib_Math.c,594 :: 		
0x00A3	0x0AF0      	INCF       R0, 1
;__Lib_Math.c,595 :: 		
0x00A4	0x1903      	BTFSC      STATUS, 2
;__Lib_Math.c,596 :: 		
0x00A5	0x0AF1      	INCF       R1, 1
;__Lib_Math.c,597 :: 		
0x00A6	0x1FF1      	BTFSS      R1, 7
;__Lib_Math.c,598 :: 		
0x00A7	0x2876      	GOTO       $-49
;__Lib_Math.c,599 :: 		
0x00A8	0x0000      	NOP
;__Lib_Math.c,600 :: 		
0x00A9	0x34FF      	RETLW      255
;__Lib_Math.c,602 :: 		
L_end_Div_16x16_S:
0x00AA	0x0008      	RETURN
; end of _Div_16x16_S
_main:
0x00AB	0x1283      	BCF        STATUS, 5
0x00AC	0x1303      	BCF        STATUS, 6
0x00AD	0x01A0      	CLRF       _k
0x00AE	0x01A1      	CLRF       33
0x00AF	0x303F      	MOVLW      63
0x00B0	0x00A2      	MOVWF      _seg
0x00B1	0x3006      	MOVLW      6
0x00B2	0x00A3      	MOVWF      35
0x00B3	0x305B      	MOVLW      91
0x00B4	0x00A4      	MOVWF      36
0x00B5	0x304F      	MOVLW      79
0x00B6	0x00A5      	MOVWF      37
0x00B7	0x3066      	MOVLW      102
0x00B8	0x00A6      	MOVWF      38
0x00B9	0x306D      	MOVLW      109
0x00BA	0x00A7      	MOVWF      39
0x00BB	0x307D      	MOVLW      125
0x00BC	0x00A8      	MOVWF      40
0x00BD	0x3007      	MOVLW      7
0x00BE	0x00A9      	MOVWF      41
0x00BF	0x307F      	MOVLW      127
0x00C0	0x00AA      	MOVWF      42
0x00C1	0x3067      	MOVLW      103
0x00C2	0x00AB      	MOVWF      43
;fourdigitclock.c,15 :: 		void main() {
;fourdigitclock.c,16 :: 		TRISB=0;
0x00C3	0x1683      	BSF        STATUS, 5
0x00C4	0x0186      	CLRF       TRISB
;fourdigitclock.c,17 :: 		TRISC=0;
0x00C5	0x0187      	CLRF       TRISC
;fourdigitclock.c,19 :: 		for(a=0;a<12;a++)
0x00C6	0x1283      	BCF        STATUS, 5
0x00C7	0x01AC      	CLRF       _a
0x00C8	0x01AD      	CLRF       _a+1
L_main0:
0x00C9	0x3080      	MOVLW      128
0x00CA	0x062D      	XORWF      _a+1, 0
0x00CB	0x00F0      	MOVWF      R0
0x00CC	0x3080      	MOVLW      128
0x00CD	0x0270      	SUBWF      R0, 0
0x00CE	0x1D03      	BTFSS      STATUS, 2
0x00CF	0x28D2      	GOTO       L__main16
0x00D0	0x300C      	MOVLW      12
0x00D1	0x022C      	SUBWF      _a, 0
L__main16:
0x00D2	0x1803      	BTFSC      STATUS, 0
0x00D3	0x298D      	GOTO       L_main1
;fourdigitclock.c,21 :: 		for (i=0;i<60;i++)
0x00D4	0x01AE      	CLRF       _i
0x00D5	0x01AF      	CLRF       _i+1
L_main3:
0x00D6	0x3080      	MOVLW      128
0x00D7	0x062F      	XORWF      _i+1, 0
0x00D8	0x00F0      	MOVWF      R0
0x00D9	0x3080      	MOVLW      128
0x00DA	0x0270      	SUBWF      R0, 0
0x00DB	0x1D03      	BTFSS      STATUS, 2
0x00DC	0x28DF      	GOTO       L__main17
0x00DD	0x303C      	MOVLW      60
0x00DE	0x022E      	SUBWF      _i, 0
L__main17:
0x00DF	0x1803      	BTFSC      STATUS, 0
0x00E0	0x2989      	GOTO       L_main4
;fourdigitclock.c,24 :: 		for (j=0;j<60;j++)
0x00E1	0x01B2      	CLRF       _j
0x00E2	0x01B3      	CLRF       _j+1
L_main6:
0x00E3	0x3080      	MOVLW      128
0x00E4	0x0633      	XORWF      _j+1, 0
0x00E5	0x00F0      	MOVWF      R0
0x00E6	0x3080      	MOVLW      128
0x00E7	0x0270      	SUBWF      R0, 0
0x00E8	0x1D03      	BTFSS      STATUS, 2
0x00E9	0x28EC      	GOTO       L__main18
0x00EA	0x303C      	MOVLW      60
0x00EB	0x0232      	SUBWF      _j, 0
L__main18:
0x00EC	0x1803      	BTFSC      STATUS, 0
0x00ED	0x2985      	GOTO       L_main7
;fourdigitclock.c,27 :: 		dig1=seg[i/10];
0x00EE	0x300A      	MOVLW      10
0x00EF	0x00F4      	MOVWF      R4
0x00F0	0x3000      	MOVLW      0
0x00F1	0x00F5      	MOVWF      R4+1
0x00F2	0x082E      	MOVF       _i, 0
0x00F3	0x00F0      	MOVWF      R0
0x00F4	0x082F      	MOVF       _i+1, 0
0x00F5	0x00F1      	MOVWF      R0+1
0x00F6	0x2042      	CALL       _Div_16x16_S
0x00F7	0x0870      	MOVF       R0, 0
0x00F8	0x3E22      	ADDLW      _seg
0x00F9	0x0084      	MOVWF      FSR
0x00FA	0x0800      	MOVF       INDF, 0
0x00FB	0x00B8      	MOVWF      _dig1
0x00FC	0x01B9      	CLRF       _dig1+1
0x00FD	0x3000      	MOVLW      0
0x00FE	0x00B9      	MOVWF      _dig1+1
;fourdigitclock.c,28 :: 		dig2=seg[i%10];
0x00FF	0x300A      	MOVLW      10
0x0100	0x00F4      	MOVWF      R4
0x0101	0x3000      	MOVLW      0
0x0102	0x00F5      	MOVWF      R4+1
0x0103	0x082E      	MOVF       _i, 0
0x0104	0x00F0      	MOVWF      R0
0x0105	0x082F      	MOVF       _i+1, 0
0x0106	0x00F1      	MOVWF      R0+1
0x0107	0x2042      	CALL       _Div_16x16_S
0x0108	0x0878      	MOVF       R8, 0
0x0109	0x00F0      	MOVWF      R0
0x010A	0x0879      	MOVF       R8+1, 0
0x010B	0x00F1      	MOVWF      R0+1
0x010C	0x0870      	MOVF       R0, 0
0x010D	0x3E22      	ADDLW      _seg
0x010E	0x0084      	MOVWF      FSR
0x010F	0x0800      	MOVF       INDF, 0
0x0110	0x00BA      	MOVWF      _dig2
0x0111	0x01BB      	CLRF       _dig2+1
0x0112	0x3000      	MOVLW      0
0x0113	0x00BB      	MOVWF      _dig2+1
;fourdigitclock.c,29 :: 		dig3=seg[j/10];
0x0114	0x300A      	MOVLW      10
0x0115	0x00F4      	MOVWF      R4
0x0116	0x3000      	MOVLW      0
0x0117	0x00F5      	MOVWF      R4+1
0x0118	0x0832      	MOVF       _j, 0
0x0119	0x00F0      	MOVWF      R0
0x011A	0x0833      	MOVF       _j+1, 0
0x011B	0x00F1      	MOVWF      R0+1
0x011C	0x2042      	CALL       _Div_16x16_S
0x011D	0x0870      	MOVF       R0, 0
0x011E	0x3E22      	ADDLW      _seg
0x011F	0x0084      	MOVWF      FSR
0x0120	0x0800      	MOVF       INDF, 0
0x0121	0x00B6      	MOVWF      _dig3
0x0122	0x01B7      	CLRF       _dig3+1
0x0123	0x3000      	MOVLW      0
0x0124	0x00B7      	MOVWF      _dig3+1
;fourdigitclock.c,30 :: 		dig4=seg[j%10];
0x0125	0x300A      	MOVLW      10
0x0126	0x00F4      	MOVWF      R4
0x0127	0x3000      	MOVLW      0
0x0128	0x00F5      	MOVWF      R4+1
0x0129	0x0832      	MOVF       _j, 0
0x012A	0x00F0      	MOVWF      R0
0x012B	0x0833      	MOVF       _j+1, 0
0x012C	0x00F1      	MOVWF      R0+1
0x012D	0x2042      	CALL       _Div_16x16_S
0x012E	0x0878      	MOVF       R8, 0
0x012F	0x00F0      	MOVWF      R0
0x0130	0x0879      	MOVF       R8+1, 0
0x0131	0x00F1      	MOVWF      R0+1
0x0132	0x0870      	MOVF       R0, 0
0x0133	0x3E22      	ADDLW      _seg
0x0134	0x0084      	MOVWF      FSR
0x0135	0x0800      	MOVF       INDF, 0
0x0136	0x00B4      	MOVWF      _dig4
0x0137	0x01B5      	CLRF       _dig4+1
0x0138	0x3000      	MOVLW      0
0x0139	0x00B5      	MOVWF      _dig4+1
;fourdigitclock.c,40 :: 		k=0;
0x013A	0x01A0      	CLRF       _k
0x013B	0x01A1      	CLRF       _k+1
;fourdigitclock.c,41 :: 		while(k<=1000){
L_main9:
0x013C	0x3080      	MOVLW      128
0x013D	0x3A03      	XORLW      3
0x013E	0x00F0      	MOVWF      R0
0x013F	0x3080      	MOVLW      128
0x0140	0x0621      	XORWF      _k+1, 0
0x0141	0x0270      	SUBWF      R0, 0
0x0142	0x1D03      	BTFSS      STATUS, 2
0x0143	0x2946      	GOTO       L__main19
0x0144	0x0820      	MOVF       _k, 0
0x0145	0x3CE8      	SUBLW      232
L__main19:
0x0146	0x1C03      	BTFSS      STATUS, 0
0x0147	0x2981      	GOTO       L_main10
;fourdigitclock.c,42 :: 		cat1=0;
0x0148	0x1207      	BCF        RC4_bit, BitPos(RC4_bit+0)
;fourdigitclock.c,43 :: 		PORTB=dig1;
0x0149	0x0838      	MOVF       _dig1, 0
0x014A	0x0086      	MOVWF      PORTB
;fourdigitclock.c,44 :: 		delay_ms(5);
0x014B	0x3021      	MOVLW      33
0x014C	0x00FC      	MOVWF      R12
0x014D	0x3076      	MOVLW      118
0x014E	0x00FD      	MOVWF      R13
L_main11:
0x014F	0x0BFD      	DECFSZ     R13, 1
0x0150	0x294F      	GOTO       L_main11
0x0151	0x0BFC      	DECFSZ     R12, 1
0x0152	0x294F      	GOTO       L_main11
0x0153	0x0000      	NOP
;fourdigitclock.c,45 :: 		cat1=1;
0x0154	0x1607      	BSF        RC4_bit, BitPos(RC4_bit+0)
;fourdigitclock.c,47 :: 		cat2=0;
0x0155	0x1287      	BCF        RC5_bit, BitPos(RC5_bit+0)
;fourdigitclock.c,48 :: 		PORTB=dig2;
0x0156	0x083A      	MOVF       _dig2, 0
0x0157	0x0086      	MOVWF      PORTB
;fourdigitclock.c,49 :: 		delay_ms(5);
0x0158	0x3021      	MOVLW      33
0x0159	0x00FC      	MOVWF      R12
0x015A	0x3076      	MOVLW      118
0x015B	0x00FD      	MOVWF      R13
L_main12:
0x015C	0x0BFD      	DECFSZ     R13, 1
0x015D	0x295C      	GOTO       L_main12
0x015E	0x0BFC      	DECFSZ     R12, 1
0x015F	0x295C      	GOTO       L_main12
0x0160	0x0000      	NOP
;fourdigitclock.c,50 :: 		cat2=1;
0x0161	0x1687      	BSF        RC5_bit, BitPos(RC5_bit+0)
;fourdigitclock.c,53 :: 		cat3=0;
0x0162	0x1307      	BCF        RC6_bit, BitPos(RC6_bit+0)
;fourdigitclock.c,54 :: 		PORTB=dig3;
0x0163	0x0836      	MOVF       _dig3, 0
0x0164	0x0086      	MOVWF      PORTB
;fourdigitclock.c,55 :: 		delay_ms(5);
0x0165	0x3021      	MOVLW      33
0x0166	0x00FC      	MOVWF      R12
0x0167	0x3076      	MOVLW      118
0x0168	0x00FD      	MOVWF      R13
L_main13:
0x0169	0x0BFD      	DECFSZ     R13, 1
0x016A	0x2969      	GOTO       L_main13
0x016B	0x0BFC      	DECFSZ     R12, 1
0x016C	0x2969      	GOTO       L_main13
0x016D	0x0000      	NOP
;fourdigitclock.c,56 :: 		cat3=1;
0x016E	0x1707      	BSF        RC6_bit, BitPos(RC6_bit+0)
;fourdigitclock.c,58 :: 		cat4=0;
0x016F	0x1387      	BCF        RC7_bit, BitPos(RC7_bit+0)
;fourdigitclock.c,59 :: 		PORTB=dig4;
0x0170	0x0834      	MOVF       _dig4, 0
0x0171	0x0086      	MOVWF      PORTB
;fourdigitclock.c,60 :: 		delay_ms(5);
0x0172	0x3021      	MOVLW      33
0x0173	0x00FC      	MOVWF      R12
0x0174	0x3076      	MOVLW      118
0x0175	0x00FD      	MOVWF      R13
L_main14:
0x0176	0x0BFD      	DECFSZ     R13, 1
0x0177	0x2976      	GOTO       L_main14
0x0178	0x0BFC      	DECFSZ     R12, 1
0x0179	0x2976      	GOTO       L_main14
0x017A	0x0000      	NOP
;fourdigitclock.c,61 :: 		cat4=1;
0x017B	0x1787      	BSF        RC7_bit, BitPos(RC7_bit+0)
;fourdigitclock.c,63 :: 		k+=20;
0x017C	0x3014      	MOVLW      20
0x017D	0x07A0      	ADDWF      _k, 1
0x017E	0x1803      	BTFSC      STATUS, 0
0x017F	0x0AA1      	INCF       _k+1, 1
;fourdigitclock.c,65 :: 		}
0x0180	0x293C      	GOTO       L_main9
L_main10:
;fourdigitclock.c,24 :: 		for (j=0;j<60;j++)
0x0181	0x0AB2      	INCF       _j, 1
0x0182	0x1903      	BTFSC      STATUS, 2
0x0183	0x0AB3      	INCF       _j+1, 1
;fourdigitclock.c,69 :: 		}
0x0184	0x28E3      	GOTO       L_main6
L_main7:
;fourdigitclock.c,21 :: 		for (i=0;i<60;i++)
0x0185	0x0AAE      	INCF       _i, 1
0x0186	0x1903      	BTFSC      STATUS, 2
0x0187	0x0AAF      	INCF       _i+1, 1
;fourdigitclock.c,71 :: 		}
0x0188	0x28D6      	GOTO       L_main3
L_main4:
;fourdigitclock.c,19 :: 		for(a=0;a<12;a++)
0x0189	0x0AAC      	INCF       _a, 1
0x018A	0x1903      	BTFSC      STATUS, 2
0x018B	0x0AAD      	INCF       _a+1, 1
;fourdigitclock.c,72 :: 		}
0x018C	0x28C9      	GOTO       L_main0
L_main1:
;fourdigitclock.c,75 :: 		}
L_end_main:
0x018D	0x298D      	GOTO       $+0
; end of _main
Symbol List:
//** Routines locations **
//ADDRESS    SIZE    PROCEDURE
//----------------------------------------------
0x0003      [44]    _Div_16x16_S_L
0x002F       [7]    _____DoICP
0x0036      [12]    ___CC2DW
0x0042     [105]    _Div_16x16_S
0x00AB     [227]    _main
//** Variables locations ** 
//ADDRESS    SIZE    VARIABLE
//----------------------------------------------
0x0000       [1]    INDF
0x0002       [1]    PCL
0x0003       [1]    STATUS
0x0004       [1]    FSR
0x0006       [1]    PORTB
0x0007       [0]    cat4
0x0007       [0]    RC6_bit
0x0007       [0]    RC7_bit
0x0007       [0]    RC5_bit
0x0007       [0]    RC4_bit
0x0007       [0]    cat3
0x0007       [0]    cat1
0x0007       [0]    cat2
0x000A       [1]    PCLATH
0x0020       [2]    _k
0x0022      [10]    _seg
0x002C       [2]    _a
0x002E       [2]    _i
0x0030       [2]    ___DoICPAddr
0x0032       [2]    _j
0x0034       [2]    _dig4
0x0036       [2]    _dig3
0x0038       [2]    _dig1
0x003A       [2]    _dig2
0x0070       [1]    R0
0x0071       [1]    R1
0x0072       [1]    R2
0x0073       [1]    R3
0x0074       [1]    R4
0x0075       [1]    R5
0x0076       [1]    R6
0x0077       [1]    R7
0x0078       [1]    R8
0x0079       [1]    R9
0x007A       [1]    R10
0x007B       [1]    R11
0x007C       [1]    R12
0x007D       [1]    R13
0x007E       [1]    R14
0x007F       [1]    R15
0x0086       [1]    TRISB
0x0087       [1]    TRISC
