;  LST file generated by mikroListExporter - v.2.0 
; Date/Time: 25-Jun-21 11:36:15 AM
;----------------------------------------------

;Address Opcode 	ASM
0x0000	0x2803      	GOTO       3
_main:
;sleepmode.c,2 :: 		void main() {
;sleepmode.c,4 :: 		option_reg=0x00;
0x0003	0x1683      	BSF        STATUS, 5
0x0004	0x1303      	BCF        STATUS, 6
0x0005	0x0181      	CLRF       OPTION_REG
;sleepmode.c,5 :: 		trisb.rb0=1;
0x0006	0x1406      	BSF        TRISB, 0
;sleepmode.c,6 :: 		trisb.rb1=0;
0x0007	0x1086      	BCF        TRISB, 1
;sleepmode.c,7 :: 		gie_bit=1;
0x0008	0x178B      	BSF        GIE_bit, BitPos(GIE_bit+0)
;sleepmode.c,8 :: 		peie_bit=1;
0x0009	0x170B      	BSF        PEIE_bit, BitPos(PEIE_bit+0)
;sleepmode.c,9 :: 		inte_bit=1;
0x000A	0x160B      	BSF        INTE_bit, BitPos(INTE_bit+0)
;sleepmode.c,10 :: 		intf_bit=0;
0x000B	0x108B      	BCF        INTF_bit, BitPos(INTF_bit+0)
;sleepmode.c,11 :: 		while(1){
L_main0:
;sleepmode.c,12 :: 		for (i=0;i<3;i++)
0x000C	0x1283      	BCF        STATUS, 5
0x000D	0x01A2      	CLRF       _i
L_main2:
0x000E	0x3080      	MOVLW      128
0x000F	0x0622      	XORWF      _i, 0
0x0010	0x00F0      	MOVWF      R0
0x0011	0x3080      	MOVLW      128
0x0012	0x3A03      	XORLW      3
0x0013	0x0270      	SUBWF      R0, 0
0x0014	0x1803      	BTFSC      STATUS, 0
0x0015	0x2834      	GOTO       L_main3
;sleepmode.c,14 :: 		portb.rb1=0; delay_ms(1000);
0x0016	0x1086      	BCF        PORTB, 1
0x0017	0x3006      	MOVLW      6
0x0018	0x00FB      	MOVWF      R11
0x0019	0x3013      	MOVLW      19
0x001A	0x00FC      	MOVWF      R12
0x001B	0x30AD      	MOVLW      173
0x001C	0x00FD      	MOVWF      R13
L_main5:
0x001D	0x0BFD      	DECFSZ     R13, 1
0x001E	0x281D      	GOTO       L_main5
0x001F	0x0BFC      	DECFSZ     R12, 1
0x0020	0x281D      	GOTO       L_main5
0x0021	0x0BFB      	DECFSZ     R11, 1
0x0022	0x281D      	GOTO       L_main5
0x0023	0x0000      	NOP
0x0024	0x0000      	NOP
;sleepmode.c,15 :: 		portb.rb1=1; delay_ms(300); }
0x0025	0x1486      	BSF        PORTB, 1
0x0026	0x3002      	MOVLW      2
0x0027	0x00FB      	MOVWF      R11
0x0028	0x3086      	MOVLW      134
0x0029	0x00FC      	MOVWF      R12
0x002A	0x3099      	MOVLW      153
0x002B	0x00FD      	MOVWF      R13
L_main6:
0x002C	0x0BFD      	DECFSZ     R13, 1
0x002D	0x282C      	GOTO       L_main6
0x002E	0x0BFC      	DECFSZ     R12, 1
0x002F	0x282C      	GOTO       L_main6
0x0030	0x0BFB      	DECFSZ     R11, 1
0x0031	0x282C      	GOTO       L_main6
;sleepmode.c,12 :: 		for (i=0;i<3;i++)
0x0032	0x0AA2      	INCF       _i, 1
;sleepmode.c,15 :: 		portb.rb1=1; delay_ms(300); }
0x0033	0x280E      	GOTO       L_main2
L_main3:
;sleepmode.c,16 :: 		asm sleep;
0x0034	0x0063      	SLEEP
;sleepmode.c,17 :: 		intf_bit=0;
0x0035	0x108B      	BCF        INTF_bit, BitPos(INTF_bit+0)
;sleepmode.c,18 :: 		}
0x0036	0x280C      	GOTO       L_main0
;sleepmode.c,19 :: 		}
L_end_main:
0x0037	0x2837      	GOTO       $+0
; end of _main
Symbol List:
//** Routines locations **
//ADDRESS    SIZE    PROCEDURE
//----------------------------------------------
0x0003      [53]    _main
//** Variables locations ** 
//ADDRESS    SIZE    VARIABLE
//----------------------------------------------
0x0000       [1]    INDF
0x0003       [1]    STATUS
0x0004       [1]    FSR
0x0006       [1]    PORTB
0x000A       [1]    PCLATH
0x000B       [0]    GIE_bit
0x000B       [0]    PEIE_bit
0x000B       [0]    INTF_bit
0x000B       [0]    INTE_bit
0x0020       [2]    ___DoICPAddr
0x0022       [1]    _i
0x0070       [1]    R0
0x0071       [1]    R1
0x0072       [1]    R2
0x0073       [1]    R3
0x0074       [1]    R4
0x0075       [1]    R5
0x0076       [1]    R6
0x0077       [1]    R7
0x0078       [1]    R8
0x0079       [1]    R9
0x007A       [1]    R10
0x007B       [1]    R11
0x007C       [1]    R12
0x007D       [1]    R13
0x007E       [1]    R14
0x007F       [1]    R15
0x0081       [1]    OPTION_REG
0x0086       [1]    TRISB
