;  LST file generated by mikroListExporter - v.2.0 
; Date/Time: 21-Jul-21 12:13:15 PM
;----------------------------------------------

;Address Opcode 	ASM
0x0000	0x2803      	GOTO       3
_main:
;bipolar.c,2 :: 		void main() {
;bipolar.c,3 :: 		trisc=0x00;
0x0003	0x1683      	BSF        STATUS, 5
0x0004	0x0187      	CLRF       TRISC
;bipolar.c,4 :: 		trisa=0x00;
0x0005	0x0185      	CLRF       TRISA
;bipolar.c,5 :: 		i=12;
0x0006	0x300C      	MOVLW      12
0x0007	0x00A2      	MOVWF      _i
;bipolar.c,6 :: 		j=1;
0x0008	0x3001      	MOVLW      1
0x0009	0x00A3      	MOVWF      _j
;bipolar.c,7 :: 		while(1)
L_main0:
0x000A	0x1683      	BSF        STATUS, 5
;bipolar.c,9 :: 		ansel=0x00;
0x000B	0x0191      	CLRF       ANSEL
;bipolar.c,11 :: 		i=(i<<1)|(i>>3)&(0x0f);    //sequence for rotation
0x000C	0x0822      	MOVF       _i, 0
0x000D	0x00D2      	MOVWF      R2
0x000E	0x0DD2      	RLF        R2, 1
0x000F	0x1052      	BCF        R2, 0
0x0010	0x3003      	MOVLW      3
0x0011	0x00D1      	MOVWF      R1
0x0012	0x0822      	MOVF       _i, 0
0x0013	0x00D0      	MOVWF      R0
0x0014	0x0851      	MOVF       R1, 0
L__main5:
0x0015	0x1903      	BTFSC      STATUS, 2
0x0016	0x281D      	GOTO       L__main6
0x0017	0x0CD0      	RRF        R0, 1
0x0018	0x13D0      	BCF        R0, 7
0x0019	0x1B50      	BTFSC      R0, 6
0x001A	0x17D0      	BSF        R0, 7
0x001B	0x3EFF      	ADDLW      255
0x001C	0x2815      	GOTO       L__main5
L__main6:
0x001D	0x300F      	MOVLW      15
0x001E	0x05D0      	ANDWF      R0, 1
0x001F	0x0852      	MOVF       R2, 0
0x0020	0x04D0      	IORWF      R0, 1
0x0021	0x0850      	MOVF       R0, 0
0x0022	0x00A2      	MOVWF      _i
;bipolar.c,12 :: 		portc=i;
0x0023	0x0850      	MOVF       R0, 0
0x0024	0x1283      	BCF        STATUS, 5
0x0025	0x0087      	MOVWF      PORTC
;bipolar.c,13 :: 		delay_ms(50);
0x0026	0x3041      	MOVLW      65
0x0027	0x00DC      	MOVWF      R12
0x0028	0x30EE      	MOVLW      238
0x0029	0x00DD      	MOVWF      R13
L_main2:
0x002A	0x0BDD      	DECFSZ     R13, 1
0x002B	0x282A      	GOTO       L_main2
0x002C	0x0BDC      	DECFSZ     R12, 1
0x002D	0x282A      	GOTO       L_main2
0x002E	0x0000      	NOP
;bipolar.c,16 :: 		j=(j>>1)|(j<<3)&(0x0f);   //sequence for rotation
0x002F	0x0823      	MOVF       _j, 0
0x0030	0x00D2      	MOVWF      R2
0x0031	0x0CD2      	RRF        R2, 1
0x0032	0x13D2      	BCF        R2, 7
0x0033	0x1B52      	BTFSC      R2, 6
0x0034	0x17D2      	BSF        R2, 7
0x0035	0x3003      	MOVLW      3
0x0036	0x00D1      	MOVWF      R1
0x0037	0x0823      	MOVF       _j, 0
0x0038	0x00D0      	MOVWF      R0
0x0039	0x0851      	MOVF       R1, 0
L__main7:
0x003A	0x1903      	BTFSC      STATUS, 2
0x003B	0x2840      	GOTO       L__main8
0x003C	0x0DD0      	RLF        R0, 1
0x003D	0x1050      	BCF        R0, 0
0x003E	0x3EFF      	ADDLW      255
0x003F	0x283A      	GOTO       L__main7
L__main8:
0x0040	0x1283      	BCF        STATUS, 5
0x0041	0x300F      	MOVLW      15
0x0042	0x05D0      	ANDWF      R0, 1
0x0043	0x0850      	MOVF       R0, 0
0x0044	0x04D2      	IORWF      R2, 1
0x0045	0x0852      	MOVF       R2, 0
0x0046	0x00A3      	MOVWF      _j
;bipolar.c,17 :: 		porta=j<<4;
0x0047	0x0852      	MOVF       R2, 0
0x0048	0x00D0      	MOVWF      R0
0x0049	0x0DD0      	RLF        R0, 1
0x004A	0x1050      	BCF        R0, 0
0x004B	0x0DD0      	RLF        R0, 1
0x004C	0x1050      	BCF        R0, 0
0x004D	0x0DD0      	RLF        R0, 1
0x004E	0x1050      	BCF        R0, 0
0x004F	0x0DD0      	RLF        R0, 1
0x0050	0x1050      	BCF        R0, 0
0x0051	0x0850      	MOVF       R0, 0
0x0052	0x0085      	MOVWF      PORTA
;bipolar.c,18 :: 		portc=(j<<2)& 0xf0;
0x0053	0x0852      	MOVF       R2, 0
0x0054	0x00D0      	MOVWF      R0
0x0055	0x0DD0      	RLF        R0, 1
0x0056	0x1050      	BCF        R0, 0
0x0057	0x0DD0      	RLF        R0, 1
0x0058	0x1050      	BCF        R0, 0
0x0059	0x30F0      	MOVLW      240
0x005A	0x0550      	ANDWF      R0, 0
0x005B	0x0087      	MOVWF      PORTC
;bipolar.c,19 :: 		delay_ms(300);
0x005C	0x3002      	MOVLW      2
0x005D	0x00DB      	MOVWF      R11
0x005E	0x3086      	MOVLW      134
0x005F	0x00DC      	MOVWF      R12
0x0060	0x3099      	MOVLW      153
0x0061	0x00DD      	MOVWF      R13
L_main3:
0x0062	0x0BDD      	DECFSZ     R13, 1
0x0063	0x2862      	GOTO       L_main3
0x0064	0x0BDC      	DECFSZ     R12, 1
0x0065	0x2862      	GOTO       L_main3
0x0066	0x0BDB      	DECFSZ     R11, 1
0x0067	0x2862      	GOTO       L_main3
;bipolar.c,21 :: 		}
0x0068	0x280A      	GOTO       L_main0
;bipolar.c,23 :: 		}
L_end_main:
0x0069	0x2869      	GOTO       $+0
; end of _main
Symbol List:
//** Routines locations **
//ADDRESS    SIZE    PROCEDURE
//----------------------------------------------
0x0003     [103]    _main
//** Variables locations ** 
//ADDRESS    SIZE    VARIABLE
//----------------------------------------------
0x0000       [1]    INDF
0x0003       [1]    STATUS
0x0004       [1]    FSR
0x0005       [1]    PORTA
0x0007       [1]    PORTC
0x000A       [1]    PCLATH
0x0020       [2]    ___DoICPAddr
0x0022       [1]    _i
0x0023       [1]    _j
0x0050       [1]    R0
0x0051       [1]    R1
0x0052       [1]    R2
0x0053       [1]    R3
0x0054       [1]    R4
0x0055       [1]    R5
0x0056       [1]    R6
0x0057       [1]    R7
0x0058       [1]    R8
0x0059       [1]    R9
0x005A       [1]    R10
0x005B       [1]    R11
0x005C       [1]    R12
0x005D       [1]    R13
0x005E       [1]    R14
0x005F       [1]    R15
0x0085       [1]    TRISA
0x0087       [1]    TRISC
0x0091       [1]    ANSEL
