;  LST file generated by mikroListExporter - v.2.0 
; Date/Time: 01-Nov-22 8:03:00 AM
;----------------------------------------------

;Address Opcode 	ASM
0x0000	0x2B26      	GOTO       806
_Interrupt:
0x0004	0x00FF      	MOVWF      R15
0x0005	0x0E03      	SWAPF      STATUS, 0
0x0006	0x0183      	CLRF       STATUS
0x0007	0x00BC      	MOVWF      ___saveSTATUS
0x0008	0x080A      	MOVF       PCLATH, 0
0x0009	0x00BB      	MOVWF      ___savePCLATH
0x000A	0x018A      	CLRF       PCLATH
0x000B	0x0870      	MOVF       R0, 0
0x000C	0x00A0      	MOVWF      32
;presettableTimer.c,16 :: 		void Interrupt(){
;presettableTimer.c,17 :: 		if (TMR0IF_bit){
0x000D	0x1D0B      	BTFSS      TMR0IF_bit, BitPos(TMR0IF_bit+0)
0x000E	0x2822      	GOTO       L_Interrupt0
;presettableTimer.c,18 :: 		TMR0IF_bit	 = 0;
0x000F	0x110B      	BCF        TMR0IF_bit, BitPos(TMR0IF_bit+0)
;presettableTimer.c,19 :: 		TMR0 = 61;
0x0010	0x303D      	MOVLW      61
0x0011	0x0081      	MOVWF      TMR0
;presettableTimer.c,20 :: 		seconds-=1;
0x0012	0x3001      	MOVLW      1
0x0013	0x02A3      	SUBWF      _seconds, 1
0x0014	0x1C03      	BTFSS      STATUS, 0
0x0015	0x03A4      	DECF       _seconds+1, 1
;presettableTimer.c,21 :: 		if(seconds==-1) minutes-=1;
0x0016	0x30FF      	MOVLW      255
0x0017	0x0624      	XORWF      _seconds+1, 0
0x0018	0x1D03      	BTFSS      STATUS, 2
0x0019	0x281C      	GOTO       L__Interrupt59
0x001A	0x30FF      	MOVLW      255
0x001B	0x0623      	XORWF      _seconds, 0
L__Interrupt59:
0x001C	0x1D03      	BTFSS      STATUS, 2
0x001D	0x2822      	GOTO       L_Interrupt1
0x001E	0x3001      	MOVLW      1
0x001F	0x02A9      	SUBWF      _minutes, 1
0x0020	0x1C03      	BTFSS      STATUS, 0
0x0021	0x03AA      	DECF       _minutes+1, 1
L_Interrupt1:
;presettableTimer.c,22 :: 		}
L_Interrupt0:
;presettableTimer.c,23 :: 		}
L_end_Interrupt:
L__Interrupt58:
0x0022	0x0820      	MOVF       32, 0
0x0023	0x00F0      	MOVWF      R0
0x0024	0x083B      	MOVF       ___savePCLATH, 0
0x0025	0x008A      	MOVWF      PCLATH
0x0026	0x0E3C      	SWAPF      ___saveSTATUS, 0
0x0027	0x0083      	MOVWF      STATUS
0x0028	0x0EFF      	SWAPF      R15, 1
0x0029	0x0E7F      	SWAPF      R15, 0
0x002A	0x0009      	RETFIE
; end of _Interrupt
_Div_16x16_S_L:
;__Lib_Math.c,421 :: 		
;__Lib_Math.c,427 :: 		
0x002B	0x0D71      	RLF        R1, 0
;__Lib_Math.c,428 :: 		
0x002C	0x0DF8      	RLF        R8, 1
;__Lib_Math.c,429 :: 		
0x002D	0x0DF9      	RLF        R9, 1
;__Lib_Math.c,430 :: 		
0x002E	0x0874      	MOVF       R4, 0
;__Lib_Math.c,431 :: 		
0x002F	0x02F8      	SUBWF      R8, 1
;__Lib_Math.c,432 :: 		
0x0030	0x0875      	MOVF       R5, 0
;__Lib_Math.c,433 :: 		
0x0031	0x1C03      	BTFSS      STATUS, 0
;__Lib_Math.c,434 :: 		
0x0032	0x0F75      	INCFSZ     R5, 0
;__Lib_Math.c,435 :: 		
0x0033	0x02F9      	SUBWF      R9, 1
;__Lib_Math.c,436 :: 		
0x0034	0x0DF0      	RLF        R0, 1
;__Lib_Math.c,437 :: 		
0x0035	0x0DF1      	RLF        R1, 1
;__Lib_Math.c,439 :: 		
0x0036	0x300F      	MOVLW      15
;__Lib_Math.c,440 :: 		
0x0037	0x00FC      	MOVWF      R12
;__Lib_Math.c,442 :: 		
0x0038	0x0D71      	RLF        R1, 0
;__Lib_Math.c,443 :: 		
0x0039	0x0DF8      	RLF        R8, 1
;__Lib_Math.c,444 :: 		
0x003A	0x0DF9      	RLF        R9, 1
;__Lib_Math.c,445 :: 		
0x003B	0x0874      	MOVF       R4, 0
;__Lib_Math.c,447 :: 		
0x003C	0x1C70      	BTFSS      R0, 0
;__Lib_Math.c,448 :: 		
0x003D	0x2844      	GOTO       $+7
;__Lib_Math.c,449 :: 		
0x003E	0x02F8      	SUBWF      R8, 1
;__Lib_Math.c,450 :: 		
0x003F	0x0875      	MOVF       R5, 0
;__Lib_Math.c,451 :: 		
0x0040	0x1C03      	BTFSS      STATUS, 0
;__Lib_Math.c,452 :: 		
0x0041	0x0F75      	INCFSZ     R5, 0
;__Lib_Math.c,453 :: 		
0x0042	0x02F9      	SUBWF      R9, 1
;__Lib_Math.c,454 :: 		
0x0043	0x2849      	GOTO       $+6
;__Lib_Math.c,456 :: 		
0x0044	0x07F8      	ADDWF      R8, 1
;__Lib_Math.c,457 :: 		
0x0045	0x0875      	MOVF       R5, 0
;__Lib_Math.c,458 :: 		
0x0046	0x1803      	BTFSC      STATUS, 0
;__Lib_Math.c,459 :: 		
0x0047	0x0F75      	INCFSZ     R5, 0
;__Lib_Math.c,460 :: 		
0x0048	0x07F9      	ADDWF      R9, 1
;__Lib_Math.c,462 :: 		
0x0049	0x0DF0      	RLF        R0, 1
;__Lib_Math.c,463 :: 		
0x004A	0x0DF1      	RLF        R1, 1
;__Lib_Math.c,465 :: 		
0x004B	0x0BFC      	DECFSZ     R12, 1
;__Lib_Math.c,466 :: 		
0x004C	0x2838      	GOTO       $-20
;__Lib_Math.c,468 :: 		
0x004D	0x1870      	BTFSC      R0, 0
;__Lib_Math.c,469 :: 		
0x004E	0x2855      	GOTO       $+7
;__Lib_Math.c,470 :: 		
0x004F	0x0874      	MOVF       R4, 0
;__Lib_Math.c,471 :: 		
0x0050	0x07F8      	ADDWF      R8, 1
;__Lib_Math.c,472 :: 		
0x0051	0x0875      	MOVF       R5, 0
;__Lib_Math.c,473 :: 		
0x0052	0x1803      	BTFSC      STATUS, 0
;__Lib_Math.c,474 :: 		
0x0053	0x0F75      	INCFSZ     R5, 0
;__Lib_Math.c,475 :: 		
0x0054	0x07F9      	ADDWF      R9, 1
;__Lib_Math.c,476 :: 		
0x0055	0x0000      	NOP
;__Lib_Math.c,478 :: 		
L_end_Div_16x16_S_L:
0x0056	0x0008      	RETURN
; end of _Div_16x16_S_L
_stop:
;presettableTimer.c,63 :: 		void stop()
;presettableTimer.c,65 :: 		OPTION_REG	 = 0x87;
0x0057	0x3087      	MOVLW      135
0x0058	0x1683      	BSF        STATUS, 5
0x0059	0x1303      	BCF        STATUS, 6
0x005A	0x0081      	MOVWF      OPTION_REG
;presettableTimer.c,66 :: 		TMR0		 = 0;
0x005B	0x1283      	BCF        STATUS, 5
0x005C	0x0181      	CLRF       TMR0
;presettableTimer.c,67 :: 		portc.rc0=0;
0x005D	0x1007      	BCF        PORTC, 0
;presettableTimer.c,68 :: 		TMR0IE_bit=0;
0x005E	0x128B      	BCF        TMR0IE_bit, BitPos(TMR0IE_bit+0)
;presettableTimer.c,69 :: 		}
L_end_stop:
0x005F	0x0008      	RETURN
; end of _stop
_Div_16x16_S:
;__Lib_Math.c,480 :: 		
;__Lib_Math.c,488 :: 		
0x0060	0x1283      	BCF        STATUS, 5
0x0061	0x1303      	BCF        STATUS, 6
0x0062	0x0874      	MOVF       R4, 0
0x0063	0x3A00      	XORLW      0
0x0064	0x1D03      	BTFSS      STATUS, 2
0x0065	0x286F      	GOTO       L_Div_16x16_S0
;__Lib_Math.c,489 :: 		
0x0066	0x0875      	MOVF       R5, 0
0x0067	0x3A00      	XORLW      0
0x0068	0x1D03      	BTFSS      STATUS, 2
0x0069	0x286F      	GOTO       L_Div_16x16_S1
;__Lib_Math.c,490 :: 		
0x006A	0x30FF      	MOVLW      255
0x006B	0x00F0      	MOVWF      R0
;__Lib_Math.c,491 :: 		
0x006C	0x307F      	MOVLW      127
0x006D	0x00F1      	MOVWF      R1
;__Lib_Math.c,492 :: 		
0x006E	0x28C8      	GOTO       L_end_Div_16x16_S
;__Lib_Math.c,493 :: 		
L_Div_16x16_S1:
L_Div_16x16_S0:
;__Lib_Math.c,496 :: 		
0x006F	0x1283      	BCF        STATUS, 5
;__Lib_Math.c,497 :: 		
0x0070	0x1303      	BCF        STATUS, 6
;__Lib_Math.c,498 :: 		
0x0071	0x01FD      	CLRF       R13
;__Lib_Math.c,499 :: 		
0x0072	0x01F9      	CLRF       R9
;__Lib_Math.c,500 :: 		
0x0073	0x01F8      	CLRF       R8
;__Lib_Math.c,501 :: 		
0x0074	0x0871      	MOVF       R1, 0
;__Lib_Math.c,502 :: 		
0x0075	0x0470      	IORWF      R0, 0
;__Lib_Math.c,503 :: 		
0x0076	0x1903      	BTFSC      STATUS, 2
;__Lib_Math.c,504 :: 		
0x0077	0x3400      	RETLW      0
;__Lib_Math.c,506 :: 		
0x0078	0x0871      	MOVF       R1, 0
;__Lib_Math.c,507 :: 		
0x0079	0x0675      	XORWF      R5, 0
;__Lib_Math.c,508 :: 		
0x007A	0x00FA      	MOVWF      R10
;__Lib_Math.c,509 :: 		
0x007B	0x1BFA      	BTFSC      R10, 7
;__Lib_Math.c,510 :: 		
0x007C	0x09FD      	COMF       R13, 1
;__Lib_Math.c,512 :: 		
0x007D	0x01FB      	CLRF       R11
;__Lib_Math.c,514 :: 		
0x007E	0x1FF5      	BTFSS      R5, 7
;__Lib_Math.c,515 :: 		
0x007F	0x2885      	GOTO       $+6
;__Lib_Math.c,517 :: 		
0x0080	0x09F4      	COMF       R4, 1
;__Lib_Math.c,518 :: 		
0x0081	0x09F5      	COMF       R5, 1
;__Lib_Math.c,519 :: 		
0x0082	0x0AF4      	INCF       R4, 1
;__Lib_Math.c,520 :: 		
0x0083	0x1903      	BTFSC      STATUS, 2
;__Lib_Math.c,521 :: 		
0x0084	0x0AF5      	INCF       R5, 1
;__Lib_Math.c,523 :: 		
0x0085	0x1FF1      	BTFSS      R1, 7
;__Lib_Math.c,524 :: 		
0x0086	0x288C      	GOTO       $+6
;__Lib_Math.c,526 :: 		
0x0087	0x09F0      	COMF       R0, 1
;__Lib_Math.c,527 :: 		
0x0088	0x09F1      	COMF       R1, 1
;__Lib_Math.c,528 :: 		
0x0089	0x0AF0      	INCF       R0, 1
;__Lib_Math.c,529 :: 		
0x008A	0x1903      	BTFSC      STATUS, 2
;__Lib_Math.c,530 :: 		
0x008B	0x0AF1      	INCF       R1, 1
;__Lib_Math.c,532 :: 		
0x008C	0x0871      	MOVF       R1, 0
;__Lib_Math.c,533 :: 		
0x008D	0x0475      	IORWF      R5, 0
;__Lib_Math.c,534 :: 		
0x008E	0x00FA      	MOVWF      R10
;__Lib_Math.c,535 :: 		
0x008F	0x1BFA      	BTFSC      R10, 7
;__Lib_Math.c,536 :: 		
0x0090	0x28A1      	GOTO       $+17
;__Lib_Math.c,538 :: 		
0x0091	0x202B      	CALL       _Div_16x16_S_L
;__Lib_Math.c,540 :: 		
0x0092	0x187B      	BTFSC      R11, 0
;__Lib_Math.c,541 :: 		
0x0093	0x28B4      	GOTO       $+33
;__Lib_Math.c,543 :: 		
0x0094	0x1FFD      	BTFSS      R13, 7
;__Lib_Math.c,544 :: 		
0x0095	0x3400      	RETLW      0
;__Lib_Math.c,546 :: 		
0x0096	0x09F0      	COMF       R0, 1
;__Lib_Math.c,547 :: 		
0x0097	0x09F1      	COMF       R1, 1
;__Lib_Math.c,548 :: 		
0x0098	0x0AF0      	INCF       R0, 1
;__Lib_Math.c,549 :: 		
0x0099	0x1903      	BTFSC      STATUS, 2
;__Lib_Math.c,550 :: 		
0x009A	0x0AF1      	INCF       R1, 1
;__Lib_Math.c,552 :: 		
0x009B	0x09F8      	COMF       R8, 1
;__Lib_Math.c,553 :: 		
0x009C	0x09F9      	COMF       R9, 1
;__Lib_Math.c,554 :: 		
0x009D	0x0AF8      	INCF       R8, 1
;__Lib_Math.c,555 :: 		
0x009E	0x1903      	BTFSC      STATUS, 2
;__Lib_Math.c,556 :: 		
0x009F	0x0AF9      	INCF       R9, 1
;__Lib_Math.c,558 :: 		
0x00A0	0x3400      	RETLW      0
;__Lib_Math.c,560 :: 		
0x00A1	0x1FF5      	BTFSS      R5, 7
;__Lib_Math.c,561 :: 		
0x00A2	0x28B0      	GOTO       $+14
;__Lib_Math.c,562 :: 		
0x00A3	0x1BF1      	BTFSC      R1, 7
;__Lib_Math.c,563 :: 		
0x00A4	0x28AC      	GOTO       $+8
;__Lib_Math.c,564 :: 		
0x00A5	0x0871      	MOVF       R1, 0
;__Lib_Math.c,565 :: 		
0x00A6	0x00F9      	MOVWF      R9
;__Lib_Math.c,566 :: 		
0x00A7	0x0870      	MOVF       R0, 0
;__Lib_Math.c,567 :: 		
0x00A8	0x00F8      	MOVWF      R8
;__Lib_Math.c,568 :: 		
0x00A9	0x01F1      	CLRF       R1
;__Lib_Math.c,569 :: 		
0x00AA	0x01F0      	CLRF       R0
;__Lib_Math.c,570 :: 		
0x00AB	0x2894      	GOTO       $-23
;__Lib_Math.c,571 :: 		
0x00AC	0x01F1      	CLRF       R1
;__Lib_Math.c,572 :: 		
0x00AD	0x01F0      	CLRF       R0
;__Lib_Math.c,573 :: 		
0x00AE	0x0AF0      	INCF       R0, 1
;__Lib_Math.c,574 :: 		
0x00AF	0x3400      	RETLW      0
;__Lib_Math.c,576 :: 		
0x00B0	0x09F1      	COMF       R1, 1
;__Lib_Math.c,577 :: 		
0x00B1	0x09F0      	COMF       R0, 1
;__Lib_Math.c,578 :: 		
0x00B2	0x0AFB      	INCF       R11, 1
;__Lib_Math.c,579 :: 		
0x00B3	0x2891      	GOTO       $-34
;__Lib_Math.c,581 :: 		
0x00B4	0x0AF8      	INCF       R8, 1
;__Lib_Math.c,582 :: 		
0x00B5	0x1903      	BTFSC      STATUS, 2
;__Lib_Math.c,583 :: 		
0x00B6	0x0AF9      	INCF       R9, 1
;__Lib_Math.c,584 :: 		
0x00B7	0x0874      	MOVF       R4, 0
;__Lib_Math.c,585 :: 		
0x00B8	0x0278      	SUBWF      R8, 0
;__Lib_Math.c,586 :: 		
0x00B9	0x1D03      	BTFSS      STATUS, 2
;__Lib_Math.c,587 :: 		
0x00BA	0x2894      	GOTO       $-38
;__Lib_Math.c,588 :: 		
0x00BB	0x0875      	MOVF       R5, 0
;__Lib_Math.c,589 :: 		
0x00BC	0x0279      	SUBWF      R9, 0
;__Lib_Math.c,590 :: 		
0x00BD	0x1D03      	BTFSS      STATUS, 2
;__Lib_Math.c,591 :: 		
0x00BE	0x2894      	GOTO       $-42
;__Lib_Math.c,592 :: 		
0x00BF	0x01F9      	CLRF       R9
;__Lib_Math.c,593 :: 		
0x00C0	0x01F8      	CLRF       R8
;__Lib_Math.c,594 :: 		
0x00C1	0x0AF0      	INCF       R0, 1
;__Lib_Math.c,595 :: 		
0x00C2	0x1903      	BTFSC      STATUS, 2
;__Lib_Math.c,596 :: 		
0x00C3	0x0AF1      	INCF       R1, 1
;__Lib_Math.c,597 :: 		
0x00C4	0x1FF1      	BTFSS      R1, 7
;__Lib_Math.c,598 :: 		
0x00C5	0x2894      	GOTO       $-49
;__Lib_Math.c,599 :: 		
0x00C6	0x0000      	NOP
;__Lib_Math.c,600 :: 		
0x00C7	0x34FF      	RETLW      255
;__Lib_Math.c,602 :: 		
L_end_Div_16x16_S:
0x00C8	0x0008      	RETURN
; end of _Div_16x16_S
_start:
;presettableTimer.c,24 :: 		void start(int a)
;presettableTimer.c,25 :: 		{  portc.rc0=1;
0x00C9	0x1283      	BCF        STATUS, 5
0x00CA	0x1303      	BCF        STATUS, 6
0x00CB	0x1407      	BSF        PORTC, 0
;presettableTimer.c,26 :: 		minutes=a-1;
0x00CC	0x3001      	MOVLW      1
0x00CD	0x023F      	SUBWF      FARG_start_a, 0
0x00CE	0x00A9      	MOVWF      _minutes
0x00CF	0x3000      	MOVLW      0
0x00D0	0x1C03      	BTFSS      STATUS, 0
0x00D1	0x3E01      	ADDLW      1
0x00D2	0x0240      	SUBWF      FARG_start_a+1, 0
0x00D3	0x00AA      	MOVWF      _minutes+1
;presettableTimer.c,27 :: 		seconds=60;
0x00D4	0x303C      	MOVLW      60
0x00D5	0x00A3      	MOVWF      _seconds
0x00D6	0x3000      	MOVLW      0
0x00D7	0x00A4      	MOVWF      _seconds+1
;presettableTimer.c,28 :: 		OPTION_REG	 = 0x87;
0x00D8	0x3087      	MOVLW      135
0x00D9	0x1683      	BSF        STATUS, 5
0x00DA	0x0081      	MOVWF      OPTION_REG
;presettableTimer.c,29 :: 		TMR0		 = 61;
0x00DB	0x303D      	MOVLW      61
0x00DC	0x1283      	BCF        STATUS, 5
0x00DD	0x0081      	MOVWF      TMR0
;presettableTimer.c,30 :: 		TMR0IE_bit=1;
0x00DE	0x168B      	BSF        TMR0IE_bit, BitPos(TMR0IE_bit+0)
;presettableTimer.c,31 :: 		while(minutes>=0){
L_start2:
0x00DF	0x3080      	MOVLW      128
0x00E0	0x062A      	XORWF      _minutes+1, 0
0x00E1	0x00F0      	MOVWF      R0
0x00E2	0x3080      	MOVLW      128
0x00E3	0x0270      	SUBWF      R0, 0
0x00E4	0x1D03      	BTFSS      STATUS, 2
0x00E5	0x28E8      	GOTO       L__start61
0x00E6	0x3000      	MOVLW      0
0x00E7	0x0229      	SUBWF      _minutes, 0
L__start61:
0x00E8	0x1C03      	BTFSS      STATUS, 0
0x00E9	0x297C      	GOTO       L_start3
;presettableTimer.c,32 :: 		d1=minutes/10;
0x00EA	0x300A      	MOVLW      10
0x00EB	0x00F4      	MOVWF      R4
0x00EC	0x3000      	MOVLW      0
0x00ED	0x00F5      	MOVWF      R4+1
0x00EE	0x0829      	MOVF       _minutes, 0
0x00EF	0x00F0      	MOVWF      R0
0x00F0	0x082A      	MOVF       _minutes+1, 0
0x00F1	0x00F1      	MOVWF      R0+1
0x00F2	0x2060      	CALL       _Div_16x16_S
0x00F3	0x0870      	MOVF       R0, 0
0x00F4	0x00A1      	MOVWF      _d1
0x00F5	0x0871      	MOVF       R0+1, 0
0x00F6	0x00A2      	MOVWF      _d1+1
;presettableTimer.c,33 :: 		d2=minutes%10;
0x00F7	0x300A      	MOVLW      10
0x00F8	0x00F4      	MOVWF      R4
0x00F9	0x3000      	MOVLW      0
0x00FA	0x00F5      	MOVWF      R4+1
0x00FB	0x0829      	MOVF       _minutes, 0
0x00FC	0x00F0      	MOVWF      R0
0x00FD	0x082A      	MOVF       _minutes+1, 0
0x00FE	0x00F1      	MOVWF      R0+1
0x00FF	0x2060      	CALL       _Div_16x16_S
0x0100	0x0878      	MOVF       R8, 0
0x0101	0x00F0      	MOVWF      R0
0x0102	0x0879      	MOVF       R8+1, 0
0x0103	0x00F1      	MOVWF      R0+1
0x0104	0x0870      	MOVF       R0, 0
0x0105	0x00A7      	MOVWF      _d2
0x0106	0x0871      	MOVF       R0+1, 0
0x0107	0x00A8      	MOVWF      _d2+1
;presettableTimer.c,34 :: 		d3=seconds/10;
0x0108	0x300A      	MOVLW      10
0x0109	0x00F4      	MOVWF      R4
0x010A	0x3000      	MOVLW      0
0x010B	0x00F5      	MOVWF      R4+1
0x010C	0x0823      	MOVF       _seconds, 0
0x010D	0x00F0      	MOVWF      R0
0x010E	0x0824      	MOVF       _seconds+1, 0
0x010F	0x00F1      	MOVWF      R0+1
0x0110	0x2060      	CALL       _Div_16x16_S
0x0111	0x0870      	MOVF       R0, 0
0x0112	0x00A5      	MOVWF      _d3
0x0113	0x0871      	MOVF       R0+1, 0
0x0114	0x00A6      	MOVWF      _d3+1
;presettableTimer.c,35 :: 		d4=seconds%10;
0x0115	0x300A      	MOVLW      10
0x0116	0x00F4      	MOVWF      R4
0x0117	0x3000      	MOVLW      0
0x0118	0x00F5      	MOVWF      R4+1
0x0119	0x0823      	MOVF       _seconds, 0
0x011A	0x00F0      	MOVWF      R0
0x011B	0x0824      	MOVF       _seconds+1, 0
0x011C	0x00F1      	MOVWF      R0+1
0x011D	0x2060      	CALL       _Div_16x16_S
0x011E	0x0878      	MOVF       R8, 0
0x011F	0x00F0      	MOVWF      R0
0x0120	0x0879      	MOVF       R8+1, 0
0x0121	0x00F1      	MOVWF      R0+1
0x0122	0x0870      	MOVF       R0, 0
0x0123	0x00B7      	MOVWF      _d4
0x0124	0x0871      	MOVF       R0+1, 0
0x0125	0x00B8      	MOVWF      _d4+1
;presettableTimer.c,36 :: 		if (!bt1 || !bt2)
0x0126	0x1D07      	BTFSS      RC2_bit, BitPos(RC2_bit+0)
0x0127	0x292B      	GOTO       L__start56
0x0128	0x1D87      	BTFSS      RC3_bit, BitPos(RC3_bit+0)
0x0129	0x292B      	GOTO       L__start56
0x012A	0x293A      	GOTO       L_start6
L__start56:
;presettableTimer.c,37 :: 		{ delay_ms(300);  return ;}
0x012B	0x3008      	MOVLW      8
0x012C	0x00FB      	MOVWF      R11
0x012D	0x309D      	MOVLW      157
0x012E	0x00FC      	MOVWF      R12
0x012F	0x3005      	MOVLW      5
0x0130	0x00FD      	MOVWF      R13
L_start7:
0x0131	0x0BFD      	DECFSZ     R13, 1
0x0132	0x2931      	GOTO       L_start7
0x0133	0x0BFC      	DECFSZ     R12, 1
0x0134	0x2931      	GOTO       L_start7
0x0135	0x0BFB      	DECFSZ     R11, 1
0x0136	0x2931      	GOTO       L_start7
0x0137	0x0000      	NOP
0x0138	0x0000      	NOP
0x0139	0x297D      	GOTO       L_end_start
L_start6:
;presettableTimer.c,39 :: 		portc.rc4=0;
0x013A	0x1207      	BCF        PORTC, 4
;presettableTimer.c,40 :: 		portb=seg[d1];
0x013B	0x0821      	MOVF       _d1, 0
0x013C	0x3E2D      	ADDLW      _seg
0x013D	0x0084      	MOVWF      FSR
0x013E	0x0800      	MOVF       INDF, 0
0x013F	0x0086      	MOVWF      PORTB
;presettableTimer.c,41 :: 		delay_ms(5);
0x0140	0x3021      	MOVLW      33
0x0141	0x00FC      	MOVWF      R12
0x0142	0x3076      	MOVLW      118
0x0143	0x00FD      	MOVWF      R13
L_start8:
0x0144	0x0BFD      	DECFSZ     R13, 1
0x0145	0x2944      	GOTO       L_start8
0x0146	0x0BFC      	DECFSZ     R12, 1
0x0147	0x2944      	GOTO       L_start8
0x0148	0x0000      	NOP
;presettableTimer.c,42 :: 		portc.rc4=1;
0x0149	0x1607      	BSF        PORTC, 4
;presettableTimer.c,44 :: 		portc.rc5=0;
0x014A	0x1287      	BCF        PORTC, 5
;presettableTimer.c,45 :: 		portb=seg[d2]+0x80;
0x014B	0x0827      	MOVF       _d2, 0
0x014C	0x3E2D      	ADDLW      _seg
0x014D	0x0084      	MOVWF      FSR
0x014E	0x3080      	MOVLW      128
0x014F	0x0700      	ADDWF      INDF, 0
0x0150	0x0086      	MOVWF      PORTB
;presettableTimer.c,46 :: 		delay_ms(5);
0x0151	0x3021      	MOVLW      33
0x0152	0x00FC      	MOVWF      R12
0x0153	0x3076      	MOVLW      118
0x0154	0x00FD      	MOVWF      R13
L_start9:
0x0155	0x0BFD      	DECFSZ     R13, 1
0x0156	0x2955      	GOTO       L_start9
0x0157	0x0BFC      	DECFSZ     R12, 1
0x0158	0x2955      	GOTO       L_start9
0x0159	0x0000      	NOP
;presettableTimer.c,47 :: 		portc.rc5=1;
0x015A	0x1687      	BSF        PORTC, 5
;presettableTimer.c,49 :: 		portc.rc6=0;
0x015B	0x1307      	BCF        PORTC, 6
;presettableTimer.c,50 :: 		portb=seg[d3];
0x015C	0x0825      	MOVF       _d3, 0
0x015D	0x3E2D      	ADDLW      _seg
0x015E	0x0084      	MOVWF      FSR
0x015F	0x0800      	MOVF       INDF, 0
0x0160	0x0086      	MOVWF      PORTB
;presettableTimer.c,51 :: 		delay_ms(5);
0x0161	0x3021      	MOVLW      33
0x0162	0x00FC      	MOVWF      R12
0x0163	0x3076      	MOVLW      118
0x0164	0x00FD      	MOVWF      R13
L_start10:
0x0165	0x0BFD      	DECFSZ     R13, 1
0x0166	0x2965      	GOTO       L_start10
0x0167	0x0BFC      	DECFSZ     R12, 1
0x0168	0x2965      	GOTO       L_start10
0x0169	0x0000      	NOP
;presettableTimer.c,52 :: 		portc.rc6=1;
0x016A	0x1707      	BSF        PORTC, 6
;presettableTimer.c,54 :: 		portc.rc7=0;
0x016B	0x1387      	BCF        PORTC, 7
;presettableTimer.c,55 :: 		portb=seg[d4];
0x016C	0x0837      	MOVF       _d4, 0
0x016D	0x3E2D      	ADDLW      _seg
0x016E	0x0084      	MOVWF      FSR
0x016F	0x0800      	MOVF       INDF, 0
0x0170	0x0086      	MOVWF      PORTB
;presettableTimer.c,56 :: 		delay_ms(5);
0x0171	0x3021      	MOVLW      33
0x0172	0x00FC      	MOVWF      R12
0x0173	0x3076      	MOVLW      118
0x0174	0x00FD      	MOVWF      R13
L_start11:
0x0175	0x0BFD      	DECFSZ     R13, 1
0x0176	0x2975      	GOTO       L_start11
0x0177	0x0BFC      	DECFSZ     R12, 1
0x0178	0x2975      	GOTO       L_start11
0x0179	0x0000      	NOP
;presettableTimer.c,57 :: 		portc.rc7=1;
0x017A	0x1787      	BSF        PORTC, 7
;presettableTimer.c,59 :: 		}
0x017B	0x28DF      	GOTO       L_start2
L_start3:
;presettableTimer.c,60 :: 		stop();
0x017C	0x2057      	CALL       _stop
;presettableTimer.c,62 :: 		}
L_end_start:
0x017D	0x0008      	RETURN
; end of _start
_____DoICP:
;__Lib_System.c,6 :: 		
;__Lib_System.c,9 :: 		
0x017E	0x1283      	BCF        STATUS, 5
0x017F	0x1303      	BCF        STATUS, 6
0x0180	0x083A      	MOVF       ___DoICPAddr+1, 0
0x0181	0x008A      	MOVWF      PCLATH
;__Lib_System.c,10 :: 		
0x0182	0x0839      	MOVF       ___DoICPAddr, 0
0x0183	0x0082      	MOVWF      PCL
;__Lib_System.c,12 :: 		
L_end_____DoICP:
0x0184	0x0008      	RETURN
; end of _____DoICP
_mode21:
;presettableTimer.c,112 :: 		void mode21()
;presettableTimer.c,114 :: 		portc.rc6=1;
0x0185	0x1283      	BCF        STATUS, 5
0x0186	0x1303      	BCF        STATUS, 6
0x0187	0x1707      	BSF        PORTC, 6
;presettableTimer.c,115 :: 		portc.rc7=1;
0x0188	0x1787      	BSF        PORTC, 7
;presettableTimer.c,116 :: 		while(1)
L_mode2131:
;presettableTimer.c,118 :: 		d1=minutes/10;
0x0189	0x300A      	MOVLW      10
0x018A	0x00F4      	MOVWF      R4
0x018B	0x3000      	MOVLW      0
0x018C	0x00F5      	MOVWF      R4+1
0x018D	0x0829      	MOVF       _minutes, 0
0x018E	0x00F0      	MOVWF      R0
0x018F	0x082A      	MOVF       _minutes+1, 0
0x0190	0x00F1      	MOVWF      R0+1
0x0191	0x2060      	CALL       _Div_16x16_S
0x0192	0x0870      	MOVF       R0, 0
0x0193	0x00BD      	MOVWF      FLOC__mode21
0x0194	0x0871      	MOVF       R0+1, 0
0x0195	0x00BE      	MOVWF      FLOC__mode21+1
0x0196	0x083D      	MOVF       FLOC__mode21, 0
0x0197	0x00A1      	MOVWF      _d1
0x0198	0x083E      	MOVF       FLOC__mode21+1, 0
0x0199	0x00A2      	MOVWF      _d1+1
;presettableTimer.c,119 :: 		d2=minutes%10;
0x019A	0x300A      	MOVLW      10
0x019B	0x00F4      	MOVWF      R4
0x019C	0x3000      	MOVLW      0
0x019D	0x00F5      	MOVWF      R4+1
0x019E	0x0829      	MOVF       _minutes, 0
0x019F	0x00F0      	MOVWF      R0
0x01A0	0x082A      	MOVF       _minutes+1, 0
0x01A1	0x00F1      	MOVWF      R0+1
0x01A2	0x2060      	CALL       _Div_16x16_S
0x01A3	0x0878      	MOVF       R8, 0
0x01A4	0x00F0      	MOVWF      R0
0x01A5	0x0879      	MOVF       R8+1, 0
0x01A6	0x00F1      	MOVWF      R0+1
0x01A7	0x0870      	MOVF       R0, 0
0x01A8	0x00A7      	MOVWF      _d2
0x01A9	0x0871      	MOVF       R0+1, 0
0x01AA	0x00A8      	MOVWF      _d2+1
;presettableTimer.c,122 :: 		portc.rc4=0;
0x01AB	0x1207      	BCF        PORTC, 4
;presettableTimer.c,123 :: 		portb=seg[d1];
0x01AC	0x083D      	MOVF       FLOC__mode21, 0
0x01AD	0x3E2D      	ADDLW      _seg
0x01AE	0x0084      	MOVWF      FSR
0x01AF	0x0800      	MOVF       INDF, 0
0x01B0	0x0086      	MOVWF      PORTB
;presettableTimer.c,124 :: 		delay_ms(5);
0x01B1	0x3021      	MOVLW      33
0x01B2	0x00FC      	MOVWF      R12
0x01B3	0x3076      	MOVLW      118
0x01B4	0x00FD      	MOVWF      R13
L_mode2133:
0x01B5	0x0BFD      	DECFSZ     R13, 1
0x01B6	0x29B5      	GOTO       L_mode2133
0x01B7	0x0BFC      	DECFSZ     R12, 1
0x01B8	0x29B5      	GOTO       L_mode2133
0x01B9	0x0000      	NOP
;presettableTimer.c,125 :: 		portc.rc4=1;
0x01BA	0x1607      	BSF        PORTC, 4
;presettableTimer.c,127 :: 		portc.rc5=0;
0x01BB	0x1287      	BCF        PORTC, 5
;presettableTimer.c,128 :: 		portb=seg[d2];
0x01BC	0x0827      	MOVF       _d2, 0
0x01BD	0x3E2D      	ADDLW      _seg
0x01BE	0x0084      	MOVWF      FSR
0x01BF	0x0800      	MOVF       INDF, 0
0x01C0	0x0086      	MOVWF      PORTB
;presettableTimer.c,129 :: 		delay_ms(5);
0x01C1	0x3021      	MOVLW      33
0x01C2	0x00FC      	MOVWF      R12
0x01C3	0x3076      	MOVLW      118
0x01C4	0x00FD      	MOVWF      R13
L_mode2134:
0x01C5	0x0BFD      	DECFSZ     R13, 1
0x01C6	0x29C5      	GOTO       L_mode2134
0x01C7	0x0BFC      	DECFSZ     R12, 1
0x01C8	0x29C5      	GOTO       L_mode2134
0x01C9	0x0000      	NOP
;presettableTimer.c,130 :: 		portc.rc5=1;
0x01CA	0x1687      	BSF        PORTC, 5
;presettableTimer.c,132 :: 		if (!bt1){
0x01CB	0x1907      	BTFSC      RC2_bit, BitPos(RC2_bit+0)
0x01CC	0x29DF      	GOTO       L_mode2135
;presettableTimer.c,133 :: 		delay_ms(200);
0x01CD	0x3006      	MOVLW      6
0x01CE	0x00FB      	MOVWF      R11
0x01CF	0x3013      	MOVLW      19
0x01D0	0x00FC      	MOVWF      R12
0x01D1	0x30AD      	MOVLW      173
0x01D2	0x00FD      	MOVWF      R13
L_mode2136:
0x01D3	0x0BFD      	DECFSZ     R13, 1
0x01D4	0x29D3      	GOTO       L_mode2136
0x01D5	0x0BFC      	DECFSZ     R12, 1
0x01D6	0x29D3      	GOTO       L_mode2136
0x01D7	0x0BFB      	DECFSZ     R11, 1
0x01D8	0x29D3      	GOTO       L_mode2136
0x01D9	0x0000      	NOP
0x01DA	0x0000      	NOP
;presettableTimer.c,134 :: 		minutes++;}
0x01DB	0x0AA9      	INCF       _minutes, 1
0x01DC	0x1903      	BTFSC      STATUS, 2
0x01DD	0x0AAA      	INCF       _minutes+1, 1
0x01DE	0x29F8      	GOTO       L_mode2137
L_mode2135:
;presettableTimer.c,135 :: 		else if (!bt2)
0x01DF	0x1987      	BTFSC      RC3_bit, BitPos(RC3_bit+0)
0x01E0	0x29F8      	GOTO       L_mode2138
;presettableTimer.c,137 :: 		delay_ms(300);
0x01E1	0x3008      	MOVLW      8
0x01E2	0x00FB      	MOVWF      R11
0x01E3	0x309D      	MOVLW      157
0x01E4	0x00FC      	MOVWF      R12
0x01E5	0x3005      	MOVLW      5
0x01E6	0x00FD      	MOVWF      R13
L_mode2139:
0x01E7	0x0BFD      	DECFSZ     R13, 1
0x01E8	0x29E7      	GOTO       L_mode2139
0x01E9	0x0BFC      	DECFSZ     R12, 1
0x01EA	0x29E7      	GOTO       L_mode2139
0x01EB	0x0BFB      	DECFSZ     R11, 1
0x01EC	0x29E7      	GOTO       L_mode2139
0x01ED	0x0000      	NOP
0x01EE	0x0000      	NOP
;presettableTimer.c,138 :: 		start(minutes);
0x01EF	0x0829      	MOVF       _minutes, 0
0x01F0	0x00BF      	MOVWF      FARG_start_a
0x01F1	0x082A      	MOVF       _minutes+1, 0
0x01F2	0x00C0      	MOVWF      FARG_start_a+1
0x01F3	0x20C9      	CALL       _start
;presettableTimer.c,139 :: 		portc.rc0=0;
0x01F4	0x1007      	BCF        PORTC, 0
;presettableTimer.c,140 :: 		minutes=0;
0x01F5	0x01A9      	CLRF       _minutes
0x01F6	0x01AA      	CLRF       _minutes+1
;presettableTimer.c,141 :: 		return;
0x01F7	0x29F9      	GOTO       L_end_mode21
;presettableTimer.c,142 :: 		}
L_mode2138:
L_mode2137:
;presettableTimer.c,144 :: 		}
0x01F8	0x2989      	GOTO       L_mode2131
;presettableTimer.c,145 :: 		}
L_end_mode21:
0x01F9	0x0008      	RETURN
; end of _mode21
_mode22:
;presettableTimer.c,146 :: 		void mode22()
;presettableTimer.c,148 :: 		portc.rc6=1;
0x01FA	0x1283      	BCF        STATUS, 5
0x01FB	0x1303      	BCF        STATUS, 6
0x01FC	0x1707      	BSF        PORTC, 6
;presettableTimer.c,149 :: 		portc.rc7=1;
0x01FD	0x1787      	BSF        PORTC, 7
;presettableTimer.c,150 :: 		while(1)
L_mode2240:
;presettableTimer.c,152 :: 		d1=minutes/10;
0x01FE	0x300A      	MOVLW      10
0x01FF	0x00F4      	MOVWF      R4
0x0200	0x3000      	MOVLW      0
0x0201	0x00F5      	MOVWF      R4+1
0x0202	0x0829      	MOVF       _minutes, 0
0x0203	0x00F0      	MOVWF      R0
0x0204	0x082A      	MOVF       _minutes+1, 0
0x0205	0x00F1      	MOVWF      R0+1
0x0206	0x2060      	CALL       _Div_16x16_S
0x0207	0x0870      	MOVF       R0, 0
0x0208	0x00BD      	MOVWF      FLOC__mode22
0x0209	0x0871      	MOVF       R0+1, 0
0x020A	0x00BE      	MOVWF      FLOC__mode22+1
0x020B	0x083D      	MOVF       FLOC__mode22, 0
0x020C	0x00A1      	MOVWF      _d1
0x020D	0x083E      	MOVF       FLOC__mode22+1, 0
0x020E	0x00A2      	MOVWF      _d1+1
;presettableTimer.c,153 :: 		d2=minutes%10;
0x020F	0x300A      	MOVLW      10
0x0210	0x00F4      	MOVWF      R4
0x0211	0x3000      	MOVLW      0
0x0212	0x00F5      	MOVWF      R4+1
0x0213	0x0829      	MOVF       _minutes, 0
0x0214	0x00F0      	MOVWF      R0
0x0215	0x082A      	MOVF       _minutes+1, 0
0x0216	0x00F1      	MOVWF      R0+1
0x0217	0x2060      	CALL       _Div_16x16_S
0x0218	0x0878      	MOVF       R8, 0
0x0219	0x00F0      	MOVWF      R0
0x021A	0x0879      	MOVF       R8+1, 0
0x021B	0x00F1      	MOVWF      R0+1
0x021C	0x0870      	MOVF       R0, 0
0x021D	0x00A7      	MOVWF      _d2
0x021E	0x0871      	MOVF       R0+1, 0
0x021F	0x00A8      	MOVWF      _d2+1
;presettableTimer.c,156 :: 		portc.rc4=0;
0x0220	0x1207      	BCF        PORTC, 4
;presettableTimer.c,157 :: 		portb=seg[d1];
0x0221	0x083D      	MOVF       FLOC__mode22, 0
0x0222	0x3E2D      	ADDLW      _seg
0x0223	0x0084      	MOVWF      FSR
0x0224	0x0800      	MOVF       INDF, 0
0x0225	0x0086      	MOVWF      PORTB
;presettableTimer.c,158 :: 		delay_ms(5);
0x0226	0x3021      	MOVLW      33
0x0227	0x00FC      	MOVWF      R12
0x0228	0x3076      	MOVLW      118
0x0229	0x00FD      	MOVWF      R13
L_mode2242:
0x022A	0x0BFD      	DECFSZ     R13, 1
0x022B	0x2A2A      	GOTO       L_mode2242
0x022C	0x0BFC      	DECFSZ     R12, 1
0x022D	0x2A2A      	GOTO       L_mode2242
0x022E	0x0000      	NOP
;presettableTimer.c,159 :: 		portc.rc4=1;
0x022F	0x1607      	BSF        PORTC, 4
;presettableTimer.c,161 :: 		portc.rc5=0;
0x0230	0x1287      	BCF        PORTC, 5
;presettableTimer.c,162 :: 		portb=seg[d2];
0x0231	0x0827      	MOVF       _d2, 0
0x0232	0x3E2D      	ADDLW      _seg
0x0233	0x0084      	MOVWF      FSR
0x0234	0x0800      	MOVF       INDF, 0
0x0235	0x0086      	MOVWF      PORTB
;presettableTimer.c,163 :: 		delay_ms(5);
0x0236	0x3021      	MOVLW      33
0x0237	0x00FC      	MOVWF      R12
0x0238	0x3076      	MOVLW      118
0x0239	0x00FD      	MOVWF      R13
L_mode2243:
0x023A	0x0BFD      	DECFSZ     R13, 1
0x023B	0x2A3A      	GOTO       L_mode2243
0x023C	0x0BFC      	DECFSZ     R12, 1
0x023D	0x2A3A      	GOTO       L_mode2243
0x023E	0x0000      	NOP
;presettableTimer.c,164 :: 		portc.rc5=1;
0x023F	0x1687      	BSF        PORTC, 5
;presettableTimer.c,166 :: 		if (!bt1){
0x0240	0x1907      	BTFSC      RC2_bit, BitPos(RC2_bit+0)
0x0241	0x2A55      	GOTO       L_mode2244
;presettableTimer.c,167 :: 		delay_ms(200);
0x0242	0x3006      	MOVLW      6
0x0243	0x00FB      	MOVWF      R11
0x0244	0x3013      	MOVLW      19
0x0245	0x00FC      	MOVWF      R12
0x0246	0x30AD      	MOVLW      173
0x0247	0x00FD      	MOVWF      R13
L_mode2245:
0x0248	0x0BFD      	DECFSZ     R13, 1
0x0249	0x2A48      	GOTO       L_mode2245
0x024A	0x0BFC      	DECFSZ     R12, 1
0x024B	0x2A48      	GOTO       L_mode2245
0x024C	0x0BFB      	DECFSZ     R11, 1
0x024D	0x2A48      	GOTO       L_mode2245
0x024E	0x0000      	NOP
0x024F	0x0000      	NOP
;presettableTimer.c,168 :: 		minutes+=10;}
0x0250	0x300A      	MOVLW      10
0x0251	0x07A9      	ADDWF      _minutes, 1
0x0252	0x1803      	BTFSC      STATUS, 0
0x0253	0x0AAA      	INCF       _minutes+1, 1
0x0254	0x2A6E      	GOTO       L_mode2246
L_mode2244:
;presettableTimer.c,169 :: 		else if (!bt2)
0x0255	0x1987      	BTFSC      RC3_bit, BitPos(RC3_bit+0)
0x0256	0x2A6E      	GOTO       L_mode2247
;presettableTimer.c,171 :: 		delay_ms(300);
0x0257	0x3008      	MOVLW      8
0x0258	0x00FB      	MOVWF      R11
0x0259	0x309D      	MOVLW      157
0x025A	0x00FC      	MOVWF      R12
0x025B	0x3005      	MOVLW      5
0x025C	0x00FD      	MOVWF      R13
L_mode2248:
0x025D	0x0BFD      	DECFSZ     R13, 1
0x025E	0x2A5D      	GOTO       L_mode2248
0x025F	0x0BFC      	DECFSZ     R12, 1
0x0260	0x2A5D      	GOTO       L_mode2248
0x0261	0x0BFB      	DECFSZ     R11, 1
0x0262	0x2A5D      	GOTO       L_mode2248
0x0263	0x0000      	NOP
0x0264	0x0000      	NOP
;presettableTimer.c,172 :: 		start(minutes);
0x0265	0x0829      	MOVF       _minutes, 0
0x0266	0x00BF      	MOVWF      FARG_start_a
0x0267	0x082A      	MOVF       _minutes+1, 0
0x0268	0x00C0      	MOVWF      FARG_start_a+1
0x0269	0x20C9      	CALL       _start
;presettableTimer.c,173 :: 		portc.rc0=0;
0x026A	0x1007      	BCF        PORTC, 0
;presettableTimer.c,174 :: 		minutes=0;
0x026B	0x01A9      	CLRF       _minutes
0x026C	0x01AA      	CLRF       _minutes+1
;presettableTimer.c,175 :: 		return;
0x026D	0x2A6F      	GOTO       L_end_mode22
;presettableTimer.c,176 :: 		}
L_mode2247:
L_mode2246:
;presettableTimer.c,178 :: 		}
0x026E	0x29FE      	GOTO       L_mode2240
;presettableTimer.c,179 :: 		}
L_end_mode22:
0x026F	0x0008      	RETURN
; end of _mode22
_mode1:
;presettableTimer.c,70 :: 		void mode1()
;presettableTimer.c,71 :: 		{  while(1){
L_mode112:
;presettableTimer.c,72 :: 		portc.rc4=portc.rc5=portc.rc6=portc.rc7=0;
0x0270	0x1283      	BCF        STATUS, 5
0x0271	0x1303      	BCF        STATUS, 6
0x0272	0x1387      	BCF        PORTC, 7
0x0273	0x1B87      	BTFSC      PORTC, 7
0x0274	0x2A77      	GOTO       L__mode164
0x0275	0x1307      	BCF        PORTC, 6
0x0276	0x2A78      	GOTO       L__mode165
L__mode164:
0x0277	0x1707      	BSF        PORTC, 6
L__mode165:
0x0278	0x1B07      	BTFSC      PORTC, 6
0x0279	0x2A7C      	GOTO       L__mode166
0x027A	0x1287      	BCF        PORTC, 5
0x027B	0x2A7D      	GOTO       L__mode167
L__mode166:
0x027C	0x1687      	BSF        PORTC, 5
L__mode167:
0x027D	0x1A87      	BTFSC      PORTC, 5
0x027E	0x2A81      	GOTO       L__mode168
0x027F	0x1207      	BCF        PORTC, 4
0x0280	0x2A82      	GOTO       L__mode169
L__mode168:
0x0281	0x1607      	BSF        PORTC, 4
L__mode169:
;presettableTimer.c,73 :: 		portb=seg[0];
0x0282	0x082D      	MOVF       _seg, 0
0x0283	0x0086      	MOVWF      PORTB
;presettableTimer.c,74 :: 		for(i=0;i<6;i++){
0x0284	0x01AB      	CLRF       _i
0x0285	0x01AC      	CLRF       _i+1
L_mode114:
0x0286	0x3080      	MOVLW      128
0x0287	0x062C      	XORWF      _i+1, 0
0x0288	0x00F0      	MOVWF      R0
0x0289	0x3080      	MOVLW      128
0x028A	0x0270      	SUBWF      R0, 0
0x028B	0x1D03      	BTFSS      STATUS, 2
0x028C	0x2A8F      	GOTO       L__mode170
0x028D	0x3006      	MOVLW      6
0x028E	0x022B      	SUBWF      _i, 0
L__mode170:
0x028F	0x1803      	BTFSC      STATUS, 0
0x0290	0x2AD1      	GOTO       L_mode115
;presettableTimer.c,75 :: 		if (!bt1) {
0x0291	0x1907      	BTFSC      RC2_bit, BitPos(RC2_bit+0)
0x0292	0x2AA8      	GOTO       L_mode117
;presettableTimer.c,76 :: 		delay_ms(300);
0x0293	0x3008      	MOVLW      8
0x0294	0x00FB      	MOVWF      R11
0x0295	0x309D      	MOVLW      157
0x0296	0x00FC      	MOVWF      R12
0x0297	0x3005      	MOVLW      5
0x0298	0x00FD      	MOVWF      R13
L_mode118:
0x0299	0x0BFD      	DECFSZ     R13, 1
0x029A	0x2A99      	GOTO       L_mode118
0x029B	0x0BFC      	DECFSZ     R12, 1
0x029C	0x2A99      	GOTO       L_mode118
0x029D	0x0BFB      	DECFSZ     R11, 1
0x029E	0x2A99      	GOTO       L_mode118
0x029F	0x0000      	NOP
0x02A0	0x0000      	NOP
;presettableTimer.c,77 :: 		start(15);
0x02A1	0x300F      	MOVLW      15
0x02A2	0x00BF      	MOVWF      FARG_start_a
0x02A3	0x3000      	MOVLW      0
0x02A4	0x00C0      	MOVWF      FARG_start_a+1
0x02A5	0x20C9      	CALL       _start
;presettableTimer.c,78 :: 		portc.rc0=0;
0x02A6	0x1007      	BCF        PORTC, 0
;presettableTimer.c,79 :: 		return;}
0x02A7	0x2AF0      	GOTO       L_end_mode1
L_mode117:
;presettableTimer.c,80 :: 		else if (!bt2)
0x02A8	0x1987      	BTFSC      RC3_bit, BitPos(RC3_bit+0)
0x02A9	0x2ABF      	GOTO       L_mode120
;presettableTimer.c,82 :: 		delay_ms(300);
0x02AA	0x3008      	MOVLW      8
0x02AB	0x00FB      	MOVWF      R11
0x02AC	0x309D      	MOVLW      157
0x02AD	0x00FC      	MOVWF      R12
0x02AE	0x3005      	MOVLW      5
0x02AF	0x00FD      	MOVWF      R13
L_mode121:
0x02B0	0x0BFD      	DECFSZ     R13, 1
0x02B1	0x2AB0      	GOTO       L_mode121
0x02B2	0x0BFC      	DECFSZ     R12, 1
0x02B3	0x2AB0      	GOTO       L_mode121
0x02B4	0x0BFB      	DECFSZ     R11, 1
0x02B5	0x2AB0      	GOTO       L_mode121
0x02B6	0x0000      	NOP
0x02B7	0x0000      	NOP
;presettableTimer.c,83 :: 		start(25);
0x02B8	0x3019      	MOVLW      25
0x02B9	0x00BF      	MOVWF      FARG_start_a
0x02BA	0x3000      	MOVLW      0
0x02BB	0x00C0      	MOVWF      FARG_start_a+1
0x02BC	0x20C9      	CALL       _start
;presettableTimer.c,84 :: 		stop();
0x02BD	0x2057      	CALL       _stop
;presettableTimer.c,86 :: 		return;
0x02BE	0x2AF0      	GOTO       L_end_mode1
;presettableTimer.c,87 :: 		}
L_mode120:
;presettableTimer.c,88 :: 		delay_ms(50);
0x02BF	0x3002      	MOVLW      2
0x02C0	0x00FB      	MOVWF      R11
0x02C1	0x3045      	MOVLW      69
0x02C2	0x00FC      	MOVWF      R12
0x02C3	0x30A9      	MOVLW      169
0x02C4	0x00FD      	MOVWF      R13
L_mode122:
0x02C5	0x0BFD      	DECFSZ     R13, 1
0x02C6	0x2AC5      	GOTO       L_mode122
0x02C7	0x0BFC      	DECFSZ     R12, 1
0x02C8	0x2AC5      	GOTO       L_mode122
0x02C9	0x0BFB      	DECFSZ     R11, 1
0x02CA	0x2AC5      	GOTO       L_mode122
0x02CB	0x0000      	NOP
0x02CC	0x0000      	NOP
;presettableTimer.c,74 :: 		for(i=0;i<6;i++){
0x02CD	0x0AAB      	INCF       _i, 1
0x02CE	0x1903      	BTFSC      STATUS, 2
0x02CF	0x0AAC      	INCF       _i+1, 1
;presettableTimer.c,89 :: 		}
0x02D0	0x2A86      	GOTO       L_mode114
L_mode115:
;presettableTimer.c,90 :: 		portc.rc4=portc.rc5=portc.rc6=portc.rc7=1;
0x02D1	0x1787      	BSF        PORTC, 7
0x02D2	0x1B87      	BTFSC      PORTC, 7
0x02D3	0x2AD6      	GOTO       L__mode171
0x02D4	0x1307      	BCF        PORTC, 6
0x02D5	0x2AD7      	GOTO       L__mode172
L__mode171:
0x02D6	0x1707      	BSF        PORTC, 6
L__mode172:
0x02D7	0x1B07      	BTFSC      PORTC, 6
0x02D8	0x2ADB      	GOTO       L__mode173
0x02D9	0x1287      	BCF        PORTC, 5
0x02DA	0x2ADC      	GOTO       L__mode174
L__mode173:
0x02DB	0x1687      	BSF        PORTC, 5
L__mode174:
0x02DC	0x1A87      	BTFSC      PORTC, 5
0x02DD	0x2AE0      	GOTO       L__mode175
0x02DE	0x1207      	BCF        PORTC, 4
0x02DF	0x2AE1      	GOTO       L__mode176
L__mode175:
0x02E0	0x1607      	BSF        PORTC, 4
L__mode176:
;presettableTimer.c,91 :: 		delay_ms(100);
0x02E1	0x3003      	MOVLW      3
0x02E2	0x00FB      	MOVWF      R11
0x02E3	0x308A      	MOVLW      138
0x02E4	0x00FC      	MOVWF      R12
0x02E5	0x3055      	MOVLW      85
0x02E6	0x00FD      	MOVWF      R13
L_mode123:
0x02E7	0x0BFD      	DECFSZ     R13, 1
0x02E8	0x2AE7      	GOTO       L_mode123
0x02E9	0x0BFC      	DECFSZ     R12, 1
0x02EA	0x2AE7      	GOTO       L_mode123
0x02EB	0x0BFB      	DECFSZ     R11, 1
0x02EC	0x2AE7      	GOTO       L_mode123
0x02ED	0x0000      	NOP
0x02EE	0x0000      	NOP
;presettableTimer.c,92 :: 		}
0x02EF	0x2A70      	GOTO       L_mode112
;presettableTimer.c,93 :: 		}
L_end_mode1:
0x02F0	0x0008      	RETURN
; end of _mode1
_mode2:
;presettableTimer.c,94 :: 		void mode2()
;presettableTimer.c,95 :: 		{   portc.rc7=1;
0x02F1	0x1283      	BCF        STATUS, 5
0x02F2	0x1303      	BCF        STATUS, 6
0x02F3	0x1787      	BSF        PORTC, 7
;presettableTimer.c,96 :: 		while(1)
L_mode224:
;presettableTimer.c,98 :: 		if (!bt1)
0x02F4	0x1907      	BTFSC      RC2_bit, BitPos(RC2_bit+0)
0x02F5	0x2B06      	GOTO       L_mode226
;presettableTimer.c,100 :: 		delay_ms(300);
0x02F6	0x3008      	MOVLW      8
0x02F7	0x00FB      	MOVWF      R11
0x02F8	0x309D      	MOVLW      157
0x02F9	0x00FC      	MOVWF      R12
0x02FA	0x3005      	MOVLW      5
0x02FB	0x00FD      	MOVWF      R13
L_mode227:
0x02FC	0x0BFD      	DECFSZ     R13, 1
0x02FD	0x2AFC      	GOTO       L_mode227
0x02FE	0x0BFC      	DECFSZ     R12, 1
0x02FF	0x2AFC      	GOTO       L_mode227
0x0300	0x0BFB      	DECFSZ     R11, 1
0x0301	0x2AFC      	GOTO       L_mode227
0x0302	0x0000      	NOP
0x0303	0x0000      	NOP
;presettableTimer.c,101 :: 		mode21();
0x0304	0x2185      	CALL       _mode21
;presettableTimer.c,102 :: 		return;
0x0305	0x2B19      	GOTO       L_end_mode2
;presettableTimer.c,103 :: 		}
L_mode226:
;presettableTimer.c,104 :: 		else if (!bt2)
0x0306	0x1987      	BTFSC      RC3_bit, BitPos(RC3_bit+0)
0x0307	0x2B18      	GOTO       L_mode229
;presettableTimer.c,106 :: 		delay_ms(300);
0x0308	0x3008      	MOVLW      8
0x0309	0x00FB      	MOVWF      R11
0x030A	0x309D      	MOVLW      157
0x030B	0x00FC      	MOVWF      R12
0x030C	0x3005      	MOVLW      5
0x030D	0x00FD      	MOVWF      R13
L_mode230:
0x030E	0x0BFD      	DECFSZ     R13, 1
0x030F	0x2B0E      	GOTO       L_mode230
0x0310	0x0BFC      	DECFSZ     R12, 1
0x0311	0x2B0E      	GOTO       L_mode230
0x0312	0x0BFB      	DECFSZ     R11, 1
0x0313	0x2B0E      	GOTO       L_mode230
0x0314	0x0000      	NOP
0x0315	0x0000      	NOP
;presettableTimer.c,107 :: 		mode22();
0x0316	0x21FA      	CALL       _mode22
;presettableTimer.c,108 :: 		return;
0x0317	0x2B19      	GOTO       L_end_mode2
;presettableTimer.c,109 :: 		}
L_mode229:
;presettableTimer.c,110 :: 		}
0x0318	0x2AF4      	GOTO       L_mode224
;presettableTimer.c,111 :: 		}
L_end_mode2:
0x0319	0x0008      	RETURN
; end of _mode2
___CC2DW:
;__Lib_System.c,134 :: 		
;__Lib_System.c,137 :: 		
_CC2D_Loop1:
;__Lib_System.c,139 :: 		
0x031A	0x217E      	CALL       _____DoICP
0x031B	0x118A      	BCF        PCLATH, 3
0x031C	0x120A      	BCF        PCLATH, 4
;__Lib_System.c,141 :: 		
0x031D	0x0080      	MOVWF      INDF
;__Lib_System.c,142 :: 		
0x031E	0x0A84      	INCF       FSR, 1
;__Lib_System.c,143 :: 		
0x031F	0x0AB9      	INCF       ___DoICPAddr, 1
;__Lib_System.c,145 :: 		
0x0320	0x1903      	BTFSC      STATUS, 2
;__Lib_System.c,146 :: 		
0x0321	0x0ABA      	INCF       ___DoICPAddr+1, 1
;__Lib_System.c,147 :: 		
0x0322	0x03F0      	DECF       R0, 1
;__Lib_System.c,149 :: 		
0x0323	0x1D03      	BTFSS      STATUS, 2
;__Lib_System.c,150 :: 		
0x0324	0x2B1A      	GOTO       _CC2D_Loop1
;__Lib_System.c,152 :: 		
L_end___CC2DW:
0x0325	0x0008      	RETURN
; end of ___CC2DW
_main:
0x0326	0x1283      	BCF        STATUS, 5
0x0327	0x1303      	BCF        STATUS, 6
0x0328	0x01A1      	CLRF       _d1
0x0329	0x01A2      	CLRF       34
0x032A	0x01A3      	CLRF       _seconds
0x032B	0x01A4      	CLRF       36
0x032C	0x01A5      	CLRF       _d3
0x032D	0x01A6      	CLRF       38
0x032E	0x01A7      	CLRF       _d2
0x032F	0x01A8      	CLRF       40
0x0330	0x01A9      	CLRF       _minutes
0x0331	0x01AA      	CLRF       42
0x0332	0x01AB      	CLRF       _i
0x0333	0x01AC      	CLRF       44
0x0334	0x303F      	MOVLW      63
0x0335	0x00AD      	MOVWF      _seg
0x0336	0x3006      	MOVLW      6
0x0337	0x00AE      	MOVWF      46
0x0338	0x305B      	MOVLW      91
0x0339	0x00AF      	MOVWF      47
0x033A	0x304F      	MOVLW      79
0x033B	0x00B0      	MOVWF      48
0x033C	0x3066      	MOVLW      102
0x033D	0x00B1      	MOVWF      49
0x033E	0x306D      	MOVLW      109
0x033F	0x00B2      	MOVWF      50
0x0340	0x307D      	MOVLW      125
0x0341	0x00B3      	MOVWF      51
0x0342	0x3007      	MOVLW      7
0x0343	0x00B4      	MOVWF      52
0x0344	0x307F      	MOVLW      127
0x0345	0x00B5      	MOVWF      53
0x0346	0x306F      	MOVLW      111
0x0347	0x00B6      	MOVWF      54
0x0348	0x01B7      	CLRF       _d4
0x0349	0x01B8      	CLRF       56
;presettableTimer.c,181 :: 		void main() {
;presettableTimer.c,182 :: 		trisb=0;
0x034A	0x1683      	BSF        STATUS, 5
0x034B	0x0186      	CLRF       TRISB
;presettableTimer.c,183 :: 		bt1=bt2=255;
0x034C	0x1283      	BCF        STATUS, 5
0x034D	0x1587      	BSF        RC3_bit, BitPos(RC3_bit+0)
0x034E	0x1987      	BTFSC      RC3_bit, BitPos(RC3_bit+0)
0x034F	0x2B52      	GOTO       L__main81
0x0350	0x1107      	BCF        RC2_bit, BitPos(RC2_bit+0)
0x0351	0x2B53      	GOTO       L__main82
L__main81:
0x0352	0x1507      	BSF        RC2_bit, BitPos(RC2_bit+0)
L__main82:
;presettableTimer.c,185 :: 		OPTION_REG	 = 0x87;
0x0353	0x3087      	MOVLW      135
0x0354	0x1683      	BSF        STATUS, 5
0x0355	0x0081      	MOVWF      OPTION_REG
;presettableTimer.c,186 :: 		TMR0		 = 0;
0x0356	0x1283      	BCF        STATUS, 5
0x0357	0x0181      	CLRF       TMR0
;presettableTimer.c,187 :: 		INTCON	 = 0xA0;
0x0358	0x30A0      	MOVLW      160
0x0359	0x008B      	MOVWF      INTCON
;presettableTimer.c,188 :: 		trisc.rc0=trisc.rc4=trisc.rc5=trisc.rc6=trisc.rc7=0;
0x035A	0x1683      	BSF        STATUS, 5
0x035B	0x1387      	BCF        TRISC, 7
0x035C	0x1B87      	BTFSC      TRISC, 7
0x035D	0x2B60      	GOTO       L__main83
0x035E	0x1307      	BCF        TRISC, 6
0x035F	0x2B61      	GOTO       L__main84
L__main83:
0x0360	0x1707      	BSF        TRISC, 6
L__main84:
0x0361	0x1B07      	BTFSC      TRISC, 6
0x0362	0x2B65      	GOTO       L__main85
0x0363	0x1287      	BCF        TRISC, 5
0x0364	0x2B66      	GOTO       L__main86
L__main85:
0x0365	0x1687      	BSF        TRISC, 5
L__main86:
0x0366	0x1A87      	BTFSC      TRISC, 5
0x0367	0x2B6A      	GOTO       L__main87
0x0368	0x1207      	BCF        TRISC, 4
0x0369	0x2B6B      	GOTO       L__main88
L__main87:
0x036A	0x1607      	BSF        TRISC, 4
L__main88:
0x036B	0x1A07      	BTFSC      TRISC, 4
0x036C	0x2B6F      	GOTO       L__main89
0x036D	0x1007      	BCF        TRISC, 0
0x036E	0x2B70      	GOTO       L__main90
L__main89:
0x036F	0x1407      	BSF        TRISC, 0
L__main90:
;presettableTimer.c,189 :: 		portc.rc4=portc.rc5=portc.rc6=portc.rc7=1;
0x0370	0x1283      	BCF        STATUS, 5
0x0371	0x1787      	BSF        PORTC, 7
0x0372	0x1B87      	BTFSC      PORTC, 7
0x0373	0x2B76      	GOTO       L__main91
0x0374	0x1307      	BCF        PORTC, 6
0x0375	0x2B77      	GOTO       L__main92
L__main91:
0x0376	0x1707      	BSF        PORTC, 6
L__main92:
0x0377	0x1B07      	BTFSC      PORTC, 6
0x0378	0x2B7B      	GOTO       L__main93
0x0379	0x1287      	BCF        PORTC, 5
0x037A	0x2B7C      	GOTO       L__main94
L__main93:
0x037B	0x1687      	BSF        PORTC, 5
L__main94:
0x037C	0x1A87      	BTFSC      PORTC, 5
0x037D	0x2B80      	GOTO       L__main95
0x037E	0x1207      	BCF        PORTC, 4
0x037F	0x2B81      	GOTO       L__main96
L__main95:
0x0380	0x1607      	BSF        PORTC, 4
L__main96:
;presettableTimer.c,190 :: 		while(1)
L_main49:
;presettableTimer.c,192 :: 		portc.rc4=portc.rc5=portc.rc6=portc.rc7=0;
0x0381	0x1387      	BCF        PORTC, 7
0x0382	0x1B87      	BTFSC      PORTC, 7
0x0383	0x2B86      	GOTO       L__main97
0x0384	0x1307      	BCF        PORTC, 6
0x0385	0x2B87      	GOTO       L__main98
L__main97:
0x0386	0x1707      	BSF        PORTC, 6
L__main98:
0x0387	0x1B07      	BTFSC      PORTC, 6
0x0388	0x2B8B      	GOTO       L__main99
0x0389	0x1287      	BCF        PORTC, 5
0x038A	0x2B8C      	GOTO       L__main100
L__main99:
0x038B	0x1687      	BSF        PORTC, 5
L__main100:
0x038C	0x1A87      	BTFSC      PORTC, 5
0x038D	0x2B90      	GOTO       L__main101
0x038E	0x1207      	BCF        PORTC, 4
0x038F	0x2B91      	GOTO       L__main102
L__main101:
0x0390	0x1607      	BSF        PORTC, 4
L__main102:
;presettableTimer.c,193 :: 		portb=seg[0];
0x0391	0x082D      	MOVF       _seg, 0
0x0392	0x0086      	MOVWF      PORTB
;presettableTimer.c,194 :: 		if(!bt1) {
0x0393	0x1907      	BTFSC      RC2_bit, BitPos(RC2_bit+0)
0x0394	0x2BA5      	GOTO       L_main51
;presettableTimer.c,195 :: 		delay_ms(300);
0x0395	0x3008      	MOVLW      8
0x0396	0x00FB      	MOVWF      R11
0x0397	0x309D      	MOVLW      157
0x0398	0x00FC      	MOVWF      R12
0x0399	0x3005      	MOVLW      5
0x039A	0x00FD      	MOVWF      R13
L_main52:
0x039B	0x0BFD      	DECFSZ     R13, 1
0x039C	0x2B9B      	GOTO       L_main52
0x039D	0x0BFC      	DECFSZ     R12, 1
0x039E	0x2B9B      	GOTO       L_main52
0x039F	0x0BFB      	DECFSZ     R11, 1
0x03A0	0x2B9B      	GOTO       L_main52
0x03A1	0x0000      	NOP
0x03A2	0x0000      	NOP
;presettableTimer.c,196 :: 		mode1();}
0x03A3	0x2270      	CALL       _mode1
0x03A4	0x2BB6      	GOTO       L_main53
L_main51:
;presettableTimer.c,197 :: 		else if (!bt2)
0x03A5	0x1987      	BTFSC      RC3_bit, BitPos(RC3_bit+0)
0x03A6	0x2BB6      	GOTO       L_main54
;presettableTimer.c,199 :: 		delay_ms(300);
0x03A7	0x3008      	MOVLW      8
0x03A8	0x00FB      	MOVWF      R11
0x03A9	0x309D      	MOVLW      157
0x03AA	0x00FC      	MOVWF      R12
0x03AB	0x3005      	MOVLW      5
0x03AC	0x00FD      	MOVWF      R13
L_main55:
0x03AD	0x0BFD      	DECFSZ     R13, 1
0x03AE	0x2BAD      	GOTO       L_main55
0x03AF	0x0BFC      	DECFSZ     R12, 1
0x03B0	0x2BAD      	GOTO       L_main55
0x03B1	0x0BFB      	DECFSZ     R11, 1
0x03B2	0x2BAD      	GOTO       L_main55
0x03B3	0x0000      	NOP
0x03B4	0x0000      	NOP
;presettableTimer.c,200 :: 		mode2();}
0x03B5	0x22F1      	CALL       _mode2
L_main54:
L_main53:
;presettableTimer.c,201 :: 		}
0x03B6	0x2B81      	GOTO       L_main49
;presettableTimer.c,202 :: 		}
L_end_main:
0x03B7	0x2BB7      	GOTO       $+0
; end of _main
Symbol List:
//** Routines locations **
//ADDRESS    SIZE    PROCEDURE
//----------------------------------------------
0x0004      [39]    _Interrupt
0x002B      [44]    _Div_16x16_S_L
0x0057       [9]    _stop
0x0060     [105]    _Div_16x16_S
0x00C9     [181]    _start
0x017E       [7]    _____DoICP
0x0185     [117]    _mode21
0x01FA     [118]    _mode22
0x0270     [129]    _mode1
0x02F1      [41]    _mode2
0x031A      [12]    ___CC2DW
0x0326     [146]    _main
//** Variables locations ** 
//ADDRESS    SIZE    VARIABLE
//----------------------------------------------
0x0000       [1]    INDF
0x0001       [1]    TMR0
0x0002       [1]    PCL
0x0003       [1]    STATUS
0x0004       [1]    FSR
0x0006       [1]    PORTB
0x0007       [0]    bt1
0x0007       [0]    bt2
0x0007       [0]    RC3_bit
0x0007       [0]    RC2_bit
0x0007       [1]    PORTC
0x000A       [1]    PCLATH
0x000B       [0]    TMR0IE_bit
0x000B       [0]    TMR0IF_bit
0x000B       [1]    INTCON
0x0021       [2]    _d1
0x0023       [2]    _seconds
0x0025       [2]    _d3
0x0027       [2]    _d2
0x0029       [2]    _minutes
0x002B       [2]    _i
0x002D      [10]    _seg
0x0037       [2]    _d4
0x0039       [2]    ___DoICPAddr
0x003B       [1]    ___savePCLATH
0x003C       [1]    ___saveSTATUS
0x003D       [2]    FLOC__mode22
0x003D       [2]    FLOC__mode21
0x003F       [2]    FARG_start_a
0x0070       [1]    R0
0x0071       [1]    R1
0x0072       [1]    R2
0x0073       [1]    R3
0x0074       [1]    R4
0x0075       [1]    R5
0x0076       [1]    R6
0x0077       [1]    R7
0x0078       [1]    R8
0x0079       [1]    R9
0x007A       [1]    R10
0x007B       [1]    R11
0x007C       [1]    R12
0x007D       [1]    R13
0x007E       [1]    R14
0x007F       [1]    R15
0x0081       [1]    OPTION_REG
0x0086       [1]    TRISB
0x0087       [1]    TRISC
