;  LST file generated by mikroListExporter - v.2.0 
; Date/Time: 30-Nov-20 7:35:12 PM
;----------------------------------------------

;Address Opcode 	ASM
0x0000	0x2803      	GOTO       3
_main:
;bdcheck.c,1 :: 		void main() {
;bdcheck.c,2 :: 		TRISB.RB0=255;
0x0003	0x1683      	BSF        STATUS, 5
0x0004	0x1303      	BCF        STATUS, 6
0x0005	0x1406      	BSF        TRISB, 0
;bdcheck.c,3 :: 		TRISB.RB1=255;
0x0006	0x1486      	BSF        TRISB, 1
;bdcheck.c,4 :: 		TRISB.RB2=255;
0x0007	0x1506      	BSF        TRISB, 2
;bdcheck.c,5 :: 		TRISB.RB3=0;
0x0008	0x1186      	BCF        TRISB, 3
;bdcheck.c,6 :: 		TRISB.RB4=0;
0x0009	0x1206      	BCF        TRISB, 4
;bdcheck.c,7 :: 		TRISB.RB5=0;
0x000A	0x1286      	BCF        TRISB, 5
;bdcheck.c,9 :: 		while(1){
L_main0:
;bdcheck.c,10 :: 		if(!portb.rb0)
0x000B	0x1283      	BCF        STATUS, 5
0x000C	0x1806      	BTFSC      PORTB, 0
0x000D	0x281E      	GOTO       L_main2
;bdcheck.c,12 :: 		portb.rb4=1;
0x000E	0x1606      	BSF        PORTB, 4
;bdcheck.c,13 :: 		delay_ms(1000);
0x000F	0x301A      	MOVLW      26
0x0010	0x00FB      	MOVWF      R11
0x0011	0x305E      	MOVLW      94
0x0012	0x00FC      	MOVWF      R12
0x0013	0x306E      	MOVLW      110
0x0014	0x00FD      	MOVWF      R13
L_main3:
0x0015	0x0BFD      	DECFSZ     R13, 1
0x0016	0x2815      	GOTO       L_main3
0x0017	0x0BFC      	DECFSZ     R12, 1
0x0018	0x2815      	GOTO       L_main3
0x0019	0x0BFB      	DECFSZ     R11, 1
0x001A	0x2815      	GOTO       L_main3
0x001B	0x0000      	NOP
;bdcheck.c,14 :: 		portb.rb4=0;
0x001C	0x1206      	BCF        PORTB, 4
;bdcheck.c,15 :: 		}
0x001D	0x2841      	GOTO       L_main4
L_main2:
;bdcheck.c,16 :: 		else if(!portb.rb1){
0x001E	0x1886      	BTFSC      PORTB, 1
0x001F	0x2830      	GOTO       L_main5
;bdcheck.c,17 :: 		portb.rb3=1;
0x0020	0x1586      	BSF        PORTB, 3
;bdcheck.c,18 :: 		delay_ms(1000);
0x0021	0x301A      	MOVLW      26
0x0022	0x00FB      	MOVWF      R11
0x0023	0x305E      	MOVLW      94
0x0024	0x00FC      	MOVWF      R12
0x0025	0x306E      	MOVLW      110
0x0026	0x00FD      	MOVWF      R13
L_main6:
0x0027	0x0BFD      	DECFSZ     R13, 1
0x0028	0x2827      	GOTO       L_main6
0x0029	0x0BFC      	DECFSZ     R12, 1
0x002A	0x2827      	GOTO       L_main6
0x002B	0x0BFB      	DECFSZ     R11, 1
0x002C	0x2827      	GOTO       L_main6
0x002D	0x0000      	NOP
;bdcheck.c,19 :: 		portb.rb3=0;
0x002E	0x1186      	BCF        PORTB, 3
;bdcheck.c,20 :: 		}
0x002F	0x2841      	GOTO       L_main7
L_main5:
;bdcheck.c,21 :: 		else if(!portb.rb2){
0x0030	0x1906      	BTFSC      PORTB, 2
0x0031	0x2841      	GOTO       L_main8
;bdcheck.c,22 :: 		portb.rb5=1;
0x0032	0x1686      	BSF        PORTB, 5
;bdcheck.c,23 :: 		delay_ms(1000);
0x0033	0x301A      	MOVLW      26
0x0034	0x00FB      	MOVWF      R11
0x0035	0x305E      	MOVLW      94
0x0036	0x00FC      	MOVWF      R12
0x0037	0x306E      	MOVLW      110
0x0038	0x00FD      	MOVWF      R13
L_main9:
0x0039	0x0BFD      	DECFSZ     R13, 1
0x003A	0x2839      	GOTO       L_main9
0x003B	0x0BFC      	DECFSZ     R12, 1
0x003C	0x2839      	GOTO       L_main9
0x003D	0x0BFB      	DECFSZ     R11, 1
0x003E	0x2839      	GOTO       L_main9
0x003F	0x0000      	NOP
;bdcheck.c,24 :: 		portb.rb5=0;
0x0040	0x1286      	BCF        PORTB, 5
;bdcheck.c,25 :: 		}
L_main8:
L_main7:
L_main4:
;bdcheck.c,28 :: 		}
0x0041	0x280B      	GOTO       L_main0
;bdcheck.c,29 :: 		}
L_end_main:
0x0042	0x2842      	GOTO       $+0
; end of _main
Symbol List:
//** Routines locations **
//ADDRESS    SIZE    PROCEDURE
//----------------------------------------------
0x0003      [64]    _main
//** Variables locations ** 
//ADDRESS    SIZE    VARIABLE
//----------------------------------------------
0x0000       [1]    INDF
0x0003       [1]    STATUS
0x0004       [1]    FSR
0x0006       [1]    PORTB
0x000A       [1]    PCLATH
0x0020       [2]    ___DoICPAddr
0x0070       [1]    R0
0x0071       [1]    R1
0x0072       [1]    R2
0x0073       [1]    R3
0x0074       [1]    R4
0x0075       [1]    R5
0x0076       [1]    R6
0x0077       [1]    R7
0x0078       [1]    R8
0x0079       [1]    R9
0x007A       [1]    R10
0x007B       [1]    R11
0x007C       [1]    R12
0x007D       [1]    R13
0x007E       [1]    R14
0x007F       [1]    R15
0x0086       [1]    TRISB
