;  LST file generated by mikroListExporter - v.2.0 
; Date/Time: 23-Jun-21 10:42:48 AM
;----------------------------------------------

;Address Opcode 	ASM
0x0000	0x282C      	GOTO       44
_interrupt:
0x0004	0x00FF      	MOVWF      R15
0x0005	0x0E03      	SWAPF      STATUS, 0
0x0006	0x0183      	CLRF       STATUS
0x0007	0x00A3      	MOVWF      ___saveSTATUS
0x0008	0x080A      	MOVF       PCLATH, 0
0x0009	0x00A4      	MOVWF      ___savePCLATH
0x000A	0x018A      	CLRF       PCLATH
;externalinterrupt.c,2 :: 		void interrupt()
;externalinterrupt.c,4 :: 		if (INTF_bit) { delay_ms(300); state=1-state; INTF_bit=0;}
0x000B	0x1C8B      	BTFSS      INTF_bit, BitPos(INTF_bit+0)
0x000C	0x2825      	GOTO       L_interrupt0
0x000D	0x3002      	MOVLW      2
0x000E	0x00FB      	MOVWF      R11
0x000F	0x3086      	MOVLW      134
0x0010	0x00FC      	MOVWF      R12
0x0011	0x3099      	MOVLW      153
0x0012	0x00FD      	MOVWF      R13
L_interrupt1:
0x0013	0x0BFD      	DECFSZ     R13, 1
0x0014	0x2813      	GOTO       L_interrupt1
0x0015	0x0BFC      	DECFSZ     R12, 1
0x0016	0x2813      	GOTO       L_interrupt1
0x0017	0x0BFB      	DECFSZ     R11, 1
0x0018	0x2813      	GOTO       L_interrupt1
0x0019	0x01F0      	CLRF       R0
0x001A	0x1822      	BTFSC      _state, BitPos(_state+0)
0x001B	0x0AF0      	INCF       R0, 1
0x001C	0x0870      	MOVF       R0, 0
0x001D	0x3C01      	SUBLW      1
0x001E	0x00F0      	MOVWF      R0
0x001F	0x1870      	BTFSC      R0, 0
0x0020	0x2823      	GOTO       L__interrupt6
0x0021	0x1022      	BCF        _state, BitPos(_state+0)
0x0022	0x2824      	GOTO       L__interrupt7
L__interrupt6:
0x0023	0x1422      	BSF        _state, BitPos(_state+0)
L__interrupt7:
0x0024	0x108B      	BCF        INTF_bit, BitPos(INTF_bit+0)
L_interrupt0:
;externalinterrupt.c,5 :: 		}
L_end_interrupt:
L__interrupt5:
0x0025	0x0824      	MOVF       ___savePCLATH, 0
0x0026	0x008A      	MOVWF      PCLATH
0x0027	0x0E23      	SWAPF      ___saveSTATUS, 0
0x0028	0x0083      	MOVWF      STATUS
0x0029	0x0EFF      	SWAPF      R15, 1
0x002A	0x0E7F      	SWAPF      R15, 0
0x002B	0x0009      	RETFIE
; end of _interrupt
_main:
;externalinterrupt.c,6 :: 		void main() {
;externalinterrupt.c,7 :: 		state=0;
0x002C	0x1283      	BCF        STATUS, 5
0x002D	0x1303      	BCF        STATUS, 6
0x002E	0x1022      	BCF        _state, BitPos(_state+0)
;externalinterrupt.c,8 :: 		trisb.b1=0;
0x002F	0x1683      	BSF        STATUS, 5
0x0030	0x1086      	BCF        TRISB, 1
;externalinterrupt.c,9 :: 		INTEDG_bit=0;
0x0031	0x1301      	BCF        INTEDG_bit, BitPos(INTEDG_bit+0)
;externalinterrupt.c,10 :: 		INTCON.GIE=1;
0x0032	0x178B      	BSF        INTCON, 7
;externalinterrupt.c,11 :: 		INTCON.PEIE=1;
0x0033	0x170B      	BSF        INTCON, 6
;externalinterrupt.c,12 :: 		INTCON.INTE=1;
0x0034	0x160B      	BSF        INTCON, 4
;externalinterrupt.c,13 :: 		INTCON.INTF=0;
0x0035	0x108B      	BCF        INTCON, 1
;externalinterrupt.c,14 :: 		while(1) { PORTB.B1=state; }
L_main2:
0x0036	0x1283      	BCF        STATUS, 5
0x0037	0x1822      	BTFSC      _state, BitPos(_state+0)
0x0038	0x283B      	GOTO       L__main9
0x0039	0x1086      	BCF        PORTB, 1
0x003A	0x283C      	GOTO       L__main10
L__main9:
0x003B	0x1486      	BSF        PORTB, 1
L__main10:
0x003C	0x2836      	GOTO       L_main2
;externalinterrupt.c,15 :: 		}
L_end_main:
0x003D	0x283D      	GOTO       $+0
; end of _main
Symbol List:
//** Routines locations **
//ADDRESS    SIZE    PROCEDURE
//----------------------------------------------
0x0004      [40]    _interrupt
0x002C      [18]    _main
//** Variables locations ** 
//ADDRESS    SIZE    VARIABLE
//----------------------------------------------
0x0000       [1]    INDF
0x0003       [1]    STATUS
0x0004       [1]    FSR
0x0006       [1]    PORTB
0x000A       [1]    PCLATH
0x000B       [1]    INTCON
0x000B       [0]    INTF_bit
0x0020       [2]    ___DoICPAddr
0x0022       [0]    _state
0x0023       [1]    ___saveSTATUS
0x0024       [1]    ___savePCLATH
0x0070       [1]    R0
0x0071       [1]    R1
0x0072       [1]    R2
0x0073       [1]    R3
0x0074       [1]    R4
0x0075       [1]    R5
0x0076       [1]    R6
0x0077       [1]    R7
0x0078       [1]    R8
0x0079       [1]    R9
0x007A       [1]    R10
0x007B       [1]    R11
0x007C       [1]    R12
0x007D       [1]    R13
0x007E       [1]    R14
0x007F       [1]    R15
0x0081       [0]    INTEDG_bit
0x0086       [1]    TRISB
