;  LST file generated by mikroListExporter - v.2.0 
; Date/Time: 30-Aug-21 6:49:28 PM
;----------------------------------------------

;Address Opcode 	ASM
0x0000	0x29DD      	GOTO       477
_Delay_1us:
;__Lib_Delays.c,7 :: 		void Delay_1us() {
;__Lib_Delays.c,8 :: 		Delay_us(1);
0x0003	0x0000      	NOP
;__Lib_Delays.c,9 :: 		}
L_end_Delay_1us:
0x0004	0x0008      	RETURN
; end of _Delay_1us
_Delay_50us:
;__Lib_Delays.c,19 :: 		void Delay_50us() {
;__Lib_Delays.c,20 :: 		Delay_us(50);
0x0005	0x3010      	MOVLW      16
0x0006	0x1283      	BCF        STATUS, 5
0x0007	0x00DD      	MOVWF      R13
L_Delay_50us2:
0x0008	0x0BDD      	DECFSZ     R13, 1
0x0009	0x2808      	GOTO       L_Delay_50us2
0x000A	0x0000      	NOP
;__Lib_Delays.c,21 :: 		}
L_end_Delay_50us:
0x000B	0x0008      	RETURN
; end of _Delay_50us
_Delay_5500us:
;__Lib_Delays.c,31 :: 		void Delay_5500us() {
;__Lib_Delays.c,32 :: 		Delay_us(5500);
0x000C	0x3008      	MOVLW      8
0x000D	0x1283      	BCF        STATUS, 5
0x000E	0x00DC      	MOVWF      R12
0x000F	0x3023      	MOVLW      35
0x0010	0x00DD      	MOVWF      R13
L_Delay_5500us5:
0x0011	0x0BDD      	DECFSZ     R13, 1
0x0012	0x2811      	GOTO       L_Delay_5500us5
0x0013	0x0BDC      	DECFSZ     R12, 1
0x0014	0x2811      	GOTO       L_Delay_5500us5
;__Lib_Delays.c,33 :: 		}
L_end_Delay_5500us:
0x0015	0x0008      	RETURN
; end of _Delay_5500us
_Lcd_Cmd:
;__Lib_Lcd.c,18 :: 		
;__Lib_Lcd.c,20 :: 		
0x0016	0x1283      	BCF        STATUS, 5
0x0017	0x1BBE      	BTFSC      FARG_Lcd_Cmd_out_char, 7
0x0018	0x281B      	GOTO       L__Lcd_Cmd21
0x0019	0x1287      	BCF        lcd_d7, BitPos(lcd_d7+0)
0x001A	0x281C      	GOTO       L__Lcd_Cmd22
L__Lcd_Cmd21:
0x001B	0x1687      	BSF        lcd_d7, BitPos(lcd_d7+0)
L__Lcd_Cmd22:
;__Lib_Lcd.c,21 :: 		
0x001C	0x1B3E      	BTFSC      FARG_Lcd_Cmd_out_char, 6
0x001D	0x2820      	GOTO       L__Lcd_Cmd23
0x001E	0x1207      	BCF        lcd_d6, BitPos(lcd_d6+0)
0x001F	0x2821      	GOTO       L__Lcd_Cmd24
L__Lcd_Cmd23:
0x0020	0x1607      	BSF        lcd_d6, BitPos(lcd_d6+0)
L__Lcd_Cmd24:
;__Lib_Lcd.c,22 :: 		
0x0021	0x1ABE      	BTFSC      FARG_Lcd_Cmd_out_char, 5
0x0022	0x2825      	GOTO       L__Lcd_Cmd25
0x0023	0x1187      	BCF        lcd_d5, BitPos(lcd_d5+0)
0x0024	0x2826      	GOTO       L__Lcd_Cmd26
L__Lcd_Cmd25:
0x0025	0x1587      	BSF        lcd_d5, BitPos(lcd_d5+0)
L__Lcd_Cmd26:
;__Lib_Lcd.c,23 :: 		
0x0026	0x1A3E      	BTFSC      FARG_Lcd_Cmd_out_char, 4
0x0027	0x282A      	GOTO       L__Lcd_Cmd27
0x0028	0x1107      	BCF        lcd_d4, BitPos(lcd_d4+0)
0x0029	0x282B      	GOTO       L__Lcd_Cmd28
L__Lcd_Cmd27:
0x002A	0x1507      	BSF        lcd_d4, BitPos(lcd_d4+0)
L__Lcd_Cmd28:
;__Lib_Lcd.c,25 :: 		
0x002B	0x1832      	BTFSC      __Lib_Lcd_cmd_status, BitPos(__Lib_Lcd_cmd_status+0)
0x002C	0x282F      	GOTO       L__Lcd_Cmd29
0x002D	0x1407      	BSF        lcd_rs, BitPos(lcd_rs+0)
0x002E	0x2830      	GOTO       L__Lcd_Cmd30
L__Lcd_Cmd29:
0x002F	0x1007      	BCF        lcd_rs, BitPos(lcd_rs+0)
L__Lcd_Cmd30:
;__Lib_Lcd.c,28 :: 		
0x0030	0x1487      	BSF        lcd_en, BitPos(lcd_en+0)
;__Lib_Lcd.c,29 :: 		
0x0031	0x2003      	CALL       _Delay_1us
;__Lib_Lcd.c,30 :: 		
0x0032	0x1087      	BCF        lcd_en, BitPos(lcd_en+0)
;__Lib_Lcd.c,33 :: 		
0x0033	0x19BE      	BTFSC      FARG_Lcd_Cmd_out_char, 3
0x0034	0x2837      	GOTO       L__Lcd_Cmd31
0x0035	0x1287      	BCF        lcd_d7, BitPos(lcd_d7+0)
0x0036	0x2838      	GOTO       L__Lcd_Cmd32
L__Lcd_Cmd31:
0x0037	0x1687      	BSF        lcd_d7, BitPos(lcd_d7+0)
L__Lcd_Cmd32:
;__Lib_Lcd.c,34 :: 		
0x0038	0x193E      	BTFSC      FARG_Lcd_Cmd_out_char, 2
0x0039	0x283C      	GOTO       L__Lcd_Cmd33
0x003A	0x1207      	BCF        lcd_d6, BitPos(lcd_d6+0)
0x003B	0x283D      	GOTO       L__Lcd_Cmd34
L__Lcd_Cmd33:
0x003C	0x1607      	BSF        lcd_d6, BitPos(lcd_d6+0)
L__Lcd_Cmd34:
;__Lib_Lcd.c,35 :: 		
0x003D	0x18BE      	BTFSC      FARG_Lcd_Cmd_out_char, 1
0x003E	0x2841      	GOTO       L__Lcd_Cmd35
0x003F	0x1187      	BCF        lcd_d5, BitPos(lcd_d5+0)
0x0040	0x2842      	GOTO       L__Lcd_Cmd36
L__Lcd_Cmd35:
0x0041	0x1587      	BSF        lcd_d5, BitPos(lcd_d5+0)
L__Lcd_Cmd36:
;__Lib_Lcd.c,36 :: 		
0x0042	0x183E      	BTFSC      FARG_Lcd_Cmd_out_char, 0
0x0043	0x2846      	GOTO       L__Lcd_Cmd37
0x0044	0x1107      	BCF        lcd_d4, BitPos(lcd_d4+0)
0x0045	0x2847      	GOTO       L__Lcd_Cmd38
L__Lcd_Cmd37:
0x0046	0x1507      	BSF        lcd_d4, BitPos(lcd_d4+0)
L__Lcd_Cmd38:
;__Lib_Lcd.c,38 :: 		
0x0047	0x1832      	BTFSC      __Lib_Lcd_cmd_status, BitPos(__Lib_Lcd_cmd_status+0)
0x0048	0x284B      	GOTO       L__Lcd_Cmd39
0x0049	0x1407      	BSF        lcd_rs, BitPos(lcd_rs+0)
0x004A	0x284C      	GOTO       L__Lcd_Cmd40
L__Lcd_Cmd39:
0x004B	0x1007      	BCF        lcd_rs, BitPos(lcd_rs+0)
L__Lcd_Cmd40:
;__Lib_Lcd.c,40 :: 		
0x004C	0x1487      	BSF        lcd_en, BitPos(lcd_en+0)
;__Lib_Lcd.c,41 :: 		
0x004D	0x2003      	CALL       _Delay_1us
;__Lib_Lcd.c,42 :: 		
0x004E	0x1087      	BCF        lcd_en, BitPos(lcd_en+0)
;__Lib_Lcd.c,44 :: 		
0x004F	0x1C32      	BTFSS      __Lib_Lcd_cmd_status, BitPos(__Lib_Lcd_cmd_status+0)
0x0050	0x2853      	GOTO       L_Lcd_Cmd0
;__Lib_Lcd.c,45 :: 		
0x0051	0x200C      	CALL       _Delay_5500us
0x0052	0x2854      	GOTO       L_Lcd_Cmd1
L_Lcd_Cmd0:
;__Lib_Lcd.c,47 :: 		
0x0053	0x2005      	CALL       _Delay_50us
L_Lcd_Cmd1:
;__Lib_Lcd.c,48 :: 		
L_end_Lcd_Cmd:
0x0054	0x0008      	RETURN
; end of _Lcd_Cmd
_____DoICP:
;__Lib_System.c,6 :: 		
;__Lib_System.c,9 :: 		
0x0055	0x1283      	BCF        STATUS, 5
0x0056	0x0836      	MOVF       ___DoICPAddr+1, 0
0x0057	0x008A      	MOVWF      PCLATH
;__Lib_System.c,10 :: 		
0x0058	0x0835      	MOVF       ___DoICPAddr, 0
0x0059	0x0082      	MOVWF      PCL
;__Lib_System.c,12 :: 		
L_end_____DoICP:
0x005A	0x0008      	RETURN
; end of _____DoICP
_Delay_22us:
;__Lib_Delays.c,15 :: 		void Delay_22us() {
;__Lib_Delays.c,16 :: 		Delay_us(22);
0x005B	0x3007      	MOVLW      7
0x005C	0x1283      	BCF        STATUS, 5
0x005D	0x00DD      	MOVWF      R13
L_Delay_22us1:
0x005E	0x0BDD      	DECFSZ     R13, 1
0x005F	0x285E      	GOTO       L_Delay_22us1
;__Lib_Delays.c,17 :: 		}
L_end_Delay_22us:
0x0060	0x0008      	RETURN
; end of _Delay_22us
_Div_16x16_S_L:
;__Lib_Math.c,421 :: 		
;__Lib_Math.c,427 :: 		
0x0061	0x0D51      	RLF        R1, 0
;__Lib_Math.c,428 :: 		
0x0062	0x0DD8      	RLF        R8, 1
;__Lib_Math.c,429 :: 		
0x0063	0x0DD9      	RLF        R9, 1
;__Lib_Math.c,430 :: 		
0x0064	0x0854      	MOVF       R4, 0
;__Lib_Math.c,431 :: 		
0x0065	0x02D8      	SUBWF      R8, 1
;__Lib_Math.c,432 :: 		
0x0066	0x0855      	MOVF       R5, 0
;__Lib_Math.c,433 :: 		
0x0067	0x1C03      	BTFSS      STATUS, 0
;__Lib_Math.c,434 :: 		
0x0068	0x0F55      	INCFSZ     R5, 0
;__Lib_Math.c,435 :: 		
0x0069	0x02D9      	SUBWF      R9, 1
;__Lib_Math.c,436 :: 		
0x006A	0x0DD0      	RLF        R0, 1
;__Lib_Math.c,437 :: 		
0x006B	0x0DD1      	RLF        R1, 1
;__Lib_Math.c,439 :: 		
0x006C	0x300F      	MOVLW      15
;__Lib_Math.c,440 :: 		
0x006D	0x00DC      	MOVWF      R12
;__Lib_Math.c,442 :: 		
0x006E	0x0D51      	RLF        R1, 0
;__Lib_Math.c,443 :: 		
0x006F	0x0DD8      	RLF        R8, 1
;__Lib_Math.c,444 :: 		
0x0070	0x0DD9      	RLF        R9, 1
;__Lib_Math.c,445 :: 		
0x0071	0x0854      	MOVF       R4, 0
;__Lib_Math.c,447 :: 		
0x0072	0x1C50      	BTFSS      R0, 0
;__Lib_Math.c,448 :: 		
0x0073	0x287A      	GOTO       $+7
;__Lib_Math.c,449 :: 		
0x0074	0x02D8      	SUBWF      R8, 1
;__Lib_Math.c,450 :: 		
0x0075	0x0855      	MOVF       R5, 0
;__Lib_Math.c,451 :: 		
0x0076	0x1C03      	BTFSS      STATUS, 0
;__Lib_Math.c,452 :: 		
0x0077	0x0F55      	INCFSZ     R5, 0
;__Lib_Math.c,453 :: 		
0x0078	0x02D9      	SUBWF      R9, 1
;__Lib_Math.c,454 :: 		
0x0079	0x287F      	GOTO       $+6
;__Lib_Math.c,456 :: 		
0x007A	0x07D8      	ADDWF      R8, 1
;__Lib_Math.c,457 :: 		
0x007B	0x0855      	MOVF       R5, 0
;__Lib_Math.c,458 :: 		
0x007C	0x1803      	BTFSC      STATUS, 0
;__Lib_Math.c,459 :: 		
0x007D	0x0F55      	INCFSZ     R5, 0
;__Lib_Math.c,460 :: 		
0x007E	0x07D9      	ADDWF      R9, 1
;__Lib_Math.c,462 :: 		
0x007F	0x0DD0      	RLF        R0, 1
;__Lib_Math.c,463 :: 		
0x0080	0x0DD1      	RLF        R1, 1
;__Lib_Math.c,465 :: 		
0x0081	0x0BDC      	DECFSZ     R12, 1
;__Lib_Math.c,466 :: 		
0x0082	0x286E      	GOTO       $-20
;__Lib_Math.c,468 :: 		
0x0083	0x1850      	BTFSC      R0, 0
;__Lib_Math.c,469 :: 		
0x0084	0x288B      	GOTO       $+7
;__Lib_Math.c,470 :: 		
0x0085	0x0854      	MOVF       R4, 0
;__Lib_Math.c,471 :: 		
0x0086	0x07D8      	ADDWF      R8, 1
;__Lib_Math.c,472 :: 		
0x0087	0x0855      	MOVF       R5, 0
;__Lib_Math.c,473 :: 		
0x0088	0x1803      	BTFSC      STATUS, 0
;__Lib_Math.c,474 :: 		
0x0089	0x0F55      	INCFSZ     R5, 0
;__Lib_Math.c,475 :: 		
0x008A	0x07D9      	ADDWF      R9, 1
;__Lib_Math.c,476 :: 		
0x008B	0x0000      	NOP
;__Lib_Math.c,478 :: 		
L_end_Div_16x16_S_L:
0x008C	0x0008      	RETURN
; end of _Div_16x16_S_L
_Lcd_Chr_CP:
;__Lib_Lcd.c,50 :: 		
;__Lib_Lcd.c,52 :: 		
0x008D	0x1283      	BCF        STATUS, 5
0x008E	0x1032      	BCF        __Lib_Lcd_cmd_status, BitPos(__Lib_Lcd_cmd_status+0)
;__Lib_Lcd.c,53 :: 		
0x008F	0x083D      	MOVF       FARG_Lcd_Chr_CP_out_char, 0
0x0090	0x00BE      	MOVWF      FARG_Lcd_Cmd_out_char
0x0091	0x2016      	CALL       _Lcd_Cmd
;__Lib_Lcd.c,54 :: 		
0x0092	0x1432      	BSF        __Lib_Lcd_cmd_status, BitPos(__Lib_Lcd_cmd_status+0)
;__Lib_Lcd.c,55 :: 		
L_end_Lcd_Chr_CP:
0x0093	0x0008      	RETURN
; end of _Lcd_Chr_CP
_ADC_Read:
;__Lib_ADC_A_B.c,68 :: 		
;__Lib_ADC_A_B.c,70 :: 		
0x0094	0x30C3      	MOVLW      195
0x0095	0x1283      	BCF        STATUS, 5
0x0096	0x059F      	ANDWF      ADCON0, 1
;__Lib_ADC_A_B.c,75 :: 		
0x0097	0x0920      	COMF       _vref_mask, 0
0x0098	0x00D0      	MOVWF      R0
0x0099	0x0850      	MOVF       R0, 0
0x009A	0x059F      	ANDWF      ADCON0, 1
;__Lib_ADC_A_B.c,76 :: 		
0x009B	0x30F0      	MOVLW      240
0x009C	0x1683      	BSF        STATUS, 5
0x009D	0x049F      	IORWF      ADCON1, 1
;__Lib_ADC_A_B.c,77 :: 		
0x009E	0x1283      	BCF        STATUS, 5
0x009F	0x179F      	BSF        ADCON0, 7
;__Lib_ADC_A_B.c,78 :: 		
0x00A0	0x0839      	MOVF       FARG_ADC_Read_channel, 0
0x00A1	0x00D0      	MOVWF      R0
0x00A2	0x0DD0      	RLF        R0, 1
0x00A3	0x1050      	BCF        R0, 0
0x00A4	0x0DD0      	RLF        R0, 1
0x00A5	0x1050      	BCF        R0, 0
0x00A6	0x0850      	MOVF       R0, 0
0x00A7	0x049F      	IORWF      ADCON0, 1
;__Lib_ADC_A_B.c,81 :: 		
0x00A8	0x141F      	BSF        ADCON0, 0
;__Lib_ADC_A_B.c,84 :: 		
0x00A9	0x205B      	CALL       _Delay_22us
;__Lib_ADC_A_B.c,87 :: 		
0x00AA	0x149F      	BSF        ADCON0, 1
;__Lib_ADC_A_B.c,90 :: 		
L_ADC_Read2:
0x00AB	0x1C9F      	BTFSS      ADCON0, 1
0x00AC	0x28AF      	GOTO       L_ADC_Read3
;__Lib_ADC_A_B.c,91 :: 		
0x00AD	0x0000      	NOP
0x00AE	0x28AB      	GOTO       L_ADC_Read2
L_ADC_Read3:
;__Lib_ADC_A_B.c,94 :: 		
0x00AF	0x101F      	BCF        ADCON0, 0
;__Lib_ADC_A_B.c,97 :: 		
0x00B0	0x081E      	MOVF       ADRESH, 0
0x00B1	0x00D1      	MOVWF      R0+1
0x00B2	0x01D0      	CLRF       R0
0x00B3	0x1683      	BSF        STATUS, 5
0x00B4	0x081E      	MOVF       ADRESL, 0
0x00B5	0x04D0      	IORWF      R0, 1
0x00B6	0x3000      	MOVLW      0
0x00B7	0x04D1      	IORWF      R0+1, 1
;__Lib_ADC_A_B.c,98 :: 		
L_end_ADC_Read:
0x00B8	0x0008      	RETURN
; end of _ADC_Read
_Lcd_Out:
;__Lib_Lcd.c,184 :: 		
;__Lib_Lcd.c,187 :: 		
0x00B9	0x28CA      	GOTO       L_Lcd_Out11
;__Lib_Lcd.c,188 :: 		
L_Lcd_Out13:
0x00BA	0x3080      	MOVLW      128
0x00BB	0x1283      	BCF        STATUS, 5
0x00BC	0x00B9      	MOVWF      FARG_Lcd_Out_row
0x00BD	0x28DB      	GOTO       L_Lcd_Out12
;__Lib_Lcd.c,189 :: 		
L_Lcd_Out14:
0x00BE	0x30C0      	MOVLW      192
0x00BF	0x00B9      	MOVWF      FARG_Lcd_Out_row
0x00C0	0x28DB      	GOTO       L_Lcd_Out12
;__Lib_Lcd.c,190 :: 		
L_Lcd_Out15:
0x00C1	0x3094      	MOVLW      148
0x00C2	0x00B9      	MOVWF      FARG_Lcd_Out_row
0x00C3	0x28DB      	GOTO       L_Lcd_Out12
;__Lib_Lcd.c,191 :: 		
L_Lcd_Out16:
0x00C4	0x30D4      	MOVLW      212
0x00C5	0x00B9      	MOVWF      FARG_Lcd_Out_row
0x00C6	0x28DB      	GOTO       L_Lcd_Out12
;__Lib_Lcd.c,192 :: 		
L_Lcd_Out17:
0x00C7	0x3080      	MOVLW      128
0x00C8	0x00B9      	MOVWF      FARG_Lcd_Out_row
;__Lib_Lcd.c,193 :: 		
0x00C9	0x28DB      	GOTO       L_Lcd_Out12
L_Lcd_Out11:
0x00CA	0x0839      	MOVF       FARG_Lcd_Out_row, 0
0x00CB	0x3A01      	XORLW      1
0x00CC	0x1903      	BTFSC      STATUS, 2
0x00CD	0x28BA      	GOTO       L_Lcd_Out13
0x00CE	0x0839      	MOVF       FARG_Lcd_Out_row, 0
0x00CF	0x3A02      	XORLW      2
0x00D0	0x1903      	BTFSC      STATUS, 2
0x00D1	0x28BE      	GOTO       L_Lcd_Out14
0x00D2	0x0839      	MOVF       FARG_Lcd_Out_row, 0
0x00D3	0x3A03      	XORLW      3
0x00D4	0x1903      	BTFSC      STATUS, 2
0x00D5	0x28C1      	GOTO       L_Lcd_Out15
0x00D6	0x0839      	MOVF       FARG_Lcd_Out_row, 0
0x00D7	0x3A04      	XORLW      4
0x00D8	0x1903      	BTFSC      STATUS, 2
0x00D9	0x28C4      	GOTO       L_Lcd_Out16
0x00DA	0x28C7      	GOTO       L_Lcd_Out17
L_Lcd_Out12:
;__Lib_Lcd.c,194 :: 		
0x00DB	0x033A      	DECF       FARG_Lcd_Out_column, 0
0x00DC	0x00D0      	MOVWF      R0
0x00DD	0x0839      	MOVF       FARG_Lcd_Out_row, 0
0x00DE	0x07D0      	ADDWF      R0, 1
0x00DF	0x0850      	MOVF       R0, 0
0x00E0	0x00B9      	MOVWF      FARG_Lcd_Out_row
;__Lib_Lcd.c,196 :: 		
0x00E1	0x0850      	MOVF       R0, 0
0x00E2	0x00BE      	MOVWF      FARG_Lcd_Cmd_out_char
0x00E3	0x2016      	CALL       _Lcd_Cmd
;__Lib_Lcd.c,197 :: 		
0x00E4	0x1032      	BCF        __Lib_Lcd_cmd_status, BitPos(__Lib_Lcd_cmd_status+0)
;__Lib_Lcd.c,198 :: 		
0x00E5	0x01BC      	CLRF       Lcd_Out_i_L0
;__Lib_Lcd.c,199 :: 		
L_Lcd_Out18:
0x00E6	0x083C      	MOVF       Lcd_Out_i_L0, 0
0x00E7	0x073B      	ADDWF      FARG_Lcd_Out_text, 0
0x00E8	0x0084      	MOVWF      FSR
0x00E9	0x0800      	MOVF       INDF, 0
0x00EA	0x1903      	BTFSC      STATUS, 2
0x00EB	0x28F4      	GOTO       L_Lcd_Out19
;__Lib_Lcd.c,200 :: 		
0x00EC	0x083C      	MOVF       Lcd_Out_i_L0, 0
0x00ED	0x073B      	ADDWF      FARG_Lcd_Out_text, 0
0x00EE	0x0084      	MOVWF      FSR
0x00EF	0x0800      	MOVF       INDF, 0
0x00F0	0x00BD      	MOVWF      FARG_Lcd_Chr_CP_out_char
0x00F1	0x208D      	CALL       _Lcd_Chr_CP
0x00F2	0x0ABC      	INCF       Lcd_Out_i_L0, 1
0x00F3	0x28E6      	GOTO       L_Lcd_Out18
L_Lcd_Out19:
;__Lib_Lcd.c,201 :: 		
0x00F4	0x1432      	BSF        __Lib_Lcd_cmd_status, BitPos(__Lib_Lcd_cmd_status+0)
;__Lib_Lcd.c,202 :: 		
L_end_Lcd_Out:
0x00F5	0x0008      	RETURN
; end of _Lcd_Out
_Div_8X8_U:
;__Lib_Math.c,189 :: 		
;__Lib_Math.c,196 :: 		
0x00F6	0x1283      	BCF        STATUS, 5
;__Lib_Math.c,197 :: 		
0x00F7	0x1303      	BCF        STATUS, 6
;__Lib_Math.c,198 :: 		
0x00F8	0x01D8      	CLRF       R8
;__Lib_Math.c,199 :: 		
0x00F9	0x3008      	MOVLW      8
;__Lib_Math.c,200 :: 		
0x00FA	0x00DC      	MOVWF      R12
;__Lib_Math.c,201 :: 		
0x00FB	0x0D50      	RLF        R0, 0
;__Lib_Math.c,202 :: 		
0x00FC	0x0DD8      	RLF        R8, 1
;__Lib_Math.c,203 :: 		
0x00FD	0x0854      	MOVF       R4, 0
;__Lib_Math.c,204 :: 		
0x00FE	0x02D8      	SUBWF      R8, 1
;__Lib_Math.c,205 :: 		
0x00FF	0x1803      	BTFSC      STATUS, 0
;__Lib_Math.c,206 :: 		
0x0100	0x2903      	GOTO       $+3
;__Lib_Math.c,207 :: 		
0x0101	0x07D8      	ADDWF      R8, 1
;__Lib_Math.c,208 :: 		
0x0102	0x1003      	BCF        STATUS, 0
;__Lib_Math.c,209 :: 		
0x0103	0x0DD0      	RLF        R0, 1
;__Lib_Math.c,210 :: 		
0x0104	0x0BDC      	DECFSZ     R12, 1
;__Lib_Math.c,211 :: 		
0x0105	0x28FB      	GOTO       $-10
;__Lib_Math.c,213 :: 		
L_end_Div_8X8_U:
0x0106	0x0008      	RETURN
; end of _Div_8X8_U
_Div_16x16_S:
;__Lib_Math.c,480 :: 		
;__Lib_Math.c,488 :: 		
0x0107	0x1283      	BCF        STATUS, 5
0x0108	0x0854      	MOVF       R4, 0
0x0109	0x3A00      	XORLW      0
0x010A	0x1D03      	BTFSS      STATUS, 2
0x010B	0x2915      	GOTO       L_Div_16x16_S0
;__Lib_Math.c,489 :: 		
0x010C	0x0855      	MOVF       R5, 0
0x010D	0x3A00      	XORLW      0
0x010E	0x1D03      	BTFSS      STATUS, 2
0x010F	0x2915      	GOTO       L_Div_16x16_S1
;__Lib_Math.c,490 :: 		
0x0110	0x30FF      	MOVLW      255
0x0111	0x00D0      	MOVWF      R0
;__Lib_Math.c,491 :: 		
0x0112	0x307F      	MOVLW      127
0x0113	0x00D1      	MOVWF      R1
;__Lib_Math.c,492 :: 		
0x0114	0x296E      	GOTO       L_end_Div_16x16_S
;__Lib_Math.c,493 :: 		
L_Div_16x16_S1:
L_Div_16x16_S0:
;__Lib_Math.c,496 :: 		
0x0115	0x1283      	BCF        STATUS, 5
;__Lib_Math.c,497 :: 		
0x0116	0x1303      	BCF        STATUS, 6
;__Lib_Math.c,498 :: 		
0x0117	0x01DD      	CLRF       R13
;__Lib_Math.c,499 :: 		
0x0118	0x01D9      	CLRF       R9
;__Lib_Math.c,500 :: 		
0x0119	0x01D8      	CLRF       R8
;__Lib_Math.c,501 :: 		
0x011A	0x0851      	MOVF       R1, 0
;__Lib_Math.c,502 :: 		
0x011B	0x0450      	IORWF      R0, 0
;__Lib_Math.c,503 :: 		
0x011C	0x1903      	BTFSC      STATUS, 2
;__Lib_Math.c,504 :: 		
0x011D	0x3400      	RETLW      0
;__Lib_Math.c,506 :: 		
0x011E	0x0851      	MOVF       R1, 0
;__Lib_Math.c,507 :: 		
0x011F	0x0655      	XORWF      R5, 0
;__Lib_Math.c,508 :: 		
0x0120	0x00DA      	MOVWF      R10
;__Lib_Math.c,509 :: 		
0x0121	0x1BDA      	BTFSC      R10, 7
;__Lib_Math.c,510 :: 		
0x0122	0x09DD      	COMF       R13, 1
;__Lib_Math.c,512 :: 		
0x0123	0x01DB      	CLRF       R11
;__Lib_Math.c,514 :: 		
0x0124	0x1FD5      	BTFSS      R5, 7
;__Lib_Math.c,515 :: 		
0x0125	0x292B      	GOTO       $+6
;__Lib_Math.c,517 :: 		
0x0126	0x09D4      	COMF       R4, 1
;__Lib_Math.c,518 :: 		
0x0127	0x09D5      	COMF       R5, 1
;__Lib_Math.c,519 :: 		
0x0128	0x0AD4      	INCF       R4, 1
;__Lib_Math.c,520 :: 		
0x0129	0x1903      	BTFSC      STATUS, 2
;__Lib_Math.c,521 :: 		
0x012A	0x0AD5      	INCF       R5, 1
;__Lib_Math.c,523 :: 		
0x012B	0x1FD1      	BTFSS      R1, 7
;__Lib_Math.c,524 :: 		
0x012C	0x2932      	GOTO       $+6
;__Lib_Math.c,526 :: 		
0x012D	0x09D0      	COMF       R0, 1
;__Lib_Math.c,527 :: 		
0x012E	0x09D1      	COMF       R1, 1
;__Lib_Math.c,528 :: 		
0x012F	0x0AD0      	INCF       R0, 1
;__Lib_Math.c,529 :: 		
0x0130	0x1903      	BTFSC      STATUS, 2
;__Lib_Math.c,530 :: 		
0x0131	0x0AD1      	INCF       R1, 1
;__Lib_Math.c,532 :: 		
0x0132	0x0851      	MOVF       R1, 0
;__Lib_Math.c,533 :: 		
0x0133	0x0455      	IORWF      R5, 0
;__Lib_Math.c,534 :: 		
0x0134	0x00DA      	MOVWF      R10
;__Lib_Math.c,535 :: 		
0x0135	0x1BDA      	BTFSC      R10, 7
;__Lib_Math.c,536 :: 		
0x0136	0x2947      	GOTO       $+17
;__Lib_Math.c,538 :: 		
0x0137	0x2061      	CALL       _Div_16x16_S_L
;__Lib_Math.c,540 :: 		
0x0138	0x185B      	BTFSC      R11, 0
;__Lib_Math.c,541 :: 		
0x0139	0x295A      	GOTO       $+33
;__Lib_Math.c,543 :: 		
0x013A	0x1FDD      	BTFSS      R13, 7
;__Lib_Math.c,544 :: 		
0x013B	0x3400      	RETLW      0
;__Lib_Math.c,546 :: 		
0x013C	0x09D0      	COMF       R0, 1
;__Lib_Math.c,547 :: 		
0x013D	0x09D1      	COMF       R1, 1
;__Lib_Math.c,548 :: 		
0x013E	0x0AD0      	INCF       R0, 1
;__Lib_Math.c,549 :: 		
0x013F	0x1903      	BTFSC      STATUS, 2
;__Lib_Math.c,550 :: 		
0x0140	0x0AD1      	INCF       R1, 1
;__Lib_Math.c,552 :: 		
0x0141	0x09D8      	COMF       R8, 1
;__Lib_Math.c,553 :: 		
0x0142	0x09D9      	COMF       R9, 1
;__Lib_Math.c,554 :: 		
0x0143	0x0AD8      	INCF       R8, 1
;__Lib_Math.c,555 :: 		
0x0144	0x1903      	BTFSC      STATUS, 2
;__Lib_Math.c,556 :: 		
0x0145	0x0AD9      	INCF       R9, 1
;__Lib_Math.c,558 :: 		
0x0146	0x3400      	RETLW      0
;__Lib_Math.c,560 :: 		
0x0147	0x1FD5      	BTFSS      R5, 7
;__Lib_Math.c,561 :: 		
0x0148	0x2956      	GOTO       $+14
;__Lib_Math.c,562 :: 		
0x0149	0x1BD1      	BTFSC      R1, 7
;__Lib_Math.c,563 :: 		
0x014A	0x2952      	GOTO       $+8
;__Lib_Math.c,564 :: 		
0x014B	0x0851      	MOVF       R1, 0
;__Lib_Math.c,565 :: 		
0x014C	0x00D9      	MOVWF      R9
;__Lib_Math.c,566 :: 		
0x014D	0x0850      	MOVF       R0, 0
;__Lib_Math.c,567 :: 		
0x014E	0x00D8      	MOVWF      R8
;__Lib_Math.c,568 :: 		
0x014F	0x01D1      	CLRF       R1
;__Lib_Math.c,569 :: 		
0x0150	0x01D0      	CLRF       R0
;__Lib_Math.c,570 :: 		
0x0151	0x293A      	GOTO       $-23
;__Lib_Math.c,571 :: 		
0x0152	0x01D1      	CLRF       R1
;__Lib_Math.c,572 :: 		
0x0153	0x01D0      	CLRF       R0
;__Lib_Math.c,573 :: 		
0x0154	0x0AD0      	INCF       R0, 1
;__Lib_Math.c,574 :: 		
0x0155	0x3400      	RETLW      0
;__Lib_Math.c,576 :: 		
0x0156	0x09D1      	COMF       R1, 1
;__Lib_Math.c,577 :: 		
0x0157	0x09D0      	COMF       R0, 1
;__Lib_Math.c,578 :: 		
0x0158	0x0ADB      	INCF       R11, 1
;__Lib_Math.c,579 :: 		
0x0159	0x2937      	GOTO       $-34
;__Lib_Math.c,581 :: 		
0x015A	0x0AD8      	INCF       R8, 1
;__Lib_Math.c,582 :: 		
0x015B	0x1903      	BTFSC      STATUS, 2
;__Lib_Math.c,583 :: 		
0x015C	0x0AD9      	INCF       R9, 1
;__Lib_Math.c,584 :: 		
0x015D	0x0854      	MOVF       R4, 0
;__Lib_Math.c,585 :: 		
0x015E	0x0258      	SUBWF      R8, 0
;__Lib_Math.c,586 :: 		
0x015F	0x1D03      	BTFSS      STATUS, 2
;__Lib_Math.c,587 :: 		
0x0160	0x293A      	GOTO       $-38
;__Lib_Math.c,588 :: 		
0x0161	0x0855      	MOVF       R5, 0
;__Lib_Math.c,589 :: 		
0x0162	0x0259      	SUBWF      R9, 0
;__Lib_Math.c,590 :: 		
0x0163	0x1D03      	BTFSS      STATUS, 2
;__Lib_Math.c,591 :: 		
0x0164	0x293A      	GOTO       $-42
;__Lib_Math.c,592 :: 		
0x0165	0x01D9      	CLRF       R9
;__Lib_Math.c,593 :: 		
0x0166	0x01D8      	CLRF       R8
;__Lib_Math.c,594 :: 		
0x0167	0x0AD0      	INCF       R0, 1
;__Lib_Math.c,595 :: 		
0x0168	0x1903      	BTFSC      STATUS, 2
;__Lib_Math.c,596 :: 		
0x0169	0x0AD1      	INCF       R1, 1
;__Lib_Math.c,597 :: 		
0x016A	0x1FD1      	BTFSS      R1, 7
;__Lib_Math.c,598 :: 		
0x016B	0x293A      	GOTO       $-49
;__Lib_Math.c,599 :: 		
0x016C	0x0000      	NOP
;__Lib_Math.c,600 :: 		
0x016D	0x34FF      	RETLW      255
;__Lib_Math.c,602 :: 		
L_end_Div_16x16_S:
0x016E	0x0008      	RETURN
; end of _Div_16x16_S
_Lcd_Init:
;__Lib_Lcd.c,84 :: 		
;__Lib_Lcd.c,86 :: 		
0x016F	0x1683      	BSF        STATUS, 5
0x0170	0x1087      	BCF        lcd_en_direction, BitPos(lcd_en_direction+0)
;__Lib_Lcd.c,87 :: 		
0x0171	0x1007      	BCF        lcd_rs_direction, BitPos(lcd_rs_direction+0)
;__Lib_Lcd.c,88 :: 		
0x0172	0x1107      	BCF        lcd_d4_direction, BitPos(lcd_d4_direction+0)
;__Lib_Lcd.c,89 :: 		
0x0173	0x1187      	BCF        lcd_d5_direction, BitPos(lcd_d5_direction+0)
;__Lib_Lcd.c,90 :: 		
0x0174	0x1207      	BCF        lcd_d6_direction, BitPos(lcd_d6_direction+0)
;__Lib_Lcd.c,91 :: 		
0x0175	0x1287      	BCF        lcd_d7_direction, BitPos(lcd_d7_direction+0)
;__Lib_Lcd.c,93 :: 		
0x0176	0x1283      	BCF        STATUS, 5
0x0177	0x1087      	BCF        lcd_en, BitPos(lcd_en+0)
;__Lib_Lcd.c,94 :: 		
0x0178	0x1007      	BCF        lcd_rs, BitPos(lcd_rs+0)
;__Lib_Lcd.c,95 :: 		
0x0179	0x1287      	BCF        lcd_d7, BitPos(lcd_d7+0)
;__Lib_Lcd.c,96 :: 		
0x017A	0x1207      	BCF        lcd_d6, BitPos(lcd_d6+0)
;__Lib_Lcd.c,97 :: 		
0x017B	0x1187      	BCF        lcd_d5, BitPos(lcd_d5+0)
;__Lib_Lcd.c,98 :: 		
0x017C	0x1107      	BCF        lcd_d4, BitPos(lcd_d4+0)
;__Lib_Lcd.c,100 :: 		
0x017D	0x200C      	CALL       _Delay_5500us
;__Lib_Lcd.c,101 :: 		
0x017E	0x200C      	CALL       _Delay_5500us
;__Lib_Lcd.c,102 :: 		
0x017F	0x200C      	CALL       _Delay_5500us
;__Lib_Lcd.c,105 :: 		
0x0180	0x1587      	BSF        lcd_d5, BitPos(lcd_d5+0)
;__Lib_Lcd.c,106 :: 		
0x0181	0x1507      	BSF        lcd_d4, BitPos(lcd_d4+0)
;__Lib_Lcd.c,107 :: 		
0x0182	0x1487      	BSF        lcd_en, BitPos(lcd_en+0)
;__Lib_Lcd.c,108 :: 		
0x0183	0x2003      	CALL       _Delay_1us
;__Lib_Lcd.c,109 :: 		
0x0184	0x1087      	BCF        lcd_en, BitPos(lcd_en+0)
;__Lib_Lcd.c,110 :: 		
0x0185	0x200C      	CALL       _Delay_5500us
;__Lib_Lcd.c,112 :: 		
0x0186	0x1487      	BSF        lcd_en, BitPos(lcd_en+0)
;__Lib_Lcd.c,113 :: 		
0x0187	0x2003      	CALL       _Delay_1us
;__Lib_Lcd.c,114 :: 		
0x0188	0x1087      	BCF        lcd_en, BitPos(lcd_en+0)
;__Lib_Lcd.c,115 :: 		
0x0189	0x200C      	CALL       _Delay_5500us
;__Lib_Lcd.c,117 :: 		
0x018A	0x1487      	BSF        lcd_en, BitPos(lcd_en+0)
;__Lib_Lcd.c,118 :: 		
0x018B	0x2003      	CALL       _Delay_1us
;__Lib_Lcd.c,119 :: 		
0x018C	0x1087      	BCF        lcd_en, BitPos(lcd_en+0)
;__Lib_Lcd.c,120 :: 		
0x018D	0x200C      	CALL       _Delay_5500us
;__Lib_Lcd.c,123 :: 		
0x018E	0x1107      	BCF        lcd_d4, BitPos(lcd_d4+0)
;__Lib_Lcd.c,124 :: 		
0x018F	0x1487      	BSF        lcd_en, BitPos(lcd_en+0)
;__Lib_Lcd.c,125 :: 		
0x0190	0x2003      	CALL       _Delay_1us
;__Lib_Lcd.c,126 :: 		
0x0191	0x1087      	BCF        lcd_en, BitPos(lcd_en+0)
;__Lib_Lcd.c,127 :: 		
0x0192	0x200C      	CALL       _Delay_5500us
;__Lib_Lcd.c,130 :: 		
0x0193	0x1487      	BSF        lcd_en, BitPos(lcd_en+0)
;__Lib_Lcd.c,131 :: 		
0x0194	0x2003      	CALL       _Delay_1us
;__Lib_Lcd.c,132 :: 		
0x0195	0x1087      	BCF        lcd_en, BitPos(lcd_en+0)
;__Lib_Lcd.c,134 :: 		
0x0196	0x1187      	BCF        lcd_d5, BitPos(lcd_d5+0)
;__Lib_Lcd.c,135 :: 		
0x0197	0x1687      	BSF        lcd_d7, BitPos(lcd_d7+0)
;__Lib_Lcd.c,136 :: 		
0x0198	0x1487      	BSF        lcd_en, BitPos(lcd_en+0)
;__Lib_Lcd.c,137 :: 		
0x0199	0x2003      	CALL       _Delay_1us
;__Lib_Lcd.c,138 :: 		
0x019A	0x1087      	BCF        lcd_en, BitPos(lcd_en+0)
;__Lib_Lcd.c,139 :: 		
0x019B	0x200C      	CALL       _Delay_5500us
;__Lib_Lcd.c,142 :: 		
0x019C	0x1287      	BCF        lcd_d7, BitPos(lcd_d7+0)
;__Lib_Lcd.c,143 :: 		
0x019D	0x1507      	BSF        lcd_d4, BitPos(lcd_d4+0)
;__Lib_Lcd.c,144 :: 		
0x019E	0x1487      	BSF        lcd_en, BitPos(lcd_en+0)
;__Lib_Lcd.c,145 :: 		
0x019F	0x2003      	CALL       _Delay_1us
;__Lib_Lcd.c,146 :: 		
0x01A0	0x1087      	BCF        lcd_en, BitPos(lcd_en+0)
;__Lib_Lcd.c,148 :: 		
0x01A1	0x1107      	BCF        lcd_d4, BitPos(lcd_d4+0)
;__Lib_Lcd.c,149 :: 		
0x01A2	0x1487      	BSF        lcd_en, BitPos(lcd_en+0)
;__Lib_Lcd.c,150 :: 		
0x01A3	0x2003      	CALL       _Delay_1us
;__Lib_Lcd.c,151 :: 		
0x01A4	0x1087      	BCF        lcd_en, BitPos(lcd_en+0)
;__Lib_Lcd.c,152 :: 		
0x01A5	0x200C      	CALL       _Delay_5500us
;__Lib_Lcd.c,155 :: 		
0x01A6	0x1487      	BSF        lcd_en, BitPos(lcd_en+0)
;__Lib_Lcd.c,156 :: 		
0x01A7	0x2003      	CALL       _Delay_1us
;__Lib_Lcd.c,157 :: 		
0x01A8	0x1087      	BCF        lcd_en, BitPos(lcd_en+0)
;__Lib_Lcd.c,159 :: 		
0x01A9	0x1507      	BSF        lcd_d4, BitPos(lcd_d4+0)
;__Lib_Lcd.c,160 :: 		
0x01AA	0x1487      	BSF        lcd_en, BitPos(lcd_en+0)
;__Lib_Lcd.c,161 :: 		
0x01AB	0x2003      	CALL       _Delay_1us
;__Lib_Lcd.c,162 :: 		
0x01AC	0x1087      	BCF        lcd_en, BitPos(lcd_en+0)
;__Lib_Lcd.c,163 :: 		
0x01AD	0x200C      	CALL       _Delay_5500us
;__Lib_Lcd.c,166 :: 		
0x01AE	0x1107      	BCF        lcd_d4, BitPos(lcd_d4+0)
;__Lib_Lcd.c,167 :: 		
0x01AF	0x1487      	BSF        lcd_en, BitPos(lcd_en+0)
;__Lib_Lcd.c,168 :: 		
0x01B0	0x2003      	CALL       _Delay_1us
;__Lib_Lcd.c,169 :: 		
0x01B1	0x1087      	BCF        lcd_en, BitPos(lcd_en+0)
;__Lib_Lcd.c,171 :: 		
0x01B2	0x1687      	BSF        lcd_d7, BitPos(lcd_d7+0)
;__Lib_Lcd.c,172 :: 		
0x01B3	0x1607      	BSF        lcd_d6, BitPos(lcd_d6+0)
;__Lib_Lcd.c,173 :: 		
0x01B4	0x1587      	BSF        lcd_d5, BitPos(lcd_d5+0)
;__Lib_Lcd.c,174 :: 		
0x01B5	0x1507      	BSF        lcd_d4, BitPos(lcd_d4+0)
;__Lib_Lcd.c,175 :: 		
0x01B6	0x1487      	BSF        lcd_en, BitPos(lcd_en+0)
;__Lib_Lcd.c,176 :: 		
0x01B7	0x2003      	CALL       _Delay_1us
;__Lib_Lcd.c,177 :: 		
0x01B8	0x1087      	BCF        lcd_en, BitPos(lcd_en+0)
;__Lib_Lcd.c,179 :: 		
0x01B9	0x200C      	CALL       _Delay_5500us
;__Lib_Lcd.c,181 :: 		
0x01BA	0x1432      	BSF        __Lib_Lcd_cmd_status, BitPos(__Lib_Lcd_cmd_status+0)
;__Lib_Lcd.c,182 :: 		
L_end_Lcd_Init:
0x01BB	0x0008      	RETURN
; end of _Lcd_Init
___CC2DW:
;__Lib_System.c,134 :: 		
;__Lib_System.c,137 :: 		
_CC2D_Loop1:
;__Lib_System.c,139 :: 		
0x01BC	0x2055      	CALL       _____DoICP
0x01BD	0x118A      	BCF        PCLATH, 3
0x01BE	0x120A      	BCF        PCLATH, 4
;__Lib_System.c,141 :: 		
0x01BF	0x0080      	MOVWF      INDF
;__Lib_System.c,142 :: 		
0x01C0	0x0A84      	INCF       FSR, 1
;__Lib_System.c,143 :: 		
0x01C1	0x0AB5      	INCF       ___DoICPAddr, 1
;__Lib_System.c,145 :: 		
0x01C2	0x1903      	BTFSC      STATUS, 2
;__Lib_System.c,146 :: 		
0x01C3	0x0AB6      	INCF       ___DoICPAddr+1, 1
;__Lib_System.c,147 :: 		
0x01C4	0x03D0      	DECF       R0, 1
;__Lib_System.c,149 :: 		
0x01C5	0x1D03      	BTFSS      STATUS, 2
;__Lib_System.c,150 :: 		
0x01C6	0x29BC      	GOTO       _CC2D_Loop1
;__Lib_System.c,152 :: 		
L_end___CC2DW:
0x01C7	0x0008      	RETURN
; end of ___CC2DW
_ADC_Init:
;__Lib_ADC_A_B.c,13 :: 		
;__Lib_ADC_A_B.c,14 :: 		
0x01C8	0x30FF      	MOVLW      _ADC_Get_Sample
0x01C9	0x1283      	BCF        STATUS, 5
0x01CA	0x00A9      	MOVWF      _ADC_Get_Sample_Ptr
0x01CB	0x30FF      	MOVLW      hi_addr(_ADC_Get_Sample)
0x01CC	0x00AA      	MOVWF      _ADC_Get_Sample_Ptr+1
0x01CD	0x30FF      	MOVLW      FARG_ADC_Get_Sample_channel
0x01CE	0x00AB      	MOVWF      _ADC_Get_Sample_Ptr+2
0x01CF	0x30FF      	MOVLW      hi_addr(FARG_ADC_Get_Sample_channel)
;__Lib_ADC_A_B.c,16 :: 		
0x01D0	0x30C3      	MOVLW      195
0x01D1	0x059F      	ANDWF      ADCON0, 1
;__Lib_ADC_A_B.c,21 :: 		
0x01D2	0x0920      	COMF       _vref_mask, 0
0x01D3	0x00D0      	MOVWF      R0
0x01D4	0x0850      	MOVF       R0, 0
0x01D5	0x059F      	ANDWF      ADCON0, 1
;__Lib_ADC_A_B.c,22 :: 		
0x01D6	0x30F0      	MOVLW      240
0x01D7	0x1683      	BSF        STATUS, 5
0x01D8	0x049F      	IORWF      ADCON1, 1
;__Lib_ADC_A_B.c,23 :: 		
0x01D9	0x1283      	BCF        STATUS, 5
0x01DA	0x179F      	BSF        ADCON0, 7
;__Lib_ADC_A_B.c,25 :: 		
0x01DB	0x141F      	BSF        ADCON0, 0
;__Lib_ADC_A_B.c,26 :: 		
L_end_ADC_Init:
0x01DC	0x0008      	RETURN
; end of _ADC_Init
_main:
0x01DD	0x2254      	CALL       596
;dvm.c,18 :: 		void main() {
;dvm.c,19 :: 		ansel=0x02;
0x01DE	0x3002      	MOVLW      2
0x01DF	0x1683      	BSF        STATUS, 5
0x01E0	0x0091      	MOVWF      ANSEL
;dvm.c,20 :: 		trisa=0xff;
0x01E1	0x30FF      	MOVLW      255
0x01E2	0x0085      	MOVWF      TRISA
;dvm.c,21 :: 		adc_init();
0x01E3	0x21C8      	CALL       _ADC_Init
;dvm.c,23 :: 		lcd_init();
0x01E4	0x216F      	CALL       _Lcd_Init
;dvm.c,24 :: 		lcd_cmd(_lcd_cursor_off);
0x01E5	0x300C      	MOVLW      12
0x01E6	0x00BE      	MOVWF      FARG_Lcd_Cmd_out_char
0x01E7	0x2016      	CALL       _Lcd_Cmd
;dvm.c,25 :: 		lcd_out(1,1,"Value= ");
0x01E8	0x3001      	MOVLW      1
0x01E9	0x00B9      	MOVWF      FARG_Lcd_Out_row
0x01EA	0x3001      	MOVLW      1
0x01EB	0x00BA      	MOVWF      FARG_Lcd_Out_column
0x01EC	0x3021      	MOVLW      ?lstr1_dvm
0x01ED	0x00BB      	MOVWF      FARG_Lcd_Out_text
0x01EE	0x20B9      	CALL       _Lcd_Out
;dvm.c,26 :: 		while(1){
L_main0:
;dvm.c,28 :: 		value=adc_read(2);
0x01EF	0x3002      	MOVLW      2
0x01F0	0x00B9      	MOVWF      FARG_ADC_Read_channel
0x01F1	0x2094      	CALL       _ADC_Read
0x01F2	0x0850      	MOVF       R0, 0
0x01F3	0x00B7      	MOVWF      FLOC__main
0x01F4	0x0851      	MOVF       R0+1, 0
0x01F5	0x00B8      	MOVWF      FLOC__main+1
0x01F6	0x0837      	MOVF       FLOC__main, 0
0x01F7	0x00B3      	MOVWF      _value
0x01F8	0x0838      	MOVF       FLOC__main+1, 0
0x01F9	0x00B4      	MOVWF      _value+1
;dvm.c,29 :: 		txt[0]=(char)(value/1000)%10+48;
0x01FA	0x30E8      	MOVLW      232
0x01FB	0x00D4      	MOVWF      R4
0x01FC	0x3003      	MOVLW      3
0x01FD	0x00D5      	MOVWF      R4+1
0x01FE	0x0837      	MOVF       FLOC__main, 0
0x01FF	0x00D0      	MOVWF      R0
0x0200	0x0838      	MOVF       FLOC__main+1, 0
0x0201	0x00D1      	MOVWF      R0+1
0x0202	0x2107      	CALL       _Div_16x16_S
0x0203	0x300A      	MOVLW      10
0x0204	0x00D4      	MOVWF      R4
0x0205	0x20F6      	CALL       _Div_8X8_U
0x0206	0x0858      	MOVF       R8, 0
0x0207	0x00D0      	MOVWF      R0
0x0208	0x3030      	MOVLW      48
0x0209	0x0750      	ADDWF      R0, 0
0x020A	0x00AC      	MOVWF      _txt
;dvm.c,30 :: 		txt[1]=(char)(value/100)%10+48 ;
0x020B	0x3064      	MOVLW      100
0x020C	0x00D4      	MOVWF      R4
0x020D	0x3000      	MOVLW      0
0x020E	0x00D5      	MOVWF      R4+1
0x020F	0x0837      	MOVF       FLOC__main, 0
0x0210	0x00D0      	MOVWF      R0
0x0211	0x0838      	MOVF       FLOC__main+1, 0
0x0212	0x00D1      	MOVWF      R0+1
0x0213	0x2107      	CALL       _Div_16x16_S
0x0214	0x300A      	MOVLW      10
0x0215	0x00D4      	MOVWF      R4
0x0216	0x20F6      	CALL       _Div_8X8_U
0x0217	0x0858      	MOVF       R8, 0
0x0218	0x00D0      	MOVWF      R0
0x0219	0x3030      	MOVLW      48
0x021A	0x0750      	ADDWF      R0, 0
0x021B	0x00AD      	MOVWF      _txt+1
;dvm.c,31 :: 		txt[2]=(char)(value/10)%10+48 ;
0x021C	0x300A      	MOVLW      10
0x021D	0x00D4      	MOVWF      R4
0x021E	0x3000      	MOVLW      0
0x021F	0x00D5      	MOVWF      R4+1
0x0220	0x0837      	MOVF       FLOC__main, 0
0x0221	0x00D0      	MOVWF      R0
0x0222	0x0838      	MOVF       FLOC__main+1, 0
0x0223	0x00D1      	MOVWF      R0+1
0x0224	0x2107      	CALL       _Div_16x16_S
0x0225	0x300A      	MOVLW      10
0x0226	0x00D4      	MOVWF      R4
0x0227	0x20F6      	CALL       _Div_8X8_U
0x0228	0x0858      	MOVF       R8, 0
0x0229	0x00D0      	MOVWF      R0
0x022A	0x3030      	MOVLW      48
0x022B	0x0750      	ADDWF      R0, 0
0x022C	0x00AE      	MOVWF      _txt+2
;dvm.c,32 :: 		txt[3]=(char)(value%10)+48 ;
0x022D	0x300A      	MOVLW      10
0x022E	0x00D4      	MOVWF      R4
0x022F	0x3000      	MOVLW      0
0x0230	0x00D5      	MOVWF      R4+1
0x0231	0x0837      	MOVF       FLOC__main, 0
0x0232	0x00D0      	MOVWF      R0
0x0233	0x0838      	MOVF       FLOC__main+1, 0
0x0234	0x00D1      	MOVWF      R0+1
0x0235	0x2107      	CALL       _Div_16x16_S
0x0236	0x0858      	MOVF       R8, 0
0x0237	0x00D0      	MOVWF      R0
0x0238	0x0859      	MOVF       R8+1, 0
0x0239	0x00D1      	MOVWF      R0+1
0x023A	0x3030      	MOVLW      48
0x023B	0x0750      	ADDWF      R0, 0
0x023C	0x00AF      	MOVWF      _txt+3
;dvm.c,33 :: 		lcd_out(2,1,txt);
0x023D	0x3002      	MOVLW      2
0x023E	0x00B9      	MOVWF      FARG_Lcd_Out_row
0x023F	0x3001      	MOVLW      1
0x0240	0x00BA      	MOVWF      FARG_Lcd_Out_column
0x0241	0x302C      	MOVLW      _txt
0x0242	0x00BB      	MOVWF      FARG_Lcd_Out_text
0x0243	0x20B9      	CALL       _Lcd_Out
;dvm.c,34 :: 		}
0x0244	0x29EF      	GOTO       L_main0
;dvm.c,35 :: 		}
L_end_main:
0x0245	0x2A45      	GOTO       $+0
; end of _main
0x0254	0x3020      	MOVLW      32
0x0255	0x0084      	MOVWF      FSR
0x0256	0x3009      	MOVLW      9
0x0257	0x1283      	BCF        STATUS, 5
0x0258	0x00D0      	MOVWF      R0
0x0259	0x304B      	MOVLW      75
0x025A	0x00B5      	MOVWF      ___DoICPAddr
0x025B	0x3002      	MOVLW      2
0x025C	0x00B6      	MOVWF      54
0x025D	0x21BC      	CALL       444
0x025E	0x0008      	RETURN
;__Lib_ADC_A_B.c,0 :: ?ICS_vref_mask
0x024B	0x3440 ;?ICS_vref_mask+0
; end of ?ICS_vref_mask
;dvm.c,0 :: ?ICS?lstr1_dvm
0x024C	0x3456 ;?ICS?lstr1_dvm+0
0x024D	0x3461 ;?ICS?lstr1_dvm+1
0x024E	0x346C ;?ICS?lstr1_dvm+2
0x024F	0x3475 ;?ICS?lstr1_dvm+3
0x0250	0x3465 ;?ICS?lstr1_dvm+4
0x0251	0x343D ;?ICS?lstr1_dvm+5
0x0252	0x3420 ;?ICS?lstr1_dvm+6
0x0253	0x3400 ;?ICS?lstr1_dvm+7
; end of ?ICS?lstr1_dvm
Symbol List:
//** Routines locations **
//ADDRESS    SIZE    PROCEDURE
//----------------------------------------------
0x0003       [2]    _Delay_1us
0x0005       [7]    _Delay_50us
0x000C      [10]    _Delay_5500us
0x0016      [63]    _Lcd_Cmd
0x0055       [6]    _____DoICP
0x005B       [6]    _Delay_22us
0x0061      [44]    _Div_16x16_S_L
0x008D       [7]    _Lcd_Chr_CP
0x0094      [37]    _ADC_Read
0x00B9      [61]    _Lcd_Out
0x00F6      [17]    _Div_8X8_U
0x0107     [104]    _Div_16x16_S
0x016F      [77]    _Lcd_Init
0x01BC      [12]    ___CC2DW
0x01C8      [21]    _ADC_Init
0x01DD     [104]    _main
//** Variables locations ** 
//ADDRESS    SIZE    VARIABLE
//----------------------------------------------
0x0000       [1]    INDF
0x0002       [1]    PCL
0x0003       [1]    STATUS
0x0004       [1]    FSR
0x0007       [0]    RC5_bit
0x0007       [0]    lcd_d6
0x0007       [0]    lcd_d5
0x0007       [0]    RC0_bit
0x0007       [0]    RC1_bit
0x0007       [0]    RC3_bit
0x0007       [0]    lcd_rs
0x0007       [0]    RC4_bit
0x0007       [0]    RC2_bit
0x0007       [0]    lcd_d4
0x0007       [0]    lcd_d7
0x0007       [0]    lcd_en
0x000A       [1]    PCLATH
0x001E       [1]    ADRESH
0x001F       [1]    ADCON0
0x0020       [1]    _vref_mask
0x0021       [8]    ?lstr1_dvm
0x0029       [3]    _ADC_Get_Sample_Ptr
0x002C       [6]    _txt
0x0032       [0]    __Lib_Lcd_cmd_status
0x0033       [2]    _value
0x0035       [2]    ___DoICPAddr
0x0037       [2]    FLOC__main
0x0039       [1]    FARG_Lcd_Out_row
0x0039       [1]    FARG_ADC_Read_channel
0x003A       [1]    FARG_Lcd_Out_column
0x003B       [1]    FARG_Lcd_Out_text
0x003C       [1]    Lcd_Out_i_L0
0x003D       [1]    FARG_Lcd_Chr_CP_out_char
0x003E       [1]    FARG_Lcd_Cmd_out_char
0x0050       [1]    R0
0x0051       [1]    R1
0x0052       [1]    R2
0x0053       [1]    R3
0x0054       [1]    R4
0x0055       [1]    R5
0x0056       [1]    R6
0x0057       [1]    R7
0x0058       [1]    R8
0x0059       [1]    R9
0x005A       [1]    R10
0x005B       [1]    R11
0x005C       [1]    R12
0x005D       [1]    R13
0x005E       [1]    R14
0x005F       [1]    R15
0x0085       [1]    TRISA
0x0087       [0]    lcd_d5_direction
0x0087       [0]    TRISC4_bit
0x0087       [0]    TRISC1_bit
0x0087       [0]    lcd_rs_direction
0x0087       [0]    TRISC3_bit
0x0087       [0]    TRISC2_bit
0x0087       [0]    lcd_d4_direction
0x0087       [0]    TRISC5_bit
0x0087       [0]    TRISC0_bit
0x0087       [0]    lcd_d6_direction
0x0087       [0]    lcd_d7_direction
0x0087       [0]    lcd_en_direction
0x0091       [1]    ANSEL
0x009E       [1]    ADRESL
0x009F       [1]    ADCON1
//** Constants locations ** 
//ADDRESS    SIZE    CONSTANT
//----------------------------------------------
0x024B       [1]    ?ICS_vref_mask
0x024C       [8]    ?ICS?lstr1_dvm
