;  LST file generated by mikroListExporter - v.2.0 
; Date/Time: 24-Jun-21 1:28:58 PM
;----------------------------------------------

;Address Opcode 	ASM
0x0000	0x281A      	GOTO       26
_interrupt:
0x0004	0x00FF      	MOVWF      R15
0x0005	0x0E03      	SWAPF      STATUS, 0
0x0006	0x0183      	CLRF       STATUS
0x0007	0x00A5      	MOVWF      ___saveSTATUS
0x0008	0x080A      	MOVF       PCLATH, 0
0x0009	0x00A6      	MOVWF      ___savePCLATH
0x000A	0x018A      	CLRF       PCLATH
;timer1module.c,3 :: 		void interrupt()
;timer1module.c,5 :: 		if (tmr1if_bit){halfsec++; tmr1if_bit=0; tmr1h=0x0B; tmr1l=0xDC;}
0x000B	0x1C0C      	BTFSS      TMR1IF_bit, BitPos(TMR1IF_bit+0)
0x000C	0x2813      	GOTO       L_interrupt0
0x000D	0x0AA1      	INCF       _halfsec, 1
0x000E	0x100C      	BCF        TMR1IF_bit, BitPos(TMR1IF_bit+0)
0x000F	0x300B      	MOVLW      11
0x0010	0x008F      	MOVWF      TMR1H
0x0011	0x30DC      	MOVLW      220
0x0012	0x008E      	MOVWF      TMR1L
L_interrupt0:
;timer1module.c,6 :: 		}
L_end_interrupt:
L__interrupt5:
0x0013	0x0826      	MOVF       ___savePCLATH, 0
0x0014	0x008A      	MOVWF      PCLATH
0x0015	0x0E25      	SWAPF      ___saveSTATUS, 0
0x0016	0x0083      	MOVWF      STATUS
0x0017	0x0EFF      	SWAPF      R15, 1
0x0018	0x0E7F      	SWAPF      R15, 0
0x0019	0x0009      	RETFIE
; end of _interrupt
_main:
;timer1module.c,7 :: 		void main()
;timer1module.c,9 :: 		state=halfsec=sec=0;
0x001A	0x1283      	BCF        STATUS, 5
0x001B	0x1303      	BCF        STATUS, 6
0x001C	0x01A2      	CLRF       _sec
0x001D	0x01A1      	CLRF       _halfsec
0x001E	0x1020      	BCF        _state, BitPos(_state+0)
;timer1module.c,10 :: 		gie_bit=1;
0x001F	0x178B      	BSF        GIE_bit, BitPos(GIE_bit+0)
;timer1module.c,11 :: 		PEIE_bit=1;
0x0020	0x170B      	BSF        PEIE_bit, BitPos(PEIE_bit+0)
;timer1module.c,12 :: 		T1CON=49;
0x0021	0x3031      	MOVLW      49
0x0022	0x0090      	MOVWF      T1CON
;timer1module.c,13 :: 		tmr1ie_bit=1;
0x0023	0x1683      	BSF        STATUS, 5
0x0024	0x140C      	BSF        TMR1IE_bit, BitPos(TMR1IE_bit+0)
;timer1module.c,14 :: 		tmr1if_bit=0;
0x0025	0x1283      	BCF        STATUS, 5
0x0026	0x100C      	BCF        TMR1IF_bit, BitPos(TMR1IF_bit+0)
;timer1module.c,15 :: 		tmr1h=0x0B;
0x0027	0x300B      	MOVLW      11
0x0028	0x008F      	MOVWF      TMR1H
;timer1module.c,16 :: 		tmr1l=0xDC;
0x0029	0x30DC      	MOVLW      220
0x002A	0x008E      	MOVWF      TMR1L
;timer1module.c,17 :: 		trisb.rb0=0;
0x002B	0x1683      	BSF        STATUS, 5
0x002C	0x1006      	BCF        TRISB, 0
;timer1module.c,18 :: 		while(1)
L_main1:
;timer1module.c,20 :: 		if(halfsec==2){ halfsec=0; state=~state;  sec++;}
0x002D	0x1283      	BCF        STATUS, 5
0x002E	0x0821      	MOVF       _halfsec, 0
0x002F	0x3A02      	XORLW      2
0x0030	0x1D03      	BTFSS      STATUS, 2
0x0031	0x2836      	GOTO       L_main3
0x0032	0x01A1      	CLRF       _halfsec
0x0033	0x3001      	MOVLW      1
0x0034	0x06A0      	XORWF      _state, 1
0x0035	0x0AA2      	INCF       _sec, 1
L_main3:
;timer1module.c,21 :: 		portb.rb0=state;
0x0036	0x1820      	BTFSC      _state, BitPos(_state+0)
0x0037	0x283A      	GOTO       L__main7
0x0038	0x1006      	BCF        PORTB, 0
0x0039	0x283B      	GOTO       L__main8
L__main7:
0x003A	0x1406      	BSF        PORTB, 0
L__main8:
;timer1module.c,22 :: 		}
0x003B	0x282D      	GOTO       L_main1
;timer1module.c,24 :: 		}
L_end_main:
0x003C	0x283C      	GOTO       $+0
; end of _main
Symbol List:
//** Routines locations **
//ADDRESS    SIZE    PROCEDURE
//----------------------------------------------
0x0004      [22]    _interrupt
0x001A      [35]    _main
//** Variables locations ** 
//ADDRESS    SIZE    VARIABLE
//----------------------------------------------
0x0000       [1]    INDF
0x0003       [1]    STATUS
0x0004       [1]    FSR
0x0006       [1]    PORTB
0x000A       [1]    PCLATH
0x000B       [0]    PEIE_bit
0x000B       [0]    GIE_bit
0x000C       [0]    TMR1IF_bit
0x000E       [1]    TMR1L
0x000F       [1]    TMR1H
0x0010       [1]    T1CON
0x0020       [0]    _state
0x0021       [1]    _halfsec
0x0022       [1]    _sec
0x0023       [2]    ___DoICPAddr
0x0025       [1]    ___saveSTATUS
0x0026       [1]    ___savePCLATH
0x0070       [1]    R0
0x0071       [1]    R1
0x0072       [1]    R2
0x0073       [1]    R3
0x0074       [1]    R4
0x0075       [1]    R5
0x0076       [1]    R6
0x0077       [1]    R7
0x0078       [1]    R8
0x0079       [1]    R9
0x007A       [1]    R10
0x007B       [1]    R11
0x007C       [1]    R12
0x007D       [1]    R13
0x007E       [1]    R14
0x007F       [1]    R15
0x0086       [1]    TRISB
0x008C       [0]    TMR1IE_bit
