;  LST file generated by mikroListExporter - v.2.0 
; Date/Time: 18-Dec-20 8:12:54 PM
;----------------------------------------------

;Address Opcode 	ASM
0x0000	0x2C9E      	GOTO       1182
_Delay_1us:
;__Lib_Delays.c,7 :: 		void Delay_1us() {
;__Lib_Delays.c,8 :: 		Delay_us(1);
0x0003	0x0000      	NOP
0x0004	0x0000      	NOP
0x0005	0x0000      	NOP
0x0006	0x0000      	NOP
0x0007	0x0000      	NOP
;__Lib_Delays.c,9 :: 		}
L_end_Delay_1us:
0x0008	0x0008      	RETURN
; end of _Delay_1us
_Delay_5500us:
;__Lib_Delays.c,31 :: 		void Delay_5500us() {
;__Lib_Delays.c,32 :: 		Delay_us(5500);
0x0009	0x3024      	MOVLW      36
0x000A	0x1283      	BCF        STATUS, 5
0x000B	0x1303      	BCF        STATUS, 6
0x000C	0x00FC      	MOVWF      R12
0x000D	0x30B5      	MOVLW      181
0x000E	0x00FD      	MOVWF      R13
L_Delay_5500us5:
0x000F	0x0BFD      	DECFSZ     R13, 1
0x0010	0x280F      	GOTO       L_Delay_5500us5
0x0011	0x0BFC      	DECFSZ     R12, 1
0x0012	0x280F      	GOTO       L_Delay_5500us5
0x0013	0x0000      	NOP
0x0014	0x0000      	NOP
;__Lib_Delays.c,33 :: 		}
L_end_Delay_5500us:
0x0015	0x0008      	RETURN
; end of _Delay_5500us
_Delay_50us:
;__Lib_Delays.c,19 :: 		void Delay_50us() {
;__Lib_Delays.c,20 :: 		Delay_us(50);
0x0016	0x3053      	MOVLW      83
0x0017	0x1283      	BCF        STATUS, 5
0x0018	0x1303      	BCF        STATUS, 6
0x0019	0x00FD      	MOVWF      R13
L_Delay_50us2:
0x001A	0x0BFD      	DECFSZ     R13, 1
0x001B	0x281A      	GOTO       L_Delay_50us2
;__Lib_Delays.c,21 :: 		}
L_end_Delay_50us:
0x001C	0x0008      	RETURN
; end of _Delay_50us
_SDIV3232L:
;__Lib_Math.c,698 :: 		
;__Lib_Math.c,707 :: 		
0x001D	0x0874      	MOVF       R4, 0
;__Lib_Math.c,708 :: 		
0x001E	0x02F8      	SUBWF      R8, 1
;__Lib_Math.c,709 :: 		
0x001F	0x0875      	MOVF       R5, 0
;__Lib_Math.c,710 :: 		
0x0020	0x1C03      	BTFSS      STATUS, 0
;__Lib_Math.c,711 :: 		
0x0021	0x0F75      	INCFSZ     R5, 0
;__Lib_Math.c,712 :: 		
0x0022	0x02F9      	SUBWF      R9, 1
;__Lib_Math.c,713 :: 		
0x0023	0x0876      	MOVF       R6, 0
;__Lib_Math.c,714 :: 		
0x0024	0x1C03      	BTFSS      STATUS, 0
;__Lib_Math.c,715 :: 		
0x0025	0x0F76      	INCFSZ     R6, 0
;__Lib_Math.c,716 :: 		
0x0026	0x02FA      	SUBWF      R10, 1
;__Lib_Math.c,717 :: 		
0x0027	0x0877      	MOVF       R7, 0
;__Lib_Math.c,718 :: 		
0x0028	0x1C03      	BTFSS      STATUS, 0
;__Lib_Math.c,719 :: 		
0x0029	0x0F77      	INCFSZ     R7, 0
;__Lib_Math.c,720 :: 		
0x002A	0x02FB      	SUBWF      R11, 1
;__Lib_Math.c,721 :: 		
0x002B	0x0DF3      	RLF        R3, 1
;__Lib_Math.c,723 :: 		
0x002C	0x3007      	MOVLW      7
;__Lib_Math.c,724 :: 		
0x002D	0x00FC      	MOVWF      R12
;__Lib_Math.c,726 :: 		
LOOPS3232A:
;__Lib_Math.c,727 :: 		
0x002E	0x0D73      	RLF        R3, 0
;__Lib_Math.c,728 :: 		
0x002F	0x0DF8      	RLF        R8, 1
;__Lib_Math.c,729 :: 		
0x0030	0x0DF9      	RLF        R9, 1
;__Lib_Math.c,730 :: 		
0x0031	0x0DFA      	RLF        R10, 1
;__Lib_Math.c,731 :: 		
0x0032	0x0DFB      	RLF        R11, 1
;__Lib_Math.c,732 :: 		
0x0033	0x0874      	MOVF       R4, 0
;__Lib_Math.c,733 :: 		
0x0034	0x1C73      	BTFSS      R3, 0
;__Lib_Math.c,734 :: 		
0x0035	0x2844      	GOTO       SADD22LA
;__Lib_Math.c,736 :: 		
0x0036	0x02F8      	SUBWF      R8, 1
;__Lib_Math.c,737 :: 		
0x0037	0x0875      	MOVF       R5, 0
;__Lib_Math.c,738 :: 		
0x0038	0x1C03      	BTFSS      STATUS, 0
;__Lib_Math.c,739 :: 		
0x0039	0x0F75      	INCFSZ     R5, 0
;__Lib_Math.c,740 :: 		
0x003A	0x02F9      	SUBWF      R9, 1
;__Lib_Math.c,741 :: 		
0x003B	0x0876      	MOVF       R6, 0
;__Lib_Math.c,742 :: 		
0x003C	0x1C03      	BTFSS      STATUS, 0
;__Lib_Math.c,743 :: 		
0x003D	0x0F76      	INCFSZ     R6, 0
;__Lib_Math.c,744 :: 		
0x003E	0x02FA      	SUBWF      R10, 1
;__Lib_Math.c,745 :: 		
0x003F	0x0877      	MOVF       R7, 0
;__Lib_Math.c,746 :: 		
0x0040	0x1C03      	BTFSS      STATUS, 0
;__Lib_Math.c,747 :: 		
0x0041	0x0F77      	INCFSZ     R7, 0
;__Lib_Math.c,748 :: 		
0x0042	0x02FB      	SUBWF      R11, 1
;__Lib_Math.c,749 :: 		
0x0043	0x2851      	GOTO       SOK22LA
;__Lib_Math.c,751 :: 		
SADD22LA:
;__Lib_Math.c,752 :: 		
0x0044	0x07F8      	ADDWF      R8, 1
;__Lib_Math.c,753 :: 		
0x0045	0x0875      	MOVF       R5, 0
;__Lib_Math.c,754 :: 		
0x0046	0x1803      	BTFSC      STATUS, 0
;__Lib_Math.c,755 :: 		
0x0047	0x0F75      	INCFSZ     R5, 0
;__Lib_Math.c,756 :: 		
0x0048	0x07F9      	ADDWF      R9, 1
;__Lib_Math.c,757 :: 		
0x0049	0x0876      	MOVF       R6, 0
;__Lib_Math.c,758 :: 		
0x004A	0x1803      	BTFSC      STATUS, 0
;__Lib_Math.c,759 :: 		
0x004B	0x0F76      	INCFSZ     R6, 0
;__Lib_Math.c,760 :: 		
0x004C	0x07FA      	ADDWF      R10, 1
;__Lib_Math.c,761 :: 		
0x004D	0x0877      	MOVF       R7, 0
;__Lib_Math.c,762 :: 		
0x004E	0x1803      	BTFSC      STATUS, 0
;__Lib_Math.c,763 :: 		
0x004F	0x0F77      	INCFSZ     R7, 0
;__Lib_Math.c,764 :: 		
0x0050	0x07FB      	ADDWF      R11, 1
;__Lib_Math.c,766 :: 		
SOK22LA:
;__Lib_Math.c,767 :: 		
0x0051	0x0DF3      	RLF        R3, 1
;__Lib_Math.c,769 :: 		
0x0052	0x0BFC      	DECFSZ     R12, 1
;__Lib_Math.c,770 :: 		
0x0053	0x282E      	GOTO       LOOPS3232A
;__Lib_Math.c,772 :: 		
0x0054	0x0D72      	RLF        R2, 0
;__Lib_Math.c,773 :: 		
0x0055	0x0DF8      	RLF        R8, 1
;__Lib_Math.c,774 :: 		
0x0056	0x0DF9      	RLF        R9, 1
;__Lib_Math.c,775 :: 		
0x0057	0x0DFA      	RLF        R10, 1
;__Lib_Math.c,776 :: 		
0x0058	0x0DFB      	RLF        R11, 1
;__Lib_Math.c,777 :: 		
0x0059	0x0874      	MOVF       R4, 0
;__Lib_Math.c,778 :: 		
0x005A	0x1C73      	BTFSS      R3, 0
;__Lib_Math.c,779 :: 		
0x005B	0x286A      	GOTO       SADD22L8
;__Lib_Math.c,781 :: 		
0x005C	0x02F8      	SUBWF      R8, 1
;__Lib_Math.c,782 :: 		
0x005D	0x0875      	MOVF       R5, 0
;__Lib_Math.c,783 :: 		
0x005E	0x1C03      	BTFSS      STATUS, 0
;__Lib_Math.c,784 :: 		
0x005F	0x0F75      	INCFSZ     R5, 0
;__Lib_Math.c,785 :: 		
0x0060	0x02F9      	SUBWF      R9, 1
;__Lib_Math.c,786 :: 		
0x0061	0x0876      	MOVF       R6, 0
;__Lib_Math.c,787 :: 		
0x0062	0x1C03      	BTFSS      STATUS, 0
;__Lib_Math.c,788 :: 		
0x0063	0x0F76      	INCFSZ     R6, 0
;__Lib_Math.c,789 :: 		
0x0064	0x02FA      	SUBWF      R10, 1
;__Lib_Math.c,790 :: 		
0x0065	0x0877      	MOVF       R7, 0
;__Lib_Math.c,791 :: 		
0x0066	0x1C03      	BTFSS      STATUS, 0
;__Lib_Math.c,792 :: 		
0x0067	0x0F77      	INCFSZ     R7, 0
;__Lib_Math.c,793 :: 		
0x0068	0x02FB      	SUBWF      R11, 1
;__Lib_Math.c,794 :: 		
0x0069	0x2877      	GOTO       SOK22L8
;__Lib_Math.c,796 :: 		
SADD22L8:
;__Lib_Math.c,797 :: 		
0x006A	0x07F8      	ADDWF      R8, 1
;__Lib_Math.c,798 :: 		
0x006B	0x0875      	MOVF       R5, 0
;__Lib_Math.c,799 :: 		
0x006C	0x1803      	BTFSC      STATUS, 0
;__Lib_Math.c,800 :: 		
0x006D	0x0F75      	INCFSZ     R5, 0
;__Lib_Math.c,801 :: 		
0x006E	0x07F9      	ADDWF      R9, 1
;__Lib_Math.c,802 :: 		
0x006F	0x0876      	MOVF       R6, 0
;__Lib_Math.c,803 :: 		
0x0070	0x1803      	BTFSC      STATUS, 0
;__Lib_Math.c,804 :: 		
0x0071	0x0F76      	INCFSZ     R6, 0
;__Lib_Math.c,805 :: 		
0x0072	0x07FA      	ADDWF      R10, 1
;__Lib_Math.c,806 :: 		
0x0073	0x0877      	MOVF       R7, 0
;__Lib_Math.c,807 :: 		
0x0074	0x1803      	BTFSC      STATUS, 0
;__Lib_Math.c,808 :: 		
0x0075	0x0F77      	INCFSZ     R7, 0
;__Lib_Math.c,809 :: 		
0x0076	0x07FB      	ADDWF      R11, 1
;__Lib_Math.c,811 :: 		
SOK22L8:
;__Lib_Math.c,812 :: 		
0x0077	0x0DF2      	RLF        R2, 1
;__Lib_Math.c,814 :: 		
0x0078	0x3007      	MOVLW      7
;__Lib_Math.c,815 :: 		
0x0079	0x00FC      	MOVWF      R12
;__Lib_Math.c,817 :: 		
LOOPS3232B:
;__Lib_Math.c,818 :: 		
0x007A	0x0D72      	RLF        R2, 0
;__Lib_Math.c,819 :: 		
0x007B	0x0DF8      	RLF        R8, 1
;__Lib_Math.c,820 :: 		
0x007C	0x0DF9      	RLF        R9, 1
;__Lib_Math.c,821 :: 		
0x007D	0x0DFA      	RLF        R10, 1
;__Lib_Math.c,822 :: 		
0x007E	0x0DFB      	RLF        R11, 1
;__Lib_Math.c,823 :: 		
0x007F	0x0874      	MOVF       R4, 0
;__Lib_Math.c,824 :: 		
0x0080	0x1C72      	BTFSS      R2, 0
;__Lib_Math.c,825 :: 		
0x0081	0x2890      	GOTO       SADD22LB
;__Lib_Math.c,827 :: 		
0x0082	0x02F8      	SUBWF      R8, 1
;__Lib_Math.c,828 :: 		
0x0083	0x0875      	MOVF       R5, 0
;__Lib_Math.c,829 :: 		
0x0084	0x1C03      	BTFSS      STATUS, 0
;__Lib_Math.c,830 :: 		
0x0085	0x0F75      	INCFSZ     R5, 0
;__Lib_Math.c,831 :: 		
0x0086	0x02F9      	SUBWF      R9, 1
;__Lib_Math.c,832 :: 		
0x0087	0x0876      	MOVF       R6, 0
;__Lib_Math.c,833 :: 		
0x0088	0x1C03      	BTFSS      STATUS, 0
;__Lib_Math.c,834 :: 		
0x0089	0x0F76      	INCFSZ     R6, 0
;__Lib_Math.c,835 :: 		
0x008A	0x02FA      	SUBWF      R10, 1
;__Lib_Math.c,836 :: 		
0x008B	0x0877      	MOVF       R7, 0
;__Lib_Math.c,837 :: 		
0x008C	0x1C03      	BTFSS      STATUS, 0
;__Lib_Math.c,838 :: 		
0x008D	0x0F77      	INCFSZ     R7, 0
;__Lib_Math.c,839 :: 		
0x008E	0x02FB      	SUBWF      R11, 1
;__Lib_Math.c,840 :: 		
0x008F	0x289D      	GOTO       SOK22LB
;__Lib_Math.c,842 :: 		
SADD22LB:
;__Lib_Math.c,843 :: 		
0x0090	0x07F8      	ADDWF      R8, 1
;__Lib_Math.c,844 :: 		
0x0091	0x0875      	MOVF       R5, 0
;__Lib_Math.c,845 :: 		
0x0092	0x1803      	BTFSC      STATUS, 0
;__Lib_Math.c,846 :: 		
0x0093	0x0F75      	INCFSZ     R5, 0
;__Lib_Math.c,847 :: 		
0x0094	0x07F9      	ADDWF      R9, 1
;__Lib_Math.c,848 :: 		
0x0095	0x0876      	MOVF       R6, 0
;__Lib_Math.c,849 :: 		
0x0096	0x1803      	BTFSC      STATUS, 0
;__Lib_Math.c,850 :: 		
0x0097	0x0F76      	INCFSZ     R6, 0
;__Lib_Math.c,851 :: 		
0x0098	0x07FA      	ADDWF      R10, 1
;__Lib_Math.c,852 :: 		
0x0099	0x0877      	MOVF       R7, 0
;__Lib_Math.c,853 :: 		
0x009A	0x1803      	BTFSC      STATUS, 0
;__Lib_Math.c,854 :: 		
0x009B	0x0F77      	INCFSZ     R7, 0
;__Lib_Math.c,855 :: 		
0x009C	0x07FB      	ADDWF      R11, 1
;__Lib_Math.c,857 :: 		
SOK22LB:
;__Lib_Math.c,858 :: 		
0x009D	0x0DF2      	RLF        R2, 1
;__Lib_Math.c,860 :: 		
0x009E	0x0BFC      	DECFSZ     R12, 1
;__Lib_Math.c,861 :: 		
0x009F	0x287A      	GOTO       LOOPS3232B
;__Lib_Math.c,863 :: 		
0x00A0	0x0D71      	RLF        R1, 0
;__Lib_Math.c,864 :: 		
0x00A1	0x0DF8      	RLF        R8, 1
;__Lib_Math.c,865 :: 		
0x00A2	0x0DF9      	RLF        R9, 1
;__Lib_Math.c,866 :: 		
0x00A3	0x0DFA      	RLF        R10, 1
;__Lib_Math.c,867 :: 		
0x00A4	0x0DFB      	RLF        R11, 1
;__Lib_Math.c,868 :: 		
0x00A5	0x0874      	MOVF       R4, 0
;__Lib_Math.c,869 :: 		
0x00A6	0x1C72      	BTFSS      R2, 0
;__Lib_Math.c,870 :: 		
0x00A7	0x28B6      	GOTO       SADD22L16
;__Lib_Math.c,872 :: 		
0x00A8	0x02F8      	SUBWF      R8, 1
;__Lib_Math.c,873 :: 		
0x00A9	0x0875      	MOVF       R5, 0
;__Lib_Math.c,874 :: 		
0x00AA	0x1C03      	BTFSS      STATUS, 0
;__Lib_Math.c,875 :: 		
0x00AB	0x0F75      	INCFSZ     R5, 0
;__Lib_Math.c,876 :: 		
0x00AC	0x02F9      	SUBWF      R9, 1
;__Lib_Math.c,877 :: 		
0x00AD	0x0876      	MOVF       R6, 0
;__Lib_Math.c,878 :: 		
0x00AE	0x1C03      	BTFSS      STATUS, 0
;__Lib_Math.c,879 :: 		
0x00AF	0x0F76      	INCFSZ     R6, 0
;__Lib_Math.c,880 :: 		
0x00B0	0x02FA      	SUBWF      R10, 1
;__Lib_Math.c,881 :: 		
0x00B1	0x0877      	MOVF       R7, 0
;__Lib_Math.c,882 :: 		
0x00B2	0x1C03      	BTFSS      STATUS, 0
;__Lib_Math.c,883 :: 		
0x00B3	0x0F77      	INCFSZ     R7, 0
;__Lib_Math.c,884 :: 		
0x00B4	0x02FB      	SUBWF      R11, 1
;__Lib_Math.c,885 :: 		
0x00B5	0x28C3      	GOTO       SOK22L16
;__Lib_Math.c,887 :: 		
SADD22L16:
;__Lib_Math.c,888 :: 		
0x00B6	0x07F8      	ADDWF      R8, 1
;__Lib_Math.c,889 :: 		
0x00B7	0x0875      	MOVF       R5, 0
;__Lib_Math.c,890 :: 		
0x00B8	0x1803      	BTFSC      STATUS, 0
;__Lib_Math.c,891 :: 		
0x00B9	0x0F75      	INCFSZ     R5, 0
;__Lib_Math.c,892 :: 		
0x00BA	0x07F9      	ADDWF      R9, 1
;__Lib_Math.c,893 :: 		
0x00BB	0x0876      	MOVF       R6, 0
;__Lib_Math.c,894 :: 		
0x00BC	0x1803      	BTFSC      STATUS, 0
;__Lib_Math.c,895 :: 		
0x00BD	0x0F76      	INCFSZ     R6, 0
;__Lib_Math.c,896 :: 		
0x00BE	0x07FA      	ADDWF      R10, 1
;__Lib_Math.c,897 :: 		
0x00BF	0x0877      	MOVF       R7, 0
;__Lib_Math.c,898 :: 		
0x00C0	0x1803      	BTFSC      STATUS, 0
;__Lib_Math.c,899 :: 		
0x00C1	0x0F77      	INCFSZ     R7, 0
;__Lib_Math.c,900 :: 		
0x00C2	0x07FB      	ADDWF      R11, 1
;__Lib_Math.c,902 :: 		
SOK22L16:
;__Lib_Math.c,903 :: 		
0x00C3	0x0DF1      	RLF        R1, 1
;__Lib_Math.c,905 :: 		
0x00C4	0x3007      	MOVLW      7
;__Lib_Math.c,906 :: 		
0x00C5	0x00FC      	MOVWF      R12
;__Lib_Math.c,908 :: 		
LOOPS3232C:
;__Lib_Math.c,909 :: 		
0x00C6	0x0D71      	RLF        R1, 0
;__Lib_Math.c,910 :: 		
0x00C7	0x0DF8      	RLF        R8, 1
;__Lib_Math.c,911 :: 		
0x00C8	0x0DF9      	RLF        R9, 1
;__Lib_Math.c,912 :: 		
0x00C9	0x0DFA      	RLF        R10, 1
;__Lib_Math.c,913 :: 		
0x00CA	0x0DFB      	RLF        R11, 1
;__Lib_Math.c,914 :: 		
0x00CB	0x0874      	MOVF       R4, 0
;__Lib_Math.c,915 :: 		
0x00CC	0x1C71      	BTFSS      R1, 0
;__Lib_Math.c,916 :: 		
0x00CD	0x28DC      	GOTO       SADD22LC
;__Lib_Math.c,918 :: 		
0x00CE	0x02F8      	SUBWF      R8, 1
;__Lib_Math.c,919 :: 		
0x00CF	0x0875      	MOVF       R5, 0
;__Lib_Math.c,920 :: 		
0x00D0	0x1C03      	BTFSS      STATUS, 0
;__Lib_Math.c,921 :: 		
0x00D1	0x0F75      	INCFSZ     R5, 0
;__Lib_Math.c,922 :: 		
0x00D2	0x02F9      	SUBWF      R9, 1
;__Lib_Math.c,923 :: 		
0x00D3	0x0876      	MOVF       R6, 0
;__Lib_Math.c,924 :: 		
0x00D4	0x1C03      	BTFSS      STATUS, 0
;__Lib_Math.c,925 :: 		
0x00D5	0x0F76      	INCFSZ     R6, 0
;__Lib_Math.c,926 :: 		
0x00D6	0x02FA      	SUBWF      R10, 1
;__Lib_Math.c,927 :: 		
0x00D7	0x0877      	MOVF       R7, 0
;__Lib_Math.c,928 :: 		
0x00D8	0x1C03      	BTFSS      STATUS, 0
;__Lib_Math.c,929 :: 		
0x00D9	0x0F77      	INCFSZ     R7, 0
;__Lib_Math.c,930 :: 		
0x00DA	0x02FB      	SUBWF      R11, 1
;__Lib_Math.c,931 :: 		
0x00DB	0x28E9      	GOTO       SOK22LC
;__Lib_Math.c,933 :: 		
SADD22LC:
;__Lib_Math.c,934 :: 		
0x00DC	0x07F8      	ADDWF      R8, 1
;__Lib_Math.c,935 :: 		
0x00DD	0x0875      	MOVF       R5, 0
;__Lib_Math.c,936 :: 		
0x00DE	0x1803      	BTFSC      STATUS, 0
;__Lib_Math.c,937 :: 		
0x00DF	0x0F75      	INCFSZ     R5, 0
;__Lib_Math.c,938 :: 		
0x00E0	0x07F9      	ADDWF      R9, 1
;__Lib_Math.c,939 :: 		
0x00E1	0x0876      	MOVF       R6, 0
;__Lib_Math.c,940 :: 		
0x00E2	0x1803      	BTFSC      STATUS, 0
;__Lib_Math.c,941 :: 		
0x00E3	0x0F76      	INCFSZ     R6, 0
;__Lib_Math.c,942 :: 		
0x00E4	0x07FA      	ADDWF      R10, 1
;__Lib_Math.c,943 :: 		
0x00E5	0x0877      	MOVF       R7, 0
;__Lib_Math.c,944 :: 		
0x00E6	0x1803      	BTFSC      STATUS, 0
;__Lib_Math.c,945 :: 		
0x00E7	0x0F77      	INCFSZ     R7, 0
;__Lib_Math.c,946 :: 		
0x00E8	0x07FB      	ADDWF      R11, 1
;__Lib_Math.c,948 :: 		
SOK22LC:
;__Lib_Math.c,949 :: 		
0x00E9	0x0DF1      	RLF        R1, 1
;__Lib_Math.c,951 :: 		
0x00EA	0x0BFC      	DECFSZ     R12, 1
;__Lib_Math.c,952 :: 		
0x00EB	0x28C6      	GOTO       LOOPS3232C
;__Lib_Math.c,954 :: 		
0x00EC	0x0D70      	RLF        R0, 0
;__Lib_Math.c,955 :: 		
0x00ED	0x0DF8      	RLF        R8, 1
;__Lib_Math.c,956 :: 		
0x00EE	0x0DF9      	RLF        R9, 1
;__Lib_Math.c,957 :: 		
0x00EF	0x0DFA      	RLF        R10, 1
;__Lib_Math.c,958 :: 		
0x00F0	0x0DFB      	RLF        R11, 1
;__Lib_Math.c,959 :: 		
0x00F1	0x0874      	MOVF       R4, 0
;__Lib_Math.c,960 :: 		
0x00F2	0x1C71      	BTFSS      R1, 0
;__Lib_Math.c,961 :: 		
0x00F3	0x2902      	GOTO       SADD22L24
;__Lib_Math.c,963 :: 		
0x00F4	0x02F8      	SUBWF      R8, 1
;__Lib_Math.c,964 :: 		
0x00F5	0x0875      	MOVF       R5, 0
;__Lib_Math.c,965 :: 		
0x00F6	0x1C03      	BTFSS      STATUS, 0
;__Lib_Math.c,966 :: 		
0x00F7	0x0F75      	INCFSZ     R5, 0
;__Lib_Math.c,967 :: 		
0x00F8	0x02F9      	SUBWF      R9, 1
;__Lib_Math.c,968 :: 		
0x00F9	0x0876      	MOVF       R6, 0
;__Lib_Math.c,969 :: 		
0x00FA	0x1C03      	BTFSS      STATUS, 0
;__Lib_Math.c,970 :: 		
0x00FB	0x0F76      	INCFSZ     R6, 0
;__Lib_Math.c,971 :: 		
0x00FC	0x02FA      	SUBWF      R10, 1
;__Lib_Math.c,972 :: 		
0x00FD	0x0877      	MOVF       R7, 0
;__Lib_Math.c,973 :: 		
0x00FE	0x1C03      	BTFSS      STATUS, 0
;__Lib_Math.c,974 :: 		
0x00FF	0x0F77      	INCFSZ     R7, 0
;__Lib_Math.c,975 :: 		
0x0100	0x02FB      	SUBWF      R11, 1
;__Lib_Math.c,976 :: 		
0x0101	0x290F      	GOTO       SOK22L24
;__Lib_Math.c,978 :: 		
SADD22L24:
;__Lib_Math.c,979 :: 		
0x0102	0x07F8      	ADDWF      R8, 1
;__Lib_Math.c,980 :: 		
0x0103	0x0875      	MOVF       R5, 0
;__Lib_Math.c,981 :: 		
0x0104	0x1803      	BTFSC      STATUS, 0
;__Lib_Math.c,982 :: 		
0x0105	0x0F75      	INCFSZ     R5, 0
;__Lib_Math.c,983 :: 		
0x0106	0x07F9      	ADDWF      R9, 1
;__Lib_Math.c,984 :: 		
0x0107	0x0876      	MOVF       R6, 0
;__Lib_Math.c,985 :: 		
0x0108	0x1803      	BTFSC      STATUS, 0
;__Lib_Math.c,986 :: 		
0x0109	0x0F76      	INCFSZ     R6, 0
;__Lib_Math.c,987 :: 		
0x010A	0x07FA      	ADDWF      R10, 1
;__Lib_Math.c,988 :: 		
0x010B	0x0877      	MOVF       R7, 0
;__Lib_Math.c,989 :: 		
0x010C	0x1803      	BTFSC      STATUS, 0
;__Lib_Math.c,990 :: 		
0x010D	0x0F77      	INCFSZ     R7, 0
;__Lib_Math.c,991 :: 		
0x010E	0x07FB      	ADDWF      R11, 1
;__Lib_Math.c,993 :: 		
SOK22L24:
;__Lib_Math.c,994 :: 		
0x010F	0x0DF0      	RLF        R0, 1
;__Lib_Math.c,996 :: 		
0x0110	0x3007      	MOVLW      7
;__Lib_Math.c,997 :: 		
0x0111	0x00FC      	MOVWF      R12
;__Lib_Math.c,999 :: 		
LOOPS3232D:
;__Lib_Math.c,1000 :: 		
0x0112	0x0D70      	RLF        R0, 0
;__Lib_Math.c,1001 :: 		
0x0113	0x0DF8      	RLF        R8, 1
;__Lib_Math.c,1002 :: 		
0x0114	0x0DF9      	RLF        R9, 1
;__Lib_Math.c,1003 :: 		
0x0115	0x0DFA      	RLF        R10, 1
;__Lib_Math.c,1004 :: 		
0x0116	0x0DFB      	RLF        R11, 1
;__Lib_Math.c,1005 :: 		
0x0117	0x0874      	MOVF       R4, 0
;__Lib_Math.c,1006 :: 		
0x0118	0x1C70      	BTFSS      R0, 0
;__Lib_Math.c,1007 :: 		
0x0119	0x2928      	GOTO       SADD22LD
;__Lib_Math.c,1009 :: 		
0x011A	0x02F8      	SUBWF      R8, 1
;__Lib_Math.c,1010 :: 		
0x011B	0x0875      	MOVF       R5, 0
;__Lib_Math.c,1011 :: 		
0x011C	0x1C03      	BTFSS      STATUS, 0
;__Lib_Math.c,1012 :: 		
0x011D	0x0F75      	INCFSZ     R5, 0
;__Lib_Math.c,1013 :: 		
0x011E	0x02F9      	SUBWF      R9, 1
;__Lib_Math.c,1014 :: 		
0x011F	0x0876      	MOVF       R6, 0
;__Lib_Math.c,1015 :: 		
0x0120	0x1C03      	BTFSS      STATUS, 0
;__Lib_Math.c,1016 :: 		
0x0121	0x0F76      	INCFSZ     R6, 0
;__Lib_Math.c,1017 :: 		
0x0122	0x02FA      	SUBWF      R10, 1
;__Lib_Math.c,1018 :: 		
0x0123	0x0877      	MOVF       R7, 0
;__Lib_Math.c,1019 :: 		
0x0124	0x1C03      	BTFSS      STATUS, 0
;__Lib_Math.c,1020 :: 		
0x0125	0x0F77      	INCFSZ     R7, 0
;__Lib_Math.c,1021 :: 		
0x0126	0x02FB      	SUBWF      R11, 1
;__Lib_Math.c,1022 :: 		
0x0127	0x2935      	GOTO       SOK22LD
;__Lib_Math.c,1024 :: 		
SADD22LD:
;__Lib_Math.c,1025 :: 		
0x0128	0x07F8      	ADDWF      R8, 1
;__Lib_Math.c,1026 :: 		
0x0129	0x0875      	MOVF       R5, 0
;__Lib_Math.c,1027 :: 		
0x012A	0x1803      	BTFSC      STATUS, 0
;__Lib_Math.c,1028 :: 		
0x012B	0x0F75      	INCFSZ     R5, 0
;__Lib_Math.c,1029 :: 		
0x012C	0x07F9      	ADDWF      R9, 1
;__Lib_Math.c,1030 :: 		
0x012D	0x0876      	MOVF       R6, 0
;__Lib_Math.c,1031 :: 		
0x012E	0x1803      	BTFSC      STATUS, 0
;__Lib_Math.c,1032 :: 		
0x012F	0x0F76      	INCFSZ     R6, 0
;__Lib_Math.c,1033 :: 		
0x0130	0x07FA      	ADDWF      R10, 1
;__Lib_Math.c,1034 :: 		
0x0131	0x0877      	MOVF       R7, 0
;__Lib_Math.c,1035 :: 		
0x0132	0x1803      	BTFSC      STATUS, 0
;__Lib_Math.c,1037 :: 		
0x0133	0x0F77      	INCFSZ     R7, 0
;__Lib_Math.c,1038 :: 		
0x0134	0x07FB      	ADDWF      R11, 1
;__Lib_Math.c,1040 :: 		
SOK22LD:
;__Lib_Math.c,1041 :: 		
0x0135	0x0DF0      	RLF        R0, 1
;__Lib_Math.c,1043 :: 		
0x0136	0x0BFC      	DECFSZ     R12, 1
;__Lib_Math.c,1044 :: 		
0x0137	0x2912      	GOTO       LOOPS3232D
;__Lib_Math.c,1046 :: 		
0x0138	0x1870      	BTFSC      R0, 0
;__Lib_Math.c,1047 :: 		
0x0139	0x2948      	GOTO       SOK22L
;__Lib_Math.c,1048 :: 		
0x013A	0x0874      	MOVF       R4, 0
;__Lib_Math.c,1049 :: 		
0x013B	0x07F8      	ADDWF      R8, 1
;__Lib_Math.c,1050 :: 		
0x013C	0x0875      	MOVF       R5, 0
;__Lib_Math.c,1051 :: 		
0x013D	0x1803      	BTFSC      STATUS, 0
;__Lib_Math.c,1052 :: 		
0x013E	0x0F75      	INCFSZ     R5, 0
;__Lib_Math.c,1053 :: 		
0x013F	0x07F9      	ADDWF      R9, 1
;__Lib_Math.c,1054 :: 		
0x0140	0x0876      	MOVF       R6, 0
;__Lib_Math.c,1055 :: 		
0x0141	0x1803      	BTFSC      STATUS, 0
;__Lib_Math.c,1056 :: 		
0x0142	0x0F76      	INCFSZ     R6, 0
;__Lib_Math.c,1057 :: 		
0x0143	0x07FA      	ADDWF      R10, 1
;__Lib_Math.c,1058 :: 		
0x0144	0x0877      	MOVF       R7, 0
;__Lib_Math.c,1059 :: 		
0x0145	0x1803      	BTFSC      STATUS, 0
;__Lib_Math.c,1060 :: 		
0x0146	0x0F77      	INCFSZ     R7, 0
;__Lib_Math.c,1061 :: 		
0x0147	0x07FB      	ADDWF      R11, 1
;__Lib_Math.c,1062 :: 		
SOK22L:
;__Lib_Math.c,1065 :: 		
L_end_SDIV3232L:
0x0148	0x0008      	RETURN
; end of _SDIV3232L
_COMFREM:
;__Lib_Math.c,1067 :: 		
;__Lib_Math.c,1071 :: 		
0x0149	0x09FB      	COMF       R11, 1
;__Lib_Math.c,1072 :: 		
0x014A	0x09FA      	COMF       R10, 1
;__Lib_Math.c,1073 :: 		
0x014B	0x09F9      	COMF       R9, 1
;__Lib_Math.c,1074 :: 		
0x014C	0x09F8      	COMF       R8, 1
;__Lib_Math.c,1075 :: 		
0x014D	0x0AF8      	INCF       R8, 1
;__Lib_Math.c,1076 :: 		
0x014E	0x1903      	BTFSC      STATUS, 2
;__Lib_Math.c,1077 :: 		
0x014F	0x0AF9      	INCF       R9, 1
;__Lib_Math.c,1078 :: 		
0x0150	0x1903      	BTFSC      STATUS, 2
;__Lib_Math.c,1079 :: 		
0x0151	0x0AFA      	INCF       R10, 1
;__Lib_Math.c,1080 :: 		
0x0152	0x1903      	BTFSC      STATUS, 2
;__Lib_Math.c,1081 :: 		
0x0153	0x0AFB      	INCF       R11, 1
;__Lib_Math.c,1083 :: 		
L_end_COMFREM:
0x0154	0x0008      	RETURN
; end of _COMFREM
_Lcd_Cmd:
;__Lib_Lcd.c,18 :: 		
;__Lib_Lcd.c,20 :: 		
0x0155	0x1283      	BCF        STATUS, 5
0x0156	0x1303      	BCF        STATUS, 6
0x0157	0x1BE3      	BTFSC      FARG_Lcd_Cmd_out_char, 7
0x0158	0x295B      	GOTO       L__Lcd_Cmd21
0x0159	0x1387      	BCF        LCD_D7, BitPos(LCD_D7+0)
0x015A	0x295C      	GOTO       L__Lcd_Cmd22
L__Lcd_Cmd21:
0x015B	0x1787      	BSF        LCD_D7, BitPos(LCD_D7+0)
L__Lcd_Cmd22:
;__Lib_Lcd.c,21 :: 		
0x015C	0x1B63      	BTFSC      FARG_Lcd_Cmd_out_char, 6
0x015D	0x2960      	GOTO       L__Lcd_Cmd23
0x015E	0x1307      	BCF        LCD_D6, BitPos(LCD_D6+0)
0x015F	0x2961      	GOTO       L__Lcd_Cmd24
L__Lcd_Cmd23:
0x0160	0x1707      	BSF        LCD_D6, BitPos(LCD_D6+0)
L__Lcd_Cmd24:
;__Lib_Lcd.c,22 :: 		
0x0161	0x1AE3      	BTFSC      FARG_Lcd_Cmd_out_char, 5
0x0162	0x2965      	GOTO       L__Lcd_Cmd25
0x0163	0x1287      	BCF        LCD_D5, BitPos(LCD_D5+0)
0x0164	0x2966      	GOTO       L__Lcd_Cmd26
L__Lcd_Cmd25:
0x0165	0x1687      	BSF        LCD_D5, BitPos(LCD_D5+0)
L__Lcd_Cmd26:
;__Lib_Lcd.c,23 :: 		
0x0166	0x1A63      	BTFSC      FARG_Lcd_Cmd_out_char, 4
0x0167	0x296A      	GOTO       L__Lcd_Cmd27
0x0168	0x1207      	BCF        LCD_D4, BitPos(LCD_D4+0)
0x0169	0x296B      	GOTO       L__Lcd_Cmd28
L__Lcd_Cmd27:
0x016A	0x1607      	BSF        LCD_D4, BitPos(LCD_D4+0)
L__Lcd_Cmd28:
;__Lib_Lcd.c,25 :: 		
0x016B	0x18C5      	BTFSC      __Lib_Lcd_cmd_status, BitPos(__Lib_Lcd_cmd_status+0)
0x016C	0x296F      	GOTO       L__Lcd_Cmd29
0x016D	0x1507      	BSF        LCD_RS, BitPos(LCD_RS+0)
0x016E	0x2970      	GOTO       L__Lcd_Cmd30
L__Lcd_Cmd29:
0x016F	0x1107      	BCF        LCD_RS, BitPos(LCD_RS+0)
L__Lcd_Cmd30:
;__Lib_Lcd.c,28 :: 		
0x0170	0x1587      	BSF        LCD_EN, BitPos(LCD_EN+0)
;__Lib_Lcd.c,29 :: 		
0x0171	0x2003      	CALL       _Delay_1us
;__Lib_Lcd.c,30 :: 		
0x0172	0x1187      	BCF        LCD_EN, BitPos(LCD_EN+0)
;__Lib_Lcd.c,33 :: 		
0x0173	0x19E3      	BTFSC      FARG_Lcd_Cmd_out_char, 3
0x0174	0x2977      	GOTO       L__Lcd_Cmd31
0x0175	0x1387      	BCF        LCD_D7, BitPos(LCD_D7+0)
0x0176	0x2978      	GOTO       L__Lcd_Cmd32
L__Lcd_Cmd31:
0x0177	0x1787      	BSF        LCD_D7, BitPos(LCD_D7+0)
L__Lcd_Cmd32:
;__Lib_Lcd.c,34 :: 		
0x0178	0x1963      	BTFSC      FARG_Lcd_Cmd_out_char, 2
0x0179	0x297C      	GOTO       L__Lcd_Cmd33
0x017A	0x1307      	BCF        LCD_D6, BitPos(LCD_D6+0)
0x017B	0x297D      	GOTO       L__Lcd_Cmd34
L__Lcd_Cmd33:
0x017C	0x1707      	BSF        LCD_D6, BitPos(LCD_D6+0)
L__Lcd_Cmd34:
;__Lib_Lcd.c,35 :: 		
0x017D	0x18E3      	BTFSC      FARG_Lcd_Cmd_out_char, 1
0x017E	0x2981      	GOTO       L__Lcd_Cmd35
0x017F	0x1287      	BCF        LCD_D5, BitPos(LCD_D5+0)
0x0180	0x2982      	GOTO       L__Lcd_Cmd36
L__Lcd_Cmd35:
0x0181	0x1687      	BSF        LCD_D5, BitPos(LCD_D5+0)
L__Lcd_Cmd36:
;__Lib_Lcd.c,36 :: 		
0x0182	0x1863      	BTFSC      FARG_Lcd_Cmd_out_char, 0
0x0183	0x2986      	GOTO       L__Lcd_Cmd37
0x0184	0x1207      	BCF        LCD_D4, BitPos(LCD_D4+0)
0x0185	0x2987      	GOTO       L__Lcd_Cmd38
L__Lcd_Cmd37:
0x0186	0x1607      	BSF        LCD_D4, BitPos(LCD_D4+0)
L__Lcd_Cmd38:
;__Lib_Lcd.c,38 :: 		
0x0187	0x18C5      	BTFSC      __Lib_Lcd_cmd_status, BitPos(__Lib_Lcd_cmd_status+0)
0x0188	0x298B      	GOTO       L__Lcd_Cmd39
0x0189	0x1507      	BSF        LCD_RS, BitPos(LCD_RS+0)
0x018A	0x298C      	GOTO       L__Lcd_Cmd40
L__Lcd_Cmd39:
0x018B	0x1107      	BCF        LCD_RS, BitPos(LCD_RS+0)
L__Lcd_Cmd40:
;__Lib_Lcd.c,40 :: 		
0x018C	0x1587      	BSF        LCD_EN, BitPos(LCD_EN+0)
;__Lib_Lcd.c,41 :: 		
0x018D	0x2003      	CALL       _Delay_1us
;__Lib_Lcd.c,42 :: 		
0x018E	0x1187      	BCF        LCD_EN, BitPos(LCD_EN+0)
;__Lib_Lcd.c,44 :: 		
0x018F	0x1CC5      	BTFSS      __Lib_Lcd_cmd_status, BitPos(__Lib_Lcd_cmd_status+0)
0x0190	0x2993      	GOTO       L_Lcd_Cmd0
;__Lib_Lcd.c,45 :: 		
0x0191	0x2009      	CALL       _Delay_5500us
0x0192	0x2994      	GOTO       L_Lcd_Cmd1
L_Lcd_Cmd0:
;__Lib_Lcd.c,47 :: 		
0x0193	0x2016      	CALL       _Delay_50us
L_Lcd_Cmd1:
;__Lib_Lcd.c,48 :: 		
L_end_Lcd_Cmd:
0x0194	0x0008      	RETURN
; end of _Lcd_Cmd
_____DoICP:
;__Lib_System.c,6 :: 		
;__Lib_System.c,9 :: 		
0x0195	0x1283      	BCF        STATUS, 5
0x0196	0x1303      	BCF        STATUS, 6
0x0197	0x0841      	MOVF       ___DoICPAddr+1, 0
0x0198	0x008A      	MOVWF      PCLATH
;__Lib_System.c,10 :: 		
0x0199	0x0840      	MOVF       ___DoICPAddr, 0
0x019A	0x0082      	MOVWF      PCL
;__Lib_System.c,12 :: 		
L_end_____DoICP:
0x019B	0x0008      	RETURN
; end of _____DoICP
_Lcd_Chr_CP:
;__Lib_Lcd.c,50 :: 		
;__Lib_Lcd.c,52 :: 		
0x019C	0x1283      	BCF        STATUS, 5
0x019D	0x1303      	BCF        STATUS, 6
0x019E	0x10C5      	BCF        __Lib_Lcd_cmd_status, BitPos(__Lib_Lcd_cmd_status+0)
;__Lib_Lcd.c,53 :: 		
0x019F	0x0862      	MOVF       FARG_Lcd_Chr_CP_out_char, 0
0x01A0	0x00E3      	MOVWF      FARG_Lcd_Cmd_out_char
0x01A1	0x2155      	CALL       _Lcd_Cmd
;__Lib_Lcd.c,54 :: 		
0x01A2	0x14C5      	BSF        __Lib_Lcd_cmd_status, BitPos(__Lib_Lcd_cmd_status+0)
;__Lib_Lcd.c,55 :: 		
L_end_Lcd_Chr_CP:
0x01A3	0x0008      	RETURN
; end of _Lcd_Chr_CP
_Delay_Cyc:
;__Lib_Delays.c,65 :: 		void Delay_Cyc(char cycles_div_by_10)  { // Cycles_div_by_10: min 3, max 255
;__Lib_Delays.c,67 :: 		--cycles_div_by_10;
0x01A4	0x1283      	BCF        STATUS, 5
0x01A5	0x1303      	BCF        STATUS, 6
0x01A6	0x03E2      	DECF       FARG_Delay_Cyc_cycles_div_by_10, 1
;__Lib_Delays.c,68 :: 		--cycles_div_by_10;
0x01A7	0x03E2      	DECF       FARG_Delay_Cyc_cycles_div_by_10, 1
;__Lib_Delays.c,69 :: 		while (cycles_div_by_10 > 0) {
L_Delay_Cyc13:
0x01A8	0x0862      	MOVF       FARG_Delay_Cyc_cycles_div_by_10, 0
0x01A9	0x3C00      	SUBLW      0
0x01AA	0x1803      	BTFSC      STATUS, 0
0x01AB	0x29B1      	GOTO       L_Delay_Cyc14
;__Lib_Delays.c,70 :: 		--cycles_div_by_10;
0x01AC	0x03E2      	DECF       FARG_Delay_Cyc_cycles_div_by_10, 1
;__Lib_Delays.c,71 :: 		asm nop;
0x01AD	0x0000      	NOP
;__Lib_Delays.c,72 :: 		asm nop;
0x01AE	0x0000      	NOP
;__Lib_Delays.c,73 :: 		asm nop;
0x01AF	0x0000      	NOP
;__Lib_Delays.c,74 :: 		}
0x01B0	0x29A8      	GOTO       L_Delay_Cyc13
L_Delay_Cyc14:
;__Lib_Delays.c,75 :: 		asm nop;
0x01B1	0x0000      	NOP
;__Lib_Delays.c,76 :: 		asm nop;
0x01B2	0x0000      	NOP
;__Lib_Delays.c,77 :: 		asm nop;
0x01B3	0x0000      	NOP
;__Lib_Delays.c,78 :: 		asm nop;
0x01B4	0x0000      	NOP
;__Lib_Delays.c,79 :: 		asm nop;
0x01B5	0x0000      	NOP
;__Lib_Delays.c,80 :: 		}
L_end_Delay_Cyc:
0x01B6	0x0008      	RETURN
; end of _Delay_Cyc
_Div_32x32_S:
;__Lib_Math.c,1092 :: 		
;__Lib_Math.c,1103 :: 		
;__Lib_Math.c,1106 :: 		
0x01B7	0x1283      	BCF        STATUS, 5
0x01B8	0x1303      	BCF        STATUS, 6
0x01B9	0x0874      	MOVF       R4, 0
0x01BA	0x3A00      	XORLW      0
0x01BB	0x1D03      	BTFSS      STATUS, 2
0x01BC	0x29D2      	GOTO       L_Div_32x32_S6
;__Lib_Math.c,1107 :: 		
0x01BD	0x0875      	MOVF       R5, 0
0x01BE	0x3A00      	XORLW      0
0x01BF	0x1D03      	BTFSS      STATUS, 2
0x01C0	0x29D2      	GOTO       L_Div_32x32_S7
;__Lib_Math.c,1108 :: 		
0x01C1	0x0876      	MOVF       R6, 0
0x01C2	0x3A00      	XORLW      0
0x01C3	0x1D03      	BTFSS      STATUS, 2
0x01C4	0x29D2      	GOTO       L_Div_32x32_S8
;__Lib_Math.c,1109 :: 		
0x01C5	0x0877      	MOVF       R7, 0
0x01C6	0x3A00      	XORLW      0
0x01C7	0x1D03      	BTFSS      STATUS, 2
0x01C8	0x29D2      	GOTO       L_Div_32x32_S9
;__Lib_Math.c,1110 :: 		
0x01C9	0x30FF      	MOVLW      255
0x01CA	0x00F0      	MOVWF      R0
;__Lib_Math.c,1111 :: 		
0x01CB	0x30FF      	MOVLW      255
0x01CC	0x00F1      	MOVWF      R1
;__Lib_Math.c,1112 :: 		
0x01CD	0x30FF      	MOVLW      255
0x01CE	0x00F2      	MOVWF      R2
;__Lib_Math.c,1113 :: 		
0x01CF	0x307F      	MOVLW      127
0x01D0	0x00F3      	MOVWF      R3
;__Lib_Math.c,1114 :: 		
0x01D1	0x2A6B      	GOTO       L_end_Div_32x32_S
;__Lib_Math.c,1115 :: 		
L_Div_32x32_S9:
L_Div_32x32_S8:
L_Div_32x32_S7:
L_Div_32x32_S6:
;__Lib_Math.c,1118 :: 		
0x01D2	0x1283      	BCF        STATUS, 5
;__Lib_Math.c,1119 :: 		
0x01D3	0x1303      	BCF        STATUS, 6
;__Lib_Math.c,1121 :: 		
0x01D4	0x01FC      	CLRF       R12
;__Lib_Math.c,1122 :: 		
0x01D5	0x1BF7      	BTFSC      R7, 7
;__Lib_Math.c,1123 :: 		
0x01D6	0x0AFC      	INCF       R12, 1
;__Lib_Math.c,1125 :: 		
0x01D7	0x01FD      	CLRF       R13
;__Lib_Math.c,1126 :: 		
0x01D8	0x01FB      	CLRF       R11
;__Lib_Math.c,1127 :: 		
0x01D9	0x01FA      	CLRF       R10
;__Lib_Math.c,1128 :: 		
0x01DA	0x01F9      	CLRF       R9
;__Lib_Math.c,1129 :: 		
0x01DB	0x01F8      	CLRF       R8
;__Lib_Math.c,1130 :: 		
0x01DC	0x0873      	MOVF       R3, 0
;__Lib_Math.c,1131 :: 		
0x01DD	0x0472      	IORWF      R2, 0
;__Lib_Math.c,1132 :: 		
0x01DE	0x0471      	IORWF      R1, 0
;__Lib_Math.c,1133 :: 		
0x01DF	0x0470      	IORWF      R0, 0
;__Lib_Math.c,1134 :: 		
0x01E0	0x1903      	BTFSC      STATUS, 2
;__Lib_Math.c,1135 :: 		
0x01E1	0x2A66      	GOTO       END_ALL
;__Lib_Math.c,1137 :: 		
0x01E2	0x0873      	MOVF       R3, 0
;__Lib_Math.c,1138 :: 		
0x01E3	0x0677      	XORWF      R7, 0
;__Lib_Math.c,1139 :: 		
0x01E4	0x00A0      	MOVWF      ___math_tempb
;__Lib_Math.c,1140 :: 		
0x01E5	0x1BA0      	BTFSC      ___math_tempb, 7
;__Lib_Math.c,1141 :: 		
0x01E6	0x09FD      	COMF       R13, 1
;__Lib_Math.c,1145 :: 		
0x01E7	0x1FF7      	BTFSS      R7, 7
;__Lib_Math.c,1146 :: 		
0x01E8	0x29F4      	GOTO       CA3232S
;__Lib_Math.c,1148 :: 		
0x01E9	0x09F4      	COMF       R4, 1
;__Lib_Math.c,1149 :: 		
0x01EA	0x09F5      	COMF       R5, 1
;__Lib_Math.c,1150 :: 		
0x01EB	0x09F6      	COMF       R6, 1
;__Lib_Math.c,1151 :: 		
0x01EC	0x09F7      	COMF       R7, 1
;__Lib_Math.c,1152 :: 		
0x01ED	0x0AF4      	INCF       R4, 1
;__Lib_Math.c,1153 :: 		
0x01EE	0x1903      	BTFSC      STATUS, 2
;__Lib_Math.c,1154 :: 		
0x01EF	0x0AF5      	INCF       R5, 1
;__Lib_Math.c,1155 :: 		
0x01F0	0x1903      	BTFSC      STATUS, 2
;__Lib_Math.c,1156 :: 		
0x01F1	0x0AF6      	INCF       R6, 1
;__Lib_Math.c,1157 :: 		
0x01F2	0x1903      	BTFSC      STATUS, 2
;__Lib_Math.c,1158 :: 		
0x01F3	0x0AF7      	INCF       R7, 1
;__Lib_Math.c,1160 :: 		
CA3232S:
;__Lib_Math.c,1161 :: 		
0x01F4	0x1FF3      	BTFSS      R3, 7
;__Lib_Math.c,1162 :: 		
0x01F5	0x2A01      	GOTO       C3232SX
;__Lib_Math.c,1164 :: 		
0x01F6	0x09F0      	COMF       R0, 1
;__Lib_Math.c,1165 :: 		
0x01F7	0x09F1      	COMF       R1, 1
;__Lib_Math.c,1166 :: 		
0x01F8	0x09F2      	COMF       R2, 1
;__Lib_Math.c,1167 :: 		
0x01F9	0x09F3      	COMF       R3, 1
;__Lib_Math.c,1168 :: 		
0x01FA	0x0AF0      	INCF       R0, 1
;__Lib_Math.c,1169 :: 		
0x01FB	0x1903      	BTFSC      STATUS, 2
;__Lib_Math.c,1170 :: 		
0x01FC	0x0AF1      	INCF       R1, 1
;__Lib_Math.c,1171 :: 		
0x01FD	0x1903      	BTFSC      STATUS, 2
;__Lib_Math.c,1172 :: 		
0x01FE	0x0AF2      	INCF       R2, 1
;__Lib_Math.c,1173 :: 		
0x01FF	0x1903      	BTFSC      STATUS, 2
;__Lib_Math.c,1174 :: 		
0x0200	0x0AF3      	INCF       R3, 1
;__Lib_Math.c,1176 :: 		
C3232SX:
;__Lib_Math.c,1177 :: 		
0x0201	0x0873      	MOVF       R3, 0
;__Lib_Math.c,1178 :: 		
0x0202	0x0477      	IORWF      R7, 0
;__Lib_Math.c,1179 :: 		
0x0203	0x00A0      	MOVWF      ___math_tempb
;__Lib_Math.c,1180 :: 		
0x0204	0x1BA0      	BTFSC      ___math_tempb, 7
;__Lib_Math.c,1181 :: 		
0x0205	0x2A22      	GOTO       C3232SX1
;__Lib_Math.c,1183 :: 		
C3232S:
;__Lib_Math.c,1186 :: 		
0x0206	0x201D      	CALL       _SDIV3232L
;__Lib_Math.c,1190 :: 		
0x0207	0x1BFC      	BTFSC      R12, 7
;__Lib_Math.c,1191 :: 		
0x0208	0x2A3F      	GOTO       C3232SX4
;__Lib_Math.c,1193 :: 		
C3232SOK:
;__Lib_Math.c,1194 :: 		
0x0209	0x1FFD      	BTFSS      R13, 7
;__Lib_Math.c,1195 :: 		
0x020A	0x2A66      	GOTO       END_ALL
;__Lib_Math.c,1197 :: 		
0x020B	0x09F0      	COMF       R0, 1
;__Lib_Math.c,1198 :: 		
0x020C	0x09F1      	COMF       R1, 1
;__Lib_Math.c,1199 :: 		
0x020D	0x09F2      	COMF       R2, 1
;__Lib_Math.c,1200 :: 		
0x020E	0x09F3      	COMF       R3, 1
;__Lib_Math.c,1201 :: 		
0x020F	0x0AF0      	INCF       R0, 1
;__Lib_Math.c,1202 :: 		
0x0210	0x1903      	BTFSC      STATUS, 2
;__Lib_Math.c,1203 :: 		
0x0211	0x0AF1      	INCF       R1, 1
;__Lib_Math.c,1204 :: 		
0x0212	0x1903      	BTFSC      STATUS, 2
;__Lib_Math.c,1205 :: 		
0x0213	0x0AF2      	INCF       R2, 1
;__Lib_Math.c,1206 :: 		
0x0214	0x1903      	BTFSC      STATUS, 2
;__Lib_Math.c,1207 :: 		
0x0215	0x0AF3      	INCF       R3, 1
;__Lib_Math.c,1209 :: 		
0x0216	0x09F8      	COMF       R8, 1
;__Lib_Math.c,1210 :: 		
0x0217	0x09F9      	COMF       R9, 1
;__Lib_Math.c,1211 :: 		
0x0218	0x09FA      	COMF       R10, 1
;__Lib_Math.c,1212 :: 		
0x0219	0x09FB      	COMF       R11, 1
;__Lib_Math.c,1213 :: 		
0x021A	0x0AF8      	INCF       R8, 1
;__Lib_Math.c,1214 :: 		
0x021B	0x1903      	BTFSC      STATUS, 2
;__Lib_Math.c,1215 :: 		
0x021C	0x0AF9      	INCF       R9, 1
;__Lib_Math.c,1216 :: 		
0x021D	0x1903      	BTFSC      STATUS, 2
;__Lib_Math.c,1217 :: 		
0x021E	0x0AFA      	INCF       R10, 1
;__Lib_Math.c,1218 :: 		
0x021F	0x1903      	BTFSC      STATUS, 2
;__Lib_Math.c,1219 :: 		
0x0220	0x0AFB      	INCF       R11, 1
;__Lib_Math.c,1221 :: 		
0x0221	0x2A66      	GOTO       END_ALL
;__Lib_Math.c,1223 :: 		
C3232SX1:
;__Lib_Math.c,1224 :: 		
0x0222	0x1FF7      	BTFSS      R7, 7
;__Lib_Math.c,1225 :: 		
0x0223	0x2A39      	GOTO       C3232SX3
;__Lib_Math.c,1226 :: 		
0x0224	0x1BF3      	BTFSC      R3, 7
;__Lib_Math.c,1227 :: 		
0x0225	0x2A33      	GOTO       C3232SX2
;__Lib_Math.c,1228 :: 		
0x0226	0x0873      	MOVF       R3, 0
;__Lib_Math.c,1229 :: 		
0x0227	0x00FB      	MOVWF      R11
;__Lib_Math.c,1230 :: 		
0x0228	0x0872      	MOVF       R2, 0
;__Lib_Math.c,1231 :: 		
0x0229	0x00FA      	MOVWF      R10
;__Lib_Math.c,1232 :: 		
0x022A	0x0871      	MOVF       R1, 0
;__Lib_Math.c,1233 :: 		
0x022B	0x00F9      	MOVWF      R9
;__Lib_Math.c,1234 :: 		
0x022C	0x0870      	MOVF       R0, 0
;__Lib_Math.c,1235 :: 		
0x022D	0x00F8      	MOVWF      R8
;__Lib_Math.c,1236 :: 		
0x022E	0x01F3      	CLRF       R3
;__Lib_Math.c,1237 :: 		
0x022F	0x01F2      	CLRF       R2
;__Lib_Math.c,1238 :: 		
0x0230	0x01F1      	CLRF       R1
;__Lib_Math.c,1239 :: 		
0x0231	0x01F0      	CLRF       R0
;__Lib_Math.c,1240 :: 		
0x0232	0x2A09      	GOTO       C3232SOK
;__Lib_Math.c,1241 :: 		
C3232SX2:
;__Lib_Math.c,1242 :: 		
0x0233	0x01F3      	CLRF       R3
;__Lib_Math.c,1243 :: 		
0x0234	0x01F2      	CLRF       R2
;__Lib_Math.c,1244 :: 		
0x0235	0x01F1      	CLRF       R1
;__Lib_Math.c,1245 :: 		
0x0236	0x01F0      	CLRF       R0
;__Lib_Math.c,1246 :: 		
0x0237	0x0AF0      	INCF       R0, 1
;__Lib_Math.c,1247 :: 		
0x0238	0x3400      	RETLW      0
;__Lib_Math.c,1249 :: 		
C3232SX3:
;__Lib_Math.c,1250 :: 		
0x0239	0x09F3      	COMF       R3, 1
;__Lib_Math.c,1251 :: 		
0x023A	0x09F2      	COMF       R2, 1
;__Lib_Math.c,1252 :: 		
0x023B	0x09F1      	COMF       R1, 1
;__Lib_Math.c,1253 :: 		
0x023C	0x09F0      	COMF       R0, 1
;__Lib_Math.c,1255 :: 		
0x023D	0x17FC      	BSF        R12, 7
;__Lib_Math.c,1257 :: 		
0x023E	0x2A06      	GOTO       C3232S
;__Lib_Math.c,1259 :: 		
C3232SX4:
;__Lib_Math.c,1260 :: 		
0x023F	0x0AF8      	INCF       R8, 1
;__Lib_Math.c,1261 :: 		
0x0240	0x1903      	BTFSC      STATUS, 2
;__Lib_Math.c,1262 :: 		
0x0241	0x0AF9      	INCF       R9, 1
;__Lib_Math.c,1263 :: 		
0x0242	0x1903      	BTFSC      STATUS, 2
;__Lib_Math.c,1264 :: 		
0x0243	0x0AFA      	INCF       R10, 1
;__Lib_Math.c,1265 :: 		
0x0244	0x1903      	BTFSC      STATUS, 2
;__Lib_Math.c,1266 :: 		
0x0245	0x0AFB      	INCF       R11, 1
;__Lib_Math.c,1267 :: 		
0x0246	0x0874      	MOVF       R4, 0
;__Lib_Math.c,1268 :: 		
0x0247	0x0278      	SUBWF      R8, 0
;__Lib_Math.c,1269 :: 		
0x0248	0x1D03      	BTFSS      STATUS, 2
;__Lib_Math.c,1270 :: 		
0x0249	0x2A09      	GOTO       C3232SOK
;__Lib_Math.c,1271 :: 		
0x024A	0x0875      	MOVF       R5, 0
;__Lib_Math.c,1272 :: 		
0x024B	0x0279      	SUBWF      R9, 0
;__Lib_Math.c,1273 :: 		
0x024C	0x1D03      	BTFSS      STATUS, 2
;__Lib_Math.c,1274 :: 		
0x024D	0x2A09      	GOTO       C3232SOK
;__Lib_Math.c,1275 :: 		
0x024E	0x0876      	MOVF       R6, 0
;__Lib_Math.c,1276 :: 		
0x024F	0x027A      	SUBWF      R10, 0
;__Lib_Math.c,1277 :: 		
0x0250	0x1D03      	BTFSS      STATUS, 2
;__Lib_Math.c,1278 :: 		
0x0251	0x2A09      	GOTO       C3232SOK
;__Lib_Math.c,1279 :: 		
0x0252	0x0877      	MOVF       R7, 0
;__Lib_Math.c,1280 :: 		
0x0253	0x027B      	SUBWF      R11, 0
;__Lib_Math.c,1281 :: 		
0x0254	0x1D03      	BTFSS      STATUS, 2
;__Lib_Math.c,1282 :: 		
0x0255	0x2A09      	GOTO       C3232SOK
;__Lib_Math.c,1283 :: 		
0x0256	0x01FB      	CLRF       R11
;__Lib_Math.c,1284 :: 		
0x0257	0x01FA      	CLRF       R10
;__Lib_Math.c,1285 :: 		
0x0258	0x01F9      	CLRF       R9
;__Lib_Math.c,1286 :: 		
0x0259	0x01F8      	CLRF       R8
;__Lib_Math.c,1287 :: 		
0x025A	0x0AF0      	INCF       R0, 1
;__Lib_Math.c,1288 :: 		
0x025B	0x1903      	BTFSC      STATUS, 2
;__Lib_Math.c,1289 :: 		
0x025C	0x0AF1      	INCF       R1, 1
;__Lib_Math.c,1290 :: 		
0x025D	0x1903      	BTFSC      STATUS, 2
;__Lib_Math.c,1291 :: 		
0x025E	0x0AF2      	INCF       R2, 1
;__Lib_Math.c,1292 :: 		
0x025F	0x1903      	BTFSC      STATUS, 2
;__Lib_Math.c,1293 :: 		
0x0260	0x0AF3      	INCF       R3, 1
;__Lib_Math.c,1294 :: 		
0x0261	0x1FF3      	BTFSS      R3, 7
;__Lib_Math.c,1295 :: 		
0x0262	0x2A09      	GOTO       C3232SOK
;__Lib_Math.c,1296 :: 		
0x0263	0x01A0      	CLRF       ___math_tempb
;__Lib_Math.c,1297 :: 		
0x0264	0x1620      	BSF        ___math_tempb, 4
;__Lib_Math.c,1298 :: 		
0x0265	0x34FF      	RETLW      255
;__Lib_Math.c,1299 :: 		
END_ALL:
;__Lib_Math.c,1300 :: 		
0x0266	0x01A0      	CLRF       ___math_tempb
;__Lib_Math.c,1301 :: 		
0x0267	0x1C7C      	BTFSS      R12, 0
;__Lib_Math.c,1302 :: 		
0x0268	0x2A6A      	GOTO       avoid_comfrem
;__Lib_Math.c,1304 :: 		
0x0269	0x2149      	CALL       _COMFREM
;__Lib_Math.c,1306 :: 		
avoid_comfrem:
;__Lib_Math.c,1307 :: 		
0x026A	0x3E00      	ADDLW      0
;__Lib_Math.c,1309 :: 		
L_end_Div_32x32_S:
0x026B	0x0008      	RETURN
; end of _Div_32x32_S
_Mul_32x32_U:
;__Lib_Math.c,1775 :: 		
;__Lib_Math.c,1790 :: 		
0x026C	0x1283      	BCF        STATUS, 5
;__Lib_Math.c,1791 :: 		
0x026D	0x1303      	BCF        STATUS, 6
;__Lib_Math.c,1792 :: 		
0x026E	0x3022      	MOVLW      34
;__Lib_Math.c,1793 :: 		
0x026F	0x00FC      	MOVWF      R12
;__Lib_Math.c,1794 :: 		
0x0270	0x01F8      	CLRF       R8
;__Lib_Math.c,1795 :: 		
0x0271	0x01F9      	CLRF       R9
;__Lib_Math.c,1796 :: 		
0x0272	0x01FA      	CLRF       R10
;__Lib_Math.c,1797 :: 		
0x0273	0x01FB      	CLRF       R11
;__Lib_Math.c,1799 :: 		
_NEXT:
;__Lib_Math.c,1803 :: 		
0x0274	0x03FC      	DECF       R12, 1
;__Lib_Math.c,1804 :: 		
0x0275	0x1903      	BTFSC      STATUS, 2
;__Lib_Math.c,1805 :: 		
0x0276	0x2AA2      	GOTO       _EXIT2
;__Lib_Math.c,1806 :: 		
0x0277	0x1003      	BCF        STATUS, 0
;__Lib_Math.c,1808 :: 		
_LOOP:
;__Lib_Math.c,1817 :: 		
0x0278	0x0CFB      	RRF        R11, 1
;__Lib_Math.c,1818 :: 		
0x0279	0x0CFA      	RRF        R10, 1
;__Lib_Math.c,1819 :: 		
0x027A	0x0CF9      	RRF        R9, 1
;__Lib_Math.c,1820 :: 		
0x027B	0x0CF8      	RRF        R8, 1
;__Lib_Math.c,1821 :: 		
0x027C	0x0CF3      	RRF        R3, 1
;__Lib_Math.c,1822 :: 		
0x027D	0x0CF2      	RRF        R2, 1
;__Lib_Math.c,1823 :: 		
0x027E	0x0CF1      	RRF        R1, 1
;__Lib_Math.c,1824 :: 		
0x027F	0x0CF0      	RRF        R0, 1
;__Lib_Math.c,1829 :: 		
0x0280	0x1C03      	BTFSS      STATUS, 0
;__Lib_Math.c,1830 :: 		
0x0281	0x2A74      	GOTO       _NEXT
;__Lib_Math.c,1831 :: 		
0x0282	0x03FC      	DECF       R12, 1
;__Lib_Math.c,1832 :: 		
0x0283	0x1903      	BTFSC      STATUS, 2
;__Lib_Math.c,1833 :: 		
0x0284	0x2A94      	GOTO       _EXIT1
;__Lib_Math.c,1840 :: 		
0x0285	0x0874      	MOVF       R4, 0
;__Lib_Math.c,1841 :: 		
0x0286	0x07F8      	ADDWF      R8, 1
;__Lib_Math.c,1842 :: 		
0x0287	0x0875      	MOVF       R5, 0
;__Lib_Math.c,1843 :: 		
0x0288	0x1803      	BTFSC      STATUS, 0
;__Lib_Math.c,1844 :: 		
0x0289	0x0F75      	INCFSZ     R5, 0
;__Lib_Math.c,1845 :: 		
0x028A	0x07F9      	ADDWF      R9, 1
;__Lib_Math.c,1846 :: 		
0x028B	0x0876      	MOVF       R6, 0
;__Lib_Math.c,1847 :: 		
0x028C	0x1803      	BTFSC      STATUS, 0
;__Lib_Math.c,1848 :: 		
0x028D	0x0F76      	INCFSZ     R6, 0
;__Lib_Math.c,1849 :: 		
0x028E	0x07FA      	ADDWF      R10, 1
;__Lib_Math.c,1850 :: 		
0x028F	0x0877      	MOVF       R7, 0
;__Lib_Math.c,1851 :: 		
0x0290	0x1803      	BTFSC      STATUS, 0
;__Lib_Math.c,1852 :: 		
0x0291	0x0F77      	INCFSZ     R7, 0
;__Lib_Math.c,1853 :: 		
0x0292	0x07FB      	ADDWF      R11, 1
;__Lib_Math.c,1855 :: 		
0x0293	0x2A78      	GOTO       _LOOP
;__Lib_Math.c,1857 :: 		
_EXIT1:
;__Lib_Math.c,1862 :: 		
0x0294	0x0874      	MOVF       R4, 0
;__Lib_Math.c,1863 :: 		
0x0295	0x07F8      	ADDWF      R8, 1
;__Lib_Math.c,1864 :: 		
0x0296	0x0875      	MOVF       R5, 0
;__Lib_Math.c,1865 :: 		
0x0297	0x1803      	BTFSC      STATUS, 0
;__Lib_Math.c,1866 :: 		
0x0298	0x0F75      	INCFSZ     R5, 0
;__Lib_Math.c,1867 :: 		
0x0299	0x07F9      	ADDWF      R9, 1
;__Lib_Math.c,1868 :: 		
0x029A	0x0876      	MOVF       R6, 0
;__Lib_Math.c,1869 :: 		
0x029B	0x1803      	BTFSC      STATUS, 0
;__Lib_Math.c,1870 :: 		
0x029C	0x0F76      	INCFSZ     R6, 0
;__Lib_Math.c,1871 :: 		
0x029D	0x07FA      	ADDWF      R10, 1
;__Lib_Math.c,1872 :: 		
0x029E	0x0877      	MOVF       R7, 0
;__Lib_Math.c,1873 :: 		
0x029F	0x1803      	BTFSC      STATUS, 0
;__Lib_Math.c,1874 :: 		
0x02A0	0x0F77      	INCFSZ     R7, 0
;__Lib_Math.c,1875 :: 		
0x02A1	0x07FB      	ADDWF      R11, 1
;__Lib_Math.c,1878 :: 		
_EXIT2:
;__Lib_Math.c,1880 :: 		
L_end_Mul_32x32_U:
0x02A2	0x0008      	RETURN
; end of _Mul_32x32_U
_Get_Fosc_kHz:
;__Lib_Delays.c,1 :: 		unsigned long Get_Fosc_kHz(){
;__Lib_Delays.c,3 :: 		return Clock_kHz();
0x02A3	0x3020      	MOVLW      32
0x02A4	0x1283      	BCF        STATUS, 5
0x02A5	0x1303      	BCF        STATUS, 6
0x02A6	0x00F0      	MOVWF      R0
0x02A7	0x304E      	MOVLW      78
0x02A8	0x00F1      	MOVWF      R0+1
0x02A9	0x01F2      	CLRF       R0+2
0x02AA	0x01F3      	CLRF       R0+3
;__Lib_Delays.c,5 :: 		}
L_end_Get_Fosc_kHz:
0x02AB	0x0008      	RETURN
; end of _Get_Fosc_kHz
_Soft_UART_Init:
;__Lib_SoftUART.c,149 :: 		
;__Lib_SoftUART.c,153 :: 		
0x02AC	0x1283      	BCF        STATUS, 5
0x02AD	0x1303      	BCF        STATUS, 6
0x02AE	0x084C      	MOVF       FARG_Soft_UART_Init_port, 0
0x02AF	0x00CA      	MOVWF      __Lib_SoftUART__port_addr
;__Lib_SoftUART.c,154 :: 		
0x02B0	0x084D      	MOVF       FARG_Soft_UART_Init_rx_pin, 0
0x02B1	0x00F0      	MOVWF      R0
0x02B2	0x3001      	MOVLW      1
0x02B3	0x00F2      	MOVWF      R2
0x02B4	0x0870      	MOVF       R0, 0
L__Soft_UART_Init32:
0x02B5	0x1903      	BTFSC      STATUS, 2
0x02B6	0x2ABB      	GOTO       L__Soft_UART_Init33
0x02B7	0x0DF2      	RLF        R2, 1
0x02B8	0x1072      	BCF        R2, 0
0x02B9	0x3EFF      	ADDLW      255
0x02BA	0x2AB5      	GOTO       L__Soft_UART_Init32
L__Soft_UART_Init33:
0x02BB	0x0872      	MOVF       R2, 0
0x02BC	0x00C9      	MOVWF      __Lib_SoftUART__rx_mask1
;__Lib_SoftUART.c,155 :: 		
0x02BD	0x0972      	COMF       R2, 0
0x02BE	0x00C8      	MOVWF      __Lib_SoftUART__rx_mask0
;__Lib_SoftUART.c,156 :: 		
0x02BF	0x084E      	MOVF       FARG_Soft_UART_Init_tx_pin, 0
0x02C0	0x00F1      	MOVWF      R1
0x02C1	0x3001      	MOVLW      1
0x02C2	0x00F0      	MOVWF      R0
0x02C3	0x0871      	MOVF       R1, 0
L__Soft_UART_Init34:
0x02C4	0x1903      	BTFSC      STATUS, 2
0x02C5	0x2ACA      	GOTO       L__Soft_UART_Init35
0x02C6	0x0DF0      	RLF        R0, 1
0x02C7	0x1070      	BCF        R0, 0
0x02C8	0x3EFF      	ADDLW      255
0x02C9	0x2AC4      	GOTO       L__Soft_UART_Init34
L__Soft_UART_Init35:
0x02CA	0x0870      	MOVF       R0, 0
0x02CB	0x00C4      	MOVWF      __Lib_SoftUART__tx_mask1
;__Lib_SoftUART.c,157 :: 		
0x02CC	0x09F0      	COMF       R0, 1
0x02CD	0x0870      	MOVF       R0, 0
0x02CE	0x00C3      	MOVWF      __Lib_SoftUART__tx_mask0
;__Lib_SoftUART.c,160 :: 		
0x02CF	0x3080      	MOVLW      128
0x02D0	0x074C      	ADDWF      FARG_Soft_UART_Init_port, 0
0x02D1	0x0084      	MOVWF      FSR
;__Lib_SoftUART.c,161 :: 		
0x02D2	0x0872      	MOVF       R2, 0
0x02D3	0x0480      	IORWF      INDF, 1
;__Lib_SoftUART.c,164 :: 		
0x02D4	0x0870      	MOVF       R0, 0
0x02D5	0x0580      	ANDWF      INDF, 1
;__Lib_SoftUART.c,166 :: 		
0x02D6	0x01C2      	CLRF       __Lib_SoftUART_InvertMaskRd
;__Lib_SoftUART.c,167 :: 		
0x02D7	0x0853      	MOVF       FARG_Soft_UART_Init_inverted, 0
0x02D8	0x1903      	BTFSC      STATUS, 2
0x02D9	0x2ADB      	GOTO       L_Soft_UART_Init21
;__Lib_SoftUART.c,168 :: 		
0x02DA	0x09C2      	COMF       __Lib_SoftUART_InvertMaskRd, 1
L_Soft_UART_Init21:
;__Lib_SoftUART.c,171 :: 		
0x02DB	0x1384      	BCF        FSR, 7
;__Lib_SoftUART.c,172 :: 		
0x02DC	0x0842      	MOVF       __Lib_SoftUART_InvertMaskRd, 0
0x02DD	0x3A00      	XORLW      0
0x02DE	0x1903      	BTFSC      STATUS, 2
0x02DF	0x2AE3      	GOTO       L_Soft_UART_Init22
;__Lib_SoftUART.c,174 :: 		
0x02E0	0x0843      	MOVF       __Lib_SoftUART__tx_mask0, 0
0x02E1	0x0580      	ANDWF      INDF, 1
0x02E2	0x2AE5      	GOTO       L_Soft_UART_Init23
L_Soft_UART_Init22:
;__Lib_SoftUART.c,177 :: 		
0x02E3	0x0844      	MOVF       __Lib_SoftUART__tx_mask1, 0
0x02E4	0x0480      	IORWF      INDF, 1
L_Soft_UART_Init23:
;__Lib_SoftUART.c,179 :: 		
0x02E5	0x22A3      	CALL       _Get_Fosc_kHz
0x02E6	0x30E8      	MOVLW      232
0x02E7	0x00F4      	MOVWF      R4
0x02E8	0x3003      	MOVLW      3
0x02E9	0x00F5      	MOVWF      R4+1
0x02EA	0x01F6      	CLRF       R4+2
0x02EB	0x01F7      	CLRF       R4+3
0x02EC	0x226C      	CALL       _Mul_32x32_U
0x02ED	0x0870      	MOVF       R0, 0
0x02EE	0x00DE      	MOVWF      FLOC__Soft_UART_Init
0x02EF	0x0871      	MOVF       R0+1, 0
0x02F0	0x00DF      	MOVWF      FLOC__Soft_UART_Init+1
0x02F1	0x0872      	MOVF       R0+2, 0
0x02F2	0x00E0      	MOVWF      FLOC__Soft_UART_Init+2
0x02F3	0x0873      	MOVF       R0+3, 0
0x02F4	0x00E1      	MOVWF      FLOC__Soft_UART_Init+3
0x02F5	0x085E      	MOVF       FLOC__Soft_UART_Init, 0
0x02F6	0x00D4      	MOVWF      Soft_UART_Init_q1_L0
0x02F7	0x085F      	MOVF       FLOC__Soft_UART_Init+1, 0
0x02F8	0x00D5      	MOVWF      Soft_UART_Init_q1_L0+1
0x02F9	0x0860      	MOVF       FLOC__Soft_UART_Init+2, 0
0x02FA	0x00D6      	MOVWF      Soft_UART_Init_q1_L0+2
0x02FB	0x0861      	MOVF       FLOC__Soft_UART_Init+3, 0
0x02FC	0x00D7      	MOVWF      Soft_UART_Init_q1_L0+3
;__Lib_SoftUART.c,180 :: 		
0x02FD	0x084F      	MOVF       FARG_Soft_UART_Init_baud_rate, 0
0x02FE	0x00F0      	MOVWF      R0
0x02FF	0x0850      	MOVF       FARG_Soft_UART_Init_baud_rate+1, 0
0x0300	0x00F1      	MOVWF      R0+1
0x0301	0x0851      	MOVF       FARG_Soft_UART_Init_baud_rate+2, 0
0x0302	0x00F2      	MOVWF      R0+2
0x0303	0x0852      	MOVF       FARG_Soft_UART_Init_baud_rate+3, 0
0x0304	0x00F3      	MOVWF      R0+3
0x0305	0x0DF0      	RLF        R0, 1
0x0306	0x0DF1      	RLF        R0+1, 1
0x0307	0x0DF2      	RLF        R0+2, 1
0x0308	0x0DF3      	RLF        R0+3, 1
0x0309	0x1070      	BCF        R0, 0
0x030A	0x0DF0      	RLF        R0, 1
0x030B	0x0DF1      	RLF        R0+1, 1
0x030C	0x0DF2      	RLF        R0+2, 1
0x030D	0x0DF3      	RLF        R0+3, 1
0x030E	0x1070      	BCF        R0, 0
0x030F	0x300A      	MOVLW      10
0x0310	0x00F4      	MOVWF      R4
0x0311	0x01F5      	CLRF       R4+1
0x0312	0x01F6      	CLRF       R4+2
0x0313	0x01F7      	CLRF       R4+3
0x0314	0x226C      	CALL       _Mul_32x32_U
0x0315	0x0870      	MOVF       R0, 0
0x0316	0x00D8      	MOVWF      Soft_UART_Init_q2_L0
0x0317	0x0871      	MOVF       R0+1, 0
0x0318	0x00D9      	MOVWF      Soft_UART_Init_q2_L0+1
0x0319	0x0872      	MOVF       R0+2, 0
0x031A	0x00DA      	MOVWF      Soft_UART_Init_q2_L0+2
0x031B	0x0873      	MOVF       R0+3, 0
0x031C	0x00DB      	MOVWF      Soft_UART_Init_q2_L0+3
;__Lib_SoftUART.c,183 :: 		
0x031D	0x0870      	MOVF       R0, 0
0x031E	0x00F4      	MOVWF      R4
0x031F	0x0871      	MOVF       R0+1, 0
0x0320	0x00F5      	MOVWF      R4+1
0x0321	0x0872      	MOVF       R0+2, 0
0x0322	0x00F6      	MOVWF      R4+2
0x0323	0x0873      	MOVF       R0+3, 0
0x0324	0x00F7      	MOVWF      R4+3
0x0325	0x085E      	MOVF       FLOC__Soft_UART_Init, 0
0x0326	0x00F0      	MOVWF      R0
0x0327	0x085F      	MOVF       FLOC__Soft_UART_Init+1, 0
0x0328	0x00F1      	MOVWF      R0+1
0x0329	0x0860      	MOVF       FLOC__Soft_UART_Init+2, 0
0x032A	0x00F2      	MOVWF      R0+2
0x032B	0x0861      	MOVF       FLOC__Soft_UART_Init+3, 0
0x032C	0x00F3      	MOVWF      R0+3
0x032D	0x21B7      	CALL       _Div_32x32_S
0x032E	0x0870      	MOVF       R0, 0
0x032F	0x00DC      	MOVWF      Soft_UART_Init_temp_word_L0
0x0330	0x0871      	MOVF       R0+1, 0
0x0331	0x00DD      	MOVWF      Soft_UART_Init_temp_word_L0+1
;__Lib_SoftUART.c,184 :: 		
0x0332	0x0871      	MOVF       R0+1, 0
0x0333	0x00F4      	MOVWF      R4
0x0334	0x01F5      	CLRF       R4+1
0x0335	0x0874      	MOVF       R4, 0
0x0336	0x0475      	IORWF      R4+1, 0
0x0337	0x1903      	BTFSC      STATUS, 2
0x0338	0x2B3C      	GOTO       L_Soft_UART_Init24
;__Lib_SoftUART.c,185 :: 		
0x0339	0x3002      	MOVLW      2
0x033A	0x00F0      	MOVWF      R0
0x033B	0x2B91      	GOTO       L_end_Soft_UART_Init
L_Soft_UART_Init24:
;__Lib_SoftUART.c,187 :: 		
0x033C	0x085C      	MOVF       Soft_UART_Init_temp_word_L0, 0
0x033D	0x00C7      	MOVWF      __Lib_SoftUART_FullBit
;__Lib_SoftUART.c,188 :: 		
0x033E	0x0858      	MOVF       Soft_UART_Init_q2_L0, 0
0x033F	0x00F4      	MOVWF      R4
0x0340	0x0859      	MOVF       Soft_UART_Init_q2_L0+1, 0
0x0341	0x00F5      	MOVWF      R4+1
0x0342	0x085A      	MOVF       Soft_UART_Init_q2_L0+2, 0
0x0343	0x00F6      	MOVWF      R4+2
0x0344	0x085B      	MOVF       Soft_UART_Init_q2_L0+3, 0
0x0345	0x00F7      	MOVWF      R4+3
0x0346	0x0854      	MOVF       Soft_UART_Init_q1_L0, 0
0x0347	0x00F0      	MOVWF      R0
0x0348	0x0855      	MOVF       Soft_UART_Init_q1_L0+1, 0
0x0349	0x00F1      	MOVWF      R0+1
0x034A	0x0856      	MOVF       Soft_UART_Init_q1_L0+2, 0
0x034B	0x00F2      	MOVWF      R0+2
0x034C	0x0857      	MOVF       Soft_UART_Init_q1_L0+3, 0
0x034D	0x00F3      	MOVWF      R0+3
0x034E	0x21B7      	CALL       _Div_32x32_S
0x034F	0x0878      	MOVF       R8, 0
0x0350	0x00F0      	MOVWF      R0
0x0351	0x0879      	MOVF       R8+1, 0
0x0352	0x00F1      	MOVWF      R0+1
0x0353	0x087A      	MOVF       R8+2, 0
0x0354	0x00F2      	MOVWF      R0+2
0x0355	0x087B      	MOVF       R8+3, 0
0x0356	0x00F3      	MOVWF      R0+3
0x0357	0x0870      	MOVF       R0, 0
0x0358	0x00D4      	MOVWF      Soft_UART_Init_q1_L0
0x0359	0x0871      	MOVF       R0+1, 0
0x035A	0x00D5      	MOVWF      Soft_UART_Init_q1_L0+1
0x035B	0x0872      	MOVF       R0+2, 0
0x035C	0x00D6      	MOVWF      Soft_UART_Init_q1_L0+2
0x035D	0x0873      	MOVF       R0+3, 0
0x035E	0x00D7      	MOVWF      Soft_UART_Init_q1_L0+3
;__Lib_SoftUART.c,190 :: 		
0x035F	0x0858      	MOVF       Soft_UART_Init_q2_L0, 0
0x0360	0x00F5      	MOVWF      R5
0x0361	0x0859      	MOVF       Soft_UART_Init_q2_L0+1, 0
0x0362	0x00F6      	MOVWF      R5+1
0x0363	0x085A      	MOVF       Soft_UART_Init_q2_L0+2, 0
0x0364	0x00F7      	MOVWF      R5+2
0x0365	0x085B      	MOVF       Soft_UART_Init_q2_L0+3, 0
0x0366	0x00F8      	MOVWF      R5+3
0x0367	0x0CF8      	RRF        R5+3, 1
0x0368	0x0CF7      	RRF        R5+2, 1
0x0369	0x0CF6      	RRF        R5+1, 1
0x036A	0x0CF5      	RRF        R5, 1
0x036B	0x13F8      	BCF        R5+3, 7
0x036C	0x1B78      	BTFSC      R5+3, 6
0x036D	0x17F8      	BSF        R5+3, 7
0x036E	0x3080      	MOVLW      128
0x036F	0x0678      	XORWF      R5+3, 0
0x0370	0x00F4      	MOVWF      R4
0x0371	0x3080      	MOVLW      128
0x0372	0x0673      	XORWF      R0+3, 0
0x0373	0x0274      	SUBWF      R4, 0
0x0374	0x1D03      	BTFSS      STATUS, 2
0x0375	0x2B80      	GOTO       L__Soft_UART_Init36
0x0376	0x0872      	MOVF       R0+2, 0
0x0377	0x0277      	SUBWF      R5+2, 0
0x0378	0x1D03      	BTFSS      STATUS, 2
0x0379	0x2B80      	GOTO       L__Soft_UART_Init36
0x037A	0x0871      	MOVF       R0+1, 0
0x037B	0x0276      	SUBWF      R5+1, 0
0x037C	0x1D03      	BTFSS      STATUS, 2
0x037D	0x2B80      	GOTO       L__Soft_UART_Init36
0x037E	0x0870      	MOVF       R0, 0
0x037F	0x0275      	SUBWF      R5, 0
L__Soft_UART_Init36:
0x0380	0x1803      	BTFSC      STATUS, 0
0x0381	0x2B83      	GOTO       L_Soft_UART_Init25
;__Lib_SoftUART.c,191 :: 		
0x0382	0x0AC7      	INCF       __Lib_SoftUART_FullBit, 1
L_Soft_UART_Init25:
;__Lib_SoftUART.c,193 :: 		
0x0383	0x0847      	MOVF       __Lib_SoftUART_FullBit, 0
0x0384	0x00F1      	MOVWF      R1
0x0385	0x0CF1      	RRF        R1, 1
0x0386	0x13F1      	BCF        R1, 7
0x0387	0x0871      	MOVF       R1, 0
0x0388	0x00C6      	MOVWF      __Lib_SoftUART_HalfBit
;__Lib_SoftUART.c,195 :: 		
0x0389	0x3007      	MOVLW      7
0x038A	0x0271      	SUBWF      R1, 0
0x038B	0x1803      	BTFSC      STATUS, 0
0x038C	0x2B90      	GOTO       L_Soft_UART_Init26
;__Lib_SoftUART.c,196 :: 		
0x038D	0x3001      	MOVLW      1
0x038E	0x00F0      	MOVWF      R0
0x038F	0x2B91      	GOTO       L_end_Soft_UART_Init
L_Soft_UART_Init26:
;__Lib_SoftUART.c,198 :: 		
0x0390	0x01F0      	CLRF       R0
;__Lib_SoftUART.c,199 :: 		
L_end_Soft_UART_Init:
0x0391	0x0008      	RETURN
; end of _Soft_UART_Init
_Lcd_Out:
;__Lib_Lcd.c,184 :: 		
;__Lib_Lcd.c,187 :: 		
0x0392	0x2BA4      	GOTO       L_Lcd_Out11
;__Lib_Lcd.c,188 :: 		
L_Lcd_Out13:
0x0393	0x3080      	MOVLW      128
0x0394	0x1283      	BCF        STATUS, 5
0x0395	0x1303      	BCF        STATUS, 6
0x0396	0x00CC      	MOVWF      FARG_Lcd_Out_row
0x0397	0x2BB5      	GOTO       L_Lcd_Out12
;__Lib_Lcd.c,189 :: 		
L_Lcd_Out14:
0x0398	0x30C0      	MOVLW      192
0x0399	0x00CC      	MOVWF      FARG_Lcd_Out_row
0x039A	0x2BB5      	GOTO       L_Lcd_Out12
;__Lib_Lcd.c,190 :: 		
L_Lcd_Out15:
0x039B	0x3094      	MOVLW      148
0x039C	0x00CC      	MOVWF      FARG_Lcd_Out_row
0x039D	0x2BB5      	GOTO       L_Lcd_Out12
;__Lib_Lcd.c,191 :: 		
L_Lcd_Out16:
0x039E	0x30D4      	MOVLW      212
0x039F	0x00CC      	MOVWF      FARG_Lcd_Out_row
0x03A0	0x2BB5      	GOTO       L_Lcd_Out12
;__Lib_Lcd.c,192 :: 		
L_Lcd_Out17:
0x03A1	0x3080      	MOVLW      128
0x03A2	0x00CC      	MOVWF      FARG_Lcd_Out_row
;__Lib_Lcd.c,193 :: 		
0x03A3	0x2BB5      	GOTO       L_Lcd_Out12
L_Lcd_Out11:
0x03A4	0x084C      	MOVF       FARG_Lcd_Out_row, 0
0x03A5	0x3A01      	XORLW      1
0x03A6	0x1903      	BTFSC      STATUS, 2
0x03A7	0x2B93      	GOTO       L_Lcd_Out13
0x03A8	0x084C      	MOVF       FARG_Lcd_Out_row, 0
0x03A9	0x3A02      	XORLW      2
0x03AA	0x1903      	BTFSC      STATUS, 2
0x03AB	0x2B98      	GOTO       L_Lcd_Out14
0x03AC	0x084C      	MOVF       FARG_Lcd_Out_row, 0
0x03AD	0x3A03      	XORLW      3
0x03AE	0x1903      	BTFSC      STATUS, 2
0x03AF	0x2B9B      	GOTO       L_Lcd_Out15
0x03B0	0x084C      	MOVF       FARG_Lcd_Out_row, 0
0x03B1	0x3A04      	XORLW      4
0x03B2	0x1903      	BTFSC      STATUS, 2
0x03B3	0x2B9E      	GOTO       L_Lcd_Out16
0x03B4	0x2BA1      	GOTO       L_Lcd_Out17
L_Lcd_Out12:
;__Lib_Lcd.c,194 :: 		
0x03B5	0x034D      	DECF       FARG_Lcd_Out_column, 0
0x03B6	0x00F0      	MOVWF      R0
0x03B7	0x084C      	MOVF       FARG_Lcd_Out_row, 0
0x03B8	0x07F0      	ADDWF      R0, 1
0x03B9	0x0870      	MOVF       R0, 0
0x03BA	0x00CC      	MOVWF      FARG_Lcd_Out_row
;__Lib_Lcd.c,196 :: 		
0x03BB	0x0870      	MOVF       R0, 0
0x03BC	0x00E3      	MOVWF      FARG_Lcd_Cmd_out_char
0x03BD	0x2155      	CALL       _Lcd_Cmd
;__Lib_Lcd.c,197 :: 		
0x03BE	0x10C5      	BCF        __Lib_Lcd_cmd_status, BitPos(__Lib_Lcd_cmd_status+0)
;__Lib_Lcd.c,198 :: 		
0x03BF	0x01CF      	CLRF       Lcd_Out_i_L0
;__Lib_Lcd.c,199 :: 		
L_Lcd_Out18:
0x03C0	0x084F      	MOVF       Lcd_Out_i_L0, 0
0x03C1	0x074E      	ADDWF      FARG_Lcd_Out_text, 0
0x03C2	0x0084      	MOVWF      FSR
0x03C3	0x0800      	MOVF       INDF, 0
0x03C4	0x1903      	BTFSC      STATUS, 2
0x03C5	0x2BCE      	GOTO       L_Lcd_Out19
;__Lib_Lcd.c,200 :: 		
0x03C6	0x084F      	MOVF       Lcd_Out_i_L0, 0
0x03C7	0x074E      	ADDWF      FARG_Lcd_Out_text, 0
0x03C8	0x0084      	MOVWF      FSR
0x03C9	0x0800      	MOVF       INDF, 0
0x03CA	0x00E2      	MOVWF      FARG_Lcd_Chr_CP_out_char
0x03CB	0x219C      	CALL       _Lcd_Chr_CP
0x03CC	0x0ACF      	INCF       Lcd_Out_i_L0, 1
0x03CD	0x2BC0      	GOTO       L_Lcd_Out18
L_Lcd_Out19:
;__Lib_Lcd.c,201 :: 		
0x03CE	0x14C5      	BSF        __Lib_Lcd_cmd_status, BitPos(__Lib_Lcd_cmd_status+0)
;__Lib_Lcd.c,202 :: 		
L_end_Lcd_Out:
0x03CF	0x0008      	RETURN
; end of _Lcd_Out
_Soft_UART_Read:
;__Lib_SoftUART.c,42 :: 		
;__Lib_SoftUART.c,45 :: 		
0x03D0	0x1283      	BCF        STATUS, 5
0x03D1	0x1303      	BCF        STATUS, 6
0x03D2	0x084C      	MOVF       FARG_Soft_UART_Read_error, 0
0x03D3	0x0084      	MOVWF      FSR
0x03D4	0x0180      	CLRF       INDF
;__Lib_SoftUART.c,46 :: 		
0x03D5	0x3001      	MOVLW      1
0x03D6	0x00CE      	MOVWF      Soft_UART_Read_mask_L0
;__Lib_SoftUART.c,47 :: 		
0x03D7	0x01CD      	CLRF       Soft_UART_Read_result_L0
;__Lib_SoftUART.c,49 :: 		
0x03D8	0x1045      	BCF        __Lib_SoftUART___StopWaiting, BitPos(__Lib_SoftUART___StopWaiting+0)
;__Lib_SoftUART.c,51 :: 		
0x03D9	0x084A      	MOVF       __Lib_SoftUART__port_addr, 0
0x03DA	0x0084      	MOVWF      FSR
;__Lib_SoftUART.c,54 :: 		
0x03DB	0x0842      	MOVF       __Lib_SoftUART_InvertMaskRd, 0
0x03DC	0x3A00      	XORLW      0
0x03DD	0x1D03      	BTFSS      STATUS, 2
0x03DE	0x2BF1      	GOTO       L_Soft_UART_Read0
;__Lib_SoftUART.c,56 :: 		
L_Soft_UART_Read1:
0x03DF	0x0849      	MOVF       __Lib_SoftUART__rx_mask1, 0
0x03E0	0x0500      	ANDWF      INDF, 0
0x03E1	0x00F1      	MOVWF      R1
0x03E2	0x0871      	MOVF       R1, 0
0x03E3	0x3A00      	XORLW      0
0x03E4	0x1903      	BTFSC      STATUS, 2
0x03E5	0x2BF0      	GOTO       L_Soft_UART_Read2
;__Lib_SoftUART.c,57 :: 		
0x03E6	0x1C45      	BTFSS      __Lib_SoftUART___StopWaiting, BitPos(__Lib_SoftUART___StopWaiting+0)
0x03E7	0x2BEF      	GOTO       L_Soft_UART_Read3
;__Lib_SoftUART.c,58 :: 		
0x03E8	0x084C      	MOVF       FARG_Soft_UART_Read_error, 0
0x03E9	0x0084      	MOVWF      FSR
0x03EA	0x30FF      	MOVLW      255
0x03EB	0x0080      	MOVWF      INDF
;__Lib_SoftUART.c,59 :: 		
0x03EC	0x084D      	MOVF       Soft_UART_Read_result_L0, 0
0x03ED	0x00F0      	MOVWF      R0
0x03EE	0x2C43      	GOTO       L_end_Soft_UART_Read
;__Lib_SoftUART.c,60 :: 		
L_Soft_UART_Read3:
;__Lib_SoftUART.c,61 :: 		
0x03EF	0x2BDF      	GOTO       L_Soft_UART_Read1
L_Soft_UART_Read2:
0x03F0	0x2C02      	GOTO       L_Soft_UART_Read4
L_Soft_UART_Read0:
;__Lib_SoftUART.c,64 :: 		
L_Soft_UART_Read5:
0x03F1	0x0849      	MOVF       __Lib_SoftUART__rx_mask1, 0
0x03F2	0x0500      	ANDWF      INDF, 0
0x03F3	0x00F1      	MOVWF      R1
0x03F4	0x0871      	MOVF       R1, 0
0x03F5	0x3A00      	XORLW      0
0x03F6	0x1D03      	BTFSS      STATUS, 2
0x03F7	0x2C02      	GOTO       L_Soft_UART_Read6
;__Lib_SoftUART.c,65 :: 		
0x03F8	0x1C45      	BTFSS      __Lib_SoftUART___StopWaiting, BitPos(__Lib_SoftUART___StopWaiting+0)
0x03F9	0x2C01      	GOTO       L_Soft_UART_Read7
;__Lib_SoftUART.c,66 :: 		
0x03FA	0x084C      	MOVF       FARG_Soft_UART_Read_error, 0
0x03FB	0x0084      	MOVWF      FSR
0x03FC	0x30FF      	MOVLW      255
0x03FD	0x0080      	MOVWF      INDF
;__Lib_SoftUART.c,67 :: 		
0x03FE	0x084D      	MOVF       Soft_UART_Read_result_L0, 0
0x03FF	0x00F0      	MOVWF      R0
0x0400	0x2C43      	GOTO       L_end_Soft_UART_Read
;__Lib_SoftUART.c,68 :: 		
L_Soft_UART_Read7:
;__Lib_SoftUART.c,69 :: 		
0x0401	0x2BF1      	GOTO       L_Soft_UART_Read5
L_Soft_UART_Read6:
L_Soft_UART_Read4:
;__Lib_SoftUART.c,71 :: 		
0x0402	0x0846      	MOVF       __Lib_SoftUART_HalfBit, 0
0x0403	0x00E2      	MOVWF      FARG_Delay_Cyc_cycles_div_by_10
0x0404	0x21A4      	CALL       _Delay_Cyc
;__Lib_SoftUART.c,72 :: 		
0x0405	0x0847      	MOVF       __Lib_SoftUART_FullBit, 0
0x0406	0x00E2      	MOVWF      FARG_Delay_Cyc_cycles_div_by_10
0x0407	0x21A4      	CALL       _Delay_Cyc
;__Lib_SoftUART.c,75 :: 		
L_Soft_UART_Read8:
0x0408	0x084E      	MOVF       Soft_UART_Read_mask_L0, 0
0x0409	0x1903      	BTFSC      STATUS, 2
0x040A	0x2C1F      	GOTO       L_Soft_UART_Read9
;__Lib_SoftUART.c,77 :: 		
0x040B	0x0849      	MOVF       __Lib_SoftUART__rx_mask1, 0
0x040C	0x0500      	ANDWF      INDF, 0
0x040D	0x00F1      	MOVWF      R1
0x040E	0x0871      	MOVF       R1, 0
0x040F	0x3A00      	XORLW      0
0x0410	0x1903      	BTFSC      STATUS, 2
0x0411	0x2C14      	GOTO       L_Soft_UART_Read10
;__Lib_SoftUART.c,78 :: 		
0x0412	0x084E      	MOVF       Soft_UART_Read_mask_L0, 0
0x0413	0x04CD      	IORWF      Soft_UART_Read_result_L0, 1
L_Soft_UART_Read10:
;__Lib_SoftUART.c,79 :: 		
0x0414	0x0DCE      	RLF        Soft_UART_Read_mask_L0, 1
0x0415	0x104E      	BCF        Soft_UART_Read_mask_L0, 0
;__Lib_SoftUART.c,82 :: 		
0x0416	0x3002      	MOVLW      2
0x0417	0x0247      	SUBWF      __Lib_SoftUART_FullBit, 0
0x0418	0x00E2      	MOVWF      FARG_Delay_Cyc_cycles_div_by_10
0x0419	0x21A4      	CALL       _Delay_Cyc
;__Lib_SoftUART.c,83 :: 		
0x041A	0x0000      	NOP
;__Lib_SoftUART.c,84 :: 		
0x041B	0x0000      	NOP
;__Lib_SoftUART.c,85 :: 		
0x041C	0x0000      	NOP
;__Lib_SoftUART.c,86 :: 		
0x041D	0x0000      	NOP
;__Lib_SoftUART.c,87 :: 		
0x041E	0x2C08      	GOTO       L_Soft_UART_Read8
L_Soft_UART_Read9:
;__Lib_SoftUART.c,90 :: 		
0x041F	0x0842      	MOVF       __Lib_SoftUART_InvertMaskRd, 0
0x0420	0x3A00      	XORLW      0
0x0421	0x1D03      	BTFSS      STATUS, 2
0x0422	0x2C31      	GOTO       L_Soft_UART_Read11
;__Lib_SoftUART.c,92 :: 		
0x0423	0x0849      	MOVF       __Lib_SoftUART__rx_mask1, 0
0x0424	0x0500      	ANDWF      INDF, 0
0x0425	0x00F1      	MOVWF      R1
0x0426	0x0871      	MOVF       R1, 0
0x0427	0x3A00      	XORLW      0
0x0428	0x3001      	MOVLW      1
0x0429	0x1D03      	BTFSS      STATUS, 2
0x042A	0x3000      	MOVLW      0
0x042B	0x00F0      	MOVWF      R0
0x042C	0x084C      	MOVF       FARG_Soft_UART_Read_error, 0
0x042D	0x0084      	MOVWF      FSR
0x042E	0x0870      	MOVF       R0, 0
0x042F	0x0080      	MOVWF      INDF
0x0430	0x2C3E      	GOTO       L_Soft_UART_Read12
L_Soft_UART_Read11:
;__Lib_SoftUART.c,95 :: 		
0x0431	0x0849      	MOVF       __Lib_SoftUART__rx_mask1, 0
0x0432	0x0500      	ANDWF      INDF, 0
0x0433	0x00F1      	MOVWF      R1
0x0434	0x0871      	MOVF       R1, 0
0x0435	0x3A00      	XORLW      0
0x0436	0x3001      	MOVLW      1
0x0437	0x1903      	BTFSC      STATUS, 2
0x0438	0x3000      	MOVLW      0
0x0439	0x00F0      	MOVWF      R0
0x043A	0x084C      	MOVF       FARG_Soft_UART_Read_error, 0
0x043B	0x0084      	MOVWF      FSR
0x043C	0x0870      	MOVF       R0, 0
0x043D	0x0080      	MOVWF      INDF
L_Soft_UART_Read12:
;__Lib_SoftUART.c,97 :: 		
0x043E	0x0842      	MOVF       __Lib_SoftUART_InvertMaskRd, 0
0x043F	0x064D      	XORWF      Soft_UART_Read_result_L0, 0
0x0440	0x00F0      	MOVWF      R0
0x0441	0x0870      	MOVF       R0, 0
0x0442	0x00CD      	MOVWF      Soft_UART_Read_result_L0
;__Lib_SoftUART.c,98 :: 		
;__Lib_SoftUART.c,99 :: 		
L_end_Soft_UART_Read:
0x0443	0x0008      	RETURN
; end of _Soft_UART_Read
_Lcd_Init:
;__Lib_Lcd.c,84 :: 		
;__Lib_Lcd.c,86 :: 		
0x0444	0x1683      	BSF        STATUS, 5
0x0445	0x1303      	BCF        STATUS, 6
0x0446	0x1187      	BCF        LCD_EN_Direction, BitPos(LCD_EN_Direction+0)
;__Lib_Lcd.c,87 :: 		
0x0447	0x1107      	BCF        LCD_RS_Direction, BitPos(LCD_RS_Direction+0)
;__Lib_Lcd.c,88 :: 		
0x0448	0x1207      	BCF        LCD_D4_Direction, BitPos(LCD_D4_Direction+0)
;__Lib_Lcd.c,89 :: 		
0x0449	0x1287      	BCF        LCD_D5_Direction, BitPos(LCD_D5_Direction+0)
;__Lib_Lcd.c,90 :: 		
0x044A	0x1307      	BCF        LCD_D6_Direction, BitPos(LCD_D6_Direction+0)
;__Lib_Lcd.c,91 :: 		
0x044B	0x1387      	BCF        LCD_D7_Direction, BitPos(LCD_D7_Direction+0)
;__Lib_Lcd.c,93 :: 		
0x044C	0x1283      	BCF        STATUS, 5
0x044D	0x1187      	BCF        LCD_EN, BitPos(LCD_EN+0)
;__Lib_Lcd.c,94 :: 		
0x044E	0x1107      	BCF        LCD_RS, BitPos(LCD_RS+0)
;__Lib_Lcd.c,95 :: 		
0x044F	0x1387      	BCF        LCD_D7, BitPos(LCD_D7+0)
;__Lib_Lcd.c,96 :: 		
0x0450	0x1307      	BCF        LCD_D6, BitPos(LCD_D6+0)
;__Lib_Lcd.c,97 :: 		
0x0451	0x1287      	BCF        LCD_D5, BitPos(LCD_D5+0)
;__Lib_Lcd.c,98 :: 		
0x0452	0x1207      	BCF        LCD_D4, BitPos(LCD_D4+0)
;__Lib_Lcd.c,100 :: 		
0x0453	0x2009      	CALL       _Delay_5500us
;__Lib_Lcd.c,101 :: 		
0x0454	0x2009      	CALL       _Delay_5500us
;__Lib_Lcd.c,102 :: 		
0x0455	0x2009      	CALL       _Delay_5500us
;__Lib_Lcd.c,105 :: 		
0x0456	0x1687      	BSF        LCD_D5, BitPos(LCD_D5+0)
;__Lib_Lcd.c,106 :: 		
0x0457	0x1607      	BSF        LCD_D4, BitPos(LCD_D4+0)
;__Lib_Lcd.c,107 :: 		
0x0458	0x1587      	BSF        LCD_EN, BitPos(LCD_EN+0)
;__Lib_Lcd.c,108 :: 		
0x0459	0x2003      	CALL       _Delay_1us
;__Lib_Lcd.c,109 :: 		
0x045A	0x1187      	BCF        LCD_EN, BitPos(LCD_EN+0)
;__Lib_Lcd.c,110 :: 		
0x045B	0x2009      	CALL       _Delay_5500us
;__Lib_Lcd.c,112 :: 		
0x045C	0x1587      	BSF        LCD_EN, BitPos(LCD_EN+0)
;__Lib_Lcd.c,113 :: 		
0x045D	0x2003      	CALL       _Delay_1us
;__Lib_Lcd.c,114 :: 		
0x045E	0x1187      	BCF        LCD_EN, BitPos(LCD_EN+0)
;__Lib_Lcd.c,115 :: 		
0x045F	0x2009      	CALL       _Delay_5500us
;__Lib_Lcd.c,117 :: 		
0x0460	0x1587      	BSF        LCD_EN, BitPos(LCD_EN+0)
;__Lib_Lcd.c,118 :: 		
0x0461	0x2003      	CALL       _Delay_1us
;__Lib_Lcd.c,119 :: 		
0x0462	0x1187      	BCF        LCD_EN, BitPos(LCD_EN+0)
;__Lib_Lcd.c,120 :: 		
0x0463	0x2009      	CALL       _Delay_5500us
;__Lib_Lcd.c,123 :: 		
0x0464	0x1207      	BCF        LCD_D4, BitPos(LCD_D4+0)
;__Lib_Lcd.c,124 :: 		
0x0465	0x1587      	BSF        LCD_EN, BitPos(LCD_EN+0)
;__Lib_Lcd.c,125 :: 		
0x0466	0x2003      	CALL       _Delay_1us
;__Lib_Lcd.c,126 :: 		
0x0467	0x1187      	BCF        LCD_EN, BitPos(LCD_EN+0)
;__Lib_Lcd.c,127 :: 		
0x0468	0x2009      	CALL       _Delay_5500us
;__Lib_Lcd.c,130 :: 		
0x0469	0x1587      	BSF        LCD_EN, BitPos(LCD_EN+0)
;__Lib_Lcd.c,131 :: 		
0x046A	0x2003      	CALL       _Delay_1us
;__Lib_Lcd.c,132 :: 		
0x046B	0x1187      	BCF        LCD_EN, BitPos(LCD_EN+0)
;__Lib_Lcd.c,134 :: 		
0x046C	0x1287      	BCF        LCD_D5, BitPos(LCD_D5+0)
;__Lib_Lcd.c,135 :: 		
0x046D	0x1787      	BSF        LCD_D7, BitPos(LCD_D7+0)
;__Lib_Lcd.c,136 :: 		
0x046E	0x1587      	BSF        LCD_EN, BitPos(LCD_EN+0)
;__Lib_Lcd.c,137 :: 		
0x046F	0x2003      	CALL       _Delay_1us
;__Lib_Lcd.c,138 :: 		
0x0470	0x1187      	BCF        LCD_EN, BitPos(LCD_EN+0)
;__Lib_Lcd.c,139 :: 		
0x0471	0x2009      	CALL       _Delay_5500us
;__Lib_Lcd.c,142 :: 		
0x0472	0x1387      	BCF        LCD_D7, BitPos(LCD_D7+0)
;__Lib_Lcd.c,143 :: 		
0x0473	0x1607      	BSF        LCD_D4, BitPos(LCD_D4+0)
;__Lib_Lcd.c,144 :: 		
0x0474	0x1587      	BSF        LCD_EN, BitPos(LCD_EN+0)
;__Lib_Lcd.c,145 :: 		
0x0475	0x2003      	CALL       _Delay_1us
;__Lib_Lcd.c,146 :: 		
0x0476	0x1187      	BCF        LCD_EN, BitPos(LCD_EN+0)
;__Lib_Lcd.c,148 :: 		
0x0477	0x1207      	BCF        LCD_D4, BitPos(LCD_D4+0)
;__Lib_Lcd.c,149 :: 		
0x0478	0x1587      	BSF        LCD_EN, BitPos(LCD_EN+0)
;__Lib_Lcd.c,150 :: 		
0x0479	0x2003      	CALL       _Delay_1us
;__Lib_Lcd.c,151 :: 		
0x047A	0x1187      	BCF        LCD_EN, BitPos(LCD_EN+0)
;__Lib_Lcd.c,152 :: 		
0x047B	0x2009      	CALL       _Delay_5500us
;__Lib_Lcd.c,155 :: 		
0x047C	0x1587      	BSF        LCD_EN, BitPos(LCD_EN+0)
;__Lib_Lcd.c,156 :: 		
0x047D	0x2003      	CALL       _Delay_1us
;__Lib_Lcd.c,157 :: 		
0x047E	0x1187      	BCF        LCD_EN, BitPos(LCD_EN+0)
;__Lib_Lcd.c,159 :: 		
0x047F	0x1607      	BSF        LCD_D4, BitPos(LCD_D4+0)
;__Lib_Lcd.c,160 :: 		
0x0480	0x1587      	BSF        LCD_EN, BitPos(LCD_EN+0)
;__Lib_Lcd.c,161 :: 		
0x0481	0x2003      	CALL       _Delay_1us
;__Lib_Lcd.c,162 :: 		
0x0482	0x1187      	BCF        LCD_EN, BitPos(LCD_EN+0)
;__Lib_Lcd.c,163 :: 		
0x0483	0x2009      	CALL       _Delay_5500us
;__Lib_Lcd.c,166 :: 		
0x0484	0x1207      	BCF        LCD_D4, BitPos(LCD_D4+0)
;__Lib_Lcd.c,167 :: 		
0x0485	0x1587      	BSF        LCD_EN, BitPos(LCD_EN+0)
;__Lib_Lcd.c,168 :: 		
0x0486	0x2003      	CALL       _Delay_1us
;__Lib_Lcd.c,169 :: 		
0x0487	0x1187      	BCF        LCD_EN, BitPos(LCD_EN+0)
;__Lib_Lcd.c,171 :: 		
0x0488	0x1787      	BSF        LCD_D7, BitPos(LCD_D7+0)
;__Lib_Lcd.c,172 :: 		
0x0489	0x1707      	BSF        LCD_D6, BitPos(LCD_D6+0)
;__Lib_Lcd.c,173 :: 		
0x048A	0x1687      	BSF        LCD_D5, BitPos(LCD_D5+0)
;__Lib_Lcd.c,174 :: 		
0x048B	0x1607      	BSF        LCD_D4, BitPos(LCD_D4+0)
;__Lib_Lcd.c,175 :: 		
0x048C	0x1587      	BSF        LCD_EN, BitPos(LCD_EN+0)
;__Lib_Lcd.c,176 :: 		
0x048D	0x2003      	CALL       _Delay_1us
;__Lib_Lcd.c,177 :: 		
0x048E	0x1187      	BCF        LCD_EN, BitPos(LCD_EN+0)
;__Lib_Lcd.c,179 :: 		
0x048F	0x2009      	CALL       _Delay_5500us
;__Lib_Lcd.c,181 :: 		
0x0490	0x14C5      	BSF        __Lib_Lcd_cmd_status, BitPos(__Lib_Lcd_cmd_status+0)
;__Lib_Lcd.c,182 :: 		
L_end_Lcd_Init:
0x0491	0x0008      	RETURN
; end of _Lcd_Init
___CC2DW:
;__Lib_System.c,134 :: 		
;__Lib_System.c,137 :: 		
_CC2D_Loop1:
;__Lib_System.c,139 :: 		
0x0492	0x2195      	CALL       _____DoICP
0x0493	0x118A      	BCF        PCLATH, 3
0x0494	0x120A      	BCF        PCLATH, 4
;__Lib_System.c,141 :: 		
0x0495	0x0080      	MOVWF      INDF
;__Lib_System.c,142 :: 		
0x0496	0x0A84      	INCF       FSR, 1
;__Lib_System.c,143 :: 		
0x0497	0x0AC0      	INCF       ___DoICPAddr, 1
;__Lib_System.c,145 :: 		
0x0498	0x1903      	BTFSC      STATUS, 2
;__Lib_System.c,146 :: 		
0x0499	0x0AC1      	INCF       ___DoICPAddr+1, 1
;__Lib_System.c,147 :: 		
0x049A	0x03F0      	DECF       R0, 1
;__Lib_System.c,149 :: 		
0x049B	0x1D03      	BTFSS      STATUS, 2
;__Lib_System.c,150 :: 		
0x049C	0x2C92      	GOTO       _CC2D_Loop1
;__Lib_System.c,152 :: 		
L_end___CC2DW:
0x049D	0x0008      	RETURN
; end of ___CC2DW
_main:
0x049E	0x3045      	MOVLW      69
0x049F	0x1283      	BCF        STATUS, 5
0x04A0	0x1303      	BCF        STATUS, 6
0x04A1	0x00A1      	MOVWF      ?lstr2_btinterfacing
0x04A2	0x3072      	MOVLW      114
0x04A3	0x00A2      	MOVWF      34
0x04A4	0x3072      	MOVLW      114
0x04A5	0x00A3      	MOVWF      35
0x04A6	0x306F      	MOVLW      111
0x04A7	0x00A4      	MOVWF      36
0x04A8	0x3072      	MOVLW      114
0x04A9	0x00A5      	MOVWF      37
0x04AA	0x01A6      	CLRF       38
0x04AB	0x3063      	MOVLW      99
0x04AC	0x00A7      	MOVWF      ?lstr1_btinterfacing
0x04AD	0x3068      	MOVLW      104
0x04AE	0x00A8      	MOVWF      40
0x04AF	0x3065      	MOVLW      101
0x04B0	0x00A9      	MOVWF      41
0x04B1	0x3063      	MOVLW      99
0x04B2	0x00AA      	MOVWF      42
0x04B3	0x306B      	MOVLW      107
0x04B4	0x00AB      	MOVWF      43
0x04B5	0x01AC      	CLRF       44
0x04B6	0x3045      	MOVLW      69
0x04B7	0x00AD      	MOVWF      ?lstr3_btinterfacing
0x04B8	0x3072      	MOVLW      114
0x04B9	0x00AE      	MOVWF      46
0x04BA	0x3072      	MOVLW      114
0x04BB	0x00AF      	MOVWF      47
0x04BC	0x306F      	MOVLW      111
0x04BD	0x00B0      	MOVWF      48
0x04BE	0x3072      	MOVLW      114
0x04BF	0x00B1      	MOVWF      49
0x04C0	0x01B2      	CLRF       50
0x04C1	0x01B3      	CLRF       _i
0x04C2	0x01B4      	CLRF       52
;btinterfacing.c,18 :: 		void main() {
;btinterfacing.c,19 :: 		TRISB=0;
0x04C3	0x1683      	BSF        STATUS, 5
0x04C4	0x0186      	CLRF       TRISB
;btinterfacing.c,21 :: 		Lcd_Init(); // Initialize LCD
0x04C5	0x2444      	CALL       _Lcd_Init
;btinterfacing.c,22 :: 		Lcd_Cmd(_LCD_CLEAR); // Clear display
0x04C6	0x3001      	MOVLW      1
0x04C7	0x00E3      	MOVWF      FARG_Lcd_Cmd_out_char
0x04C8	0x2155      	CALL       _Lcd_Cmd
;btinterfacing.c,23 :: 		Lcd_Cmd(_LCD_CURSOR_OFF); // Cursor off
0x04C9	0x300C      	MOVLW      12
0x04CA	0x00E3      	MOVWF      FARG_Lcd_Cmd_out_char
0x04CB	0x2155      	CALL       _Lcd_Cmd
;btinterfacing.c,24 :: 		Lcd_Out(1,1,"check");
0x04CC	0x3001      	MOVLW      1
0x04CD	0x00CC      	MOVWF      FARG_Lcd_Out_row
0x04CE	0x3001      	MOVLW      1
0x04CF	0x00CD      	MOVWF      FARG_Lcd_Out_column
0x04D0	0x3027      	MOVLW      ?lstr1_btinterfacing
0x04D1	0x00CE      	MOVWF      FARG_Lcd_Out_text
0x04D2	0x2392      	CALL       _Lcd_Out
;btinterfacing.c,26 :: 		delay_ms(2000);
0x04D3	0x3033      	MOVLW      51
0x04D4	0x00FB      	MOVWF      R11
0x04D5	0x30BB      	MOVLW      187
0x04D6	0x00FC      	MOVWF      R12
0x04D7	0x30DF      	MOVLW      223
0x04D8	0x00FD      	MOVWF      R13
L_main0:
0x04D9	0x0BFD      	DECFSZ     R13, 1
0x04DA	0x2CD9      	GOTO       L_main0
0x04DB	0x0BFC      	DECFSZ     R12, 1
0x04DC	0x2CD9      	GOTO       L_main0
0x04DD	0x0BFB      	DECFSZ     R11, 1
0x04DE	0x2CD9      	GOTO       L_main0
0x04DF	0x0000      	NOP
0x04E0	0x0000      	NOP
;btinterfacing.c,29 :: 		error = Soft_UART_Init(&PORTB, 7, 6, 9600, 0);
0x04E1	0x3006      	MOVLW      PORTB
0x04E2	0x00CC      	MOVWF      FARG_Soft_UART_Init_port
0x04E3	0x3007      	MOVLW      7
0x04E4	0x00CD      	MOVWF      FARG_Soft_UART_Init_rx_pin
0x04E5	0x3006      	MOVLW      6
0x04E6	0x00CE      	MOVWF      FARG_Soft_UART_Init_tx_pin
0x04E7	0x3080      	MOVLW      128
0x04E8	0x00CF      	MOVWF      FARG_Soft_UART_Init_baud_rate
0x04E9	0x3025      	MOVLW      37
0x04EA	0x00D0      	MOVWF      FARG_Soft_UART_Init_baud_rate+1
0x04EB	0x01D1      	CLRF       FARG_Soft_UART_Init_baud_rate+2
0x04EC	0x01D2      	CLRF       FARG_Soft_UART_Init_baud_rate+3
0x04ED	0x01D3      	CLRF       FARG_Soft_UART_Init_inverted
0x04EE	0x22AC      	CALL       _Soft_UART_Init
0x04EF	0x0870      	MOVF       R0, 0
0x04F0	0x00BF      	MOVWF      _error
;btinterfacing.c,31 :: 		if (error > 0) {
0x04F1	0x0870      	MOVF       R0, 0
0x04F2	0x3C00      	SUBLW      0
0x04F3	0x1803      	BTFSC      STATUS, 0
0x04F4	0x2D03      	GOTO       L_main1
;btinterfacing.c,32 :: 		Lcd_Cmd(_LCD_CLEAR); // Clear display
0x04F5	0x3001      	MOVLW      1
0x04F6	0x00E3      	MOVWF      FARG_Lcd_Cmd_out_char
0x04F7	0x2155      	CALL       _Lcd_Cmd
;btinterfacing.c,33 :: 		Lcd_Cmd(_LCD_CURSOR_OFF); // Cursor off
0x04F8	0x300C      	MOVLW      12
0x04F9	0x00E3      	MOVWF      FARG_Lcd_Cmd_out_char
0x04FA	0x2155      	CALL       _Lcd_Cmd
;btinterfacing.c,34 :: 		Lcd_Out(1,1,"Error");              // Signalize Init error
0x04FB	0x3001      	MOVLW      1
0x04FC	0x00CC      	MOVWF      FARG_Lcd_Out_row
0x04FD	0x3001      	MOVLW      1
0x04FE	0x00CD      	MOVWF      FARG_Lcd_Out_column
0x04FF	0x3021      	MOVLW      ?lstr2_btinterfacing
0x0500	0x00CE      	MOVWF      FARG_Lcd_Out_text
0x0501	0x2392      	CALL       _Lcd_Out
;btinterfacing.c,35 :: 		while(1) ;                            // Stop program
L_main2:
0x0502	0x2D02      	GOTO       L_main2
;btinterfacing.c,36 :: 		}
L_main1:
;btinterfacing.c,37 :: 		Delay_ms(100);
0x0503	0x3003      	MOVLW      3
0x0504	0x00FB      	MOVWF      R11
0x0505	0x308A      	MOVLW      138
0x0506	0x00FC      	MOVWF      R12
0x0507	0x3055      	MOVLW      85
0x0508	0x00FD      	MOVWF      R13
L_main4:
0x0509	0x0BFD      	DECFSZ     R13, 1
0x050A	0x2D09      	GOTO       L_main4
0x050B	0x0BFC      	DECFSZ     R12, 1
0x050C	0x2D09      	GOTO       L_main4
0x050D	0x0BFB      	DECFSZ     R11, 1
0x050E	0x2D09      	GOTO       L_main4
0x050F	0x0000      	NOP
0x0510	0x0000      	NOP
;btinterfacing.c,39 :: 		while(1) {                              // Endless loop
L_main5:
;btinterfacing.c,40 :: 		byte_read[i] = Soft_UART_Read(&error);   // Read byte, then test error flag
0x0511	0x0833      	MOVF       _i, 0
0x0512	0x3E35      	ADDLW      _byte_read
0x0513	0x00CB      	MOVWF      FLOC__main
0x0514	0x303F      	MOVLW      _error
0x0515	0x00CC      	MOVWF      FARG_Soft_UART_Read_error
0x0516	0x23D0      	CALL       _Soft_UART_Read
0x0517	0x084B      	MOVF       FLOC__main, 0
0x0518	0x0084      	MOVWF      FSR
0x0519	0x0870      	MOVF       R0, 0
0x051A	0x0080      	MOVWF      INDF
;btinterfacing.c,41 :: 		if (error){                            // If error was detected
0x051B	0x083F      	MOVF       _error, 0
0x051C	0x1903      	BTFSC      STATUS, 2
0x051D	0x2D2C      	GOTO       L_main7
;btinterfacing.c,43 :: 		Lcd_Cmd(_LCD_CLEAR); // Clear display
0x051E	0x3001      	MOVLW      1
0x051F	0x00E3      	MOVWF      FARG_Lcd_Cmd_out_char
0x0520	0x2155      	CALL       _Lcd_Cmd
;btinterfacing.c,44 :: 		Lcd_Cmd(_LCD_CURSOR_OFF); // Cursor off
0x0521	0x300C      	MOVLW      12
0x0522	0x00E3      	MOVWF      FARG_Lcd_Cmd_out_char
0x0523	0x2155      	CALL       _Lcd_Cmd
;btinterfacing.c,45 :: 		Lcd_Out(1,1,"Error");
0x0524	0x3001      	MOVLW      1
0x0525	0x00CC      	MOVWF      FARG_Lcd_Out_row
0x0526	0x3001      	MOVLW      1
0x0527	0x00CD      	MOVWF      FARG_Lcd_Out_column
0x0528	0x302D      	MOVLW      ?lstr3_btinterfacing
0x0529	0x00CE      	MOVWF      FARG_Lcd_Out_text
0x052A	0x2392      	CALL       _Lcd_Out
;btinterfacing.c,46 :: 		}
0x052B	0x2D46      	GOTO       L_main8
L_main7:
;btinterfacing.c,48 :: 		Lcd_Cmd(_LCD_CLEAR); // Clear display
0x052C	0x3001      	MOVLW      1
0x052D	0x00E3      	MOVWF      FARG_Lcd_Cmd_out_char
0x052E	0x2155      	CALL       _Lcd_Cmd
;btinterfacing.c,49 :: 		Lcd_Cmd(_LCD_CURSOR_OFF); // Cursor off
0x052F	0x300C      	MOVLW      12
0x0530	0x00E3      	MOVWF      FARG_Lcd_Cmd_out_char
0x0531	0x2155      	CALL       _Lcd_Cmd
;btinterfacing.c,50 :: 		Lcd_Out(1,1,byte_read);     // If error was not detected, return byte read
0x0532	0x3001      	MOVLW      1
0x0533	0x00CC      	MOVWF      FARG_Lcd_Out_row
0x0534	0x3001      	MOVLW      1
0x0535	0x00CD      	MOVWF      FARG_Lcd_Out_column
0x0536	0x3035      	MOVLW      _byte_read
0x0537	0x00CE      	MOVWF      FARG_Lcd_Out_text
0x0538	0x2392      	CALL       _Lcd_Out
;btinterfacing.c,51 :: 		delay_ms(1000);
0x0539	0x301A      	MOVLW      26
0x053A	0x00FB      	MOVWF      R11
0x053B	0x305E      	MOVLW      94
0x053C	0x00FC      	MOVWF      R12
0x053D	0x306E      	MOVLW      110
0x053E	0x00FD      	MOVWF      R13
L_main9:
0x053F	0x0BFD      	DECFSZ     R13, 1
0x0540	0x2D3F      	GOTO       L_main9
0x0541	0x0BFC      	DECFSZ     R12, 1
0x0542	0x2D3F      	GOTO       L_main9
0x0543	0x0BFB      	DECFSZ     R11, 1
0x0544	0x2D3F      	GOTO       L_main9
0x0545	0x0000      	NOP
;btinterfacing.c,52 :: 		}   i++;
L_main8:
0x0546	0x0AB3      	INCF       _i, 1
0x0547	0x1903      	BTFSC      STATUS, 2
0x0548	0x0AB4      	INCF       _i+1, 1
;btinterfacing.c,53 :: 		}
0x0549	0x2D11      	GOTO       L_main5
;btinterfacing.c,55 :: 		}
L_end_main:
0x054A	0x2D4A      	GOTO       $+0
; end of _main
Symbol List:
//** Routines locations **
//ADDRESS    SIZE    PROCEDURE
//----------------------------------------------
0x0003       [6]    _Delay_1us
0x0009      [13]    _Delay_5500us
0x0016       [7]    _Delay_50us
0x001D     [300]    _SDIV3232L
0x0149      [12]    _COMFREM
0x0155      [64]    _Lcd_Cmd
0x0195       [7]    _____DoICP
0x019C       [8]    _Lcd_Chr_CP
0x01A4      [19]    _Delay_Cyc
0x01B7     [181]    _Div_32x32_S
0x026C      [55]    _Mul_32x32_U
0x02A3       [9]    _Get_Fosc_kHz
0x02AC     [230]    _Soft_UART_Init
0x0392      [62]    _Lcd_Out
0x03D0     [116]    _Soft_UART_Read
0x0444      [78]    _Lcd_Init
0x0492      [12]    ___CC2DW
0x049E     [173]    _main
//** Variables locations ** 
//ADDRESS    SIZE    VARIABLE
//----------------------------------------------
0x0000       [1]    INDF
0x0002       [1]    PCL
0x0003       [1]    STATUS
0x0004       [1]    FSR
0x0006       [1]    PORTB
0x0007       [0]    RC4_bit
0x0007       [0]    RC5_bit
0x0007       [0]    LCD_D4
0x0007       [0]    RC3_bit
0x0007       [0]    LCD_D5
0x0007       [0]    LCD_D7
0x0007       [0]    LCD_D6
0x0007       [0]    RC2_bit
0x0007       [0]    LCD_EN
0x0007       [0]    LCD_RS
0x0007       [0]    RC7_bit
0x0007       [0]    RC6_bit
0x000A       [1]    PCLATH
0x0020       [1]    ___math_tempb
0x0021       [6]    ?lstr2_btinterfacing
0x0027       [6]    ?lstr1_btinterfacing
0x002D       [6]    ?lstr3_btinterfacing
0x0033       [2]    _i
0x0035      [10]    _byte_read
0x003F       [1]    _error
0x0040       [2]    ___DoICPAddr
0x0042       [1]    __Lib_SoftUART_InvertMaskRd
0x0043       [1]    __Lib_SoftUART__tx_mask0
0x0044       [1]    __Lib_SoftUART__tx_mask1
0x0045       [0]    __Lib_Lcd_cmd_status
0x0045       [0]    __Lib_SoftUART___StopWaiting
0x0046       [1]    __Lib_SoftUART_HalfBit
0x0047       [1]    __Lib_SoftUART_FullBit
0x0048       [1]    __Lib_SoftUART__rx_mask0
0x0049       [1]    __Lib_SoftUART__rx_mask1
0x004A       [1]    __Lib_SoftUART__port_addr
0x004B       [1]    FLOC__main
0x004C       [1]    FARG_Soft_UART_Read_error
0x004C       [1]    FARG_Soft_UART_Init_port
0x004C       [1]    FARG_Lcd_Out_row
0x004D       [1]    FARG_Soft_UART_Init_rx_pin
0x004D       [1]    Soft_UART_Read_result_L0
0x004D       [1]    FARG_Lcd_Out_column
0x004E       [1]    FARG_Soft_UART_Init_tx_pin
0x004E       [1]    Soft_UART_Read_mask_L0
0x004E       [1]    FARG_Lcd_Out_text
0x004F       [1]    Lcd_Out_i_L0
0x004F       [4]    FARG_Soft_UART_Init_baud_rate
0x0053       [1]    FARG_Soft_UART_Init_inverted
0x0054       [4]    Soft_UART_Init_q1_L0
0x0058       [4]    Soft_UART_Init_q2_L0
0x005C       [2]    Soft_UART_Init_temp_word_L0
0x005E       [4]    FLOC__Soft_UART_Init
0x0062       [1]    FARG_Delay_Cyc_cycles_div_by_10
0x0062       [1]    FARG_Lcd_Chr_CP_out_char
0x0063       [1]    FARG_Lcd_Cmd_out_char
0x0070       [1]    R0
0x0071       [1]    R1
0x0072       [1]    R2
0x0073       [1]    R3
0x0074       [1]    R4
0x0075       [1]    R5
0x0076       [1]    R6
0x0077       [1]    R7
0x0078       [1]    R8
0x0079       [1]    R9
0x007A       [1]    R10
0x007B       [1]    R11
0x007C       [1]    R12
0x007D       [1]    R13
0x007E       [1]    R14
0x007F       [1]    R15
0x0086       [1]    TRISB
0x0087       [0]    TRISC2_bit
0x0087       [0]    TRISC3_bit
0x0087       [0]    LCD_RS_Direction
0x0087       [0]    TRISC7_bit
0x0087       [0]    LCD_D7_Direction
0x0087       [0]    LCD_D6_Direction
0x0087       [0]    TRISC6_bit
0x0087       [0]    LCD_EN_Direction
0x0087       [0]    TRISC4_bit
0x0087       [0]    LCD_D5_Direction
0x0087       [0]    TRISC5_bit
0x0087       [0]    LCD_D4_Direction
