;  LST file generated by mikroListExporter - v.2.0 
; Date/Time: 19-Nov-20 10:16:01 PM
;----------------------------------------------

;Address Opcode 	ASM
0x0000	0x2916      	GOTO       278
_Delay_50us:
;__Lib_Delays.c,19 :: 		void Delay_50us() {
;__Lib_Delays.c,20 :: 		Delay_us(50);
0x0003	0x3053      	MOVLW      83
0x0004	0x1283      	BCF        STATUS, 5
0x0005	0x1303      	BCF        STATUS, 6
0x0006	0x00FD      	MOVWF      R13
L_Delay_50us2:
0x0007	0x0BFD      	DECFSZ     R13, 1
0x0008	0x2807      	GOTO       L_Delay_50us2
;__Lib_Delays.c,21 :: 		}
L_end_Delay_50us:
0x0009	0x0008      	RETURN
; end of _Delay_50us
_Delay_1us:
;__Lib_Delays.c,7 :: 		void Delay_1us() {
;__Lib_Delays.c,8 :: 		Delay_us(1);
0x000A	0x0000      	NOP
0x000B	0x0000      	NOP
0x000C	0x0000      	NOP
0x000D	0x0000      	NOP
0x000E	0x0000      	NOP
;__Lib_Delays.c,9 :: 		}
L_end_Delay_1us:
0x000F	0x0008      	RETURN
; end of _Delay_1us
_Delay_5500us:
;__Lib_Delays.c,31 :: 		void Delay_5500us() {
;__Lib_Delays.c,32 :: 		Delay_us(5500);
0x0010	0x3024      	MOVLW      36
0x0011	0x1283      	BCF        STATUS, 5
0x0012	0x1303      	BCF        STATUS, 6
0x0013	0x00FC      	MOVWF      R12
0x0014	0x30B5      	MOVLW      181
0x0015	0x00FD      	MOVWF      R13
L_Delay_5500us5:
0x0016	0x0BFD      	DECFSZ     R13, 1
0x0017	0x2816      	GOTO       L_Delay_5500us5
0x0018	0x0BFC      	DECFSZ     R12, 1
0x0019	0x2816      	GOTO       L_Delay_5500us5
0x001A	0x0000      	NOP
0x001B	0x0000      	NOP
;__Lib_Delays.c,33 :: 		}
L_end_Delay_5500us:
0x001C	0x0008      	RETURN
; end of _Delay_5500us
_Lcd_Cmd:
;__Lib_Lcd.c,18 :: 		
;__Lib_Lcd.c,20 :: 		
0x001D	0x1283      	BCF        STATUS, 5
0x001E	0x1303      	BCF        STATUS, 6
0x001F	0x1BA9      	BTFSC      FARG_Lcd_Cmd_out_char, 7
0x0020	0x2823      	GOTO       L__Lcd_Cmd21
0x0021	0x1387      	BCF        LCD_D7, BitPos(LCD_D7+0)
0x0022	0x2824      	GOTO       L__Lcd_Cmd22
L__Lcd_Cmd21:
0x0023	0x1787      	BSF        LCD_D7, BitPos(LCD_D7+0)
L__Lcd_Cmd22:
;__Lib_Lcd.c,21 :: 		
0x0024	0x1B29      	BTFSC      FARG_Lcd_Cmd_out_char, 6
0x0025	0x2828      	GOTO       L__Lcd_Cmd23
0x0026	0x1307      	BCF        LCD_D6, BitPos(LCD_D6+0)
0x0027	0x2829      	GOTO       L__Lcd_Cmd24
L__Lcd_Cmd23:
0x0028	0x1707      	BSF        LCD_D6, BitPos(LCD_D6+0)
L__Lcd_Cmd24:
;__Lib_Lcd.c,22 :: 		
0x0029	0x1AA9      	BTFSC      FARG_Lcd_Cmd_out_char, 5
0x002A	0x282D      	GOTO       L__Lcd_Cmd25
0x002B	0x1287      	BCF        LCD_D5, BitPos(LCD_D5+0)
0x002C	0x282E      	GOTO       L__Lcd_Cmd26
L__Lcd_Cmd25:
0x002D	0x1687      	BSF        LCD_D5, BitPos(LCD_D5+0)
L__Lcd_Cmd26:
;__Lib_Lcd.c,23 :: 		
0x002E	0x1A29      	BTFSC      FARG_Lcd_Cmd_out_char, 4
0x002F	0x2832      	GOTO       L__Lcd_Cmd27
0x0030	0x1207      	BCF        LCD_D4, BitPos(LCD_D4+0)
0x0031	0x2833      	GOTO       L__Lcd_Cmd28
L__Lcd_Cmd27:
0x0032	0x1607      	BSF        LCD_D4, BitPos(LCD_D4+0)
L__Lcd_Cmd28:
;__Lib_Lcd.c,25 :: 		
0x0033	0x1820      	BTFSC      __Lib_Lcd_cmd_status, BitPos(__Lib_Lcd_cmd_status+0)
0x0034	0x2837      	GOTO       L__Lcd_Cmd29
0x0035	0x1587      	BSF        LCD_RS, BitPos(LCD_RS+0)
0x0036	0x2838      	GOTO       L__Lcd_Cmd30
L__Lcd_Cmd29:
0x0037	0x1187      	BCF        LCD_RS, BitPos(LCD_RS+0)
L__Lcd_Cmd30:
;__Lib_Lcd.c,28 :: 		
0x0038	0x1507      	BSF        LCD_EN, BitPos(LCD_EN+0)
;__Lib_Lcd.c,29 :: 		
0x0039	0x200A      	CALL       _Delay_1us
;__Lib_Lcd.c,30 :: 		
0x003A	0x1107      	BCF        LCD_EN, BitPos(LCD_EN+0)
;__Lib_Lcd.c,33 :: 		
0x003B	0x19A9      	BTFSC      FARG_Lcd_Cmd_out_char, 3
0x003C	0x283F      	GOTO       L__Lcd_Cmd31
0x003D	0x1387      	BCF        LCD_D7, BitPos(LCD_D7+0)
0x003E	0x2840      	GOTO       L__Lcd_Cmd32
L__Lcd_Cmd31:
0x003F	0x1787      	BSF        LCD_D7, BitPos(LCD_D7+0)
L__Lcd_Cmd32:
;__Lib_Lcd.c,34 :: 		
0x0040	0x1929      	BTFSC      FARG_Lcd_Cmd_out_char, 2
0x0041	0x2844      	GOTO       L__Lcd_Cmd33
0x0042	0x1307      	BCF        LCD_D6, BitPos(LCD_D6+0)
0x0043	0x2845      	GOTO       L__Lcd_Cmd34
L__Lcd_Cmd33:
0x0044	0x1707      	BSF        LCD_D6, BitPos(LCD_D6+0)
L__Lcd_Cmd34:
;__Lib_Lcd.c,35 :: 		
0x0045	0x18A9      	BTFSC      FARG_Lcd_Cmd_out_char, 1
0x0046	0x2849      	GOTO       L__Lcd_Cmd35
0x0047	0x1287      	BCF        LCD_D5, BitPos(LCD_D5+0)
0x0048	0x284A      	GOTO       L__Lcd_Cmd36
L__Lcd_Cmd35:
0x0049	0x1687      	BSF        LCD_D5, BitPos(LCD_D5+0)
L__Lcd_Cmd36:
;__Lib_Lcd.c,36 :: 		
0x004A	0x1829      	BTFSC      FARG_Lcd_Cmd_out_char, 0
0x004B	0x284E      	GOTO       L__Lcd_Cmd37
0x004C	0x1207      	BCF        LCD_D4, BitPos(LCD_D4+0)
0x004D	0x284F      	GOTO       L__Lcd_Cmd38
L__Lcd_Cmd37:
0x004E	0x1607      	BSF        LCD_D4, BitPos(LCD_D4+0)
L__Lcd_Cmd38:
;__Lib_Lcd.c,38 :: 		
0x004F	0x1820      	BTFSC      __Lib_Lcd_cmd_status, BitPos(__Lib_Lcd_cmd_status+0)
0x0050	0x2853      	GOTO       L__Lcd_Cmd39
0x0051	0x1587      	BSF        LCD_RS, BitPos(LCD_RS+0)
0x0052	0x2854      	GOTO       L__Lcd_Cmd40
L__Lcd_Cmd39:
0x0053	0x1187      	BCF        LCD_RS, BitPos(LCD_RS+0)
L__Lcd_Cmd40:
;__Lib_Lcd.c,40 :: 		
0x0054	0x1507      	BSF        LCD_EN, BitPos(LCD_EN+0)
;__Lib_Lcd.c,41 :: 		
0x0055	0x200A      	CALL       _Delay_1us
;__Lib_Lcd.c,42 :: 		
0x0056	0x1107      	BCF        LCD_EN, BitPos(LCD_EN+0)
;__Lib_Lcd.c,44 :: 		
0x0057	0x1C20      	BTFSS      __Lib_Lcd_cmd_status, BitPos(__Lib_Lcd_cmd_status+0)
0x0058	0x285B      	GOTO       L_Lcd_Cmd0
;__Lib_Lcd.c,45 :: 		
0x0059	0x2010      	CALL       _Delay_5500us
0x005A	0x285C      	GOTO       L_Lcd_Cmd1
L_Lcd_Cmd0:
;__Lib_Lcd.c,47 :: 		
0x005B	0x2003      	CALL       _Delay_50us
L_Lcd_Cmd1:
;__Lib_Lcd.c,48 :: 		
L_end_Lcd_Cmd:
0x005C	0x0008      	RETURN
; end of _Lcd_Cmd
_Lcd_Chr_CP:
;__Lib_Lcd.c,50 :: 		
;__Lib_Lcd.c,52 :: 		
0x005D	0x1283      	BCF        STATUS, 5
0x005E	0x1303      	BCF        STATUS, 6
0x005F	0x1020      	BCF        __Lib_Lcd_cmd_status, BitPos(__Lib_Lcd_cmd_status+0)
;__Lib_Lcd.c,53 :: 		
0x0060	0x0826      	MOVF       FARG_Lcd_Chr_CP_out_char, 0
0x0061	0x00A9      	MOVWF      FARG_Lcd_Cmd_out_char
0x0062	0x201D      	CALL       _Lcd_Cmd
;__Lib_Lcd.c,54 :: 		
0x0063	0x1420      	BSF        __Lib_Lcd_cmd_status, BitPos(__Lib_Lcd_cmd_status+0)
;__Lib_Lcd.c,55 :: 		
L_end_Lcd_Chr_CP:
0x0064	0x0008      	RETURN
; end of _Lcd_Chr_CP
_____DoICP:
;__Lib_System.c,6 :: 		
;__Lib_System.c,9 :: 		
0x0065	0x1283      	BCF        STATUS, 5
0x0066	0x1303      	BCF        STATUS, 6
0x0067	0x0822      	MOVF       ___DoICPAddr+1, 0
0x0068	0x008A      	MOVWF      PCLATH
;__Lib_System.c,10 :: 		
0x0069	0x0821      	MOVF       ___DoICPAddr, 0
0x006A	0x0082      	MOVWF      PCL
;__Lib_System.c,12 :: 		
L_end_____DoICP:
0x006B	0x0008      	RETURN
; end of _____DoICP
_Lcd_Chr:
;__Lib_Lcd.c,65 :: 		
;__Lib_Lcd.c,66 :: 		
0x006C	0x287E      	GOTO       L_Lcd_Chr4
;__Lib_Lcd.c,67 :: 		
L_Lcd_Chr6:
0x006D	0x3080      	MOVLW      128
0x006E	0x1283      	BCF        STATUS, 5
0x006F	0x1303      	BCF        STATUS, 6
0x0070	0x00A6      	MOVWF      FARG_Lcd_Chr_row
0x0071	0x2891      	GOTO       L_Lcd_Chr5
;__Lib_Lcd.c,68 :: 		
L_Lcd_Chr7:
0x0072	0x30C0      	MOVLW      192
0x0073	0x00A6      	MOVWF      FARG_Lcd_Chr_row
0x0074	0x2891      	GOTO       L_Lcd_Chr5
;__Lib_Lcd.c,69 :: 		
L_Lcd_Chr8:
0x0075	0x3094      	MOVLW      148
0x0076	0x00A6      	MOVWF      FARG_Lcd_Chr_row
0x0077	0x2891      	GOTO       L_Lcd_Chr5
;__Lib_Lcd.c,70 :: 		
L_Lcd_Chr9:
0x0078	0x30D4      	MOVLW      212
0x0079	0x00A6      	MOVWF      FARG_Lcd_Chr_row
0x007A	0x2891      	GOTO       L_Lcd_Chr5
;__Lib_Lcd.c,71 :: 		
L_Lcd_Chr10:
0x007B	0x3080      	MOVLW      128
0x007C	0x00A6      	MOVWF      FARG_Lcd_Chr_row
;__Lib_Lcd.c,72 :: 		
0x007D	0x2891      	GOTO       L_Lcd_Chr5
L_Lcd_Chr4:
0x007E	0x1283      	BCF        STATUS, 5
0x007F	0x1303      	BCF        STATUS, 6
0x0080	0x0826      	MOVF       FARG_Lcd_Chr_row, 0
0x0081	0x3A01      	XORLW      1
0x0082	0x1903      	BTFSC      STATUS, 2
0x0083	0x286D      	GOTO       L_Lcd_Chr6
0x0084	0x0826      	MOVF       FARG_Lcd_Chr_row, 0
0x0085	0x3A02      	XORLW      2
0x0086	0x1903      	BTFSC      STATUS, 2
0x0087	0x2872      	GOTO       L_Lcd_Chr7
0x0088	0x0826      	MOVF       FARG_Lcd_Chr_row, 0
0x0089	0x3A03      	XORLW      3
0x008A	0x1903      	BTFSC      STATUS, 2
0x008B	0x2875      	GOTO       L_Lcd_Chr8
0x008C	0x0826      	MOVF       FARG_Lcd_Chr_row, 0
0x008D	0x3A04      	XORLW      4
0x008E	0x1903      	BTFSC      STATUS, 2
0x008F	0x2878      	GOTO       L_Lcd_Chr9
0x0090	0x287B      	GOTO       L_Lcd_Chr10
L_Lcd_Chr5:
;__Lib_Lcd.c,74 :: 		
0x0091	0x0327      	DECF       FARG_Lcd_Chr_column, 0
0x0092	0x00F0      	MOVWF      R0
0x0093	0x0826      	MOVF       FARG_Lcd_Chr_row, 0
0x0094	0x07F0      	ADDWF      R0, 1
0x0095	0x0870      	MOVF       R0, 0
0x0096	0x00A6      	MOVWF      FARG_Lcd_Chr_row
;__Lib_Lcd.c,76 :: 		
0x0097	0x1420      	BSF        __Lib_Lcd_cmd_status, BitPos(__Lib_Lcd_cmd_status+0)
;__Lib_Lcd.c,77 :: 		
0x0098	0x0870      	MOVF       R0, 0
0x0099	0x00A9      	MOVWF      FARG_Lcd_Cmd_out_char
0x009A	0x201D      	CALL       _Lcd_Cmd
;__Lib_Lcd.c,79 :: 		
0x009B	0x1020      	BCF        __Lib_Lcd_cmd_status, BitPos(__Lib_Lcd_cmd_status+0)
;__Lib_Lcd.c,80 :: 		
0x009C	0x0828      	MOVF       FARG_Lcd_Chr_out_char, 0
0x009D	0x00A9      	MOVWF      FARG_Lcd_Cmd_out_char
0x009E	0x201D      	CALL       _Lcd_Cmd
;__Lib_Lcd.c,81 :: 		
0x009F	0x1420      	BSF        __Lib_Lcd_cmd_status, BitPos(__Lib_Lcd_cmd_status+0)
;__Lib_Lcd.c,82 :: 		
L_end_Lcd_Chr:
0x00A0	0x0008      	RETURN
; end of _Lcd_Chr
_CustomChar:
;custom_char_test.c,18 :: 		void CustomChar(char pos_row, char pos_char) {
;custom_char_test.c,20 :: 		Lcd_Cmd(72);
0x00A1	0x3048      	MOVLW      72
0x00A2	0x1283      	BCF        STATUS, 5
0x00A3	0x1303      	BCF        STATUS, 6
0x00A4	0x00A9      	MOVWF      FARG_Lcd_Cmd_out_char
0x00A5	0x201D      	CALL       _Lcd_Cmd
;custom_char_test.c,21 :: 		for (i = 0; i<=7; i++) Lcd_Chr_CP(character[i]);
0x00A6	0x01A5      	CLRF       CustomChar_i_L0
L_CustomChar0:
0x00A7	0x0825      	MOVF       CustomChar_i_L0, 0
0x00A8	0x3C07      	SUBLW      7
0x00A9	0x1C03      	BTFSS      STATUS, 0
0x00AA	0x28BD      	GOTO       L_CustomChar1
0x00AB	0x0825      	MOVF       CustomChar_i_L0, 0
0x00AC	0x3E29      	ADDLW      _character
0x00AD	0x00F0      	MOVWF      R0
0x00AE	0x3001      	MOVLW      hi_addr(_character)
0x00AF	0x1803      	BTFSC      STATUS, 0
0x00B0	0x3E01      	ADDLW      1
0x00B1	0x00F1      	MOVWF      R0+1
0x00B2	0x0870      	MOVF       R0, 0
0x00B3	0x00A1      	MOVWF      ___DoICPAddr
0x00B4	0x0871      	MOVF       R0+1, 0
0x00B5	0x00A2      	MOVWF      ___DoICPAddr+1
0x00B6	0x2065      	CALL       _____DoICP
0x00B7	0x118A      	BCF        PCLATH, 3
0x00B8	0x120A      	BCF        PCLATH, 4
0x00B9	0x00A6      	MOVWF      FARG_Lcd_Chr_CP_out_char
0x00BA	0x205D      	CALL       _Lcd_Chr_CP
0x00BB	0x0AA5      	INCF       CustomChar_i_L0, 1
0x00BC	0x28A7      	GOTO       L_CustomChar0
L_CustomChar1:
;custom_char_test.c,22 :: 		Lcd_Cmd(_LCD_RETURN_HOME);
0x00BD	0x3002      	MOVLW      2
0x00BE	0x00A9      	MOVWF      FARG_Lcd_Cmd_out_char
0x00BF	0x201D      	CALL       _Lcd_Cmd
;custom_char_test.c,23 :: 		Lcd_Chr(pos_row, pos_char, 1);
0x00C0	0x0823      	MOVF       FARG_CustomChar_pos_row, 0
0x00C1	0x00A6      	MOVWF      FARG_Lcd_Chr_row
0x00C2	0x0824      	MOVF       FARG_CustomChar_pos_char, 0
0x00C3	0x00A7      	MOVWF      FARG_Lcd_Chr_column
0x00C4	0x3001      	MOVLW      1
0x00C5	0x00A8      	MOVWF      FARG_Lcd_Chr_out_char
0x00C6	0x206C      	CALL       _Lcd_Chr
;custom_char_test.c,24 :: 		}
L_end_CustomChar:
0x00C7	0x0008      	RETURN
; end of _CustomChar
_Lcd_Init:
;__Lib_Lcd.c,84 :: 		
;__Lib_Lcd.c,86 :: 		
0x00C8	0x1683      	BSF        STATUS, 5
0x00C9	0x1303      	BCF        STATUS, 6
0x00CA	0x1107      	BCF        LCD_EN_Direction, BitPos(LCD_EN_Direction+0)
;__Lib_Lcd.c,87 :: 		
0x00CB	0x1187      	BCF        LCD_RS_Direction, BitPos(LCD_RS_Direction+0)
;__Lib_Lcd.c,88 :: 		
0x00CC	0x1207      	BCF        LCD_D4_Direction, BitPos(LCD_D4_Direction+0)
;__Lib_Lcd.c,89 :: 		
0x00CD	0x1287      	BCF        LCD_D5_Direction, BitPos(LCD_D5_Direction+0)
;__Lib_Lcd.c,90 :: 		
0x00CE	0x1307      	BCF        LCD_D6_Direction, BitPos(LCD_D6_Direction+0)
;__Lib_Lcd.c,91 :: 		
0x00CF	0x1387      	BCF        LCD_D7_Direction, BitPos(LCD_D7_Direction+0)
;__Lib_Lcd.c,93 :: 		
0x00D0	0x1283      	BCF        STATUS, 5
0x00D1	0x1107      	BCF        LCD_EN, BitPos(LCD_EN+0)
;__Lib_Lcd.c,94 :: 		
0x00D2	0x1187      	BCF        LCD_RS, BitPos(LCD_RS+0)
;__Lib_Lcd.c,95 :: 		
0x00D3	0x1387      	BCF        LCD_D7, BitPos(LCD_D7+0)
;__Lib_Lcd.c,96 :: 		
0x00D4	0x1307      	BCF        LCD_D6, BitPos(LCD_D6+0)
;__Lib_Lcd.c,97 :: 		
0x00D5	0x1287      	BCF        LCD_D5, BitPos(LCD_D5+0)
;__Lib_Lcd.c,98 :: 		
0x00D6	0x1207      	BCF        LCD_D4, BitPos(LCD_D4+0)
;__Lib_Lcd.c,100 :: 		
0x00D7	0x2010      	CALL       _Delay_5500us
;__Lib_Lcd.c,101 :: 		
0x00D8	0x2010      	CALL       _Delay_5500us
;__Lib_Lcd.c,102 :: 		
0x00D9	0x2010      	CALL       _Delay_5500us
;__Lib_Lcd.c,105 :: 		
0x00DA	0x1687      	BSF        LCD_D5, BitPos(LCD_D5+0)
;__Lib_Lcd.c,106 :: 		
0x00DB	0x1607      	BSF        LCD_D4, BitPos(LCD_D4+0)
;__Lib_Lcd.c,107 :: 		
0x00DC	0x1507      	BSF        LCD_EN, BitPos(LCD_EN+0)
;__Lib_Lcd.c,108 :: 		
0x00DD	0x200A      	CALL       _Delay_1us
;__Lib_Lcd.c,109 :: 		
0x00DE	0x1107      	BCF        LCD_EN, BitPos(LCD_EN+0)
;__Lib_Lcd.c,110 :: 		
0x00DF	0x2010      	CALL       _Delay_5500us
;__Lib_Lcd.c,112 :: 		
0x00E0	0x1507      	BSF        LCD_EN, BitPos(LCD_EN+0)
;__Lib_Lcd.c,113 :: 		
0x00E1	0x200A      	CALL       _Delay_1us
;__Lib_Lcd.c,114 :: 		
0x00E2	0x1107      	BCF        LCD_EN, BitPos(LCD_EN+0)
;__Lib_Lcd.c,115 :: 		
0x00E3	0x2010      	CALL       _Delay_5500us
;__Lib_Lcd.c,117 :: 		
0x00E4	0x1507      	BSF        LCD_EN, BitPos(LCD_EN+0)
;__Lib_Lcd.c,118 :: 		
0x00E5	0x200A      	CALL       _Delay_1us
;__Lib_Lcd.c,119 :: 		
0x00E6	0x1107      	BCF        LCD_EN, BitPos(LCD_EN+0)
;__Lib_Lcd.c,120 :: 		
0x00E7	0x2010      	CALL       _Delay_5500us
;__Lib_Lcd.c,123 :: 		
0x00E8	0x1207      	BCF        LCD_D4, BitPos(LCD_D4+0)
;__Lib_Lcd.c,124 :: 		
0x00E9	0x1507      	BSF        LCD_EN, BitPos(LCD_EN+0)
;__Lib_Lcd.c,125 :: 		
0x00EA	0x200A      	CALL       _Delay_1us
;__Lib_Lcd.c,126 :: 		
0x00EB	0x1107      	BCF        LCD_EN, BitPos(LCD_EN+0)
;__Lib_Lcd.c,127 :: 		
0x00EC	0x2010      	CALL       _Delay_5500us
;__Lib_Lcd.c,130 :: 		
0x00ED	0x1507      	BSF        LCD_EN, BitPos(LCD_EN+0)
;__Lib_Lcd.c,131 :: 		
0x00EE	0x200A      	CALL       _Delay_1us
;__Lib_Lcd.c,132 :: 		
0x00EF	0x1107      	BCF        LCD_EN, BitPos(LCD_EN+0)
;__Lib_Lcd.c,134 :: 		
0x00F0	0x1287      	BCF        LCD_D5, BitPos(LCD_D5+0)
;__Lib_Lcd.c,135 :: 		
0x00F1	0x1787      	BSF        LCD_D7, BitPos(LCD_D7+0)
;__Lib_Lcd.c,136 :: 		
0x00F2	0x1507      	BSF        LCD_EN, BitPos(LCD_EN+0)
;__Lib_Lcd.c,137 :: 		
0x00F3	0x200A      	CALL       _Delay_1us
;__Lib_Lcd.c,138 :: 		
0x00F4	0x1107      	BCF        LCD_EN, BitPos(LCD_EN+0)
;__Lib_Lcd.c,139 :: 		
0x00F5	0x2010      	CALL       _Delay_5500us
;__Lib_Lcd.c,142 :: 		
0x00F6	0x1387      	BCF        LCD_D7, BitPos(LCD_D7+0)
;__Lib_Lcd.c,143 :: 		
0x00F7	0x1607      	BSF        LCD_D4, BitPos(LCD_D4+0)
;__Lib_Lcd.c,144 :: 		
0x00F8	0x1507      	BSF        LCD_EN, BitPos(LCD_EN+0)
;__Lib_Lcd.c,145 :: 		
0x00F9	0x200A      	CALL       _Delay_1us
;__Lib_Lcd.c,146 :: 		
0x00FA	0x1107      	BCF        LCD_EN, BitPos(LCD_EN+0)
;__Lib_Lcd.c,148 :: 		
0x00FB	0x1207      	BCF        LCD_D4, BitPos(LCD_D4+0)
;__Lib_Lcd.c,149 :: 		
0x00FC	0x1507      	BSF        LCD_EN, BitPos(LCD_EN+0)
;__Lib_Lcd.c,150 :: 		
0x00FD	0x200A      	CALL       _Delay_1us
;__Lib_Lcd.c,151 :: 		
0x00FE	0x1107      	BCF        LCD_EN, BitPos(LCD_EN+0)
;__Lib_Lcd.c,152 :: 		
0x00FF	0x2010      	CALL       _Delay_5500us
;__Lib_Lcd.c,155 :: 		
0x0100	0x1507      	BSF        LCD_EN, BitPos(LCD_EN+0)
;__Lib_Lcd.c,156 :: 		
0x0101	0x200A      	CALL       _Delay_1us
;__Lib_Lcd.c,157 :: 		
0x0102	0x1107      	BCF        LCD_EN, BitPos(LCD_EN+0)
;__Lib_Lcd.c,159 :: 		
0x0103	0x1607      	BSF        LCD_D4, BitPos(LCD_D4+0)
;__Lib_Lcd.c,160 :: 		
0x0104	0x1507      	BSF        LCD_EN, BitPos(LCD_EN+0)
;__Lib_Lcd.c,161 :: 		
0x0105	0x200A      	CALL       _Delay_1us
;__Lib_Lcd.c,162 :: 		
0x0106	0x1107      	BCF        LCD_EN, BitPos(LCD_EN+0)
;__Lib_Lcd.c,163 :: 		
0x0107	0x2010      	CALL       _Delay_5500us
;__Lib_Lcd.c,166 :: 		
0x0108	0x1207      	BCF        LCD_D4, BitPos(LCD_D4+0)
;__Lib_Lcd.c,167 :: 		
0x0109	0x1507      	BSF        LCD_EN, BitPos(LCD_EN+0)
;__Lib_Lcd.c,168 :: 		
0x010A	0x200A      	CALL       _Delay_1us
;__Lib_Lcd.c,169 :: 		
0x010B	0x1107      	BCF        LCD_EN, BitPos(LCD_EN+0)
;__Lib_Lcd.c,171 :: 		
0x010C	0x1787      	BSF        LCD_D7, BitPos(LCD_D7+0)
;__Lib_Lcd.c,172 :: 		
0x010D	0x1707      	BSF        LCD_D6, BitPos(LCD_D6+0)
;__Lib_Lcd.c,173 :: 		
0x010E	0x1687      	BSF        LCD_D5, BitPos(LCD_D5+0)
;__Lib_Lcd.c,174 :: 		
0x010F	0x1607      	BSF        LCD_D4, BitPos(LCD_D4+0)
;__Lib_Lcd.c,175 :: 		
0x0110	0x1507      	BSF        LCD_EN, BitPos(LCD_EN+0)
;__Lib_Lcd.c,176 :: 		
0x0111	0x200A      	CALL       _Delay_1us
;__Lib_Lcd.c,177 :: 		
0x0112	0x1107      	BCF        LCD_EN, BitPos(LCD_EN+0)
;__Lib_Lcd.c,179 :: 		
0x0113	0x2010      	CALL       _Delay_5500us
;__Lib_Lcd.c,181 :: 		
0x0114	0x1420      	BSF        __Lib_Lcd_cmd_status, BitPos(__Lib_Lcd_cmd_status+0)
;__Lib_Lcd.c,182 :: 		
L_end_Lcd_Init:
0x0115	0x0008      	RETURN
; end of _Lcd_Init
_main:
;custom_char_test.c,27 :: 		void main()
;custom_char_test.c,29 :: 		TRISB=0;
0x0116	0x1683      	BSF        STATUS, 5
0x0117	0x1303      	BCF        STATUS, 6
0x0118	0x0186      	CLRF       TRISB
;custom_char_test.c,30 :: 		PORTB=0x11111111;
0x0119	0x3011      	MOVLW      17
0x011A	0x1283      	BCF        STATUS, 5
0x011B	0x0086      	MOVWF      PORTB
;custom_char_test.c,31 :: 		Lcd_Init();                        // Initialize LCD
0x011C	0x20C8      	CALL       _Lcd_Init
;custom_char_test.c,33 :: 		Lcd_Cmd(_LCD_CLEAR);               // Clear display
0x011D	0x3001      	MOVLW      1
0x011E	0x00A9      	MOVWF      FARG_Lcd_Cmd_out_char
0x011F	0x201D      	CALL       _Lcd_Cmd
;custom_char_test.c,34 :: 		Lcd_Cmd(_LCD_CURSOR_OFF);          // Cursor off
0x0120	0x300C      	MOVLW      12
0x0121	0x00A9      	MOVWF      FARG_Lcd_Cmd_out_char
0x0122	0x201D      	CALL       _Lcd_Cmd
;custom_char_test.c,38 :: 		CustomChar(1,1);
0x0123	0x3001      	MOVLW      1
0x0124	0x00A3      	MOVWF      FARG_CustomChar_pos_row
0x0125	0x3001      	MOVLW      1
0x0126	0x00A4      	MOVWF      FARG_CustomChar_pos_char
0x0127	0x20A1      	CALL       _CustomChar
;custom_char_test.c,44 :: 		}
L_end_main:
0x0128	0x2928      	GOTO       $+0
; end of _main
;custom_char_test.c,17 :: _character
0x0129	0x3400 ;_character+0
0x012A	0x340A ;_character+1
0x012B	0x3404 ;_character+2
0x012C	0x3415 ;_character+3
0x012D	0x3411 ;_character+4
0x012E	0x340E ;_character+5
0x012F	0x3400 ;_character+6
0x0130	0x3400 ;_character+7
; end of _character
Symbol List:
//** Routines locations **
//ADDRESS    SIZE    PROCEDURE
//----------------------------------------------
0x0003       [7]    _Delay_50us
0x000A       [6]    _Delay_1us
0x0010      [13]    _Delay_5500us
0x001D      [64]    _Lcd_Cmd
0x005D       [8]    _Lcd_Chr_CP
0x0065       [7]    _____DoICP
0x006C      [53]    _Lcd_Chr
0x00A1      [39]    _CustomChar
0x00C8      [78]    _Lcd_Init
0x0116      [19]    _main
//** Variables locations ** 
//ADDRESS    SIZE    VARIABLE
//----------------------------------------------
0x0000       [1]    INDF
0x0002       [1]    PCL
0x0003       [1]    STATUS
0x0004       [1]    FSR
0x0006       [1]    PORTB
0x0007       [0]    RC5_bit
0x0007       [0]    LCD_RS
0x0007       [0]    RC6_bit
0x0007       [0]    RC7_bit
0x0007       [0]    LCD_EN
0x0007       [0]    RC2_bit
0x0007       [0]    RC4_bit
0x0007       [0]    RC3_bit
0x0007       [0]    LCD_D6
0x0007       [0]    LCD_D7
0x0007       [0]    LCD_D4
0x0007       [0]    LCD_D5
0x000A       [1]    PCLATH
0x0020       [0]    __Lib_Lcd_cmd_status
0x0021       [2]    ___DoICPAddr
0x0023       [1]    FARG_CustomChar_pos_row
0x0024       [1]    FARG_CustomChar_pos_char
0x0025       [1]    CustomChar_i_L0
0x0026       [1]    FARG_Lcd_Chr_row
0x0026       [1]    FARG_Lcd_Chr_CP_out_char
0x0027       [1]    FARG_Lcd_Chr_column
0x0028       [1]    FARG_Lcd_Chr_out_char
0x0029       [1]    FARG_Lcd_Cmd_out_char
0x0070       [1]    R0
0x0071       [1]    R1
0x0072       [1]    R2
0x0073       [1]    R3
0x0074       [1]    R4
0x0075       [1]    R5
0x0076       [1]    R6
0x0077       [1]    R7
0x0078       [1]    R8
0x0079       [1]    R9
0x007A       [1]    R10
0x007B       [1]    R11
0x007C       [1]    R12
0x007D       [1]    R13
0x007E       [1]    R14
0x007F       [1]    R15
0x0086       [1]    TRISB
0x0087       [0]    LCD_D4_Direction
0x0087       [0]    LCD_EN_Direction
0x0087       [0]    LCD_RS_Direction
0x0087       [0]    LCD_D5_Direction
0x0087       [0]    LCD_D7_Direction
0x0087       [0]    LCD_D6_Direction
0x0087       [0]    TRISC4_bit
0x0087       [0]    TRISC5_bit
0x0087       [0]    TRISC2_bit
0x0087       [0]    TRISC3_bit
0x0087       [0]    TRISC6_bit
0x0087       [0]    TRISC7_bit
//** Constants locations ** 
//ADDRESS    SIZE    CONSTANT
//----------------------------------------------
0x0129       [8]    _character
