;  LST file generated by mikroListExporter - v.2.0 
; Date/Time: 21-Nov-20 4:55:55 PM
;----------------------------------------------

;Address Opcode 	ASM
0x0000	0x28AB      	GOTO       171
_Div_16x16_S_L:
;__Lib_Math.c,421 :: 		
;__Lib_Math.c,427 :: 		
0x0003	0x0D71      	RLF        R1, 0
;__Lib_Math.c,428 :: 		
0x0004	0x0DF8      	RLF        R8, 1
;__Lib_Math.c,429 :: 		
0x0005	0x0DF9      	RLF        R9, 1
;__Lib_Math.c,430 :: 		
0x0006	0x0874      	MOVF       R4, 0
;__Lib_Math.c,431 :: 		
0x0007	0x02F8      	SUBWF      R8, 1
;__Lib_Math.c,432 :: 		
0x0008	0x0875      	MOVF       R5, 0
;__Lib_Math.c,433 :: 		
0x0009	0x1C03      	BTFSS      STATUS, 0
;__Lib_Math.c,434 :: 		
0x000A	0x0F75      	INCFSZ     R5, 0
;__Lib_Math.c,435 :: 		
0x000B	0x02F9      	SUBWF      R9, 1
;__Lib_Math.c,436 :: 		
0x000C	0x0DF0      	RLF        R0, 1
;__Lib_Math.c,437 :: 		
0x000D	0x0DF1      	RLF        R1, 1
;__Lib_Math.c,439 :: 		
0x000E	0x300F      	MOVLW      15
;__Lib_Math.c,440 :: 		
0x000F	0x00FC      	MOVWF      R12
;__Lib_Math.c,442 :: 		
0x0010	0x0D71      	RLF        R1, 0
;__Lib_Math.c,443 :: 		
0x0011	0x0DF8      	RLF        R8, 1
;__Lib_Math.c,444 :: 		
0x0012	0x0DF9      	RLF        R9, 1
;__Lib_Math.c,445 :: 		
0x0013	0x0874      	MOVF       R4, 0
;__Lib_Math.c,447 :: 		
0x0014	0x1C70      	BTFSS      R0, 0
;__Lib_Math.c,448 :: 		
0x0015	0x281C      	GOTO       $+7
;__Lib_Math.c,449 :: 		
0x0016	0x02F8      	SUBWF      R8, 1
;__Lib_Math.c,450 :: 		
0x0017	0x0875      	MOVF       R5, 0
;__Lib_Math.c,451 :: 		
0x0018	0x1C03      	BTFSS      STATUS, 0
;__Lib_Math.c,452 :: 		
0x0019	0x0F75      	INCFSZ     R5, 0
;__Lib_Math.c,453 :: 		
0x001A	0x02F9      	SUBWF      R9, 1
;__Lib_Math.c,454 :: 		
0x001B	0x2821      	GOTO       $+6
;__Lib_Math.c,456 :: 		
0x001C	0x07F8      	ADDWF      R8, 1
;__Lib_Math.c,457 :: 		
0x001D	0x0875      	MOVF       R5, 0
;__Lib_Math.c,458 :: 		
0x001E	0x1803      	BTFSC      STATUS, 0
;__Lib_Math.c,459 :: 		
0x001F	0x0F75      	INCFSZ     R5, 0
;__Lib_Math.c,460 :: 		
0x0020	0x07F9      	ADDWF      R9, 1
;__Lib_Math.c,462 :: 		
0x0021	0x0DF0      	RLF        R0, 1
;__Lib_Math.c,463 :: 		
0x0022	0x0DF1      	RLF        R1, 1
;__Lib_Math.c,465 :: 		
0x0023	0x0BFC      	DECFSZ     R12, 1
;__Lib_Math.c,466 :: 		
0x0024	0x2810      	GOTO       $-20
;__Lib_Math.c,468 :: 		
0x0025	0x1870      	BTFSC      R0, 0
;__Lib_Math.c,469 :: 		
0x0026	0x282D      	GOTO       $+7
;__Lib_Math.c,470 :: 		
0x0027	0x0874      	MOVF       R4, 0
;__Lib_Math.c,471 :: 		
0x0028	0x07F8      	ADDWF      R8, 1
;__Lib_Math.c,472 :: 		
0x0029	0x0875      	MOVF       R5, 0
;__Lib_Math.c,473 :: 		
0x002A	0x1803      	BTFSC      STATUS, 0
;__Lib_Math.c,474 :: 		
0x002B	0x0F75      	INCFSZ     R5, 0
;__Lib_Math.c,475 :: 		
0x002C	0x07F9      	ADDWF      R9, 1
;__Lib_Math.c,476 :: 		
0x002D	0x0000      	NOP
;__Lib_Math.c,478 :: 		
L_end_Div_16x16_S_L:
0x002E	0x0008      	RETURN
; end of _Div_16x16_S_L
_____DoICP:
;__Lib_System.c,6 :: 		
;__Lib_System.c,9 :: 		
0x002F	0x1283      	BCF        STATUS, 5
0x0030	0x1303      	BCF        STATUS, 6
0x0031	0x083B      	MOVF       ___DoICPAddr+1, 0
0x0032	0x008A      	MOVWF      PCLATH
;__Lib_System.c,10 :: 		
0x0033	0x083A      	MOVF       ___DoICPAddr, 0
0x0034	0x0082      	MOVWF      PCL
;__Lib_System.c,12 :: 		
L_end_____DoICP:
0x0035	0x0008      	RETURN
; end of _____DoICP
___CC2DW:
;__Lib_System.c,134 :: 		
;__Lib_System.c,137 :: 		
_CC2D_Loop1:
;__Lib_System.c,139 :: 		
0x0036	0x202F      	CALL       _____DoICP
0x0037	0x118A      	BCF        PCLATH, 3
0x0038	0x120A      	BCF        PCLATH, 4
;__Lib_System.c,141 :: 		
0x0039	0x0080      	MOVWF      INDF
;__Lib_System.c,142 :: 		
0x003A	0x0A84      	INCF       FSR, 1
;__Lib_System.c,143 :: 		
0x003B	0x0ABA      	INCF       ___DoICPAddr, 1
;__Lib_System.c,145 :: 		
0x003C	0x1903      	BTFSC      STATUS, 2
;__Lib_System.c,146 :: 		
0x003D	0x0ABB      	INCF       ___DoICPAddr+1, 1
;__Lib_System.c,147 :: 		
0x003E	0x03F0      	DECF       R0, 1
;__Lib_System.c,149 :: 		
0x003F	0x1D03      	BTFSS      STATUS, 2
;__Lib_System.c,150 :: 		
0x0040	0x2836      	GOTO       _CC2D_Loop1
;__Lib_System.c,152 :: 		
L_end___CC2DW:
0x0041	0x0008      	RETURN
; end of ___CC2DW
_Div_16x16_S:
;__Lib_Math.c,480 :: 		
;__Lib_Math.c,488 :: 		
0x0042	0x1283      	BCF        STATUS, 5
0x0043	0x1303      	BCF        STATUS, 6
0x0044	0x0874      	MOVF       R4, 0
0x0045	0x3A00      	XORLW      0
0x0046	0x1D03      	BTFSS      STATUS, 2
0x0047	0x2851      	GOTO       L_Div_16x16_S0
;__Lib_Math.c,489 :: 		
0x0048	0x0875      	MOVF       R5, 0
0x0049	0x3A00      	XORLW      0
0x004A	0x1D03      	BTFSS      STATUS, 2
0x004B	0x2851      	GOTO       L_Div_16x16_S1
;__Lib_Math.c,490 :: 		
0x004C	0x30FF      	MOVLW      255
0x004D	0x00F0      	MOVWF      R0
;__Lib_Math.c,491 :: 		
0x004E	0x307F      	MOVLW      127
0x004F	0x00F1      	MOVWF      R1
;__Lib_Math.c,492 :: 		
0x0050	0x28AA      	GOTO       L_end_Div_16x16_S
;__Lib_Math.c,493 :: 		
L_Div_16x16_S1:
L_Div_16x16_S0:
;__Lib_Math.c,496 :: 		
0x0051	0x1283      	BCF        STATUS, 5
;__Lib_Math.c,497 :: 		
0x0052	0x1303      	BCF        STATUS, 6
;__Lib_Math.c,498 :: 		
0x0053	0x01FD      	CLRF       R13
;__Lib_Math.c,499 :: 		
0x0054	0x01F9      	CLRF       R9
;__Lib_Math.c,500 :: 		
0x0055	0x01F8      	CLRF       R8
;__Lib_Math.c,501 :: 		
0x0056	0x0871      	MOVF       R1, 0
;__Lib_Math.c,502 :: 		
0x0057	0x0470      	IORWF      R0, 0
;__Lib_Math.c,503 :: 		
0x0058	0x1903      	BTFSC      STATUS, 2
;__Lib_Math.c,504 :: 		
0x0059	0x3400      	RETLW      0
;__Lib_Math.c,506 :: 		
0x005A	0x0871      	MOVF       R1, 0
;__Lib_Math.c,507 :: 		
0x005B	0x0675      	XORWF      R5, 0
;__Lib_Math.c,508 :: 		
0x005C	0x00FA      	MOVWF      R10
;__Lib_Math.c,509 :: 		
0x005D	0x1BFA      	BTFSC      R10, 7
;__Lib_Math.c,510 :: 		
0x005E	0x09FD      	COMF       R13, 1
;__Lib_Math.c,512 :: 		
0x005F	0x01FB      	CLRF       R11
;__Lib_Math.c,514 :: 		
0x0060	0x1FF5      	BTFSS      R5, 7
;__Lib_Math.c,515 :: 		
0x0061	0x2867      	GOTO       $+6
;__Lib_Math.c,517 :: 		
0x0062	0x09F4      	COMF       R4, 1
;__Lib_Math.c,518 :: 		
0x0063	0x09F5      	COMF       R5, 1
;__Lib_Math.c,519 :: 		
0x0064	0x0AF4      	INCF       R4, 1
;__Lib_Math.c,520 :: 		
0x0065	0x1903      	BTFSC      STATUS, 2
;__Lib_Math.c,521 :: 		
0x0066	0x0AF5      	INCF       R5, 1
;__Lib_Math.c,523 :: 		
0x0067	0x1FF1      	BTFSS      R1, 7
;__Lib_Math.c,524 :: 		
0x0068	0x286E      	GOTO       $+6
;__Lib_Math.c,526 :: 		
0x0069	0x09F0      	COMF       R0, 1
;__Lib_Math.c,527 :: 		
0x006A	0x09F1      	COMF       R1, 1
;__Lib_Math.c,528 :: 		
0x006B	0x0AF0      	INCF       R0, 1
;__Lib_Math.c,529 :: 		
0x006C	0x1903      	BTFSC      STATUS, 2
;__Lib_Math.c,530 :: 		
0x006D	0x0AF1      	INCF       R1, 1
;__Lib_Math.c,532 :: 		
0x006E	0x0871      	MOVF       R1, 0
;__Lib_Math.c,533 :: 		
0x006F	0x0475      	IORWF      R5, 0
;__Lib_Math.c,534 :: 		
0x0070	0x00FA      	MOVWF      R10
;__Lib_Math.c,535 :: 		
0x0071	0x1BFA      	BTFSC      R10, 7
;__Lib_Math.c,536 :: 		
0x0072	0x2883      	GOTO       $+17
;__Lib_Math.c,538 :: 		
0x0073	0x2003      	CALL       _Div_16x16_S_L
;__Lib_Math.c,540 :: 		
0x0074	0x187B      	BTFSC      R11, 0
;__Lib_Math.c,541 :: 		
0x0075	0x2896      	GOTO       $+33
;__Lib_Math.c,543 :: 		
0x0076	0x1FFD      	BTFSS      R13, 7
;__Lib_Math.c,544 :: 		
0x0077	0x3400      	RETLW      0
;__Lib_Math.c,546 :: 		
0x0078	0x09F0      	COMF       R0, 1
;__Lib_Math.c,547 :: 		
0x0079	0x09F1      	COMF       R1, 1
;__Lib_Math.c,548 :: 		
0x007A	0x0AF0      	INCF       R0, 1
;__Lib_Math.c,549 :: 		
0x007B	0x1903      	BTFSC      STATUS, 2
;__Lib_Math.c,550 :: 		
0x007C	0x0AF1      	INCF       R1, 1
;__Lib_Math.c,552 :: 		
0x007D	0x09F8      	COMF       R8, 1
;__Lib_Math.c,553 :: 		
0x007E	0x09F9      	COMF       R9, 1
;__Lib_Math.c,554 :: 		
0x007F	0x0AF8      	INCF       R8, 1
;__Lib_Math.c,555 :: 		
0x0080	0x1903      	BTFSC      STATUS, 2
;__Lib_Math.c,556 :: 		
0x0081	0x0AF9      	INCF       R9, 1
;__Lib_Math.c,558 :: 		
0x0082	0x3400      	RETLW      0
;__Lib_Math.c,560 :: 		
0x0083	0x1FF5      	BTFSS      R5, 7
;__Lib_Math.c,561 :: 		
0x0084	0x2892      	GOTO       $+14
;__Lib_Math.c,562 :: 		
0x0085	0x1BF1      	BTFSC      R1, 7
;__Lib_Math.c,563 :: 		
0x0086	0x288E      	GOTO       $+8
;__Lib_Math.c,564 :: 		
0x0087	0x0871      	MOVF       R1, 0
;__Lib_Math.c,565 :: 		
0x0088	0x00F9      	MOVWF      R9
;__Lib_Math.c,566 :: 		
0x0089	0x0870      	MOVF       R0, 0
;__Lib_Math.c,567 :: 		
0x008A	0x00F8      	MOVWF      R8
;__Lib_Math.c,568 :: 		
0x008B	0x01F1      	CLRF       R1
;__Lib_Math.c,569 :: 		
0x008C	0x01F0      	CLRF       R0
;__Lib_Math.c,570 :: 		
0x008D	0x2876      	GOTO       $-23
;__Lib_Math.c,571 :: 		
0x008E	0x01F1      	CLRF       R1
;__Lib_Math.c,572 :: 		
0x008F	0x01F0      	CLRF       R0
;__Lib_Math.c,573 :: 		
0x0090	0x0AF0      	INCF       R0, 1
;__Lib_Math.c,574 :: 		
0x0091	0x3400      	RETLW      0
;__Lib_Math.c,576 :: 		
0x0092	0x09F1      	COMF       R1, 1
;__Lib_Math.c,577 :: 		
0x0093	0x09F0      	COMF       R0, 1
;__Lib_Math.c,578 :: 		
0x0094	0x0AFB      	INCF       R11, 1
;__Lib_Math.c,579 :: 		
0x0095	0x2873      	GOTO       $-34
;__Lib_Math.c,581 :: 		
0x0096	0x0AF8      	INCF       R8, 1
;__Lib_Math.c,582 :: 		
0x0097	0x1903      	BTFSC      STATUS, 2
;__Lib_Math.c,583 :: 		
0x0098	0x0AF9      	INCF       R9, 1
;__Lib_Math.c,584 :: 		
0x0099	0x0874      	MOVF       R4, 0
;__Lib_Math.c,585 :: 		
0x009A	0x0278      	SUBWF      R8, 0
;__Lib_Math.c,586 :: 		
0x009B	0x1D03      	BTFSS      STATUS, 2
;__Lib_Math.c,587 :: 		
0x009C	0x2876      	GOTO       $-38
;__Lib_Math.c,588 :: 		
0x009D	0x0875      	MOVF       R5, 0
;__Lib_Math.c,589 :: 		
0x009E	0x0279      	SUBWF      R9, 0
;__Lib_Math.c,590 :: 		
0x009F	0x1D03      	BTFSS      STATUS, 2
;__Lib_Math.c,591 :: 		
0x00A0	0x2876      	GOTO       $-42
;__Lib_Math.c,592 :: 		
0x00A1	0x01F9      	CLRF       R9
;__Lib_Math.c,593 :: 		
0x00A2	0x01F8      	CLRF       R8
;__Lib_Math.c,594 :: 		
0x00A3	0x0AF0      	INCF       R0, 1
;__Lib_Math.c,595 :: 		
0x00A4	0x1903      	BTFSC      STATUS, 2
;__Lib_Math.c,596 :: 		
0x00A5	0x0AF1      	INCF       R1, 1
;__Lib_Math.c,597 :: 		
0x00A6	0x1FF1      	BTFSS      R1, 7
;__Lib_Math.c,598 :: 		
0x00A7	0x2876      	GOTO       $-49
;__Lib_Math.c,599 :: 		
0x00A8	0x0000      	NOP
;__Lib_Math.c,600 :: 		
0x00A9	0x34FF      	RETLW      255
;__Lib_Math.c,602 :: 		
L_end_Div_16x16_S:
0x00AA	0x0008      	RETURN
; end of _Div_16x16_S
_main:
0x00AB	0x303F      	MOVLW      63
0x00AC	0x1283      	BCF        STATUS, 5
0x00AD	0x1303      	BCF        STATUS, 6
0x00AE	0x00A0      	MOVWF      _seg
0x00AF	0x3006      	MOVLW      6
0x00B0	0x00A1      	MOVWF      33
0x00B1	0x305B      	MOVLW      91
0x00B2	0x00A2      	MOVWF      34
0x00B3	0x304F      	MOVLW      79
0x00B4	0x00A3      	MOVWF      35
0x00B5	0x3066      	MOVLW      102
0x00B6	0x00A4      	MOVWF      36
0x00B7	0x306D      	MOVLW      109
0x00B8	0x00A5      	MOVWF      37
0x00B9	0x307D      	MOVLW      125
0x00BA	0x00A6      	MOVWF      38
0x00BB	0x3007      	MOVLW      7
0x00BC	0x00A7      	MOVWF      39
0x00BD	0x307F      	MOVLW      127
0x00BE	0x00A8      	MOVWF      40
0x00BF	0x306F      	MOVLW      111
0x00C0	0x00A9      	MOVWF      41
0x00C1	0x30BF      	MOVLW      191
0x00C2	0x00AA      	MOVWF      _seg1
0x00C3	0x3086      	MOVLW      134
0x00C4	0x00AB      	MOVWF      43
0x00C5	0x30DB      	MOVLW      219
0x00C6	0x00AC      	MOVWF      44
0x00C7	0x30CF      	MOVLW      207
0x00C8	0x00AD      	MOVWF      45
0x00C9	0x30E6      	MOVLW      230
0x00CA	0x00AE      	MOVWF      46
0x00CB	0x30ED      	MOVLW      237
0x00CC	0x00AF      	MOVWF      47
0x00CD	0x30FD      	MOVLW      253
0x00CE	0x00B0      	MOVWF      48
0x00CF	0x3087      	MOVLW      135
0x00D0	0x00B1      	MOVWF      49
0x00D1	0x30FF      	MOVLW      255
0x00D2	0x00B2      	MOVWF      50
0x00D3	0x30EF      	MOVLW      239
0x00D4	0x00B3      	MOVWF      51
;reltimer.c,10 :: 		void main() {
;reltimer.c,11 :: 		TRISB=TRISC=0;
0x00D5	0x1683      	BSF        STATUS, 5
0x00D6	0x0187      	CLRF       TRISC
0x00D7	0x0807      	MOVF       TRISC, 0
0x00D8	0x0086      	MOVWF      TRISB
;reltimer.c,13 :: 		while(1){
L_main0:
;reltimer.c,14 :: 		PORTC.RC0=0;
0x00D9	0x1283      	BCF        STATUS, 5
0x00DA	0x1007      	BCF        PORTC, 0
;reltimer.c,15 :: 		cat1=cat2=cat3=cat4=1;
0x00DB	0x1787      	BSF        RC7_bit, BitPos(RC7_bit+0)
0x00DC	0x1B87      	BTFSC      RC7_bit, BitPos(RC7_bit+0)
0x00DD	0x28E0      	GOTO       L__main43
0x00DE	0x1307      	BCF        RC6_bit, BitPos(RC6_bit+0)
0x00DF	0x28E1      	GOTO       L__main44
L__main43:
0x00E0	0x1707      	BSF        RC6_bit, BitPos(RC6_bit+0)
L__main44:
0x00E1	0x1B07      	BTFSC      RC6_bit, BitPos(RC6_bit+0)
0x00E2	0x28E5      	GOTO       L__main45
0x00E3	0x1287      	BCF        RC5_bit, BitPos(RC5_bit+0)
0x00E4	0x28E6      	GOTO       L__main46
L__main45:
0x00E5	0x1687      	BSF        RC5_bit, BitPos(RC5_bit+0)
L__main46:
0x00E6	0x1A87      	BTFSC      RC5_bit, BitPos(RC5_bit+0)
0x00E7	0x28EA      	GOTO       L__main47
0x00E8	0x1207      	BCF        RC4_bit, BitPos(RC4_bit+0)
0x00E9	0x28EB      	GOTO       L__main48
L__main47:
0x00EA	0x1607      	BSF        RC4_bit, BitPos(RC4_bit+0)
L__main48:
;reltimer.c,16 :: 		for (i=0;i<2;i++) {             //forward loop with led off
0x00EB	0x01B4      	CLRF       _i
0x00EC	0x01B5      	CLRF       _i+1
L_main2:
0x00ED	0x3080      	MOVLW      128
0x00EE	0x0635      	XORWF      _i+1, 0
0x00EF	0x00F0      	MOVWF      R0
0x00F0	0x3080      	MOVLW      128
0x00F1	0x0270      	SUBWF      R0, 0
0x00F2	0x1D03      	BTFSS      STATUS, 2
0x00F3	0x28F6      	GOTO       L__main49
0x00F4	0x3002      	MOVLW      2
0x00F5	0x0234      	SUBWF      _i, 0
L__main49:
0x00F6	0x1803      	BTFSC      STATUS, 0
0x00F7	0x29C7      	GOTO       L_main3
;reltimer.c,17 :: 		for (j=0;j<60;j++)
0x00F8	0x01B8      	CLRF       _j
0x00F9	0x01B9      	CLRF       _j+1
L_main5:
0x00FA	0x3080      	MOVLW      128
0x00FB	0x0639      	XORWF      _j+1, 0
0x00FC	0x00F0      	MOVWF      R0
0x00FD	0x3080      	MOVLW      128
0x00FE	0x0270      	SUBWF      R0, 0
0x00FF	0x1D03      	BTFSS      STATUS, 2
0x0100	0x2903      	GOTO       L__main50
0x0101	0x303C      	MOVLW      60
0x0102	0x0238      	SUBWF      _j, 0
L__main50:
0x0103	0x1803      	BTFSC      STATUS, 0
0x0104	0x29C3      	GOTO       L_main6
;reltimer.c,20 :: 		dig1=seg[i/10];
0x0105	0x300A      	MOVLW      10
0x0106	0x00F4      	MOVWF      R4
0x0107	0x3000      	MOVLW      0
0x0108	0x00F5      	MOVWF      R4+1
0x0109	0x0834      	MOVF       _i, 0
0x010A	0x00F0      	MOVWF      R0
0x010B	0x0835      	MOVF       _i+1, 0
0x010C	0x00F1      	MOVWF      R0+1
0x010D	0x2042      	CALL       _Div_16x16_S
0x010E	0x0870      	MOVF       R0, 0
0x010F	0x3E20      	ADDLW      _seg
0x0110	0x0084      	MOVWF      FSR
0x0111	0x0800      	MOVF       INDF, 0
0x0112	0x00B6      	MOVWF      _dig1
0x0113	0x01B7      	CLRF       _dig1+1
0x0114	0x3000      	MOVLW      0
0x0115	0x00B7      	MOVWF      _dig1+1
;reltimer.c,21 :: 		dig2=seg1[i%10];
0x0116	0x300A      	MOVLW      10
0x0117	0x00F4      	MOVWF      R4
0x0118	0x3000      	MOVLW      0
0x0119	0x00F5      	MOVWF      R4+1
0x011A	0x0834      	MOVF       _i, 0
0x011B	0x00F0      	MOVWF      R0
0x011C	0x0835      	MOVF       _i+1, 0
0x011D	0x00F1      	MOVWF      R0+1
0x011E	0x2042      	CALL       _Div_16x16_S
0x011F	0x0878      	MOVF       R8, 0
0x0120	0x00F0      	MOVWF      R0
0x0121	0x0879      	MOVF       R8+1, 0
0x0122	0x00F1      	MOVWF      R0+1
0x0123	0x0870      	MOVF       R0, 0
0x0124	0x3E2A      	ADDLW      _seg1
0x0125	0x0084      	MOVWF      FSR
0x0126	0x0800      	MOVF       INDF, 0
0x0127	0x00BE      	MOVWF      _dig2
0x0128	0x01BF      	CLRF       _dig2+1
0x0129	0x3000      	MOVLW      0
0x012A	0x00BF      	MOVWF      _dig2+1
;reltimer.c,22 :: 		dig3=seg[j/10];
0x012B	0x300A      	MOVLW      10
0x012C	0x00F4      	MOVWF      R4
0x012D	0x3000      	MOVLW      0
0x012E	0x00F5      	MOVWF      R4+1
0x012F	0x0838      	MOVF       _j, 0
0x0130	0x00F0      	MOVWF      R0
0x0131	0x0839      	MOVF       _j+1, 0
0x0132	0x00F1      	MOVWF      R0+1
0x0133	0x2042      	CALL       _Div_16x16_S
0x0134	0x0870      	MOVF       R0, 0
0x0135	0x3E20      	ADDLW      _seg
0x0136	0x0084      	MOVWF      FSR
0x0137	0x0800      	MOVF       INDF, 0
0x0138	0x00C2      	MOVWF      _dig3
0x0139	0x01C3      	CLRF       _dig3+1
0x013A	0x3000      	MOVLW      0
0x013B	0x00C3      	MOVWF      _dig3+1
;reltimer.c,23 :: 		dig4=seg[j%10];
0x013C	0x300A      	MOVLW      10
0x013D	0x00F4      	MOVWF      R4
0x013E	0x3000      	MOVLW      0
0x013F	0x00F5      	MOVWF      R4+1
0x0140	0x0838      	MOVF       _j, 0
0x0141	0x00F0      	MOVWF      R0
0x0142	0x0839      	MOVF       _j+1, 0
0x0143	0x00F1      	MOVWF      R0+1
0x0144	0x2042      	CALL       _Div_16x16_S
0x0145	0x0878      	MOVF       R8, 0
0x0146	0x00F0      	MOVWF      R0
0x0147	0x0879      	MOVF       R8+1, 0
0x0148	0x00F1      	MOVWF      R0+1
0x0149	0x0870      	MOVF       R0, 0
0x014A	0x3E20      	ADDLW      _seg
0x014B	0x0084      	MOVWF      FSR
0x014C	0x0800      	MOVF       INDF, 0
0x014D	0x00C0      	MOVWF      _dig4
0x014E	0x01C1      	CLRF       _dig4+1
0x014F	0x3000      	MOVLW      0
0x0150	0x00C1      	MOVWF      _dig4+1
;reltimer.c,25 :: 		k=0;
0x0151	0x01BC      	CLRF       _k
0x0152	0x01BD      	CLRF       _k+1
;reltimer.c,26 :: 		while(k<=1000){
L_main8:
0x0153	0x3080      	MOVLW      128
0x0154	0x3A03      	XORLW      3
0x0155	0x00F0      	MOVWF      R0
0x0156	0x3080      	MOVLW      128
0x0157	0x063D      	XORWF      _k+1, 0
0x0158	0x0270      	SUBWF      R0, 0
0x0159	0x1D03      	BTFSS      STATUS, 2
0x015A	0x295D      	GOTO       L__main51
0x015B	0x083C      	MOVF       _k, 0
0x015C	0x3CE8      	SUBLW      232
L__main51:
0x015D	0x1C03      	BTFSS      STATUS, 0
0x015E	0x29BF      	GOTO       L_main9
;reltimer.c,28 :: 		PORTB=dig1;
0x015F	0x0836      	MOVF       _dig1, 0
0x0160	0x0086      	MOVWF      PORTB
;reltimer.c,29 :: 		cat1=0;
0x0161	0x1207      	BCF        RC4_bit, BitPos(RC4_bit+0)
;reltimer.c,30 :: 		delay_ms(5);
0x0162	0x3018      	MOVLW      24
0x0163	0x00FC      	MOVWF      R12
0x0164	0x30EF      	MOVLW      239
0x0165	0x00FD      	MOVWF      R13
L_main10:
0x0166	0x0BFD      	DECFSZ     R13, 1
0x0167	0x2966      	GOTO       L_main10
0x0168	0x0BFC      	DECFSZ     R12, 1
0x0169	0x2966      	GOTO       L_main10
;reltimer.c,31 :: 		cat1=1;
0x016A	0x1607      	BSF        RC4_bit, BitPos(RC4_bit+0)
;reltimer.c,34 :: 		if (k<=500)
0x016B	0x3080      	MOVLW      128
0x016C	0x3A01      	XORLW      1
0x016D	0x00F0      	MOVWF      R0
0x016E	0x3080      	MOVLW      128
0x016F	0x063D      	XORWF      _k+1, 0
0x0170	0x0270      	SUBWF      R0, 0
0x0171	0x1D03      	BTFSS      STATUS, 2
0x0172	0x2975      	GOTO       L__main52
0x0173	0x083C      	MOVF       _k, 0
0x0174	0x3CF4      	SUBLW      244
L__main52:
0x0175	0x1C03      	BTFSS      STATUS, 0
0x0176	0x297A      	GOTO       L_main11
;reltimer.c,36 :: 		PORTB=dig2;
0x0177	0x083E      	MOVF       _dig2, 0
0x0178	0x0086      	MOVWF      PORTB
;reltimer.c,37 :: 		}
0x0179	0x2998      	GOTO       L_main12
L_main11:
;reltimer.c,38 :: 		else if (k>500)
0x017A	0x3080      	MOVLW      128
0x017B	0x3A01      	XORLW      1
0x017C	0x00F0      	MOVWF      R0
0x017D	0x3080      	MOVLW      128
0x017E	0x063D      	XORWF      _k+1, 0
0x017F	0x0270      	SUBWF      R0, 0
0x0180	0x1D03      	BTFSS      STATUS, 2
0x0181	0x2984      	GOTO       L__main53
0x0182	0x083C      	MOVF       _k, 0
0x0183	0x3CF4      	SUBLW      244
L__main53:
0x0184	0x1803      	BTFSC      STATUS, 0
0x0185	0x2998      	GOTO       L_main13
;reltimer.c,40 :: 		PORTB=seg[i%10];
0x0186	0x300A      	MOVLW      10
0x0187	0x00F4      	MOVWF      R4
0x0188	0x3000      	MOVLW      0
0x0189	0x00F5      	MOVWF      R4+1
0x018A	0x0834      	MOVF       _i, 0
0x018B	0x00F0      	MOVWF      R0
0x018C	0x0835      	MOVF       _i+1, 0
0x018D	0x00F1      	MOVWF      R0+1
0x018E	0x2042      	CALL       _Div_16x16_S
0x018F	0x0878      	MOVF       R8, 0
0x0190	0x00F0      	MOVWF      R0
0x0191	0x0879      	MOVF       R8+1, 0
0x0192	0x00F1      	MOVWF      R0+1
0x0193	0x0870      	MOVF       R0, 0
0x0194	0x3E20      	ADDLW      _seg
0x0195	0x0084      	MOVWF      FSR
0x0196	0x0800      	MOVF       INDF, 0
0x0197	0x0086      	MOVWF      PORTB
;reltimer.c,41 :: 		}
L_main13:
L_main12:
;reltimer.c,42 :: 		cat2=0;
0x0198	0x1287      	BCF        RC5_bit, BitPos(RC5_bit+0)
;reltimer.c,43 :: 		delay_ms(5);
0x0199	0x3018      	MOVLW      24
0x019A	0x00FC      	MOVWF      R12
0x019B	0x30EF      	MOVLW      239
0x019C	0x00FD      	MOVWF      R13
L_main14:
0x019D	0x0BFD      	DECFSZ     R13, 1
0x019E	0x299D      	GOTO       L_main14
0x019F	0x0BFC      	DECFSZ     R12, 1
0x01A0	0x299D      	GOTO       L_main14
;reltimer.c,44 :: 		cat2=1;
0x01A1	0x1687      	BSF        RC5_bit, BitPos(RC5_bit+0)
;reltimer.c,48 :: 		PORTB=dig3;
0x01A2	0x0842      	MOVF       _dig3, 0
0x01A3	0x0086      	MOVWF      PORTB
;reltimer.c,49 :: 		cat3=0;
0x01A4	0x1307      	BCF        RC6_bit, BitPos(RC6_bit+0)
;reltimer.c,50 :: 		delay_ms(5);
0x01A5	0x3018      	MOVLW      24
0x01A6	0x00FC      	MOVWF      R12
0x01A7	0x30EF      	MOVLW      239
0x01A8	0x00FD      	MOVWF      R13
L_main15:
0x01A9	0x0BFD      	DECFSZ     R13, 1
0x01AA	0x29A9      	GOTO       L_main15
0x01AB	0x0BFC      	DECFSZ     R12, 1
0x01AC	0x29A9      	GOTO       L_main15
;reltimer.c,51 :: 		cat3=1;
0x01AD	0x1707      	BSF        RC6_bit, BitPos(RC6_bit+0)
;reltimer.c,54 :: 		PORTB=dig4;
0x01AE	0x0840      	MOVF       _dig4, 0
0x01AF	0x0086      	MOVWF      PORTB
;reltimer.c,55 :: 		cat4=0;
0x01B0	0x1387      	BCF        RC7_bit, BitPos(RC7_bit+0)
;reltimer.c,56 :: 		delay_ms(5);
0x01B1	0x3018      	MOVLW      24
0x01B2	0x00FC      	MOVWF      R12
0x01B3	0x30EF      	MOVLW      239
0x01B4	0x00FD      	MOVWF      R13
L_main16:
0x01B5	0x0BFD      	DECFSZ     R13, 1
0x01B6	0x29B5      	GOTO       L_main16
0x01B7	0x0BFC      	DECFSZ     R12, 1
0x01B8	0x29B5      	GOTO       L_main16
;reltimer.c,57 :: 		cat4=1;
0x01B9	0x1787      	BSF        RC7_bit, BitPos(RC7_bit+0)
;reltimer.c,59 :: 		k+=20;
0x01BA	0x3014      	MOVLW      20
0x01BB	0x07BC      	ADDWF      _k, 1
0x01BC	0x1803      	BTFSC      STATUS, 0
0x01BD	0x0ABD      	INCF       _k+1, 1
;reltimer.c,61 :: 		}
0x01BE	0x2953      	GOTO       L_main8
L_main9:
;reltimer.c,17 :: 		for (j=0;j<60;j++)
0x01BF	0x0AB8      	INCF       _j, 1
0x01C0	0x1903      	BTFSC      STATUS, 2
0x01C1	0x0AB9      	INCF       _j+1, 1
;reltimer.c,62 :: 		}
0x01C2	0x28FA      	GOTO       L_main5
L_main6:
;reltimer.c,16 :: 		for (i=0;i<2;i++) {             //forward loop with led off
0x01C3	0x0AB4      	INCF       _i, 1
0x01C4	0x1903      	BTFSC      STATUS, 2
0x01C5	0x0AB5      	INCF       _i+1, 1
;reltimer.c,63 :: 		}
0x01C6	0x28ED      	GOTO       L_main2
L_main3:
;reltimer.c,64 :: 		PORTC.RC0=1;
0x01C7	0x1407      	BSF        PORTC, 0
;reltimer.c,66 :: 		for(i=0;i<3;i++){
0x01C8	0x01B4      	CLRF       _i
0x01C9	0x01B5      	CLRF       _i+1
L_main17:
0x01CA	0x3080      	MOVLW      128
0x01CB	0x0635      	XORWF      _i+1, 0
0x01CC	0x00F0      	MOVWF      R0
0x01CD	0x3080      	MOVLW      128
0x01CE	0x0270      	SUBWF      R0, 0
0x01CF	0x1D03      	BTFSS      STATUS, 2
0x01D0	0x29D3      	GOTO       L__main54
0x01D1	0x3003      	MOVLW      3
0x01D2	0x0234      	SUBWF      _i, 0
L__main54:
0x01D3	0x1803      	BTFSC      STATUS, 0
0x01D4	0x2A17      	GOTO       L_main18
;reltimer.c,67 :: 		PORTB=seg[0];
0x01D5	0x0820      	MOVF       _seg, 0
0x01D6	0x0086      	MOVWF      PORTB
;reltimer.c,68 :: 		cat1=cat2=cat3=cat4=0;
0x01D7	0x1387      	BCF        RC7_bit, BitPos(RC7_bit+0)
0x01D8	0x1B87      	BTFSC      RC7_bit, BitPos(RC7_bit+0)
0x01D9	0x29DC      	GOTO       L__main55
0x01DA	0x1307      	BCF        RC6_bit, BitPos(RC6_bit+0)
0x01DB	0x29DD      	GOTO       L__main56
L__main55:
0x01DC	0x1707      	BSF        RC6_bit, BitPos(RC6_bit+0)
L__main56:
0x01DD	0x1B07      	BTFSC      RC6_bit, BitPos(RC6_bit+0)
0x01DE	0x29E1      	GOTO       L__main57
0x01DF	0x1287      	BCF        RC5_bit, BitPos(RC5_bit+0)
0x01E0	0x29E2      	GOTO       L__main58
L__main57:
0x01E1	0x1687      	BSF        RC5_bit, BitPos(RC5_bit+0)
L__main58:
0x01E2	0x1A87      	BTFSC      RC5_bit, BitPos(RC5_bit+0)
0x01E3	0x29E6      	GOTO       L__main59
0x01E4	0x1207      	BCF        RC4_bit, BitPos(RC4_bit+0)
0x01E5	0x29E7      	GOTO       L__main60
L__main59:
0x01E6	0x1607      	BSF        RC4_bit, BitPos(RC4_bit+0)
L__main60:
;reltimer.c,69 :: 		delay_ms(1000);
0x01E7	0x3013      	MOVLW      19
0x01E8	0x00FB      	MOVWF      R11
0x01E9	0x30B4      	MOVLW      180
0x01EA	0x00FC      	MOVWF      R12
0x01EB	0x3079      	MOVLW      121
0x01EC	0x00FD      	MOVWF      R13
L_main20:
0x01ED	0x0BFD      	DECFSZ     R13, 1
0x01EE	0x29ED      	GOTO       L_main20
0x01EF	0x0BFC      	DECFSZ     R12, 1
0x01F0	0x29ED      	GOTO       L_main20
0x01F1	0x0BFB      	DECFSZ     R11, 1
0x01F2	0x29ED      	GOTO       L_main20
0x01F3	0x0000      	NOP
0x01F4	0x0000      	NOP
;reltimer.c,70 :: 		cat1=cat2=cat3=cat4=1;
0x01F5	0x1787      	BSF        RC7_bit, BitPos(RC7_bit+0)
0x01F6	0x1B87      	BTFSC      RC7_bit, BitPos(RC7_bit+0)
0x01F7	0x29FA      	GOTO       L__main61
0x01F8	0x1307      	BCF        RC6_bit, BitPos(RC6_bit+0)
0x01F9	0x29FB      	GOTO       L__main62
L__main61:
0x01FA	0x1707      	BSF        RC6_bit, BitPos(RC6_bit+0)
L__main62:
0x01FB	0x1B07      	BTFSC      RC6_bit, BitPos(RC6_bit+0)
0x01FC	0x29FF      	GOTO       L__main63
0x01FD	0x1287      	BCF        RC5_bit, BitPos(RC5_bit+0)
0x01FE	0x2A00      	GOTO       L__main64
L__main63:
0x01FF	0x1687      	BSF        RC5_bit, BitPos(RC5_bit+0)
L__main64:
0x0200	0x1A87      	BTFSC      RC5_bit, BitPos(RC5_bit+0)
0x0201	0x2A04      	GOTO       L__main65
0x0202	0x1207      	BCF        RC4_bit, BitPos(RC4_bit+0)
0x0203	0x2A05      	GOTO       L__main66
L__main65:
0x0204	0x1607      	BSF        RC4_bit, BitPos(RC4_bit+0)
L__main66:
;reltimer.c,71 :: 		delay_ms(1000);
0x0205	0x3013      	MOVLW      19
0x0206	0x00FB      	MOVWF      R11
0x0207	0x30B4      	MOVLW      180
0x0208	0x00FC      	MOVWF      R12
0x0209	0x3079      	MOVLW      121
0x020A	0x00FD      	MOVWF      R13
L_main21:
0x020B	0x0BFD      	DECFSZ     R13, 1
0x020C	0x2A0B      	GOTO       L_main21
0x020D	0x0BFC      	DECFSZ     R12, 1
0x020E	0x2A0B      	GOTO       L_main21
0x020F	0x0BFB      	DECFSZ     R11, 1
0x0210	0x2A0B      	GOTO       L_main21
0x0211	0x0000      	NOP
0x0212	0x0000      	NOP
;reltimer.c,66 :: 		for(i=0;i<3;i++){
0x0213	0x0AB4      	INCF       _i, 1
0x0214	0x1903      	BTFSC      STATUS, 2
0x0215	0x0AB5      	INCF       _i+1, 1
;reltimer.c,72 :: 		}
0x0216	0x29CA      	GOTO       L_main17
L_main18:
;reltimer.c,73 :: 		for (i=1;i>=0;i--){          // backward loop with led on
0x0217	0x3001      	MOVLW      1
0x0218	0x00B4      	MOVWF      _i
0x0219	0x3000      	MOVLW      0
0x021A	0x00B5      	MOVWF      _i+1
L_main22:
0x021B	0x3080      	MOVLW      128
0x021C	0x0635      	XORWF      _i+1, 0
0x021D	0x00F0      	MOVWF      R0
0x021E	0x3080      	MOVLW      128
0x021F	0x0270      	SUBWF      R0, 0
0x0220	0x1D03      	BTFSS      STATUS, 2
0x0221	0x2A24      	GOTO       L__main67
0x0222	0x3000      	MOVLW      0
0x0223	0x0234      	SUBWF      _i, 0
L__main67:
0x0224	0x1C03      	BTFSS      STATUS, 0
0x0225	0x2AF9      	GOTO       L_main23
;reltimer.c,74 :: 		for (j=59;j>=0;j--)
0x0226	0x303B      	MOVLW      59
0x0227	0x00B8      	MOVWF      _j
0x0228	0x3000      	MOVLW      0
0x0229	0x00B9      	MOVWF      _j+1
L_main25:
0x022A	0x3080      	MOVLW      128
0x022B	0x0639      	XORWF      _j+1, 0
0x022C	0x00F0      	MOVWF      R0
0x022D	0x3080      	MOVLW      128
0x022E	0x0270      	SUBWF      R0, 0
0x022F	0x1D03      	BTFSS      STATUS, 2
0x0230	0x2A33      	GOTO       L__main68
0x0231	0x3000      	MOVLW      0
0x0232	0x0238      	SUBWF      _j, 0
L__main68:
0x0233	0x1C03      	BTFSS      STATUS, 0
0x0234	0x2AF4      	GOTO       L_main26
;reltimer.c,77 :: 		dig1=seg[i/10];
0x0235	0x300A      	MOVLW      10
0x0236	0x00F4      	MOVWF      R4
0x0237	0x3000      	MOVLW      0
0x0238	0x00F5      	MOVWF      R4+1
0x0239	0x0834      	MOVF       _i, 0
0x023A	0x00F0      	MOVWF      R0
0x023B	0x0835      	MOVF       _i+1, 0
0x023C	0x00F1      	MOVWF      R0+1
0x023D	0x2042      	CALL       _Div_16x16_S
0x023E	0x0870      	MOVF       R0, 0
0x023F	0x3E20      	ADDLW      _seg
0x0240	0x0084      	MOVWF      FSR
0x0241	0x0800      	MOVF       INDF, 0
0x0242	0x00B6      	MOVWF      _dig1
0x0243	0x01B7      	CLRF       _dig1+1
0x0244	0x3000      	MOVLW      0
0x0245	0x00B7      	MOVWF      _dig1+1
;reltimer.c,78 :: 		dig2=seg1[i%10];
0x0246	0x300A      	MOVLW      10
0x0247	0x00F4      	MOVWF      R4
0x0248	0x3000      	MOVLW      0
0x0249	0x00F5      	MOVWF      R4+1
0x024A	0x0834      	MOVF       _i, 0
0x024B	0x00F0      	MOVWF      R0
0x024C	0x0835      	MOVF       _i+1, 0
0x024D	0x00F1      	MOVWF      R0+1
0x024E	0x2042      	CALL       _Div_16x16_S
0x024F	0x0878      	MOVF       R8, 0
0x0250	0x00F0      	MOVWF      R0
0x0251	0x0879      	MOVF       R8+1, 0
0x0252	0x00F1      	MOVWF      R0+1
0x0253	0x0870      	MOVF       R0, 0
0x0254	0x3E2A      	ADDLW      _seg1
0x0255	0x0084      	MOVWF      FSR
0x0256	0x0800      	MOVF       INDF, 0
0x0257	0x00BE      	MOVWF      _dig2
0x0258	0x01BF      	CLRF       _dig2+1
0x0259	0x3000      	MOVLW      0
0x025A	0x00BF      	MOVWF      _dig2+1
;reltimer.c,79 :: 		dig3=seg[j/10];
0x025B	0x300A      	MOVLW      10
0x025C	0x00F4      	MOVWF      R4
0x025D	0x3000      	MOVLW      0
0x025E	0x00F5      	MOVWF      R4+1
0x025F	0x0838      	MOVF       _j, 0
0x0260	0x00F0      	MOVWF      R0
0x0261	0x0839      	MOVF       _j+1, 0
0x0262	0x00F1      	MOVWF      R0+1
0x0263	0x2042      	CALL       _Div_16x16_S
0x0264	0x0870      	MOVF       R0, 0
0x0265	0x3E20      	ADDLW      _seg
0x0266	0x0084      	MOVWF      FSR
0x0267	0x0800      	MOVF       INDF, 0
0x0268	0x00C2      	MOVWF      _dig3
0x0269	0x01C3      	CLRF       _dig3+1
0x026A	0x3000      	MOVLW      0
0x026B	0x00C3      	MOVWF      _dig3+1
;reltimer.c,80 :: 		dig4=seg[j%10];
0x026C	0x300A      	MOVLW      10
0x026D	0x00F4      	MOVWF      R4
0x026E	0x3000      	MOVLW      0
0x026F	0x00F5      	MOVWF      R4+1
0x0270	0x0838      	MOVF       _j, 0
0x0271	0x00F0      	MOVWF      R0
0x0272	0x0839      	MOVF       _j+1, 0
0x0273	0x00F1      	MOVWF      R0+1
0x0274	0x2042      	CALL       _Div_16x16_S
0x0275	0x0878      	MOVF       R8, 0
0x0276	0x00F0      	MOVWF      R0
0x0277	0x0879      	MOVF       R8+1, 0
0x0278	0x00F1      	MOVWF      R0+1
0x0279	0x0870      	MOVF       R0, 0
0x027A	0x3E20      	ADDLW      _seg
0x027B	0x0084      	MOVWF      FSR
0x027C	0x0800      	MOVF       INDF, 0
0x027D	0x00C0      	MOVWF      _dig4
0x027E	0x01C1      	CLRF       _dig4+1
0x027F	0x3000      	MOVLW      0
0x0280	0x00C1      	MOVWF      _dig4+1
;reltimer.c,82 :: 		k=0;
0x0281	0x01BC      	CLRF       _k
0x0282	0x01BD      	CLRF       _k+1
;reltimer.c,83 :: 		while(k<=1000){
L_main28:
0x0283	0x3080      	MOVLW      128
0x0284	0x3A03      	XORLW      3
0x0285	0x00F0      	MOVWF      R0
0x0286	0x3080      	MOVLW      128
0x0287	0x063D      	XORWF      _k+1, 0
0x0288	0x0270      	SUBWF      R0, 0
0x0289	0x1D03      	BTFSS      STATUS, 2
0x028A	0x2A8D      	GOTO       L__main69
0x028B	0x083C      	MOVF       _k, 0
0x028C	0x3CE8      	SUBLW      232
L__main69:
0x028D	0x1C03      	BTFSS      STATUS, 0
0x028E	0x2AEF      	GOTO       L_main29
;reltimer.c,85 :: 		PORTB=dig1;
0x028F	0x0836      	MOVF       _dig1, 0
0x0290	0x0086      	MOVWF      PORTB
;reltimer.c,86 :: 		cat1=0;
0x0291	0x1207      	BCF        RC4_bit, BitPos(RC4_bit+0)
;reltimer.c,87 :: 		delay_ms(5);
0x0292	0x3018      	MOVLW      24
0x0293	0x00FC      	MOVWF      R12
0x0294	0x30EF      	MOVLW      239
0x0295	0x00FD      	MOVWF      R13
L_main30:
0x0296	0x0BFD      	DECFSZ     R13, 1
0x0297	0x2A96      	GOTO       L_main30
0x0298	0x0BFC      	DECFSZ     R12, 1
0x0299	0x2A96      	GOTO       L_main30
;reltimer.c,88 :: 		cat1=1;
0x029A	0x1607      	BSF        RC4_bit, BitPos(RC4_bit+0)
;reltimer.c,91 :: 		if (k<=500)
0x029B	0x3080      	MOVLW      128
0x029C	0x3A01      	XORLW      1
0x029D	0x00F0      	MOVWF      R0
0x029E	0x3080      	MOVLW      128
0x029F	0x063D      	XORWF      _k+1, 0
0x02A0	0x0270      	SUBWF      R0, 0
0x02A1	0x1D03      	BTFSS      STATUS, 2
0x02A2	0x2AA5      	GOTO       L__main70
0x02A3	0x083C      	MOVF       _k, 0
0x02A4	0x3CF4      	SUBLW      244
L__main70:
0x02A5	0x1C03      	BTFSS      STATUS, 0
0x02A6	0x2AAA      	GOTO       L_main31
;reltimer.c,93 :: 		PORTB=dig2;
0x02A7	0x083E      	MOVF       _dig2, 0
0x02A8	0x0086      	MOVWF      PORTB
;reltimer.c,94 :: 		}
0x02A9	0x2AC8      	GOTO       L_main32
L_main31:
;reltimer.c,95 :: 		else if (k>500)
0x02AA	0x3080      	MOVLW      128
0x02AB	0x3A01      	XORLW      1
0x02AC	0x00F0      	MOVWF      R0
0x02AD	0x3080      	MOVLW      128
0x02AE	0x063D      	XORWF      _k+1, 0
0x02AF	0x0270      	SUBWF      R0, 0
0x02B0	0x1D03      	BTFSS      STATUS, 2
0x02B1	0x2AB4      	GOTO       L__main71
0x02B2	0x083C      	MOVF       _k, 0
0x02B3	0x3CF4      	SUBLW      244
L__main71:
0x02B4	0x1803      	BTFSC      STATUS, 0
0x02B5	0x2AC8      	GOTO       L_main33
;reltimer.c,97 :: 		PORTB=seg[i%10];
0x02B6	0x300A      	MOVLW      10
0x02B7	0x00F4      	MOVWF      R4
0x02B8	0x3000      	MOVLW      0
0x02B9	0x00F5      	MOVWF      R4+1
0x02BA	0x0834      	MOVF       _i, 0
0x02BB	0x00F0      	MOVWF      R0
0x02BC	0x0835      	MOVF       _i+1, 0
0x02BD	0x00F1      	MOVWF      R0+1
0x02BE	0x2042      	CALL       _Div_16x16_S
0x02BF	0x0878      	MOVF       R8, 0
0x02C0	0x00F0      	MOVWF      R0
0x02C1	0x0879      	MOVF       R8+1, 0
0x02C2	0x00F1      	MOVWF      R0+1
0x02C3	0x0870      	MOVF       R0, 0
0x02C4	0x3E20      	ADDLW      _seg
0x02C5	0x0084      	MOVWF      FSR
0x02C6	0x0800      	MOVF       INDF, 0
0x02C7	0x0086      	MOVWF      PORTB
;reltimer.c,98 :: 		}
L_main33:
L_main32:
;reltimer.c,99 :: 		cat2=0;
0x02C8	0x1287      	BCF        RC5_bit, BitPos(RC5_bit+0)
;reltimer.c,100 :: 		delay_ms(5);
0x02C9	0x3018      	MOVLW      24
0x02CA	0x00FC      	MOVWF      R12
0x02CB	0x30EF      	MOVLW      239
0x02CC	0x00FD      	MOVWF      R13
L_main34:
0x02CD	0x0BFD      	DECFSZ     R13, 1
0x02CE	0x2ACD      	GOTO       L_main34
0x02CF	0x0BFC      	DECFSZ     R12, 1
0x02D0	0x2ACD      	GOTO       L_main34
;reltimer.c,101 :: 		cat2=1;
0x02D1	0x1687      	BSF        RC5_bit, BitPos(RC5_bit+0)
;reltimer.c,105 :: 		PORTB=dig3;
0x02D2	0x0842      	MOVF       _dig3, 0
0x02D3	0x0086      	MOVWF      PORTB
;reltimer.c,106 :: 		cat3=0;
0x02D4	0x1307      	BCF        RC6_bit, BitPos(RC6_bit+0)
;reltimer.c,107 :: 		delay_ms(5);
0x02D5	0x3018      	MOVLW      24
0x02D6	0x00FC      	MOVWF      R12
0x02D7	0x30EF      	MOVLW      239
0x02D8	0x00FD      	MOVWF      R13
L_main35:
0x02D9	0x0BFD      	DECFSZ     R13, 1
0x02DA	0x2AD9      	GOTO       L_main35
0x02DB	0x0BFC      	DECFSZ     R12, 1
0x02DC	0x2AD9      	GOTO       L_main35
;reltimer.c,108 :: 		cat3=1;
0x02DD	0x1707      	BSF        RC6_bit, BitPos(RC6_bit+0)
;reltimer.c,111 :: 		PORTB=dig4;
0x02DE	0x0840      	MOVF       _dig4, 0
0x02DF	0x0086      	MOVWF      PORTB
;reltimer.c,112 :: 		cat4=0;
0x02E0	0x1387      	BCF        RC7_bit, BitPos(RC7_bit+0)
;reltimer.c,113 :: 		delay_ms(5);
0x02E1	0x3018      	MOVLW      24
0x02E2	0x00FC      	MOVWF      R12
0x02E3	0x30EF      	MOVLW      239
0x02E4	0x00FD      	MOVWF      R13
L_main36:
0x02E5	0x0BFD      	DECFSZ     R13, 1
0x02E6	0x2AE5      	GOTO       L_main36
0x02E7	0x0BFC      	DECFSZ     R12, 1
0x02E8	0x2AE5      	GOTO       L_main36
;reltimer.c,114 :: 		cat4=1;
0x02E9	0x1787      	BSF        RC7_bit, BitPos(RC7_bit+0)
;reltimer.c,116 :: 		k+=20;
0x02EA	0x3014      	MOVLW      20
0x02EB	0x07BC      	ADDWF      _k, 1
0x02EC	0x1803      	BTFSC      STATUS, 0
0x02ED	0x0ABD      	INCF       _k+1, 1
;reltimer.c,118 :: 		}
0x02EE	0x2A83      	GOTO       L_main28
L_main29:
;reltimer.c,74 :: 		for (j=59;j>=0;j--)
0x02EF	0x3001      	MOVLW      1
0x02F0	0x02B8      	SUBWF      _j, 1
0x02F1	0x1C03      	BTFSS      STATUS, 0
0x02F2	0x03B9      	DECF       _j+1, 1
;reltimer.c,119 :: 		}
0x02F3	0x2A2A      	GOTO       L_main25
L_main26:
;reltimer.c,73 :: 		for (i=1;i>=0;i--){          // backward loop with led on
0x02F4	0x3001      	MOVLW      1
0x02F5	0x02B4      	SUBWF      _i, 1
0x02F6	0x1C03      	BTFSS      STATUS, 0
0x02F7	0x03B5      	DECF       _i+1, 1
;reltimer.c,120 :: 		}
0x02F8	0x2A1B      	GOTO       L_main22
L_main23:
;reltimer.c,121 :: 		for(i=0;i<3;i++){
0x02F9	0x01B4      	CLRF       _i
0x02FA	0x01B5      	CLRF       _i+1
L_main37:
0x02FB	0x3080      	MOVLW      128
0x02FC	0x0635      	XORWF      _i+1, 0
0x02FD	0x00F0      	MOVWF      R0
0x02FE	0x3080      	MOVLW      128
0x02FF	0x0270      	SUBWF      R0, 0
0x0300	0x1D03      	BTFSS      STATUS, 2
0x0301	0x2B04      	GOTO       L__main72
0x0302	0x3003      	MOVLW      3
0x0303	0x0234      	SUBWF      _i, 0
L__main72:
0x0304	0x1803      	BTFSC      STATUS, 0
0x0305	0x2B48      	GOTO       L_main38
;reltimer.c,122 :: 		PORTB=seg[0];
0x0306	0x0820      	MOVF       _seg, 0
0x0307	0x0086      	MOVWF      PORTB
;reltimer.c,123 :: 		cat1=cat2=cat3=cat4=0;
0x0308	0x1387      	BCF        RC7_bit, BitPos(RC7_bit+0)
0x0309	0x1B87      	BTFSC      RC7_bit, BitPos(RC7_bit+0)
0x030A	0x2B0D      	GOTO       L__main73
0x030B	0x1307      	BCF        RC6_bit, BitPos(RC6_bit+0)
0x030C	0x2B0E      	GOTO       L__main74
L__main73:
0x030D	0x1707      	BSF        RC6_bit, BitPos(RC6_bit+0)
L__main74:
0x030E	0x1B07      	BTFSC      RC6_bit, BitPos(RC6_bit+0)
0x030F	0x2B12      	GOTO       L__main75
0x0310	0x1287      	BCF        RC5_bit, BitPos(RC5_bit+0)
0x0311	0x2B13      	GOTO       L__main76
L__main75:
0x0312	0x1687      	BSF        RC5_bit, BitPos(RC5_bit+0)
L__main76:
0x0313	0x1A87      	BTFSC      RC5_bit, BitPos(RC5_bit+0)
0x0314	0x2B17      	GOTO       L__main77
0x0315	0x1207      	BCF        RC4_bit, BitPos(RC4_bit+0)
0x0316	0x2B18      	GOTO       L__main78
L__main77:
0x0317	0x1607      	BSF        RC4_bit, BitPos(RC4_bit+0)
L__main78:
;reltimer.c,124 :: 		delay_ms(1000);
0x0318	0x3013      	MOVLW      19
0x0319	0x00FB      	MOVWF      R11
0x031A	0x30B4      	MOVLW      180
0x031B	0x00FC      	MOVWF      R12
0x031C	0x3079      	MOVLW      121
0x031D	0x00FD      	MOVWF      R13
L_main40:
0x031E	0x0BFD      	DECFSZ     R13, 1
0x031F	0x2B1E      	GOTO       L_main40
0x0320	0x0BFC      	DECFSZ     R12, 1
0x0321	0x2B1E      	GOTO       L_main40
0x0322	0x0BFB      	DECFSZ     R11, 1
0x0323	0x2B1E      	GOTO       L_main40
0x0324	0x0000      	NOP
0x0325	0x0000      	NOP
;reltimer.c,125 :: 		cat1=cat2=cat3=cat4=1;
0x0326	0x1787      	BSF        RC7_bit, BitPos(RC7_bit+0)
0x0327	0x1B87      	BTFSC      RC7_bit, BitPos(RC7_bit+0)
0x0328	0x2B2B      	GOTO       L__main79
0x0329	0x1307      	BCF        RC6_bit, BitPos(RC6_bit+0)
0x032A	0x2B2C      	GOTO       L__main80
L__main79:
0x032B	0x1707      	BSF        RC6_bit, BitPos(RC6_bit+0)
L__main80:
0x032C	0x1B07      	BTFSC      RC6_bit, BitPos(RC6_bit+0)
0x032D	0x2B30      	GOTO       L__main81
0x032E	0x1287      	BCF        RC5_bit, BitPos(RC5_bit+0)
0x032F	0x2B31      	GOTO       L__main82
L__main81:
0x0330	0x1687      	BSF        RC5_bit, BitPos(RC5_bit+0)
L__main82:
0x0331	0x1A87      	BTFSC      RC5_bit, BitPos(RC5_bit+0)
0x0332	0x2B35      	GOTO       L__main83
0x0333	0x1207      	BCF        RC4_bit, BitPos(RC4_bit+0)
0x0334	0x2B36      	GOTO       L__main84
L__main83:
0x0335	0x1607      	BSF        RC4_bit, BitPos(RC4_bit+0)
L__main84:
;reltimer.c,126 :: 		delay_ms(1000);
0x0336	0x3013      	MOVLW      19
0x0337	0x00FB      	MOVWF      R11
0x0338	0x30B4      	MOVLW      180
0x0339	0x00FC      	MOVWF      R12
0x033A	0x3079      	MOVLW      121
0x033B	0x00FD      	MOVWF      R13
L_main41:
0x033C	0x0BFD      	DECFSZ     R13, 1
0x033D	0x2B3C      	GOTO       L_main41
0x033E	0x0BFC      	DECFSZ     R12, 1
0x033F	0x2B3C      	GOTO       L_main41
0x0340	0x0BFB      	DECFSZ     R11, 1
0x0341	0x2B3C      	GOTO       L_main41
0x0342	0x0000      	NOP
0x0343	0x0000      	NOP
;reltimer.c,121 :: 		for(i=0;i<3;i++){
0x0344	0x0AB4      	INCF       _i, 1
0x0345	0x1903      	BTFSC      STATUS, 2
0x0346	0x0AB5      	INCF       _i+1, 1
;reltimer.c,127 :: 		}
0x0347	0x2AFB      	GOTO       L_main37
L_main38:
;reltimer.c,131 :: 		}
0x0348	0x28D9      	GOTO       L_main0
;reltimer.c,132 :: 		}
L_end_main:
0x0349	0x2B49      	GOTO       $+0
; end of _main
Symbol List:
//** Routines locations **
//ADDRESS    SIZE    PROCEDURE
//----------------------------------------------
0x0003      [44]    _Div_16x16_S_L
0x002F       [7]    _____DoICP
0x0036      [12]    ___CC2DW
0x0042     [105]    _Div_16x16_S
0x00AB     [671]    _main
//** Variables locations ** 
//ADDRESS    SIZE    VARIABLE
//----------------------------------------------
0x0000       [1]    INDF
0x0002       [1]    PCL
0x0003       [1]    STATUS
0x0004       [1]    FSR
0x0006       [1]    PORTB
0x0007       [1]    PORTC
0x0007       [0]    RC4_bit
0x0007       [0]    RC7_bit
0x0007       [0]    RC5_bit
0x0007       [0]    cat3
0x0007       [0]    cat2
0x0007       [0]    cat1
0x0007       [0]    cat4
0x0007       [0]    RC6_bit
0x000A       [1]    PCLATH
0x0020      [10]    _seg
0x002A      [10]    _seg1
0x0034       [2]    _i
0x0036       [2]    _dig1
0x0038       [2]    _j
0x003A       [2]    ___DoICPAddr
0x003C       [2]    _k
0x003E       [2]    _dig2
0x0040       [2]    _dig4
0x0042       [2]    _dig3
0x0070       [1]    R0
0x0071       [1]    R1
0x0072       [1]    R2
0x0073       [1]    R3
0x0074       [1]    R4
0x0075       [1]    R5
0x0076       [1]    R6
0x0077       [1]    R7
0x0078       [1]    R8
0x0079       [1]    R9
0x007A       [1]    R10
0x007B       [1]    R11
0x007C       [1]    R12
0x007D       [1]    R13
0x007E       [1]    R14
0x007F       [1]    R15
0x0086       [1]    TRISB
0x0087       [1]    TRISC
