;  LST file generated by mikroListExporter - v.2.0 
; Date/Time: 30-Jun-21 5:45:48 PM
;----------------------------------------------

;Address Opcode 	ASM
0x0000	0x2836      	GOTO       54
_____DoICP:
;__Lib_System.c,6 :: 		
;__Lib_System.c,9 :: 		
0x0003	0x1283      	BCF        STATUS, 5
0x0004	0x1303      	BCF        STATUS, 6
0x0005	0x082A      	MOVF       ___DoICPAddr+1, 0
0x0006	0x008A      	MOVWF      PCLATH
;__Lib_System.c,10 :: 		
0x0007	0x0829      	MOVF       ___DoICPAddr, 0
0x0008	0x0082      	MOVWF      PCL
;__Lib_System.c,12 :: 		
L_end_____DoICP:
0x0009	0x0008      	RETURN
; end of _____DoICP
___CC2DW:
;__Lib_System.c,134 :: 		
;__Lib_System.c,137 :: 		
_CC2D_Loop1:
;__Lib_System.c,139 :: 		
0x000A	0x2003      	CALL       _____DoICP
0x000B	0x118A      	BCF        PCLATH, 3
0x000C	0x120A      	BCF        PCLATH, 4
;__Lib_System.c,141 :: 		
0x000D	0x0080      	MOVWF      INDF
;__Lib_System.c,142 :: 		
0x000E	0x0A84      	INCF       FSR, 1
;__Lib_System.c,143 :: 		
0x000F	0x0AA9      	INCF       ___DoICPAddr, 1
;__Lib_System.c,145 :: 		
0x0010	0x1903      	BTFSC      STATUS, 2
;__Lib_System.c,146 :: 		
0x0011	0x0AAA      	INCF       ___DoICPAddr+1, 1
;__Lib_System.c,147 :: 		
0x0012	0x03F0      	DECF       R0, 1
;__Lib_System.c,149 :: 		
0x0013	0x1D03      	BTFSS      STATUS, 2
;__Lib_System.c,150 :: 		
0x0014	0x280A      	GOTO       _CC2D_Loop1
;__Lib_System.c,152 :: 		
L_end___CC2DW:
0x0015	0x0008      	RETURN
; end of ___CC2DW
_lcddata:
;lcd.c,18 :: 		void lcddata(char data1)
;lcd.c,20 :: 		rs=1;
0x0016	0x1283      	BCF        STATUS, 5
0x0017	0x1303      	BCF        STATUS, 6
0x0018	0x1406      	BSF        RB0_bit, BitPos(RB0_bit+0)
;lcd.c,21 :: 		portc=data1;
0x0019	0x082D      	MOVF       FARG_lcddata_data1, 0
0x001A	0x0087      	MOVWF      PORTC
;lcd.c,22 :: 		en=1;
0x001B	0x1486      	BSF        RB1_bit, BitPos(RB1_bit+0)
;lcd.c,23 :: 		delay_ms(1);
0x001C	0x3002      	MOVLW      2
0x001D	0x00FC      	MOVWF      R12
0x001E	0x304B      	MOVLW      75
0x001F	0x00FD      	MOVWF      R13
L_lcddata1:
0x0020	0x0BFD      	DECFSZ     R13, 1
0x0021	0x2820      	GOTO       L_lcddata1
0x0022	0x0BFC      	DECFSZ     R12, 1
0x0023	0x2820      	GOTO       L_lcddata1
;lcd.c,24 :: 		en=0;
0x0024	0x1086      	BCF        RB1_bit, BitPos(RB1_bit+0)
;lcd.c,25 :: 		}
L_end_lcddata:
0x0025	0x0008      	RETURN
; end of _lcddata
_lcdcmd:
;lcd.c,9 :: 		void lcdcmd(char cmd)
;lcd.c,11 :: 		rs=0;
0x0026	0x1283      	BCF        STATUS, 5
0x0027	0x1303      	BCF        STATUS, 6
0x0028	0x1006      	BCF        RB0_bit, BitPos(RB0_bit+0)
;lcd.c,12 :: 		portc=cmd;
0x0029	0x082D      	MOVF       FARG_lcdcmd_cmd, 0
0x002A	0x0087      	MOVWF      PORTC
;lcd.c,13 :: 		en=1;
0x002B	0x1486      	BSF        RB1_bit, BitPos(RB1_bit+0)
;lcd.c,14 :: 		delay_ms(1);
0x002C	0x3002      	MOVLW      2
0x002D	0x00FC      	MOVWF      R12
0x002E	0x304B      	MOVLW      75
0x002F	0x00FD      	MOVWF      R13
L_lcdcmd0:
0x0030	0x0BFD      	DECFSZ     R13, 1
0x0031	0x2830      	GOTO       L_lcdcmd0
0x0032	0x0BFC      	DECFSZ     R12, 1
0x0033	0x2830      	GOTO       L_lcdcmd0
;lcd.c,15 :: 		en=0;
0x0034	0x1086      	BCF        RB1_bit, BitPos(RB1_bit+0)
;lcd.c,16 :: 		}
L_end_lcdcmd:
0x0035	0x0008      	RETURN
; end of _lcdcmd
_main:
0x0036	0x304D      	MOVLW      77
0x0037	0x1283      	BCF        STATUS, 5
0x0038	0x1303      	BCF        STATUS, 6
0x0039	0x00A0      	MOVWF      _name
0x003A	0x3055      	MOVLW      85
0x003B	0x00A1      	MOVWF      33
0x003C	0x3046      	MOVLW      70
0x003D	0x00A2      	MOVWF      34
0x003E	0x3041      	MOVLW      65
0x003F	0x00A3      	MOVWF      35
0x0040	0x3044      	MOVLW      68
0x0041	0x00A4      	MOVWF      36
0x0042	0x3044      	MOVLW      68
0x0043	0x00A5      	MOVWF      37
0x0044	0x3041      	MOVLW      65
0x0045	0x00A6      	MOVWF      38
0x0046	0x304C      	MOVLW      76
0x0047	0x00A7      	MOVWF      39
0x0048	0x01A8      	CLRF       40
;lcd.c,27 :: 		void main() {
;lcd.c,28 :: 		trisb=0;
0x0049	0x1683      	BSF        STATUS, 5
0x004A	0x0186      	CLRF       TRISB
;lcd.c,29 :: 		trisc=0;
0x004B	0x0187      	CLRF       TRISC
;lcd.c,31 :: 		lcdcmd(0x01);
0x004C	0x3001      	MOVLW      1
0x004D	0x1283      	BCF        STATUS, 5
0x004E	0x00AD      	MOVWF      FARG_lcdcmd_cmd
0x004F	0x2026      	CALL       _lcdcmd
;lcd.c,32 :: 		delay_ms(1);
0x0050	0x3002      	MOVLW      2
0x0051	0x00FC      	MOVWF      R12
0x0052	0x304B      	MOVLW      75
0x0053	0x00FD      	MOVWF      R13
L_main2:
0x0054	0x0BFD      	DECFSZ     R13, 1
0x0055	0x2854      	GOTO       L_main2
0x0056	0x0BFC      	DECFSZ     R12, 1
0x0057	0x2854      	GOTO       L_main2
;lcd.c,33 :: 		lcdcmd(0x0C);
0x0058	0x300C      	MOVLW      12
0x0059	0x00AD      	MOVWF      FARG_lcdcmd_cmd
0x005A	0x2026      	CALL       _lcdcmd
;lcd.c,34 :: 		delay_ms(1);
0x005B	0x3002      	MOVLW      2
0x005C	0x00FC      	MOVWF      R12
0x005D	0x304B      	MOVLW      75
0x005E	0x00FD      	MOVWF      R13
L_main3:
0x005F	0x0BFD      	DECFSZ     R13, 1
0x0060	0x285F      	GOTO       L_main3
0x0061	0x0BFC      	DECFSZ     R12, 1
0x0062	0x285F      	GOTO       L_main3
;lcd.c,35 :: 		lcdcmd(0x38);
0x0063	0x3038      	MOVLW      56
0x0064	0x00AD      	MOVWF      FARG_lcdcmd_cmd
0x0065	0x2026      	CALL       _lcdcmd
;lcd.c,36 :: 		delay_ms(1);
0x0066	0x3002      	MOVLW      2
0x0067	0x00FC      	MOVWF      R12
0x0068	0x304B      	MOVLW      75
0x0069	0x00FD      	MOVWF      R13
L_main4:
0x006A	0x0BFD      	DECFSZ     R13, 1
0x006B	0x286A      	GOTO       L_main4
0x006C	0x0BFC      	DECFSZ     R12, 1
0x006D	0x286A      	GOTO       L_main4
;lcd.c,37 :: 		for(i=0;i<8;i++)
0x006E	0x01AB      	CLRF       _i
0x006F	0x01AC      	CLRF       _i+1
L_main5:
0x0070	0x3080      	MOVLW      128
0x0071	0x062C      	XORWF      _i+1, 0
0x0072	0x00F0      	MOVWF      R0
0x0073	0x3080      	MOVLW      128
0x0074	0x0270      	SUBWF      R0, 0
0x0075	0x1D03      	BTFSS      STATUS, 2
0x0076	0x2879      	GOTO       L__main12
0x0077	0x3008      	MOVLW      8
0x0078	0x022B      	SUBWF      _i, 0
L__main12:
0x0079	0x1803      	BTFSC      STATUS, 0
0x007A	0x2897      	GOTO       L_main6
;lcd.c,39 :: 		lcdcmd(0x80+i);
0x007B	0x082B      	MOVF       _i, 0
0x007C	0x3E80      	ADDLW      128
0x007D	0x00AD      	MOVWF      FARG_lcdcmd_cmd
0x007E	0x2026      	CALL       _lcdcmd
;lcd.c,40 :: 		lcddata(name[i]) ;
0x007F	0x082B      	MOVF       _i, 0
0x0080	0x3E20      	ADDLW      _name
0x0081	0x0084      	MOVWF      FSR
0x0082	0x0800      	MOVF       INDF, 0
0x0083	0x00AD      	MOVWF      FARG_lcddata_data1
0x0084	0x2016      	CALL       _lcddata
;lcd.c,41 :: 		delay_ms(1000);
0x0085	0x3006      	MOVLW      6
0x0086	0x00FB      	MOVWF      R11
0x0087	0x3013      	MOVLW      19
0x0088	0x00FC      	MOVWF      R12
0x0089	0x30AD      	MOVLW      173
0x008A	0x00FD      	MOVWF      R13
L_main8:
0x008B	0x0BFD      	DECFSZ     R13, 1
0x008C	0x288B      	GOTO       L_main8
0x008D	0x0BFC      	DECFSZ     R12, 1
0x008E	0x288B      	GOTO       L_main8
0x008F	0x0BFB      	DECFSZ     R11, 1
0x0090	0x288B      	GOTO       L_main8
0x0091	0x0000      	NOP
0x0092	0x0000      	NOP
;lcd.c,37 :: 		for(i=0;i<8;i++)
0x0093	0x0AAB      	INCF       _i, 1
0x0094	0x1903      	BTFSC      STATUS, 2
0x0095	0x0AAC      	INCF       _i+1, 1
;lcd.c,42 :: 		}
0x0096	0x2870      	GOTO       L_main5
L_main6:
;lcd.c,44 :: 		}
L_end_main:
0x0097	0x2897      	GOTO       $+0
; end of _main
Symbol List:
//** Routines locations **
//ADDRESS    SIZE    PROCEDURE
//----------------------------------------------
0x0003       [7]    _____DoICP
0x000A      [12]    ___CC2DW
0x0016      [16]    _lcddata
0x0026      [16]    _lcdcmd
0x0036      [98]    _main
//** Variables locations ** 
//ADDRESS    SIZE    VARIABLE
//----------------------------------------------
0x0000       [1]    INDF
0x0002       [1]    PCL
0x0003       [1]    STATUS
0x0004       [1]    FSR
0x0006       [0]    rs
0x0006       [0]    en
0x0006       [0]    RB0_bit
0x0006       [0]    RB1_bit
0x0007       [1]    PORTC
0x000A       [1]    PCLATH
0x0020       [9]    _name
0x0029       [2]    ___DoICPAddr
0x002B       [2]    _i
0x002D       [1]    FARG_lcdcmd_cmd
0x002D       [1]    FARG_lcddata_data1
0x0070       [1]    R0
0x0071       [1]    R1
0x0072       [1]    R2
0x0073       [1]    R3
0x0074       [1]    R4
0x0075       [1]    R5
0x0076       [1]    R6
0x0077       [1]    R7
0x0078       [1]    R8
0x0079       [1]    R9
0x007A       [1]    R10
0x007B       [1]    R11
0x007C       [1]    R12
0x007D       [1]    R13
0x007E       [1]    R14
0x007F       [1]    R15
0x0086       [1]    TRISB
0x0087       [1]    TRISC
