;  LST file generated by mikroListExporter - v.2.0 
; Date/Time: 16-Jul-21 10:49:41 AM
;----------------------------------------------

;Address Opcode 	ASM
0x0000	0x29ED      	GOTO       493
_interrupt:
0x0004	0x00FF      	MOVWF      R15
0x0005	0x0E03      	SWAPF      STATUS, 0
0x0006	0x0183      	CLRF       STATUS
0x0007	0x00C2      	MOVWF      ___saveSTATUS
0x0008	0x080A      	MOVF       PCLATH, 0
0x0009	0x00C3      	MOVWF      ___savePCLATH
0x000A	0x018A      	CLRF       PCLATH
0x000B	0x0870      	MOVF       R0, 0
0x000C	0x00A2      	MOVWF      34
0x000D	0x087C      	MOVF       R12, 0
0x000E	0x00A1      	MOVWF      33
0x000F	0x087D      	MOVF       R13, 0
0x0010	0x00A0      	MOVWF      32
;multipleinterrupts.c,37 :: 		void interrupt()
;multipleinterrupts.c,39 :: 		if(rbif_bit){ find_col(); find_row(); portd=((1<<(row-1))|(1<<(3+j))); rbif_bit=0;}
0x0011	0x1C0B      	BTFSS      RBIF_bit, BitPos(RBIF_bit+0)
0x0012	0x2832      	GOTO       L_interrupt9
0x0013	0x2183      	CALL       _find_col
0x0014	0x21B6      	CALL       _find_row
0x0015	0x0341      	DECF       _row, 0
0x0016	0x00F0      	MOVWF      R0
0x0017	0x3001      	MOVLW      1
0x0018	0x00F2      	MOVWF      R2
0x0019	0x0870      	MOVF       R0, 0
L__interrupt20:
0x001A	0x1903      	BTFSC      STATUS, 2
0x001B	0x2820      	GOTO       L__interrupt21
0x001C	0x0DF2      	RLF        R2, 1
0x001D	0x1072      	BCF        R2, 0
0x001E	0x3EFF      	ADDLW      255
0x001F	0x281A      	GOTO       L__interrupt20
L__interrupt21:
0x0020	0x083B      	MOVF       _j, 0
0x0021	0x3E03      	ADDLW      3
0x0022	0x00F0      	MOVWF      R0
0x0023	0x0870      	MOVF       R0, 0
0x0024	0x00F1      	MOVWF      R1
0x0025	0x3001      	MOVLW      1
0x0026	0x00F0      	MOVWF      R0
0x0027	0x0871      	MOVF       R1, 0
L__interrupt22:
0x0028	0x1903      	BTFSC      STATUS, 2
0x0029	0x282E      	GOTO       L__interrupt23
0x002A	0x0DF0      	RLF        R0, 1
0x002B	0x1070      	BCF        R0, 0
0x002C	0x3EFF      	ADDLW      255
0x002D	0x2828      	GOTO       L__interrupt22
L__interrupt23:
0x002E	0x0870      	MOVF       R0, 0
0x002F	0x0472      	IORWF      R2, 0
0x0030	0x0088      	MOVWF      PORTD
0x0031	0x100B      	BCF        RBIF_bit, BitPos(RBIF_bit+0)
L_interrupt9:
;multipleinterrupts.c,40 :: 		}
L_end_interrupt:
L__interrupt19:
0x0032	0x0822      	MOVF       34, 0
0x0033	0x00F0      	MOVWF      R0
0x0034	0x0821      	MOVF       33, 0
0x0035	0x00FC      	MOVWF      R12
0x0036	0x0820      	MOVF       32, 0
0x0037	0x00FD      	MOVWF      R13
0x0038	0x0843      	MOVF       ___savePCLATH, 0
0x0039	0x008A      	MOVWF      PCLATH
0x003A	0x0E42      	SWAPF      ___saveSTATUS, 0
0x003B	0x0083      	MOVWF      STATUS
0x003C	0x0EFF      	SWAPF      R15, 1
0x003D	0x0E7F      	SWAPF      R15, 0
0x003E	0x0009      	RETFIE
; end of _interrupt
_Delay_50us:
;__Lib_Delays.c,19 :: 		void Delay_50us() {
;__Lib_Delays.c,20 :: 		Delay_us(50);
0x003F	0x3010      	MOVLW      16
0x0040	0x1283      	BCF        STATUS, 5
0x0041	0x1303      	BCF        STATUS, 6
0x0042	0x00FD      	MOVWF      R13
L_Delay_50us2:
0x0043	0x0BFD      	DECFSZ     R13, 1
0x0044	0x2843      	GOTO       L_Delay_50us2
0x0045	0x0000      	NOP
;__Lib_Delays.c,21 :: 		}
L_end_Delay_50us:
0x0046	0x0008      	RETURN
; end of _Delay_50us
_Delay_1us:
;__Lib_Delays.c,7 :: 		void Delay_1us() {
;__Lib_Delays.c,8 :: 		Delay_us(1);
0x0047	0x0000      	NOP
;__Lib_Delays.c,9 :: 		}
L_end_Delay_1us:
0x0048	0x0008      	RETURN
; end of _Delay_1us
_Delay_5500us:
;__Lib_Delays.c,31 :: 		void Delay_5500us() {
;__Lib_Delays.c,32 :: 		Delay_us(5500);
0x0049	0x3008      	MOVLW      8
0x004A	0x1283      	BCF        STATUS, 5
0x004B	0x1303      	BCF        STATUS, 6
0x004C	0x00FC      	MOVWF      R12
0x004D	0x3023      	MOVLW      35
0x004E	0x00FD      	MOVWF      R13
L_Delay_5500us5:
0x004F	0x0BFD      	DECFSZ     R13, 1
0x0050	0x284F      	GOTO       L_Delay_5500us5
0x0051	0x0BFC      	DECFSZ     R12, 1
0x0052	0x284F      	GOTO       L_Delay_5500us5
;__Lib_Delays.c,33 :: 		}
L_end_Delay_5500us:
0x0053	0x0008      	RETURN
; end of _Delay_5500us
_Lcd_Cmd:
;__Lib_Lcd.c,18 :: 		
;__Lib_Lcd.c,20 :: 		
0x0054	0x1283      	BCF        STATUS, 5
0x0055	0x1303      	BCF        STATUS, 6
0x0056	0x1BC9      	BTFSC      FARG_Lcd_Cmd_out_char, 7
0x0057	0x285A      	GOTO       L__Lcd_Cmd21
0x0058	0x1387      	BCF        lcd_d7, BitPos(lcd_d7+0)
0x0059	0x285B      	GOTO       L__Lcd_Cmd22
L__Lcd_Cmd21:
0x005A	0x1787      	BSF        lcd_d7, BitPos(lcd_d7+0)
L__Lcd_Cmd22:
;__Lib_Lcd.c,21 :: 		
0x005B	0x1B49      	BTFSC      FARG_Lcd_Cmd_out_char, 6
0x005C	0x285F      	GOTO       L__Lcd_Cmd23
0x005D	0x1307      	BCF        lcd_d6, BitPos(lcd_d6+0)
0x005E	0x2860      	GOTO       L__Lcd_Cmd24
L__Lcd_Cmd23:
0x005F	0x1707      	BSF        lcd_d6, BitPos(lcd_d6+0)
L__Lcd_Cmd24:
;__Lib_Lcd.c,22 :: 		
0x0060	0x1AC9      	BTFSC      FARG_Lcd_Cmd_out_char, 5
0x0061	0x2864      	GOTO       L__Lcd_Cmd25
0x0062	0x1287      	BCF        lcd_d5, BitPos(lcd_d5+0)
0x0063	0x2865      	GOTO       L__Lcd_Cmd26
L__Lcd_Cmd25:
0x0064	0x1687      	BSF        lcd_d5, BitPos(lcd_d5+0)
L__Lcd_Cmd26:
;__Lib_Lcd.c,23 :: 		
0x0065	0x1A49      	BTFSC      FARG_Lcd_Cmd_out_char, 4
0x0066	0x2869      	GOTO       L__Lcd_Cmd27
0x0067	0x1207      	BCF        lcd_d4, BitPos(lcd_d4+0)
0x0068	0x286A      	GOTO       L__Lcd_Cmd28
L__Lcd_Cmd27:
0x0069	0x1607      	BSF        lcd_d4, BitPos(lcd_d4+0)
L__Lcd_Cmd28:
;__Lib_Lcd.c,25 :: 		
0x006A	0x183C      	BTFSC      __Lib_Lcd_cmd_status, BitPos(__Lib_Lcd_cmd_status+0)
0x006B	0x286E      	GOTO       L__Lcd_Cmd29
0x006C	0x1507      	BSF        lcd_rs, BitPos(lcd_rs+0)
0x006D	0x286F      	GOTO       L__Lcd_Cmd30
L__Lcd_Cmd29:
0x006E	0x1107      	BCF        lcd_rs, BitPos(lcd_rs+0)
L__Lcd_Cmd30:
;__Lib_Lcd.c,28 :: 		
0x006F	0x1587      	BSF        lcd_en, BitPos(lcd_en+0)
;__Lib_Lcd.c,29 :: 		
0x0070	0x2047      	CALL       _Delay_1us
;__Lib_Lcd.c,30 :: 		
0x0071	0x1187      	BCF        lcd_en, BitPos(lcd_en+0)
;__Lib_Lcd.c,33 :: 		
0x0072	0x19C9      	BTFSC      FARG_Lcd_Cmd_out_char, 3
0x0073	0x2876      	GOTO       L__Lcd_Cmd31
0x0074	0x1387      	BCF        lcd_d7, BitPos(lcd_d7+0)
0x0075	0x2877      	GOTO       L__Lcd_Cmd32
L__Lcd_Cmd31:
0x0076	0x1787      	BSF        lcd_d7, BitPos(lcd_d7+0)
L__Lcd_Cmd32:
;__Lib_Lcd.c,34 :: 		
0x0077	0x1949      	BTFSC      FARG_Lcd_Cmd_out_char, 2
0x0078	0x287B      	GOTO       L__Lcd_Cmd33
0x0079	0x1307      	BCF        lcd_d6, BitPos(lcd_d6+0)
0x007A	0x287C      	GOTO       L__Lcd_Cmd34
L__Lcd_Cmd33:
0x007B	0x1707      	BSF        lcd_d6, BitPos(lcd_d6+0)
L__Lcd_Cmd34:
;__Lib_Lcd.c,35 :: 		
0x007C	0x18C9      	BTFSC      FARG_Lcd_Cmd_out_char, 1
0x007D	0x2880      	GOTO       L__Lcd_Cmd35
0x007E	0x1287      	BCF        lcd_d5, BitPos(lcd_d5+0)
0x007F	0x2881      	GOTO       L__Lcd_Cmd36
L__Lcd_Cmd35:
0x0080	0x1687      	BSF        lcd_d5, BitPos(lcd_d5+0)
L__Lcd_Cmd36:
;__Lib_Lcd.c,36 :: 		
0x0081	0x1849      	BTFSC      FARG_Lcd_Cmd_out_char, 0
0x0082	0x2885      	GOTO       L__Lcd_Cmd37
0x0083	0x1207      	BCF        lcd_d4, BitPos(lcd_d4+0)
0x0084	0x2886      	GOTO       L__Lcd_Cmd38
L__Lcd_Cmd37:
0x0085	0x1607      	BSF        lcd_d4, BitPos(lcd_d4+0)
L__Lcd_Cmd38:
;__Lib_Lcd.c,38 :: 		
0x0086	0x183C      	BTFSC      __Lib_Lcd_cmd_status, BitPos(__Lib_Lcd_cmd_status+0)
0x0087	0x288A      	GOTO       L__Lcd_Cmd39
0x0088	0x1507      	BSF        lcd_rs, BitPos(lcd_rs+0)
0x0089	0x288B      	GOTO       L__Lcd_Cmd40
L__Lcd_Cmd39:
0x008A	0x1107      	BCF        lcd_rs, BitPos(lcd_rs+0)
L__Lcd_Cmd40:
;__Lib_Lcd.c,40 :: 		
0x008B	0x1587      	BSF        lcd_en, BitPos(lcd_en+0)
;__Lib_Lcd.c,41 :: 		
0x008C	0x2047      	CALL       _Delay_1us
;__Lib_Lcd.c,42 :: 		
0x008D	0x1187      	BCF        lcd_en, BitPos(lcd_en+0)
;__Lib_Lcd.c,44 :: 		
0x008E	0x1C3C      	BTFSS      __Lib_Lcd_cmd_status, BitPos(__Lib_Lcd_cmd_status+0)
0x008F	0x2892      	GOTO       L_Lcd_Cmd0
;__Lib_Lcd.c,45 :: 		
0x0090	0x2049      	CALL       _Delay_5500us
0x0091	0x2893      	GOTO       L_Lcd_Cmd1
L_Lcd_Cmd0:
;__Lib_Lcd.c,47 :: 		
0x0092	0x203F      	CALL       _Delay_50us
L_Lcd_Cmd1:
;__Lib_Lcd.c,48 :: 		
L_end_Lcd_Cmd:
0x0093	0x0008      	RETURN
; end of _Lcd_Cmd
_Lcd_Chr_CP:
;__Lib_Lcd.c,50 :: 		
;__Lib_Lcd.c,52 :: 		
0x0094	0x1283      	BCF        STATUS, 5
0x0095	0x1303      	BCF        STATUS, 6
0x0096	0x103C      	BCF        __Lib_Lcd_cmd_status, BitPos(__Lib_Lcd_cmd_status+0)
;__Lib_Lcd.c,53 :: 		
0x0097	0x0848      	MOVF       FARG_Lcd_Chr_CP_out_char, 0
0x0098	0x00C9      	MOVWF      FARG_Lcd_Cmd_out_char
0x0099	0x2054      	CALL       _Lcd_Cmd
;__Lib_Lcd.c,54 :: 		
0x009A	0x143C      	BSF        __Lib_Lcd_cmd_status, BitPos(__Lib_Lcd_cmd_status+0)
;__Lib_Lcd.c,55 :: 		
L_end_Lcd_Chr_CP:
0x009B	0x0008      	RETURN
; end of _Lcd_Chr_CP
_____DoICP:
;__Lib_System.c,6 :: 		
;__Lib_System.c,9 :: 		
0x009C	0x1283      	BCF        STATUS, 5
0x009D	0x1303      	BCF        STATUS, 6
0x009E	0x0840      	MOVF       ___DoICPAddr+1, 0
0x009F	0x008A      	MOVWF      PCLATH
;__Lib_System.c,10 :: 		
0x00A0	0x083F      	MOVF       ___DoICPAddr, 0
0x00A1	0x0082      	MOVWF      PCL
;__Lib_System.c,12 :: 		
L_end_____DoICP:
0x00A2	0x0008      	RETURN
; end of _____DoICP
_Lcd_Out:
;__Lib_Lcd.c,184 :: 		
;__Lib_Lcd.c,187 :: 		
0x00A3	0x28B5      	GOTO       L_Lcd_Out11
;__Lib_Lcd.c,188 :: 		
L_Lcd_Out13:
0x00A4	0x3080      	MOVLW      128
0x00A5	0x1283      	BCF        STATUS, 5
0x00A6	0x1303      	BCF        STATUS, 6
0x00A7	0x00C4      	MOVWF      FARG_Lcd_Out_row
0x00A8	0x28C8      	GOTO       L_Lcd_Out12
;__Lib_Lcd.c,189 :: 		
L_Lcd_Out14:
0x00A9	0x30C0      	MOVLW      192
0x00AA	0x00C4      	MOVWF      FARG_Lcd_Out_row
0x00AB	0x28C8      	GOTO       L_Lcd_Out12
;__Lib_Lcd.c,190 :: 		
L_Lcd_Out15:
0x00AC	0x3094      	MOVLW      148
0x00AD	0x00C4      	MOVWF      FARG_Lcd_Out_row
0x00AE	0x28C8      	GOTO       L_Lcd_Out12
;__Lib_Lcd.c,191 :: 		
L_Lcd_Out16:
0x00AF	0x30D4      	MOVLW      212
0x00B0	0x00C4      	MOVWF      FARG_Lcd_Out_row
0x00B1	0x28C8      	GOTO       L_Lcd_Out12
;__Lib_Lcd.c,192 :: 		
L_Lcd_Out17:
0x00B2	0x3080      	MOVLW      128
0x00B3	0x00C4      	MOVWF      FARG_Lcd_Out_row
;__Lib_Lcd.c,193 :: 		
0x00B4	0x28C8      	GOTO       L_Lcd_Out12
L_Lcd_Out11:
0x00B5	0x1283      	BCF        STATUS, 5
0x00B6	0x1303      	BCF        STATUS, 6
0x00B7	0x0844      	MOVF       FARG_Lcd_Out_row, 0
0x00B8	0x3A01      	XORLW      1
0x00B9	0x1903      	BTFSC      STATUS, 2
0x00BA	0x28A4      	GOTO       L_Lcd_Out13
0x00BB	0x0844      	MOVF       FARG_Lcd_Out_row, 0
0x00BC	0x3A02      	XORLW      2
0x00BD	0x1903      	BTFSC      STATUS, 2
0x00BE	0x28A9      	GOTO       L_Lcd_Out14
0x00BF	0x0844      	MOVF       FARG_Lcd_Out_row, 0
0x00C0	0x3A03      	XORLW      3
0x00C1	0x1903      	BTFSC      STATUS, 2
0x00C2	0x28AC      	GOTO       L_Lcd_Out15
0x00C3	0x0844      	MOVF       FARG_Lcd_Out_row, 0
0x00C4	0x3A04      	XORLW      4
0x00C5	0x1903      	BTFSC      STATUS, 2
0x00C6	0x28AF      	GOTO       L_Lcd_Out16
0x00C7	0x28B2      	GOTO       L_Lcd_Out17
L_Lcd_Out12:
;__Lib_Lcd.c,194 :: 		
0x00C8	0x0345      	DECF       FARG_Lcd_Out_column, 0
0x00C9	0x00F0      	MOVWF      R0
0x00CA	0x0844      	MOVF       FARG_Lcd_Out_row, 0
0x00CB	0x07F0      	ADDWF      R0, 1
0x00CC	0x0870      	MOVF       R0, 0
0x00CD	0x00C4      	MOVWF      FARG_Lcd_Out_row
;__Lib_Lcd.c,196 :: 		
0x00CE	0x0870      	MOVF       R0, 0
0x00CF	0x00C9      	MOVWF      FARG_Lcd_Cmd_out_char
0x00D0	0x2054      	CALL       _Lcd_Cmd
;__Lib_Lcd.c,197 :: 		
0x00D1	0x103C      	BCF        __Lib_Lcd_cmd_status, BitPos(__Lib_Lcd_cmd_status+0)
;__Lib_Lcd.c,198 :: 		
0x00D2	0x01C7      	CLRF       Lcd_Out_i_L0
;__Lib_Lcd.c,199 :: 		
L_Lcd_Out18:
0x00D3	0x0847      	MOVF       Lcd_Out_i_L0, 0
0x00D4	0x0746      	ADDWF      FARG_Lcd_Out_text, 0
0x00D5	0x0084      	MOVWF      FSR
0x00D6	0x0800      	MOVF       INDF, 0
0x00D7	0x1903      	BTFSC      STATUS, 2
0x00D8	0x28E1      	GOTO       L_Lcd_Out19
;__Lib_Lcd.c,200 :: 		
0x00D9	0x0847      	MOVF       Lcd_Out_i_L0, 0
0x00DA	0x0746      	ADDWF      FARG_Lcd_Out_text, 0
0x00DB	0x0084      	MOVWF      FSR
0x00DC	0x0800      	MOVF       INDF, 0
0x00DD	0x00C8      	MOVWF      FARG_Lcd_Chr_CP_out_char
0x00DE	0x2094      	CALL       _Lcd_Chr_CP
0x00DF	0x0AC7      	INCF       Lcd_Out_i_L0, 1
0x00E0	0x28D3      	GOTO       L_Lcd_Out18
L_Lcd_Out19:
;__Lib_Lcd.c,201 :: 		
0x00E1	0x143C      	BSF        __Lib_Lcd_cmd_status, BitPos(__Lib_Lcd_cmd_status+0)
;__Lib_Lcd.c,202 :: 		
L_end_Lcd_Out:
0x00E2	0x0008      	RETURN
; end of _Lcd_Out
_Div_8X8_U:
;__Lib_Math.c,189 :: 		
;__Lib_Math.c,196 :: 		
0x00E3	0x1283      	BCF        STATUS, 5
;__Lib_Math.c,197 :: 		
0x00E4	0x1303      	BCF        STATUS, 6
;__Lib_Math.c,198 :: 		
0x00E5	0x01F8      	CLRF       R8
;__Lib_Math.c,199 :: 		
0x00E6	0x3008      	MOVLW      8
;__Lib_Math.c,200 :: 		
0x00E7	0x00FC      	MOVWF      R12
;__Lib_Math.c,201 :: 		
0x00E8	0x0D70      	RLF        R0, 0
;__Lib_Math.c,202 :: 		
0x00E9	0x0DF8      	RLF        R8, 1
;__Lib_Math.c,203 :: 		
0x00EA	0x0874      	MOVF       R4, 0
;__Lib_Math.c,204 :: 		
0x00EB	0x02F8      	SUBWF      R8, 1
;__Lib_Math.c,205 :: 		
0x00EC	0x1803      	BTFSC      STATUS, 0
;__Lib_Math.c,206 :: 		
0x00ED	0x28F0      	GOTO       $+3
;__Lib_Math.c,207 :: 		
0x00EE	0x07F8      	ADDWF      R8, 1
;__Lib_Math.c,208 :: 		
0x00EF	0x1003      	BCF        STATUS, 0
;__Lib_Math.c,209 :: 		
0x00F0	0x0DF0      	RLF        R0, 1
;__Lib_Math.c,210 :: 		
0x00F1	0x0BFC      	DECFSZ     R12, 1
;__Lib_Math.c,211 :: 		
0x00F2	0x28E8      	GOTO       $-10
;__Lib_Math.c,213 :: 		
L_end_Div_8X8_U:
0x00F3	0x0008      	RETURN
; end of _Div_8X8_U
_Lcd_Init:
;__Lib_Lcd.c,84 :: 		
;__Lib_Lcd.c,86 :: 		
0x00F4	0x1683      	BSF        STATUS, 5
0x00F5	0x1303      	BCF        STATUS, 6
0x00F6	0x1187      	BCF        lcd_en_direction, BitPos(lcd_en_direction+0)
;__Lib_Lcd.c,87 :: 		
0x00F7	0x1107      	BCF        lcd_rs_direction, BitPos(lcd_rs_direction+0)
;__Lib_Lcd.c,88 :: 		
0x00F8	0x1207      	BCF        lcd_d4_direction, BitPos(lcd_d4_direction+0)
;__Lib_Lcd.c,89 :: 		
0x00F9	0x1287      	BCF        lcd_d5_direction, BitPos(lcd_d5_direction+0)
;__Lib_Lcd.c,90 :: 		
0x00FA	0x1307      	BCF        lcd_d6_direction, BitPos(lcd_d6_direction+0)
;__Lib_Lcd.c,91 :: 		
0x00FB	0x1387      	BCF        lcd_d7_direction, BitPos(lcd_d7_direction+0)
;__Lib_Lcd.c,93 :: 		
0x00FC	0x1283      	BCF        STATUS, 5
0x00FD	0x1187      	BCF        lcd_en, BitPos(lcd_en+0)
;__Lib_Lcd.c,94 :: 		
0x00FE	0x1107      	BCF        lcd_rs, BitPos(lcd_rs+0)
;__Lib_Lcd.c,95 :: 		
0x00FF	0x1387      	BCF        lcd_d7, BitPos(lcd_d7+0)
;__Lib_Lcd.c,96 :: 		
0x0100	0x1307      	BCF        lcd_d6, BitPos(lcd_d6+0)
;__Lib_Lcd.c,97 :: 		
0x0101	0x1287      	BCF        lcd_d5, BitPos(lcd_d5+0)
;__Lib_Lcd.c,98 :: 		
0x0102	0x1207      	BCF        lcd_d4, BitPos(lcd_d4+0)
;__Lib_Lcd.c,100 :: 		
0x0103	0x2049      	CALL       _Delay_5500us
;__Lib_Lcd.c,101 :: 		
0x0104	0x2049      	CALL       _Delay_5500us
;__Lib_Lcd.c,102 :: 		
0x0105	0x2049      	CALL       _Delay_5500us
;__Lib_Lcd.c,105 :: 		
0x0106	0x1687      	BSF        lcd_d5, BitPos(lcd_d5+0)
;__Lib_Lcd.c,106 :: 		
0x0107	0x1607      	BSF        lcd_d4, BitPos(lcd_d4+0)
;__Lib_Lcd.c,107 :: 		
0x0108	0x1587      	BSF        lcd_en, BitPos(lcd_en+0)
;__Lib_Lcd.c,108 :: 		
0x0109	0x2047      	CALL       _Delay_1us
;__Lib_Lcd.c,109 :: 		
0x010A	0x1187      	BCF        lcd_en, BitPos(lcd_en+0)
;__Lib_Lcd.c,110 :: 		
0x010B	0x2049      	CALL       _Delay_5500us
;__Lib_Lcd.c,112 :: 		
0x010C	0x1587      	BSF        lcd_en, BitPos(lcd_en+0)
;__Lib_Lcd.c,113 :: 		
0x010D	0x2047      	CALL       _Delay_1us
;__Lib_Lcd.c,114 :: 		
0x010E	0x1187      	BCF        lcd_en, BitPos(lcd_en+0)
;__Lib_Lcd.c,115 :: 		
0x010F	0x2049      	CALL       _Delay_5500us
;__Lib_Lcd.c,117 :: 		
0x0110	0x1587      	BSF        lcd_en, BitPos(lcd_en+0)
;__Lib_Lcd.c,118 :: 		
0x0111	0x2047      	CALL       _Delay_1us
;__Lib_Lcd.c,119 :: 		
0x0112	0x1187      	BCF        lcd_en, BitPos(lcd_en+0)
;__Lib_Lcd.c,120 :: 		
0x0113	0x2049      	CALL       _Delay_5500us
;__Lib_Lcd.c,123 :: 		
0x0114	0x1207      	BCF        lcd_d4, BitPos(lcd_d4+0)
;__Lib_Lcd.c,124 :: 		
0x0115	0x1587      	BSF        lcd_en, BitPos(lcd_en+0)
;__Lib_Lcd.c,125 :: 		
0x0116	0x2047      	CALL       _Delay_1us
;__Lib_Lcd.c,126 :: 		
0x0117	0x1187      	BCF        lcd_en, BitPos(lcd_en+0)
;__Lib_Lcd.c,127 :: 		
0x0118	0x2049      	CALL       _Delay_5500us
;__Lib_Lcd.c,130 :: 		
0x0119	0x1587      	BSF        lcd_en, BitPos(lcd_en+0)
;__Lib_Lcd.c,131 :: 		
0x011A	0x2047      	CALL       _Delay_1us
;__Lib_Lcd.c,132 :: 		
0x011B	0x1187      	BCF        lcd_en, BitPos(lcd_en+0)
;__Lib_Lcd.c,134 :: 		
0x011C	0x1287      	BCF        lcd_d5, BitPos(lcd_d5+0)
;__Lib_Lcd.c,135 :: 		
0x011D	0x1787      	BSF        lcd_d7, BitPos(lcd_d7+0)
;__Lib_Lcd.c,136 :: 		
0x011E	0x1587      	BSF        lcd_en, BitPos(lcd_en+0)
;__Lib_Lcd.c,137 :: 		
0x011F	0x2047      	CALL       _Delay_1us
;__Lib_Lcd.c,138 :: 		
0x0120	0x1187      	BCF        lcd_en, BitPos(lcd_en+0)
;__Lib_Lcd.c,139 :: 		
0x0121	0x2049      	CALL       _Delay_5500us
;__Lib_Lcd.c,142 :: 		
0x0122	0x1387      	BCF        lcd_d7, BitPos(lcd_d7+0)
;__Lib_Lcd.c,143 :: 		
0x0123	0x1607      	BSF        lcd_d4, BitPos(lcd_d4+0)
;__Lib_Lcd.c,144 :: 		
0x0124	0x1587      	BSF        lcd_en, BitPos(lcd_en+0)
;__Lib_Lcd.c,145 :: 		
0x0125	0x2047      	CALL       _Delay_1us
;__Lib_Lcd.c,146 :: 		
0x0126	0x1187      	BCF        lcd_en, BitPos(lcd_en+0)
;__Lib_Lcd.c,148 :: 		
0x0127	0x1207      	BCF        lcd_d4, BitPos(lcd_d4+0)
;__Lib_Lcd.c,149 :: 		
0x0128	0x1587      	BSF        lcd_en, BitPos(lcd_en+0)
;__Lib_Lcd.c,150 :: 		
0x0129	0x2047      	CALL       _Delay_1us
;__Lib_Lcd.c,151 :: 		
0x012A	0x1187      	BCF        lcd_en, BitPos(lcd_en+0)
;__Lib_Lcd.c,152 :: 		
0x012B	0x2049      	CALL       _Delay_5500us
;__Lib_Lcd.c,155 :: 		
0x012C	0x1587      	BSF        lcd_en, BitPos(lcd_en+0)
;__Lib_Lcd.c,156 :: 		
0x012D	0x2047      	CALL       _Delay_1us
;__Lib_Lcd.c,157 :: 		
0x012E	0x1187      	BCF        lcd_en, BitPos(lcd_en+0)
;__Lib_Lcd.c,159 :: 		
0x012F	0x1607      	BSF        lcd_d4, BitPos(lcd_d4+0)
;__Lib_Lcd.c,160 :: 		
0x0130	0x1587      	BSF        lcd_en, BitPos(lcd_en+0)
;__Lib_Lcd.c,161 :: 		
0x0131	0x2047      	CALL       _Delay_1us
;__Lib_Lcd.c,162 :: 		
0x0132	0x1187      	BCF        lcd_en, BitPos(lcd_en+0)
;__Lib_Lcd.c,163 :: 		
0x0133	0x2049      	CALL       _Delay_5500us
;__Lib_Lcd.c,166 :: 		
0x0134	0x1207      	BCF        lcd_d4, BitPos(lcd_d4+0)
;__Lib_Lcd.c,167 :: 		
0x0135	0x1587      	BSF        lcd_en, BitPos(lcd_en+0)
;__Lib_Lcd.c,168 :: 		
0x0136	0x2047      	CALL       _Delay_1us
;__Lib_Lcd.c,169 :: 		
0x0137	0x1187      	BCF        lcd_en, BitPos(lcd_en+0)
;__Lib_Lcd.c,171 :: 		
0x0138	0x1787      	BSF        lcd_d7, BitPos(lcd_d7+0)
;__Lib_Lcd.c,172 :: 		
0x0139	0x1707      	BSF        lcd_d6, BitPos(lcd_d6+0)
;__Lib_Lcd.c,173 :: 		
0x013A	0x1687      	BSF        lcd_d5, BitPos(lcd_d5+0)
;__Lib_Lcd.c,174 :: 		
0x013B	0x1607      	BSF        lcd_d4, BitPos(lcd_d4+0)
;__Lib_Lcd.c,175 :: 		
0x013C	0x1587      	BSF        lcd_en, BitPos(lcd_en+0)
;__Lib_Lcd.c,176 :: 		
0x013D	0x2047      	CALL       _Delay_1us
;__Lib_Lcd.c,177 :: 		
0x013E	0x1187      	BCF        lcd_en, BitPos(lcd_en+0)
;__Lib_Lcd.c,179 :: 		
0x013F	0x2049      	CALL       _Delay_5500us
;__Lib_Lcd.c,181 :: 		
0x0140	0x143C      	BSF        __Lib_Lcd_cmd_status, BitPos(__Lib_Lcd_cmd_status+0)
;__Lib_Lcd.c,182 :: 		
L_end_Lcd_Init:
0x0141	0x0008      	RETURN
; end of _Lcd_Init
_Lcd_Chr:
;__Lib_Lcd.c,65 :: 		
;__Lib_Lcd.c,66 :: 		
0x0142	0x2954      	GOTO       L_Lcd_Chr4
;__Lib_Lcd.c,67 :: 		
L_Lcd_Chr6:
0x0143	0x3080      	MOVLW      128
0x0144	0x1283      	BCF        STATUS, 5
0x0145	0x1303      	BCF        STATUS, 6
0x0146	0x00C4      	MOVWF      FARG_Lcd_Chr_row
0x0147	0x2967      	GOTO       L_Lcd_Chr5
;__Lib_Lcd.c,68 :: 		
L_Lcd_Chr7:
0x0148	0x30C0      	MOVLW      192
0x0149	0x00C4      	MOVWF      FARG_Lcd_Chr_row
0x014A	0x2967      	GOTO       L_Lcd_Chr5
;__Lib_Lcd.c,69 :: 		
L_Lcd_Chr8:
0x014B	0x3094      	MOVLW      148
0x014C	0x00C4      	MOVWF      FARG_Lcd_Chr_row
0x014D	0x2967      	GOTO       L_Lcd_Chr5
;__Lib_Lcd.c,70 :: 		
L_Lcd_Chr9:
0x014E	0x30D4      	MOVLW      212
0x014F	0x00C4      	MOVWF      FARG_Lcd_Chr_row
0x0150	0x2967      	GOTO       L_Lcd_Chr5
;__Lib_Lcd.c,71 :: 		
L_Lcd_Chr10:
0x0151	0x3080      	MOVLW      128
0x0152	0x00C4      	MOVWF      FARG_Lcd_Chr_row
;__Lib_Lcd.c,72 :: 		
0x0153	0x2967      	GOTO       L_Lcd_Chr5
L_Lcd_Chr4:
0x0154	0x1283      	BCF        STATUS, 5
0x0155	0x1303      	BCF        STATUS, 6
0x0156	0x0844      	MOVF       FARG_Lcd_Chr_row, 0
0x0157	0x3A01      	XORLW      1
0x0158	0x1903      	BTFSC      STATUS, 2
0x0159	0x2943      	GOTO       L_Lcd_Chr6
0x015A	0x0844      	MOVF       FARG_Lcd_Chr_row, 0
0x015B	0x3A02      	XORLW      2
0x015C	0x1903      	BTFSC      STATUS, 2
0x015D	0x2948      	GOTO       L_Lcd_Chr7
0x015E	0x0844      	MOVF       FARG_Lcd_Chr_row, 0
0x015F	0x3A03      	XORLW      3
0x0160	0x1903      	BTFSC      STATUS, 2
0x0161	0x294B      	GOTO       L_Lcd_Chr8
0x0162	0x0844      	MOVF       FARG_Lcd_Chr_row, 0
0x0163	0x3A04      	XORLW      4
0x0164	0x1903      	BTFSC      STATUS, 2
0x0165	0x294E      	GOTO       L_Lcd_Chr9
0x0166	0x2951      	GOTO       L_Lcd_Chr10
L_Lcd_Chr5:
;__Lib_Lcd.c,74 :: 		
0x0167	0x0345      	DECF       FARG_Lcd_Chr_column, 0
0x0168	0x00F0      	MOVWF      R0
0x0169	0x0844      	MOVF       FARG_Lcd_Chr_row, 0
0x016A	0x07F0      	ADDWF      R0, 1
0x016B	0x0870      	MOVF       R0, 0
0x016C	0x00C4      	MOVWF      FARG_Lcd_Chr_row
;__Lib_Lcd.c,76 :: 		
0x016D	0x143C      	BSF        __Lib_Lcd_cmd_status, BitPos(__Lib_Lcd_cmd_status+0)
;__Lib_Lcd.c,77 :: 		
0x016E	0x0870      	MOVF       R0, 0
0x016F	0x00C9      	MOVWF      FARG_Lcd_Cmd_out_char
0x0170	0x2054      	CALL       _Lcd_Cmd
;__Lib_Lcd.c,79 :: 		
0x0171	0x103C      	BCF        __Lib_Lcd_cmd_status, BitPos(__Lib_Lcd_cmd_status+0)
;__Lib_Lcd.c,80 :: 		
0x0172	0x0846      	MOVF       FARG_Lcd_Chr_out_char, 0
0x0173	0x00C9      	MOVWF      FARG_Lcd_Cmd_out_char
0x0174	0x2054      	CALL       _Lcd_Cmd
;__Lib_Lcd.c,81 :: 		
0x0175	0x143C      	BSF        __Lib_Lcd_cmd_status, BitPos(__Lib_Lcd_cmd_status+0)
;__Lib_Lcd.c,82 :: 		
L_end_Lcd_Chr:
0x0176	0x0008      	RETURN
; end of _Lcd_Chr
___CC2DW:
;__Lib_System.c,134 :: 		
;__Lib_System.c,137 :: 		
_CC2D_Loop1:
;__Lib_System.c,139 :: 		
0x0177	0x209C      	CALL       _____DoICP
0x0178	0x118A      	BCF        PCLATH, 3
0x0179	0x120A      	BCF        PCLATH, 4
;__Lib_System.c,141 :: 		
0x017A	0x0080      	MOVWF      INDF
;__Lib_System.c,142 :: 		
0x017B	0x0A84      	INCF       FSR, 1
;__Lib_System.c,143 :: 		
0x017C	0x0ABF      	INCF       ___DoICPAddr, 1
;__Lib_System.c,145 :: 		
0x017D	0x1903      	BTFSC      STATUS, 2
;__Lib_System.c,146 :: 		
0x017E	0x0AC0      	INCF       ___DoICPAddr+1, 1
;__Lib_System.c,147 :: 		
0x017F	0x03F0      	DECF       R0, 1
;__Lib_System.c,149 :: 		
0x0180	0x1D03      	BTFSS      STATUS, 2
;__Lib_System.c,150 :: 		
0x0181	0x2977      	GOTO       _CC2D_Loop1
;__Lib_System.c,152 :: 		
L_end___CC2DW:
0x0182	0x0008      	RETURN
; end of ___CC2DW
_find_col:
;multipleinterrupts.c,17 :: 		void find_col()
;multipleinterrupts.c,19 :: 		col=(portb&0xF0);
0x0183	0x30F0      	MOVLW      240
0x0184	0x1283      	BCF        STATUS, 5
0x0185	0x1303      	BCF        STATUS, 6
0x0186	0x0506      	ANDWF      PORTB, 0
0x0187	0x00BD      	MOVWF      _col
;multipleinterrupts.c,22 :: 		col=~(col>>4);
0x0188	0x0CBD      	RRF        _col, 1
0x0189	0x13BD      	BCF        _col, 7
0x018A	0x0CBD      	RRF        _col, 1
0x018B	0x13BD      	BCF        _col, 7
0x018C	0x0CBD      	RRF        _col, 1
0x018D	0x13BD      	BCF        _col, 7
0x018E	0x0CBD      	RRF        _col, 1
0x018F	0x13BD      	BCF        _col, 7
0x0190	0x09BD      	COMF       _col, 1
;multipleinterrupts.c,23 :: 		for(i=0;i<4;i++)
0x0191	0x01BE      	CLRF       _i
L_find_col0:
0x0192	0x3004      	MOVLW      4
0x0193	0x023E      	SUBWF      _i, 0
0x0194	0x1803      	BTFSC      STATUS, 0
0x0195	0x29B5      	GOTO       L_find_col1
;multipleinterrupts.c,24 :: 		{ if(col &(1<<i)){ col=i+1; j=col; break; } }
0x0196	0x083E      	MOVF       _i, 0
0x0197	0x00F2      	MOVWF      R2
0x0198	0x3001      	MOVLW      1
0x0199	0x00F0      	MOVWF      R0
0x019A	0x3000      	MOVLW      0
0x019B	0x00F1      	MOVWF      R0+1
0x019C	0x0872      	MOVF       R2, 0
L__find_col13:
0x019D	0x1903      	BTFSC      STATUS, 2
0x019E	0x29A4      	GOTO       L__find_col14
0x019F	0x0DF0      	RLF        R0, 1
0x01A0	0x0DF1      	RLF        R0+1, 1
0x01A1	0x1070      	BCF        R0, 0
0x01A2	0x3EFF      	ADDLW      255
0x01A3	0x299D      	GOTO       L__find_col13
L__find_col14:
0x01A4	0x083D      	MOVF       _col, 0
0x01A5	0x05F0      	ANDWF      R0, 1
0x01A6	0x3000      	MOVLW      0
0x01A7	0x05F1      	ANDWF      R0+1, 1
0x01A8	0x0870      	MOVF       R0, 0
0x01A9	0x0471      	IORWF      R0+1, 0
0x01AA	0x1903      	BTFSC      STATUS, 2
0x01AB	0x29B3      	GOTO       L_find_col3
0x01AC	0x0A3E      	INCF       _i, 0
0x01AD	0x00F0      	MOVWF      R0
0x01AE	0x0870      	MOVF       R0, 0
0x01AF	0x00BD      	MOVWF      _col
0x01B0	0x0870      	MOVF       R0, 0
0x01B1	0x00BB      	MOVWF      _j
0x01B2	0x29B5      	GOTO       L_find_col1
L_find_col3:
;multipleinterrupts.c,23 :: 		for(i=0;i<4;i++)
0x01B3	0x0ABE      	INCF       _i, 1
;multipleinterrupts.c,24 :: 		{ if(col &(1<<i)){ col=i+1; j=col; break; } }
0x01B4	0x2992      	GOTO       L_find_col0
L_find_col1:
;multipleinterrupts.c,25 :: 		}
L_end_find_col:
0x01B5	0x0008      	RETURN
; end of _find_col
_find_row:
;multipleinterrupts.c,26 :: 		void find_row()
;multipleinterrupts.c,28 :: 		for (i=0;i<4;i++)
0x01B6	0x1283      	BCF        STATUS, 5
0x01B7	0x1303      	BCF        STATUS, 6
0x01B8	0x01BE      	CLRF       _i
L_find_row4:
0x01B9	0x3004      	MOVLW      4
0x01BA	0x023E      	SUBWF      _i, 0
0x01BB	0x1803      	BTFSC      STATUS, 0
0x01BC	0x29DD      	GOTO       L_find_row5
;multipleinterrupts.c,30 :: 		portb=~(1<<i);
0x01BD	0x083E      	MOVF       _i, 0
0x01BE	0x00F1      	MOVWF      R1
0x01BF	0x3001      	MOVLW      1
0x01C0	0x00F0      	MOVWF      R0
0x01C1	0x0871      	MOVF       R1, 0
L__find_row16:
0x01C2	0x1903      	BTFSC      STATUS, 2
0x01C3	0x29C8      	GOTO       L__find_row17
0x01C4	0x0DF0      	RLF        R0, 1
0x01C5	0x1070      	BCF        R0, 0
0x01C6	0x3EFF      	ADDLW      255
0x01C7	0x29C2      	GOTO       L__find_row16
L__find_row17:
0x01C8	0x0970      	COMF       R0, 0
0x01C9	0x0086      	MOVWF      PORTB
;multipleinterrupts.c,31 :: 		if (portb>>4 != 0x0F) {row=i+1; break;}
0x01CA	0x0806      	MOVF       PORTB, 0
0x01CB	0x00F1      	MOVWF      R1
0x01CC	0x0CF1      	RRF        R1, 1
0x01CD	0x13F1      	BCF        R1, 7
0x01CE	0x0CF1      	RRF        R1, 1
0x01CF	0x13F1      	BCF        R1, 7
0x01D0	0x0CF1      	RRF        R1, 1
0x01D1	0x13F1      	BCF        R1, 7
0x01D2	0x0CF1      	RRF        R1, 1
0x01D3	0x13F1      	BCF        R1, 7
0x01D4	0x0871      	MOVF       R1, 0
0x01D5	0x3A0F      	XORLW      15
0x01D6	0x1903      	BTFSC      STATUS, 2
0x01D7	0x29DB      	GOTO       L_find_row7
0x01D8	0x0A3E      	INCF       _i, 0
0x01D9	0x00C1      	MOVWF      _row
0x01DA	0x29DD      	GOTO       L_find_row5
L_find_row7:
;multipleinterrupts.c,28 :: 		for (i=0;i<4;i++)
0x01DB	0x0ABE      	INCF       _i, 1
;multipleinterrupts.c,32 :: 		}
0x01DC	0x29B9      	GOTO       L_find_row4
L_find_row5:
;multipleinterrupts.c,33 :: 		delay_ms(200);
0x01DD	0x3002      	MOVLW      2
0x01DE	0x00FB      	MOVWF      R11
0x01DF	0x3004      	MOVLW      4
0x01E0	0x00FC      	MOVWF      R12
0x01E1	0x30BA      	MOVLW      186
0x01E2	0x00FD      	MOVWF      R13
L_find_row8:
0x01E3	0x0BFD      	DECFSZ     R13, 1
0x01E4	0x29E3      	GOTO       L_find_row8
0x01E5	0x0BFC      	DECFSZ     R12, 1
0x01E6	0x29E3      	GOTO       L_find_row8
0x01E7	0x0BFB      	DECFSZ     R11, 1
0x01E8	0x29E3      	GOTO       L_find_row8
0x01E9	0x0000      	NOP
;multipleinterrupts.c,34 :: 		portb=0xf0;
0x01EA	0x30F0      	MOVLW      240
0x01EB	0x0086      	MOVWF      PORTB
;multipleinterrupts.c,35 :: 		}
L_end_find_row:
0x01EC	0x0008      	RETURN
; end of _find_row
_main:
0x01ED	0x3043      	MOVLW      67
0x01EE	0x1283      	BCF        STATUS, 5
0x01EF	0x1303      	BCF        STATUS, 6
0x01F0	0x00A3      	MOVWF      ?lstr2_multipleinterrupts
0x01F1	0x306F      	MOVLW      111
0x01F2	0x00A4      	MOVWF      36
0x01F3	0x306C      	MOVLW      108
0x01F4	0x00A5      	MOVWF      37
0x01F5	0x3075      	MOVLW      117
0x01F6	0x00A6      	MOVWF      38
0x01F7	0x306D      	MOVLW      109
0x01F8	0x00A7      	MOVWF      39
0x01F9	0x306E      	MOVLW      110
0x01FA	0x00A8      	MOVWF      40
0x01FB	0x3020      	MOVLW      32
0x01FC	0x00A9      	MOVWF      41
0x01FD	0x3070      	MOVLW      112
0x01FE	0x00AA      	MOVWF      42
0x01FF	0x306F      	MOVLW      111
0x0200	0x00AB      	MOVWF      43
0x0201	0x3073      	MOVLW      115
0x0202	0x00AC      	MOVWF      44
0x0203	0x303A      	MOVLW      58
0x0204	0x00AD      	MOVWF      45
0x0205	0x01AE      	CLRF       46
0x0206	0x3052      	MOVLW      82
0x0207	0x00AF      	MOVWF      ?lstr1_multipleinterrupts
0x0208	0x306F      	MOVLW      111
0x0209	0x00B0      	MOVWF      48
0x020A	0x3077      	MOVLW      119
0x020B	0x00B1      	MOVWF      49
0x020C	0x3020      	MOVLW      32
0x020D	0x00B2      	MOVWF      50
0x020E	0x3070      	MOVLW      112
0x020F	0x00B3      	MOVWF      51
0x0210	0x306F      	MOVLW      111
0x0211	0x00B4      	MOVWF      52
0x0212	0x3073      	MOVLW      115
0x0213	0x00B5      	MOVWF      53
0x0214	0x303A      	MOVLW      58
0x0215	0x00B6      	MOVWF      54
0x0216	0x3020      	MOVLW      32
0x0217	0x00B7      	MOVWF      55
0x0218	0x3020      	MOVLW      32
0x0219	0x00B8      	MOVWF      56
0x021A	0x3020      	MOVLW      32
0x021B	0x00B9      	MOVWF      57
0x021C	0x01BA      	CLRF       58
;multipleinterrupts.c,41 :: 		void main()
;multipleinterrupts.c,43 :: 		lcd_init();
0x021D	0x20F4      	CALL       _Lcd_Init
;multipleinterrupts.c,44 :: 		lcd_cmd(_lcd_cursor_off);
0x021E	0x300C      	MOVLW      12
0x021F	0x00C9      	MOVWF      FARG_Lcd_Cmd_out_char
0x0220	0x2054      	CALL       _Lcd_Cmd
;multipleinterrupts.c,45 :: 		lcd_cmd(_lcd_clear);
0x0221	0x3001      	MOVLW      1
0x0222	0x00C9      	MOVWF      FARG_Lcd_Cmd_out_char
0x0223	0x2054      	CALL       _Lcd_Cmd
;multipleinterrupts.c,46 :: 		trisb=0xF0;
0x0224	0x30F0      	MOVLW      240
0x0225	0x1683      	BSF        STATUS, 5
0x0226	0x0086      	MOVWF      TRISB
;multipleinterrupts.c,47 :: 		portb=0xF0;
0x0227	0x30F0      	MOVLW      240
0x0228	0x1283      	BCF        STATUS, 5
0x0229	0x0086      	MOVWF      PORTB
;multipleinterrupts.c,48 :: 		trisc=0;
0x022A	0x1683      	BSF        STATUS, 5
0x022B	0x0187      	CLRF       TRISC
;multipleinterrupts.c,49 :: 		trisd=0;
0x022C	0x0188      	CLRF       TRISD
;multipleinterrupts.c,50 :: 		portc=0;
0x022D	0x1283      	BCF        STATUS, 5
0x022E	0x0187      	CLRF       PORTC
;multipleinterrupts.c,51 :: 		portd=0;
0x022F	0x0188      	CLRF       PORTD
;multipleinterrupts.c,52 :: 		gie_bit=1;
0x0230	0x178B      	BSF        GIE_bit, BitPos(GIE_bit+0)
;multipleinterrupts.c,54 :: 		rbie_bit=1;
0x0231	0x158B      	BSF        RBIE_bit, BitPos(RBIE_bit+0)
;multipleinterrupts.c,55 :: 		rbif_bit=0;
0x0232	0x100B      	BCF        RBIF_bit, BitPos(RBIF_bit+0)
;multipleinterrupts.c,56 :: 		while(1){
L_main10:
;multipleinterrupts.c,57 :: 		lcd_out(1,1,"Row pos:   ");
0x0233	0x3001      	MOVLW      1
0x0234	0x00C4      	MOVWF      FARG_Lcd_Out_row
0x0235	0x3001      	MOVLW      1
0x0236	0x00C5      	MOVWF      FARG_Lcd_Out_column
0x0237	0x302F      	MOVLW      ?lstr1_multipleinterrupts
0x0238	0x00C6      	MOVWF      FARG_Lcd_Out_text
0x0239	0x20A3      	CALL       _Lcd_Out
;multipleinterrupts.c,58 :: 		lcd_chr(1,15,(char)row%10+48);
0x023A	0x3001      	MOVLW      1
0x023B	0x00C4      	MOVWF      FARG_Lcd_Chr_row
0x023C	0x300F      	MOVLW      15
0x023D	0x00C5      	MOVWF      FARG_Lcd_Chr_column
0x023E	0x300A      	MOVLW      10
0x023F	0x00F4      	MOVWF      R4
0x0240	0x0841      	MOVF       _row, 0
0x0241	0x00F0      	MOVWF      R0
0x0242	0x20E3      	CALL       _Div_8X8_U
0x0243	0x0878      	MOVF       R8, 0
0x0244	0x00F0      	MOVWF      R0
0x0245	0x3030      	MOVLW      48
0x0246	0x0770      	ADDWF      R0, 0
0x0247	0x00C6      	MOVWF      FARG_Lcd_Chr_out_char
0x0248	0x2142      	CALL       _Lcd_Chr
;multipleinterrupts.c,59 :: 		lcd_out(2,1,"Column pos:");
0x0249	0x3002      	MOVLW      2
0x024A	0x00C4      	MOVWF      FARG_Lcd_Out_row
0x024B	0x3001      	MOVLW      1
0x024C	0x00C5      	MOVWF      FARG_Lcd_Out_column
0x024D	0x3023      	MOVLW      ?lstr2_multipleinterrupts
0x024E	0x00C6      	MOVWF      FARG_Lcd_Out_text
0x024F	0x20A3      	CALL       _Lcd_Out
;multipleinterrupts.c,60 :: 		lcd_chr(2,15,(char)j%10+48);
0x0250	0x3002      	MOVLW      2
0x0251	0x00C4      	MOVWF      FARG_Lcd_Chr_row
0x0252	0x300F      	MOVLW      15
0x0253	0x00C5      	MOVWF      FARG_Lcd_Chr_column
0x0254	0x300A      	MOVLW      10
0x0255	0x00F4      	MOVWF      R4
0x0256	0x083B      	MOVF       _j, 0
0x0257	0x00F0      	MOVWF      R0
0x0258	0x20E3      	CALL       _Div_8X8_U
0x0259	0x0878      	MOVF       R8, 0
0x025A	0x00F0      	MOVWF      R0
0x025B	0x3030      	MOVLW      48
0x025C	0x0770      	ADDWF      R0, 0
0x025D	0x00C6      	MOVWF      FARG_Lcd_Chr_out_char
0x025E	0x2142      	CALL       _Lcd_Chr
;multipleinterrupts.c,62 :: 		};
0x025F	0x2A33      	GOTO       L_main10
;multipleinterrupts.c,64 :: 		}
L_end_main:
0x0260	0x2A60      	GOTO       $+0
; end of _main
Symbol List:
//** Routines locations **
//ADDRESS    SIZE    PROCEDURE
//----------------------------------------------
0x0004      [59]    _interrupt
0x003F       [8]    _Delay_50us
0x0047       [2]    _Delay_1us
0x0049      [11]    _Delay_5500us
0x0054      [64]    _Lcd_Cmd
0x0094       [8]    _Lcd_Chr_CP
0x009C       [7]    _____DoICP
0x00A3      [64]    _Lcd_Out
0x00E3      [17]    _Div_8X8_U
0x00F4      [78]    _Lcd_Init
0x0142      [53]    _Lcd_Chr
0x0177      [12]    ___CC2DW
0x0183      [51]    _find_col
0x01B6      [55]    _find_row
0x01ED     [116]    _main
//** Variables locations ** 
//ADDRESS    SIZE    VARIABLE
//----------------------------------------------
0x0000       [1]    INDF
0x0002       [1]    PCL
0x0003       [1]    STATUS
0x0004       [1]    FSR
0x0006       [1]    PORTB
0x0007       [0]    lcd_en
0x0007       [0]    lcd_rs
0x0007       [0]    lcd_d5
0x0007       [0]    lcd_d4
0x0007       [0]    RC3_bit
0x0007       [0]    RC4_bit
0x0007       [0]    RC5_bit
0x0007       [0]    RC2_bit
0x0007       [0]    RC6_bit
0x0007       [1]    PORTC
0x0007       [0]    lcd_d7
0x0007       [0]    RC7_bit
0x0007       [0]    lcd_d6
0x0008       [1]    PORTD
0x000A       [1]    PCLATH
0x000B       [0]    RBIF_bit
0x000B       [0]    GIE_bit
0x000B       [0]    PEIE_bit
0x000B       [0]    RBIE_bit
0x0023      [12]    ?lstr2_multipleinterrupts
0x002F      [12]    ?lstr1_multipleinterrupts
0x003B       [1]    _j
0x003C       [0]    __Lib_Lcd_cmd_status
0x003D       [1]    _col
0x003E       [1]    _i
0x003F       [2]    ___DoICPAddr
0x0041       [1]    _row
0x0042       [1]    ___saveSTATUS
0x0043       [1]    ___savePCLATH
0x0044       [1]    FARG_Lcd_Out_row
0x0044       [1]    FARG_Lcd_Chr_row
0x0045       [1]    FARG_Lcd_Out_column
0x0045       [1]    FARG_Lcd_Chr_column
0x0046       [1]    FARG_Lcd_Chr_out_char
0x0046       [1]    FARG_Lcd_Out_text
0x0047       [1]    Lcd_Out_i_L0
0x0048       [1]    FARG_Lcd_Chr_CP_out_char
0x0049       [1]    FARG_Lcd_Cmd_out_char
0x0070       [1]    R0
0x0071       [1]    R1
0x0072       [1]    R2
0x0073       [1]    R3
0x0074       [1]    R4
0x0075       [1]    R5
0x0076       [1]    R6
0x0077       [1]    R7
0x0078       [1]    R8
0x0079       [1]    R9
0x007A       [1]    R10
0x007B       [1]    R11
0x007C       [1]    R12
0x007D       [1]    R13
0x007E       [1]    R14
0x007F       [1]    R15
0x0086       [1]    TRISB
0x0087       [0]    lcd_d4_direction
0x0087       [0]    lcd_en_direction
0x0087       [0]    lcd_rs_direction
0x0087       [0]    lcd_d7_direction
0x0087       [0]    lcd_d6_direction
0x0087       [0]    lcd_d5_direction
0x0087       [0]    TRISC3_bit
0x0087       [0]    TRISC2_bit
0x0087       [0]    TRISC4_bit
0x0087       [0]    TRISC7_bit
0x0087       [1]    TRISC
0x0087       [0]    TRISC5_bit
0x0087       [0]    TRISC6_bit
0x0088       [1]    TRISD
