MPASM  5.50                         CHECK.ASM   11-4-2020  8:45:39         PAGE  1


LOC  OBJECT CODE     LINE SOURCE TEXT
  VALUE

  00000030            00001 temp1     equ    0x30
  00000031            00002 temp2     equ    0x31
  00000032            00003 temp3     equ    0x32
  00000006            00004 PORTB     equ    0x06
  00000086            00005 TRISB     equ    0x86
                      00006 
                      00007                         list p=16f72
                      00008                         #include  <P16f72.INC>
                      00001         LIST
                      00002 
                      00003 ;==========================================================================
                      00004 ;  MPASM PIC16F72 processor include
                      00005 ; 
                      00006 ;  (c) Copyright 1999-2013 Microchip Technology, All rights reserved
                      00007 ;==========================================================================
                      00008 
                      00400         LIST
                      00009                         #define _XTAL_FREQ 14745600
                      00010 
                      00011                 ;       _CONFIG  _CP_OFF & _WDT_OFF & _BODEN_OFF & _PWRTE_ON & _HS_OSC 
                      00012 
Warning[205]: Found directive in column 1. (ORG)
0000                  00013 ORG     0x00
Warning[203]: Found opcode in column 1. (GOTO)
0000   2801           00014 GOTO    poweron
                      00015 
0001                  00016 poweron
0001   1683 1303      00017           BANKSEL    TRISB
Message[302]: Register in operand not in bank 0.  Ensure that bank bits are correct.
0003   0186           00018           CLRF       TRISB
0004   1283 1303      00019           BANKSEL    PORTB
0006   0186           00020           CLRF       PORTB
0007   200D           00021           CALL       secdelay
                      00022           
0008                  00023 main      
0008   1786           00024                         BSF        PORTB,7
0009   200D           00025                         CALL       secdelay 
000A   1386           00026                         BCF        PORTB,7
000B   200D           00027                         CALL        secdelay
                      00028                         
000C   2808           00029                         GOTO main
                      00030                         
                      00031                         
000D                  00032 secdelay
000D   30F0           00033                         MOVLW     0xF0
000E   00B0           00034                         MOVWF     temp1
                      00035                         
000F                  00036 next1
000F   30F0           00037                         MOVLW           0xF0
0010   00B1           00038                         MOVWF           temp2
0011                  00039 next2
0011   30C0           00040                         MOVLW           0xC0
0012   00B2           00041                         MOVWF           temp3
MPASM  5.50                         CHECK.ASM   11-4-2020  8:45:39         PAGE  2


LOC  OBJECT CODE     LINE SOURCE TEXT
  VALUE

0013                  00042 next3
0013   0BB2           00043                         DECFSZ          temp3,1
0014   2813           00044                         GOTO            next3
0015   0BB1           00045                         DECFSZ          temp2,1
0016   2811           00046                         GOTO            next2
0017   0BB0           00047                         DECFSZ          temp1,1
0018   280F           00048                         GOTO            next1
0019   01B0           00049                         CLRF            temp1
001A   01B1           00050                         CLRF            temp2
001B   01B2           00051                         CLRF            temp3
001C   0008           00052                         RETURN
                      00053                         
                      00054                         END
MPASM  5.50                         CHECK.ASM   11-4-2020  8:45:39         PAGE  3


SYMBOL TABLE
  LABEL                             VALUE 

ADCON0                            0000001F
ADCON1                            0000009F
ADCS0                             00000006
ADCS1                             00000007
ADIE                              00000006
ADIF                              00000006
ADON                              00000000
ADRES                             0000001E
BF                                00000000
C                                 00000000
CCP1CON                           00000017
CCP1IE                            00000002
CCP1IF                            00000002
CCP1M0                            00000000
CCP1M1                            00000001
CCP1M2                            00000002
CCP1M3                            00000003
CCP1X                             00000005
CCP1Y                             00000004
CCPR1                             00000015
CCPR1H                            00000016
CCPR1L                            00000015
CHS0                              00000003
CHS1                              00000004
CHS2                              00000005
CKE                               00000006
CKP                               00000004
D                                 00000005
DATA_ADDRESS                      00000005
DC                                00000001
D_A                               00000005
D_NOT_A                           00000005
F                                 00000001
FSR                               00000004
GIE                               00000007
GO                                00000002
GO_DONE                           00000002
GO_NOT_DONE                       00000002
I2C_DATA                          00000005
I2C_READ                          00000002
I2C_START                         00000003
I2C_STOP                          00000004
INDF                              00000000
INTCON                            0000000B
INTE                              00000004
INTEDG                            00000006
INTF                              00000001
IRP                               00000007
NOT_A                             00000005
NOT_ADDRESS                       00000005
NOT_BO                            00000000
NOT_BOR                           00000000
NOT_DONE                          00000002
MPASM  5.50                         CHECK.ASM   11-4-2020  8:45:39         PAGE  4


SYMBOL TABLE
  LABEL                             VALUE 

NOT_PD                            00000003
NOT_POR                           00000001
NOT_RBPU                          00000007
NOT_T1SYNC                        00000002
NOT_TO                            00000004
NOT_W                             00000002
NOT_WRITE                         00000002
OPTION_REG                        00000081
P                                 00000004
PCFG0                             00000000
PCFG1                             00000001
PCFG2                             00000002
PCL                               00000002
PCLATH                            0000000A
PCON                              0000008E
PEIE                              00000006
PIE1                              0000008C
PIR1                              0000000C
PMADRH                            0000010F
PMADRL                            0000010D
PMCON1                            0000018C
PMDATH                            0000010E
PMDATL                            0000010C
PORTA                             00000005
PORTB                             00000006
PORTC                             00000007
PR2                               00000092
PS0                               00000000
PS1                               00000001
PS2                               00000002
PSA                               00000003
R                                 00000002
RA0                               00000000
RA1                               00000001
RA2                               00000002
RA3                               00000003
RA4                               00000004
RA5                               00000005
RB0                               00000000
RB1                               00000001
RB2                               00000002
RB3                               00000003
RB4                               00000004
RB5                               00000005
RB6                               00000006
RB7                               00000007
RBIE                              00000003
RBIF                              00000000
RC0                               00000000
RC1                               00000001
RC2                               00000002
RC3                               00000003
RC4                               00000004
MPASM  5.50                         CHECK.ASM   11-4-2020  8:45:39         PAGE  5


SYMBOL TABLE
  LABEL                             VALUE 

RC5                               00000005
RC6                               00000006
RC7                               00000007
RD                                00000000
READ_WRITE                        00000002
RP0                               00000005
RP1                               00000006
R_NOT_W                           00000002
R_W                               00000002
S                                 00000003
SMP                               00000007
SSPADD                            00000093
SSPBUF                            00000013
SSPCON                            00000014
SSPEN                             00000005
SSPIE                             00000003
SSPIF                             00000003
SSPM0                             00000000
SSPM1                             00000001
SSPM2                             00000002
SSPM3                             00000003
SSPOV                             00000006
SSPSTAT                           00000094
STATUS                            00000003
T0CS                              00000005
T0IE                              00000005
T0IF                              00000002
T0SE                              00000004
T1CKPS0                           00000004
T1CKPS1                           00000005
T1CON                             00000010
T1INSYNC                          00000002
T1OSCEN                           00000003
T2CKPS0                           00000000
T2CKPS1                           00000001
T2CON                             00000012
TMR0                              00000001
TMR0IE                            00000005
TMR0IF                            00000002
TMR1                              0000000E
TMR1CS                            00000001
TMR1H                             0000000F
TMR1IE                            00000000
TMR1IF                            00000000
TMR1L                             0000000E
TMR1ON                            00000000
TMR2                              00000011
TMR2IE                            00000001
TMR2IF                            00000001
TMR2ON                            00000002
TOUTPS0                           00000003
TOUTPS1                           00000004
TOUTPS2                           00000005
MPASM  5.50                         CHECK.ASM   11-4-2020  8:45:39         PAGE  6


SYMBOL TABLE
  LABEL                             VALUE 

TOUTPS3                           00000006
TRISA                             00000085
TRISA0                            00000000
TRISA1                            00000001
TRISA2                            00000002
TRISA3                            00000003
TRISA4                            00000004
TRISA5                            00000005
TRISB                             00000086
TRISB0                            00000000
TRISB1                            00000001
TRISB2                            00000002
TRISB3                            00000003
TRISB4                            00000004
TRISB5                            00000005
TRISB6                            00000006
TRISB7                            00000007
TRISC                             00000087
TRISC0                            00000000
TRISC1                            00000001
TRISC2                            00000002
TRISC3                            00000003
TRISC4                            00000004
TRISC5                            00000005
TRISC6                            00000006
TRISC7                            00000007
UA                                00000001
W                                 00000000
WCOL                              00000007
Z                                 00000002
_BODEN_OFF                        00003FBF
_BODEN_ON                         00003FFF
_BOREN_OFF                        00003FBF
_BOREN_ON                         00003FFF
_CONFIG                           00002007
_CP_ALL                           00003FEF
_CP_OFF                           00003FFF
_CP_ON                            00003FEF
_DEVID1                           00002006
_FOSC_HS                          00003FFE
_FOSC_LP                          00003FFC
_FOSC_RC                          00003FFF
_FOSC_XT                          00003FFD
_HS_OSC                           00003FFE
_IDLOC0                           00002000
_IDLOC1                           00002001
_IDLOC2                           00002002
_IDLOC3                           00002003
_LP_OSC                           00003FFC
_PWRTEN_OFF                       00003FFF
_PWRTEN_ON                        00003FF7
_PWRTE_OFF                        00003FFF
_PWRTE_ON                         00003FF7
MPASM  5.50                         CHECK.ASM   11-4-2020  8:45:39         PAGE  7


SYMBOL TABLE
  LABEL                             VALUE 

_RC_OSC                           00003FFF
_WDTEN_OFF                        00003FFB
_WDTEN_ON                         00003FFF
_WDTE_OFF                         00003FFB
_WDTE_ON                          00003FFF
_WDT_OFF                          00003FFB
_WDT_ON                           00003FFF
_XTAL_FREQ                        14745600
_XT_OSC                           00003FFD
__16F72                           00000001
main                              00000008
next1                             0000000F
next2                             00000011
next3                             00000013
poweron                           00000001
secdelay                          0000000D
temp1                             00000030
temp2                             00000031
temp3                             00000032


MEMORY USAGE MAP ('X' = Used,  '-' = Unused)

0000 : XXXXXXXXXXXXXXXX XXXXXXXXXXXXX--- ---------------- ----------------

All other memory blocks unused.

Program Memory Words Used:    29
Program Memory Words Free:  2019


Errors   :     0
Warnings :     2 reported,     0 suppressed
Messages :     1 reported,     0 suppressed

