;  LST file generated by mikroListExporter - v.2.0 
; Date/Time: 06-Jul-21 7:59:32 AM
;----------------------------------------------

;Address Opcode 	ASM
0x0000	0x29E2      	GOTO       482
_interrupt:
0x0004	0x00FF      	MOVWF      R15
0x0005	0x0E03      	SWAPF      STATUS, 0
0x0006	0x0183      	CLRF       STATUS
0x0007	0x00D0      	MOVWF      ___saveSTATUS
0x0008	0x080A      	MOVF       PCLATH, 0
0x0009	0x00CF      	MOVWF      ___savePCLATH
0x000A	0x018A      	CLRF       PCLATH
;buttontimeread.c,7 :: 		void interrupt() { if(tmr0if_bit) {tmr0if_bit=0; TMR0= 61; press_time+=50;} }
0x000B	0x1D0B      	BTFSS      TMR0IF_bit, BitPos(TMR0IF_bit+0)
0x000C	0x2814      	GOTO       L_interrupt0
0x000D	0x110B      	BCF        TMR0IF_bit, BitPos(TMR0IF_bit+0)
0x000E	0x303D      	MOVLW      61
0x000F	0x0081      	MOVWF      TMR0
0x0010	0x3032      	MOVLW      50
0x0011	0x07C0      	ADDWF      _press_time, 1
0x0012	0x1803      	BTFSC      STATUS, 0
0x0013	0x0AC1      	INCF       _press_time+1, 1
L_interrupt0:
L_end_interrupt:
L__interrupt27:
0x0014	0x084F      	MOVF       ___savePCLATH, 0
0x0015	0x008A      	MOVWF      PCLATH
0x0016	0x0E50      	SWAPF      ___saveSTATUS, 0
0x0017	0x0083      	MOVWF      STATUS
0x0018	0x0EFF      	SWAPF      R15, 1
0x0019	0x0E7F      	SWAPF      R15, 0
0x001A	0x0009      	RETFIE
; end of _interrupt
_Delay_50us:
;__Lib_Delays.c,19 :: 		void Delay_50us() {
;__Lib_Delays.c,20 :: 		Delay_us(50);
0x001B	0x3029      	MOVLW      41
0x001C	0x1283      	BCF        STATUS, 5
0x001D	0x1303      	BCF        STATUS, 6
0x001E	0x00FD      	MOVWF      R13
L_Delay_50us2:
0x001F	0x0BFD      	DECFSZ     R13, 1
0x0020	0x281F      	GOTO       L_Delay_50us2
0x0021	0x0000      	NOP
;__Lib_Delays.c,21 :: 		}
L_end_Delay_50us:
0x0022	0x0008      	RETURN
; end of _Delay_50us
_Delay_5500us:
;__Lib_Delays.c,31 :: 		void Delay_5500us() {
;__Lib_Delays.c,32 :: 		Delay_us(5500);
0x0023	0x3012      	MOVLW      18
0x0024	0x1283      	BCF        STATUS, 5
0x0025	0x1303      	BCF        STATUS, 6
0x0026	0x00FC      	MOVWF      R12
0x0027	0x30DA      	MOVLW      218
0x0028	0x00FD      	MOVWF      R13
L_Delay_5500us5:
0x0029	0x0BFD      	DECFSZ     R13, 1
0x002A	0x2829      	GOTO       L_Delay_5500us5
0x002B	0x0BFC      	DECFSZ     R12, 1
0x002C	0x2829      	GOTO       L_Delay_5500us5
0x002D	0x0000      	NOP
;__Lib_Delays.c,33 :: 		}
L_end_Delay_5500us:
0x002E	0x0008      	RETURN
; end of _Delay_5500us
_Delay_1us:
;__Lib_Delays.c,7 :: 		void Delay_1us() {
;__Lib_Delays.c,8 :: 		Delay_us(1);
0x002F	0x0000      	NOP
0x0030	0x0000      	NOP
;__Lib_Delays.c,9 :: 		}
L_end_Delay_1us:
0x0031	0x0008      	RETURN
; end of _Delay_1us
_Lcd_Cmd:
;__Lib_Lcd.c,18 :: 		
;__Lib_Lcd.c,20 :: 		
0x0032	0x1283      	BCF        STATUS, 5
0x0033	0x1303      	BCF        STATUS, 6
0x0034	0x1BDF      	BTFSC      FARG_Lcd_Cmd_out_char, 7
0x0035	0x2838      	GOTO       L__Lcd_Cmd21
0x0036	0x1387      	BCF        lcd_d7, BitPos(lcd_d7+0)
0x0037	0x2839      	GOTO       L__Lcd_Cmd22
L__Lcd_Cmd21:
0x0038	0x1787      	BSF        lcd_d7, BitPos(lcd_d7+0)
L__Lcd_Cmd22:
;__Lib_Lcd.c,21 :: 		
0x0039	0x1B5F      	BTFSC      FARG_Lcd_Cmd_out_char, 6
0x003A	0x283D      	GOTO       L__Lcd_Cmd23
0x003B	0x1307      	BCF        lcd_d6, BitPos(lcd_d6+0)
0x003C	0x283E      	GOTO       L__Lcd_Cmd24
L__Lcd_Cmd23:
0x003D	0x1707      	BSF        lcd_d6, BitPos(lcd_d6+0)
L__Lcd_Cmd24:
;__Lib_Lcd.c,22 :: 		
0x003E	0x1ADF      	BTFSC      FARG_Lcd_Cmd_out_char, 5
0x003F	0x2842      	GOTO       L__Lcd_Cmd25
0x0040	0x1287      	BCF        lcd_d5, BitPos(lcd_d5+0)
0x0041	0x2843      	GOTO       L__Lcd_Cmd26
L__Lcd_Cmd25:
0x0042	0x1687      	BSF        lcd_d5, BitPos(lcd_d5+0)
L__Lcd_Cmd26:
;__Lib_Lcd.c,23 :: 		
0x0043	0x1A5F      	BTFSC      FARG_Lcd_Cmd_out_char, 4
0x0044	0x2847      	GOTO       L__Lcd_Cmd27
0x0045	0x1207      	BCF        lcd_d4, BitPos(lcd_d4+0)
0x0046	0x2848      	GOTO       L__Lcd_Cmd28
L__Lcd_Cmd27:
0x0047	0x1607      	BSF        lcd_d4, BitPos(lcd_d4+0)
L__Lcd_Cmd28:
;__Lib_Lcd.c,25 :: 		
0x0048	0x1844      	BTFSC      __Lib_Lcd_cmd_status, BitPos(__Lib_Lcd_cmd_status+0)
0x0049	0x284C      	GOTO       L__Lcd_Cmd29
0x004A	0x1507      	BSF        lcd_rs, BitPos(lcd_rs+0)
0x004B	0x284D      	GOTO       L__Lcd_Cmd30
L__Lcd_Cmd29:
0x004C	0x1107      	BCF        lcd_rs, BitPos(lcd_rs+0)
L__Lcd_Cmd30:
;__Lib_Lcd.c,28 :: 		
0x004D	0x1587      	BSF        lcd_en, BitPos(lcd_en+0)
;__Lib_Lcd.c,29 :: 		
0x004E	0x202F      	CALL       _Delay_1us
;__Lib_Lcd.c,30 :: 		
0x004F	0x1187      	BCF        lcd_en, BitPos(lcd_en+0)
;__Lib_Lcd.c,33 :: 		
0x0050	0x19DF      	BTFSC      FARG_Lcd_Cmd_out_char, 3
0x0051	0x2854      	GOTO       L__Lcd_Cmd31
0x0052	0x1387      	BCF        lcd_d7, BitPos(lcd_d7+0)
0x0053	0x2855      	GOTO       L__Lcd_Cmd32
L__Lcd_Cmd31:
0x0054	0x1787      	BSF        lcd_d7, BitPos(lcd_d7+0)
L__Lcd_Cmd32:
;__Lib_Lcd.c,34 :: 		
0x0055	0x195F      	BTFSC      FARG_Lcd_Cmd_out_char, 2
0x0056	0x2859      	GOTO       L__Lcd_Cmd33
0x0057	0x1307      	BCF        lcd_d6, BitPos(lcd_d6+0)
0x0058	0x285A      	GOTO       L__Lcd_Cmd34
L__Lcd_Cmd33:
0x0059	0x1707      	BSF        lcd_d6, BitPos(lcd_d6+0)
L__Lcd_Cmd34:
;__Lib_Lcd.c,35 :: 		
0x005A	0x18DF      	BTFSC      FARG_Lcd_Cmd_out_char, 1
0x005B	0x285E      	GOTO       L__Lcd_Cmd35
0x005C	0x1287      	BCF        lcd_d5, BitPos(lcd_d5+0)
0x005D	0x285F      	GOTO       L__Lcd_Cmd36
L__Lcd_Cmd35:
0x005E	0x1687      	BSF        lcd_d5, BitPos(lcd_d5+0)
L__Lcd_Cmd36:
;__Lib_Lcd.c,36 :: 		
0x005F	0x185F      	BTFSC      FARG_Lcd_Cmd_out_char, 0
0x0060	0x2863      	GOTO       L__Lcd_Cmd37
0x0061	0x1207      	BCF        lcd_d4, BitPos(lcd_d4+0)
0x0062	0x2864      	GOTO       L__Lcd_Cmd38
L__Lcd_Cmd37:
0x0063	0x1607      	BSF        lcd_d4, BitPos(lcd_d4+0)
L__Lcd_Cmd38:
;__Lib_Lcd.c,38 :: 		
0x0064	0x1844      	BTFSC      __Lib_Lcd_cmd_status, BitPos(__Lib_Lcd_cmd_status+0)
0x0065	0x2868      	GOTO       L__Lcd_Cmd39
0x0066	0x1507      	BSF        lcd_rs, BitPos(lcd_rs+0)
0x0067	0x2869      	GOTO       L__Lcd_Cmd40
L__Lcd_Cmd39:
0x0068	0x1107      	BCF        lcd_rs, BitPos(lcd_rs+0)
L__Lcd_Cmd40:
;__Lib_Lcd.c,40 :: 		
0x0069	0x1587      	BSF        lcd_en, BitPos(lcd_en+0)
;__Lib_Lcd.c,41 :: 		
0x006A	0x202F      	CALL       _Delay_1us
;__Lib_Lcd.c,42 :: 		
0x006B	0x1187      	BCF        lcd_en, BitPos(lcd_en+0)
;__Lib_Lcd.c,44 :: 		
0x006C	0x1C44      	BTFSS      __Lib_Lcd_cmd_status, BitPos(__Lib_Lcd_cmd_status+0)
0x006D	0x2870      	GOTO       L_Lcd_Cmd0
;__Lib_Lcd.c,45 :: 		
0x006E	0x2023      	CALL       _Delay_5500us
0x006F	0x2871      	GOTO       L_Lcd_Cmd1
L_Lcd_Cmd0:
;__Lib_Lcd.c,47 :: 		
0x0070	0x201B      	CALL       _Delay_50us
L_Lcd_Cmd1:
;__Lib_Lcd.c,48 :: 		
L_end_Lcd_Cmd:
0x0071	0x0008      	RETURN
; end of _Lcd_Cmd
_Div_16X16_U:
;__Lib_Math.c,215 :: 		
;__Lib_Math.c,222 :: 		
0x0072	0x1283      	BCF        STATUS, 5
;__Lib_Math.c,223 :: 		
0x0073	0x1303      	BCF        STATUS, 6
;__Lib_Math.c,224 :: 		
0x0074	0x01F8      	CLRF       R8
;__Lib_Math.c,225 :: 		
0x0075	0x01F9      	CLRF       R9
;__Lib_Math.c,226 :: 		
0x0076	0x3010      	MOVLW      16
;__Lib_Math.c,227 :: 		
0x0077	0x00FC      	MOVWF      R12
;__Lib_Math.c,228 :: 		
0x0078	0x0D71      	RLF        R1, 0
;__Lib_Math.c,229 :: 		
0x0079	0x0DF8      	RLF        R8, 1
;__Lib_Math.c,230 :: 		
0x007A	0x0DF9      	RLF        R9, 1
;__Lib_Math.c,231 :: 		
0x007B	0x0874      	MOVF       R4, 0
;__Lib_Math.c,232 :: 		
0x007C	0x02F8      	SUBWF      R8, 1
;__Lib_Math.c,233 :: 		
0x007D	0x0875      	MOVF       R5, 0
;__Lib_Math.c,234 :: 		
0x007E	0x1C03      	BTFSS      STATUS, 0
;__Lib_Math.c,235 :: 		
0x007F	0x0F75      	INCFSZ     R5, 0
;__Lib_Math.c,236 :: 		
0x0080	0x02F9      	SUBWF      R9, 1
;__Lib_Math.c,237 :: 		
0x0081	0x1803      	BTFSC      STATUS, 0
;__Lib_Math.c,238 :: 		
0x0082	0x288A      	GOTO       $+8
;__Lib_Math.c,239 :: 		
0x0083	0x0874      	MOVF       R4, 0
;__Lib_Math.c,240 :: 		
0x0084	0x07F8      	ADDWF      R8, 1
;__Lib_Math.c,241 :: 		
0x0085	0x0875      	MOVF       R5, 0
;__Lib_Math.c,242 :: 		
0x0086	0x1803      	BTFSC      STATUS, 0
;__Lib_Math.c,243 :: 		
0x0087	0x0F75      	INCFSZ     R5, 0
;__Lib_Math.c,244 :: 		
0x0088	0x07F9      	ADDWF      R9, 1
;__Lib_Math.c,245 :: 		
0x0089	0x1003      	BCF        STATUS, 0
;__Lib_Math.c,246 :: 		
0x008A	0x0DF0      	RLF        R0, 1
;__Lib_Math.c,247 :: 		
0x008B	0x0DF1      	RLF        R1, 1
;__Lib_Math.c,248 :: 		
0x008C	0x0BFC      	DECFSZ     R12, 1
;__Lib_Math.c,249 :: 		
0x008D	0x2878      	GOTO       $-21
;__Lib_Math.c,251 :: 		
L_end_Div_16X16_U:
0x008E	0x0008      	RETURN
; end of _Div_16X16_U
_WordToStr:
;__Lib_Conversions.c,98 :: 		
;__Lib_Conversions.c,103 :: 		
0x008F	0x1283      	BCF        STATUS, 5
0x0090	0x1303      	BCF        STATUS, 6
0x0091	0x01DD      	CLRF       WordToStr_len_L0
L_WordToStr11:
0x0092	0x3005      	MOVLW      5
0x0093	0x025D      	SUBWF      WordToStr_len_L0, 0
0x0094	0x1803      	BTFSC      STATUS, 0
0x0095	0x289D      	GOTO       L_WordToStr12
;__Lib_Conversions.c,104 :: 		
0x0096	0x085D      	MOVF       WordToStr_len_L0, 0
0x0097	0x075C      	ADDWF      FARG_WordToStr_output, 0
0x0098	0x0084      	MOVWF      FSR
0x0099	0x3020      	MOVLW      32
0x009A	0x0080      	MOVWF      INDF
;__Lib_Conversions.c,103 :: 		
0x009B	0x0ADD      	INCF       WordToStr_len_L0, 1
;__Lib_Conversions.c,104 :: 		
0x009C	0x2892      	GOTO       L_WordToStr11
L_WordToStr12:
;__Lib_Conversions.c,105 :: 		
0x009D	0x085D      	MOVF       WordToStr_len_L0, 0
0x009E	0x075C      	ADDWF      FARG_WordToStr_output, 0
0x009F	0x0084      	MOVWF      FSR
0x00A0	0x0180      	CLRF       INDF
0x00A1	0x03DD      	DECF       WordToStr_len_L0, 1
;__Lib_Conversions.c,107 :: 		
L_WordToStr14:
;__Lib_Conversions.c,108 :: 		
0x00A2	0x085D      	MOVF       WordToStr_len_L0, 0
0x00A3	0x075C      	ADDWF      FARG_WordToStr_output, 0
0x00A4	0x00DE      	MOVWF      FLOC__WordToStr
0x00A5	0x300A      	MOVLW      10
0x00A6	0x00F4      	MOVWF      R4
0x00A7	0x01F5      	CLRF       R4+1
0x00A8	0x085A      	MOVF       FARG_WordToStr_input, 0
0x00A9	0x00F0      	MOVWF      R0
0x00AA	0x085B      	MOVF       FARG_WordToStr_input+1, 0
0x00AB	0x00F1      	MOVWF      R0+1
0x00AC	0x2072      	CALL       _Div_16X16_U
0x00AD	0x0878      	MOVF       R8, 0
0x00AE	0x00F0      	MOVWF      R0
0x00AF	0x0879      	MOVF       R8+1, 0
0x00B0	0x00F1      	MOVWF      R0+1
0x00B1	0x3030      	MOVLW      48
0x00B2	0x07F0      	ADDWF      R0, 1
0x00B3	0x085E      	MOVF       FLOC__WordToStr, 0
0x00B4	0x0084      	MOVWF      FSR
0x00B5	0x0870      	MOVF       R0, 0
0x00B6	0x0080      	MOVWF      INDF
;__Lib_Conversions.c,109 :: 		
0x00B7	0x300A      	MOVLW      10
0x00B8	0x00F4      	MOVWF      R4
0x00B9	0x01F5      	CLRF       R4+1
0x00BA	0x085A      	MOVF       FARG_WordToStr_input, 0
0x00BB	0x00F0      	MOVWF      R0
0x00BC	0x085B      	MOVF       FARG_WordToStr_input+1, 0
0x00BD	0x00F1      	MOVWF      R0+1
0x00BE	0x2072      	CALL       _Div_16X16_U
0x00BF	0x0870      	MOVF       R0, 0
0x00C0	0x00DA      	MOVWF      FARG_WordToStr_input
0x00C1	0x0871      	MOVF       R0+1, 0
0x00C2	0x00DB      	MOVWF      FARG_WordToStr_input+1
;__Lib_Conversions.c,110 :: 		
0x00C3	0x3000      	MOVLW      0
0x00C4	0x0671      	XORWF      R0+1, 0
0x00C5	0x1D03      	BTFSS      STATUS, 2
0x00C6	0x28C9      	GOTO       L__WordToStr379
0x00C7	0x3000      	MOVLW      0
0x00C8	0x0670      	XORWF      R0, 0
L__WordToStr379:
0x00C9	0x1D03      	BTFSS      STATUS, 2
0x00CA	0x28CC      	GOTO       L_WordToStr16
;__Lib_Conversions.c,111 :: 		
0x00CB	0x28CE      	GOTO       L_WordToStr15
L_WordToStr16:
;__Lib_Conversions.c,112 :: 		
0x00CC	0x03DD      	DECF       WordToStr_len_L0, 1
;__Lib_Conversions.c,113 :: 		
0x00CD	0x28A2      	GOTO       L_WordToStr14
L_WordToStr15:
;__Lib_Conversions.c,114 :: 		
L_end_WordToStr:
0x00CE	0x0008      	RETURN
; end of _WordToStr
_____DoICP:
;__Lib_System.c,6 :: 		
;__Lib_System.c,9 :: 		
0x00CF	0x1283      	BCF        STATUS, 5
0x00D0	0x1303      	BCF        STATUS, 6
0x00D1	0x0843      	MOVF       ___DoICPAddr+1, 0
0x00D2	0x008A      	MOVWF      PCLATH
;__Lib_System.c,10 :: 		
0x00D3	0x0842      	MOVF       ___DoICPAddr, 0
0x00D4	0x0082      	MOVWF      PCL
;__Lib_System.c,12 :: 		
L_end_____DoICP:
0x00D5	0x0008      	RETURN
; end of _____DoICP
_Lcd_Chr_CP:
;__Lib_Lcd.c,50 :: 		
;__Lib_Lcd.c,52 :: 		
0x00D6	0x1283      	BCF        STATUS, 5
0x00D7	0x1303      	BCF        STATUS, 6
0x00D8	0x1044      	BCF        __Lib_Lcd_cmd_status, BitPos(__Lib_Lcd_cmd_status+0)
;__Lib_Lcd.c,53 :: 		
0x00D9	0x085A      	MOVF       FARG_Lcd_Chr_CP_out_char, 0
0x00DA	0x00DF      	MOVWF      FARG_Lcd_Cmd_out_char
0x00DB	0x2032      	CALL       _Lcd_Cmd
;__Lib_Lcd.c,54 :: 		
0x00DC	0x1444      	BSF        __Lib_Lcd_cmd_status, BitPos(__Lib_Lcd_cmd_status+0)
;__Lib_Lcd.c,55 :: 		
L_end_Lcd_Chr_CP:
0x00DD	0x0008      	RETURN
; end of _Lcd_Chr_CP
_Lcd_Out:
;__Lib_Lcd.c,184 :: 		
;__Lib_Lcd.c,187 :: 		
0x00DE	0x28F0      	GOTO       L_Lcd_Out11
;__Lib_Lcd.c,188 :: 		
L_Lcd_Out13:
0x00DF	0x3080      	MOVLW      128
0x00E0	0x1283      	BCF        STATUS, 5
0x00E1	0x1303      	BCF        STATUS, 6
0x00E2	0x00D1      	MOVWF      FARG_Lcd_Out_row
0x00E3	0x2903      	GOTO       L_Lcd_Out12
;__Lib_Lcd.c,189 :: 		
L_Lcd_Out14:
0x00E4	0x30C0      	MOVLW      192
0x00E5	0x00D1      	MOVWF      FARG_Lcd_Out_row
0x00E6	0x2903      	GOTO       L_Lcd_Out12
;__Lib_Lcd.c,190 :: 		
L_Lcd_Out15:
0x00E7	0x3094      	MOVLW      148
0x00E8	0x00D1      	MOVWF      FARG_Lcd_Out_row
0x00E9	0x2903      	GOTO       L_Lcd_Out12
;__Lib_Lcd.c,191 :: 		
L_Lcd_Out16:
0x00EA	0x30D4      	MOVLW      212
0x00EB	0x00D1      	MOVWF      FARG_Lcd_Out_row
0x00EC	0x2903      	GOTO       L_Lcd_Out12
;__Lib_Lcd.c,192 :: 		
L_Lcd_Out17:
0x00ED	0x3080      	MOVLW      128
0x00EE	0x00D1      	MOVWF      FARG_Lcd_Out_row
;__Lib_Lcd.c,193 :: 		
0x00EF	0x2903      	GOTO       L_Lcd_Out12
L_Lcd_Out11:
0x00F0	0x1283      	BCF        STATUS, 5
0x00F1	0x1303      	BCF        STATUS, 6
0x00F2	0x0851      	MOVF       FARG_Lcd_Out_row, 0
0x00F3	0x3A01      	XORLW      1
0x00F4	0x1903      	BTFSC      STATUS, 2
0x00F5	0x28DF      	GOTO       L_Lcd_Out13
0x00F6	0x0851      	MOVF       FARG_Lcd_Out_row, 0
0x00F7	0x3A02      	XORLW      2
0x00F8	0x1903      	BTFSC      STATUS, 2
0x00F9	0x28E4      	GOTO       L_Lcd_Out14
0x00FA	0x0851      	MOVF       FARG_Lcd_Out_row, 0
0x00FB	0x3A03      	XORLW      3
0x00FC	0x1903      	BTFSC      STATUS, 2
0x00FD	0x28E7      	GOTO       L_Lcd_Out15
0x00FE	0x0851      	MOVF       FARG_Lcd_Out_row, 0
0x00FF	0x3A04      	XORLW      4
0x0100	0x1903      	BTFSC      STATUS, 2
0x0101	0x28EA      	GOTO       L_Lcd_Out16
0x0102	0x28ED      	GOTO       L_Lcd_Out17
L_Lcd_Out12:
;__Lib_Lcd.c,194 :: 		
0x0103	0x0352      	DECF       FARG_Lcd_Out_column, 0
0x0104	0x00F0      	MOVWF      R0
0x0105	0x0851      	MOVF       FARG_Lcd_Out_row, 0
0x0106	0x07F0      	ADDWF      R0, 1
0x0107	0x0870      	MOVF       R0, 0
0x0108	0x00D1      	MOVWF      FARG_Lcd_Out_row
;__Lib_Lcd.c,196 :: 		
0x0109	0x0870      	MOVF       R0, 0
0x010A	0x00DF      	MOVWF      FARG_Lcd_Cmd_out_char
0x010B	0x2032      	CALL       _Lcd_Cmd
;__Lib_Lcd.c,197 :: 		
0x010C	0x1044      	BCF        __Lib_Lcd_cmd_status, BitPos(__Lib_Lcd_cmd_status+0)
;__Lib_Lcd.c,198 :: 		
0x010D	0x01D4      	CLRF       Lcd_Out_i_L0
;__Lib_Lcd.c,199 :: 		
L_Lcd_Out18:
0x010E	0x0854      	MOVF       Lcd_Out_i_L0, 0
0x010F	0x0753      	ADDWF      FARG_Lcd_Out_text, 0
0x0110	0x0084      	MOVWF      FSR
0x0111	0x0800      	MOVF       INDF, 0
0x0112	0x1903      	BTFSC      STATUS, 2
0x0113	0x291C      	GOTO       L_Lcd_Out19
;__Lib_Lcd.c,200 :: 		
0x0114	0x0854      	MOVF       Lcd_Out_i_L0, 0
0x0115	0x0753      	ADDWF      FARG_Lcd_Out_text, 0
0x0116	0x0084      	MOVWF      FSR
0x0117	0x0800      	MOVF       INDF, 0
0x0118	0x00DA      	MOVWF      FARG_Lcd_Chr_CP_out_char
0x0119	0x20D6      	CALL       _Lcd_Chr_CP
0x011A	0x0AD4      	INCF       Lcd_Out_i_L0, 1
0x011B	0x290E      	GOTO       L_Lcd_Out18
L_Lcd_Out19:
;__Lib_Lcd.c,201 :: 		
0x011C	0x1444      	BSF        __Lib_Lcd_cmd_status, BitPos(__Lib_Lcd_cmd_status+0)
;__Lib_Lcd.c,202 :: 		
L_end_Lcd_Out:
0x011D	0x0008      	RETURN
; end of _Lcd_Out
_IntToStr:
;__Lib_Conversions.c,195 :: 		
;__Lib_Conversions.c,201 :: 		
0x011E	0x1283      	BCF        STATUS, 5
0x011F	0x1303      	BCF        STATUS, 6
0x0120	0x01D6      	CLRF       IntToStr_negative_L0
0x0121	0x01D7      	CLRF       IntToStr_negative_L0+1
;__Lib_Conversions.c,202 :: 		
0x0122	0x0851      	MOVF       FARG_IntToStr_input, 0
0x0123	0x00D8      	MOVWF      IntToStr_inword_L0
0x0124	0x0852      	MOVF       FARG_IntToStr_input+1, 0
0x0125	0x00D9      	MOVWF      IntToStr_inword_L0+1
;__Lib_Conversions.c,203 :: 		
0x0126	0x3080      	MOVLW      128
0x0127	0x0652      	XORWF      FARG_IntToStr_input+1, 0
0x0128	0x00F0      	MOVWF      R0
0x0129	0x3080      	MOVLW      128
0x012A	0x0270      	SUBWF      R0, 0
0x012B	0x1D03      	BTFSS      STATUS, 2
0x012C	0x292F      	GOTO       L__IntToStr387
0x012D	0x3000      	MOVLW      0
0x012E	0x0251      	SUBWF      FARG_IntToStr_input, 0
L__IntToStr387:
0x012F	0x1803      	BTFSC      STATUS, 0
0x0130	0x293D      	GOTO       L_IntToStr37
;__Lib_Conversions.c,204 :: 		
0x0131	0x3001      	MOVLW      1
0x0132	0x00D6      	MOVWF      IntToStr_negative_L0
0x0133	0x3000      	MOVLW      0
0x0134	0x00D7      	MOVWF      IntToStr_negative_L0+1
;__Lib_Conversions.c,205 :: 		
0x0135	0x0851      	MOVF       FARG_IntToStr_input, 0
0x0136	0x3C00      	SUBLW      0
0x0137	0x00D8      	MOVWF      IntToStr_inword_L0
0x0138	0x0852      	MOVF       FARG_IntToStr_input+1, 0
0x0139	0x1C03      	BTFSS      STATUS, 0
0x013A	0x3E01      	ADDLW      1
0x013B	0x01D9      	CLRF       IntToStr_inword_L0+1
0x013C	0x02D9      	SUBWF      IntToStr_inword_L0+1, 1
;__Lib_Conversions.c,206 :: 		
L_IntToStr37:
;__Lib_Conversions.c,207 :: 		
0x013D	0x0858      	MOVF       IntToStr_inword_L0, 0
0x013E	0x00DA      	MOVWF      FARG_WordToStr_input
0x013F	0x0859      	MOVF       IntToStr_inword_L0+1, 0
0x0140	0x00DB      	MOVWF      FARG_WordToStr_input+1
0x0141	0x0853      	MOVF       FARG_IntToStr_output, 0
0x0142	0x00DC      	MOVWF      FARG_WordToStr_output
0x0143	0x208F      	CALL       _WordToStr
;__Lib_Conversions.c,209 :: 		
0x0144	0x3006      	MOVLW      6
0x0145	0x00D4      	MOVWF      IntToStr_i_L0
0x0146	0x3000      	MOVLW      0
0x0147	0x00D5      	MOVWF      IntToStr_i_L0+1
;__Lib_Conversions.c,210 :: 		
L_IntToStr38:
0x0148	0x0855      	MOVF       IntToStr_i_L0+1, 0
0x0149	0x3C00      	SUBLW      0
0x014A	0x1D03      	BTFSS      STATUS, 2
0x014B	0x294E      	GOTO       L__IntToStr388
0x014C	0x0854      	MOVF       IntToStr_i_L0, 0
0x014D	0x3C00      	SUBLW      0
L__IntToStr388:
0x014E	0x1803      	BTFSC      STATUS, 0
0x014F	0x2969      	GOTO       L_IntToStr39
;__Lib_Conversions.c,211 :: 		
0x0150	0x0854      	MOVF       IntToStr_i_L0, 0
0x0151	0x0753      	ADDWF      FARG_IntToStr_output, 0
0x0152	0x00F2      	MOVWF      R2
0x0153	0x3001      	MOVLW      1
0x0154	0x0254      	SUBWF      IntToStr_i_L0, 0
0x0155	0x00F0      	MOVWF      R0
0x0156	0x3000      	MOVLW      0
0x0157	0x1C03      	BTFSS      STATUS, 0
0x0158	0x3E01      	ADDLW      1
0x0159	0x0255      	SUBWF      IntToStr_i_L0+1, 0
0x015A	0x00F1      	MOVWF      R0+1
0x015B	0x0870      	MOVF       R0, 0
0x015C	0x0753      	ADDWF      FARG_IntToStr_output, 0
0x015D	0x0084      	MOVWF      FSR
0x015E	0x0800      	MOVF       INDF, 0
0x015F	0x00F0      	MOVWF      R0
0x0160	0x0872      	MOVF       R2, 0
0x0161	0x0084      	MOVWF      FSR
0x0162	0x0870      	MOVF       R0, 0
0x0163	0x0080      	MOVWF      INDF
;__Lib_Conversions.c,212 :: 		
0x0164	0x3001      	MOVLW      1
0x0165	0x02D4      	SUBWF      IntToStr_i_L0, 1
0x0166	0x1C03      	BTFSS      STATUS, 0
0x0167	0x03D5      	DECF       IntToStr_i_L0+1, 1
;__Lib_Conversions.c,213 :: 		
0x0168	0x2948      	GOTO       L_IntToStr38
L_IntToStr39:
;__Lib_Conversions.c,214 :: 		
0x0169	0x0853      	MOVF       FARG_IntToStr_output, 0
0x016A	0x0084      	MOVWF      FSR
0x016B	0x3020      	MOVLW      32
0x016C	0x0080      	MOVWF      INDF
;__Lib_Conversions.c,215 :: 		
0x016D	0x0856      	MOVF       IntToStr_negative_L0, 0
0x016E	0x0457      	IORWF      IntToStr_negative_L0+1, 0
0x016F	0x1903      	BTFSC      STATUS, 2
0x0170	0x2987      	GOTO       L_IntToStr40
;__Lib_Conversions.c,216 :: 		
0x0171	0x01D4      	CLRF       IntToStr_i_L0
0x0172	0x01D5      	CLRF       IntToStr_i_L0+1
;__Lib_Conversions.c,217 :: 		
L_IntToStr41:
0x0173	0x0854      	MOVF       IntToStr_i_L0, 0
0x0174	0x0753      	ADDWF      FARG_IntToStr_output, 0
0x0175	0x0084      	MOVWF      FSR
0x0176	0x0800      	MOVF       INDF, 0
0x0177	0x3A20      	XORLW      32
0x0178	0x1D03      	BTFSS      STATUS, 2
0x0179	0x297E      	GOTO       L_IntToStr42
0x017A	0x0AD4      	INCF       IntToStr_i_L0, 1
0x017B	0x1903      	BTFSC      STATUS, 2
0x017C	0x0AD5      	INCF       IntToStr_i_L0+1, 1
0x017D	0x2973      	GOTO       L_IntToStr41
L_IntToStr42:
;__Lib_Conversions.c,218 :: 		
0x017E	0x3001      	MOVLW      1
0x017F	0x02D4      	SUBWF      IntToStr_i_L0, 1
0x0180	0x1C03      	BTFSS      STATUS, 0
0x0181	0x03D5      	DECF       IntToStr_i_L0+1, 1
;__Lib_Conversions.c,219 :: 		
0x0182	0x0854      	MOVF       IntToStr_i_L0, 0
0x0183	0x0753      	ADDWF      FARG_IntToStr_output, 0
0x0184	0x0084      	MOVWF      FSR
0x0185	0x302D      	MOVLW      45
0x0186	0x0080      	MOVWF      INDF
L_IntToStr40:
;__Lib_Conversions.c,220 :: 		
L_end_IntToStr:
0x0187	0x0008      	RETURN
; end of _IntToStr
___CC2DW:
;__Lib_System.c,134 :: 		
;__Lib_System.c,137 :: 		
_CC2D_Loop1:
;__Lib_System.c,139 :: 		
0x0188	0x20CF      	CALL       _____DoICP
0x0189	0x118A      	BCF        PCLATH, 3
0x018A	0x120A      	BCF        PCLATH, 4
;__Lib_System.c,141 :: 		
0x018B	0x0080      	MOVWF      INDF
;__Lib_System.c,142 :: 		
0x018C	0x0A84      	INCF       FSR, 1
;__Lib_System.c,143 :: 		
0x018D	0x0AC2      	INCF       ___DoICPAddr, 1
;__Lib_System.c,145 :: 		
0x018E	0x1903      	BTFSC      STATUS, 2
;__Lib_System.c,146 :: 		
0x018F	0x0AC3      	INCF       ___DoICPAddr+1, 1
;__Lib_System.c,147 :: 		
0x0190	0x03F0      	DECF       R0, 1
;__Lib_System.c,149 :: 		
0x0191	0x1D03      	BTFSS      STATUS, 2
;__Lib_System.c,150 :: 		
0x0192	0x2988      	GOTO       _CC2D_Loop1
;__Lib_System.c,152 :: 		
L_end___CC2DW:
0x0193	0x0008      	RETURN
; end of ___CC2DW
_Lcd_Init:
;__Lib_Lcd.c,84 :: 		
;__Lib_Lcd.c,86 :: 		
0x0194	0x1683      	BSF        STATUS, 5
0x0195	0x1303      	BCF        STATUS, 6
0x0196	0x1187      	BCF        lcd_en_direction, BitPos(lcd_en_direction+0)
;__Lib_Lcd.c,87 :: 		
0x0197	0x1107      	BCF        lcd_rs_direction, BitPos(lcd_rs_direction+0)
;__Lib_Lcd.c,88 :: 		
0x0198	0x1207      	BCF        lcd_d4_direction, BitPos(lcd_d4_direction+0)
;__Lib_Lcd.c,89 :: 		
0x0199	0x1287      	BCF        lcd_d5_direction, BitPos(lcd_d5_direction+0)
;__Lib_Lcd.c,90 :: 		
0x019A	0x1307      	BCF        lcd_d6_direction, BitPos(lcd_d6_direction+0)
;__Lib_Lcd.c,91 :: 		
0x019B	0x1387      	BCF        lcd_d7_direction, BitPos(lcd_d7_direction+0)
;__Lib_Lcd.c,93 :: 		
0x019C	0x1283      	BCF        STATUS, 5
0x019D	0x1187      	BCF        lcd_en, BitPos(lcd_en+0)
;__Lib_Lcd.c,94 :: 		
0x019E	0x1107      	BCF        lcd_rs, BitPos(lcd_rs+0)
;__Lib_Lcd.c,95 :: 		
0x019F	0x1387      	BCF        lcd_d7, BitPos(lcd_d7+0)
;__Lib_Lcd.c,96 :: 		
0x01A0	0x1307      	BCF        lcd_d6, BitPos(lcd_d6+0)
;__Lib_Lcd.c,97 :: 		
0x01A1	0x1287      	BCF        lcd_d5, BitPos(lcd_d5+0)
;__Lib_Lcd.c,98 :: 		
0x01A2	0x1207      	BCF        lcd_d4, BitPos(lcd_d4+0)
;__Lib_Lcd.c,100 :: 		
0x01A3	0x2023      	CALL       _Delay_5500us
;__Lib_Lcd.c,101 :: 		
0x01A4	0x2023      	CALL       _Delay_5500us
;__Lib_Lcd.c,102 :: 		
0x01A5	0x2023      	CALL       _Delay_5500us
;__Lib_Lcd.c,105 :: 		
0x01A6	0x1687      	BSF        lcd_d5, BitPos(lcd_d5+0)
;__Lib_Lcd.c,106 :: 		
0x01A7	0x1607      	BSF        lcd_d4, BitPos(lcd_d4+0)
;__Lib_Lcd.c,107 :: 		
0x01A8	0x1587      	BSF        lcd_en, BitPos(lcd_en+0)
;__Lib_Lcd.c,108 :: 		
0x01A9	0x202F      	CALL       _Delay_1us
;__Lib_Lcd.c,109 :: 		
0x01AA	0x1187      	BCF        lcd_en, BitPos(lcd_en+0)
;__Lib_Lcd.c,110 :: 		
0x01AB	0x2023      	CALL       _Delay_5500us
;__Lib_Lcd.c,112 :: 		
0x01AC	0x1587      	BSF        lcd_en, BitPos(lcd_en+0)
;__Lib_Lcd.c,113 :: 		
0x01AD	0x202F      	CALL       _Delay_1us
;__Lib_Lcd.c,114 :: 		
0x01AE	0x1187      	BCF        lcd_en, BitPos(lcd_en+0)
;__Lib_Lcd.c,115 :: 		
0x01AF	0x2023      	CALL       _Delay_5500us
;__Lib_Lcd.c,117 :: 		
0x01B0	0x1587      	BSF        lcd_en, BitPos(lcd_en+0)
;__Lib_Lcd.c,118 :: 		
0x01B1	0x202F      	CALL       _Delay_1us
;__Lib_Lcd.c,119 :: 		
0x01B2	0x1187      	BCF        lcd_en, BitPos(lcd_en+0)
;__Lib_Lcd.c,120 :: 		
0x01B3	0x2023      	CALL       _Delay_5500us
;__Lib_Lcd.c,123 :: 		
0x01B4	0x1207      	BCF        lcd_d4, BitPos(lcd_d4+0)
;__Lib_Lcd.c,124 :: 		
0x01B5	0x1587      	BSF        lcd_en, BitPos(lcd_en+0)
;__Lib_Lcd.c,125 :: 		
0x01B6	0x202F      	CALL       _Delay_1us
;__Lib_Lcd.c,126 :: 		
0x01B7	0x1187      	BCF        lcd_en, BitPos(lcd_en+0)
;__Lib_Lcd.c,127 :: 		
0x01B8	0x2023      	CALL       _Delay_5500us
;__Lib_Lcd.c,130 :: 		
0x01B9	0x1587      	BSF        lcd_en, BitPos(lcd_en+0)
;__Lib_Lcd.c,131 :: 		
0x01BA	0x202F      	CALL       _Delay_1us
;__Lib_Lcd.c,132 :: 		
0x01BB	0x1187      	BCF        lcd_en, BitPos(lcd_en+0)
;__Lib_Lcd.c,134 :: 		
0x01BC	0x1287      	BCF        lcd_d5, BitPos(lcd_d5+0)
;__Lib_Lcd.c,135 :: 		
0x01BD	0x1787      	BSF        lcd_d7, BitPos(lcd_d7+0)
;__Lib_Lcd.c,136 :: 		
0x01BE	0x1587      	BSF        lcd_en, BitPos(lcd_en+0)
;__Lib_Lcd.c,137 :: 		
0x01BF	0x202F      	CALL       _Delay_1us
;__Lib_Lcd.c,138 :: 		
0x01C0	0x1187      	BCF        lcd_en, BitPos(lcd_en+0)
;__Lib_Lcd.c,139 :: 		
0x01C1	0x2023      	CALL       _Delay_5500us
;__Lib_Lcd.c,142 :: 		
0x01C2	0x1387      	BCF        lcd_d7, BitPos(lcd_d7+0)
;__Lib_Lcd.c,143 :: 		
0x01C3	0x1607      	BSF        lcd_d4, BitPos(lcd_d4+0)
;__Lib_Lcd.c,144 :: 		
0x01C4	0x1587      	BSF        lcd_en, BitPos(lcd_en+0)
;__Lib_Lcd.c,145 :: 		
0x01C5	0x202F      	CALL       _Delay_1us
;__Lib_Lcd.c,146 :: 		
0x01C6	0x1187      	BCF        lcd_en, BitPos(lcd_en+0)
;__Lib_Lcd.c,148 :: 		
0x01C7	0x1207      	BCF        lcd_d4, BitPos(lcd_d4+0)
;__Lib_Lcd.c,149 :: 		
0x01C8	0x1587      	BSF        lcd_en, BitPos(lcd_en+0)
;__Lib_Lcd.c,150 :: 		
0x01C9	0x202F      	CALL       _Delay_1us
;__Lib_Lcd.c,151 :: 		
0x01CA	0x1187      	BCF        lcd_en, BitPos(lcd_en+0)
;__Lib_Lcd.c,152 :: 		
0x01CB	0x2023      	CALL       _Delay_5500us
;__Lib_Lcd.c,155 :: 		
0x01CC	0x1587      	BSF        lcd_en, BitPos(lcd_en+0)
;__Lib_Lcd.c,156 :: 		
0x01CD	0x202F      	CALL       _Delay_1us
;__Lib_Lcd.c,157 :: 		
0x01CE	0x1187      	BCF        lcd_en, BitPos(lcd_en+0)
;__Lib_Lcd.c,159 :: 		
0x01CF	0x1607      	BSF        lcd_d4, BitPos(lcd_d4+0)
;__Lib_Lcd.c,160 :: 		
0x01D0	0x1587      	BSF        lcd_en, BitPos(lcd_en+0)
;__Lib_Lcd.c,161 :: 		
0x01D1	0x202F      	CALL       _Delay_1us
;__Lib_Lcd.c,162 :: 		
0x01D2	0x1187      	BCF        lcd_en, BitPos(lcd_en+0)
;__Lib_Lcd.c,163 :: 		
0x01D3	0x2023      	CALL       _Delay_5500us
;__Lib_Lcd.c,166 :: 		
0x01D4	0x1207      	BCF        lcd_d4, BitPos(lcd_d4+0)
;__Lib_Lcd.c,167 :: 		
0x01D5	0x1587      	BSF        lcd_en, BitPos(lcd_en+0)
;__Lib_Lcd.c,168 :: 		
0x01D6	0x202F      	CALL       _Delay_1us
;__Lib_Lcd.c,169 :: 		
0x01D7	0x1187      	BCF        lcd_en, BitPos(lcd_en+0)
;__Lib_Lcd.c,171 :: 		
0x01D8	0x1787      	BSF        lcd_d7, BitPos(lcd_d7+0)
;__Lib_Lcd.c,172 :: 		
0x01D9	0x1707      	BSF        lcd_d6, BitPos(lcd_d6+0)
;__Lib_Lcd.c,173 :: 		
0x01DA	0x1687      	BSF        lcd_d5, BitPos(lcd_d5+0)
;__Lib_Lcd.c,174 :: 		
0x01DB	0x1607      	BSF        lcd_d4, BitPos(lcd_d4+0)
;__Lib_Lcd.c,175 :: 		
0x01DC	0x1587      	BSF        lcd_en, BitPos(lcd_en+0)
;__Lib_Lcd.c,176 :: 		
0x01DD	0x202F      	CALL       _Delay_1us
;__Lib_Lcd.c,177 :: 		
0x01DE	0x1187      	BCF        lcd_en, BitPos(lcd_en+0)
;__Lib_Lcd.c,179 :: 		
0x01DF	0x2023      	CALL       _Delay_5500us
;__Lib_Lcd.c,181 :: 		
0x01E0	0x1444      	BSF        __Lib_Lcd_cmd_status, BitPos(__Lib_Lcd_cmd_status+0)
;__Lib_Lcd.c,182 :: 		
L_end_Lcd_Init:
0x01E1	0x0008      	RETURN
; end of _Lcd_Init
_main:
0x01E2	0x304D      	MOVLW      77
0x01E3	0x1283      	BCF        STATUS, 5
0x01E4	0x1303      	BCF        STATUS, 6
0x01E5	0x00A0      	MOVWF      ?lstr2_buttontimeread
0x01E6	0x306F      	MOVLW      111
0x01E7	0x00A1      	MOVWF      33
0x01E8	0x3064      	MOVLW      100
0x01E9	0x00A2      	MOVWF      34
0x01EA	0x3065      	MOVLW      101
0x01EB	0x00A3      	MOVWF      35
0x01EC	0x3032      	MOVLW      50
0x01ED	0x00A4      	MOVWF      36
0x01EE	0x01A5      	CLRF       37
0x01EF	0x304D      	MOVLW      77
0x01F0	0x00A6      	MOVWF      ?lstr1_buttontimeread
0x01F1	0x306F      	MOVLW      111
0x01F2	0x00A7      	MOVWF      39
0x01F3	0x3064      	MOVLW      100
0x01F4	0x00A8      	MOVWF      40
0x01F5	0x3065      	MOVLW      101
0x01F6	0x00A9      	MOVWF      41
0x01F7	0x3031      	MOVLW      49
0x01F8	0x00AA      	MOVWF      42
0x01F9	0x01AB      	CLRF       43
0x01FA	0x304D      	MOVLW      77
0x01FB	0x00AC      	MOVWF      ?lstr3_buttontimeread
0x01FC	0x306F      	MOVLW      111
0x01FD	0x00AD      	MOVWF      45
0x01FE	0x3064      	MOVLW      100
0x01FF	0x00AE      	MOVWF      46
0x0200	0x3065      	MOVLW      101
0x0201	0x00AF      	MOVWF      47
0x0202	0x3033      	MOVLW      51
0x0203	0x00B0      	MOVWF      48
0x0204	0x01B1      	CLRF       49
0x0205	0x3049      	MOVLW      73
0x0206	0x00B2      	MOVWF      ?lstr4_buttontimeread
0x0207	0x306E      	MOVLW      110
0x0208	0x00B3      	MOVWF      51
0x0209	0x3076      	MOVLW      118
0x020A	0x00B4      	MOVWF      52
0x020B	0x3061      	MOVLW      97
0x020C	0x00B5      	MOVWF      53
0x020D	0x306C      	MOVLW      108
0x020E	0x00B6      	MOVWF      54
0x020F	0x3069      	MOVLW      105
0x0210	0x00B7      	MOVWF      55
0x0211	0x3064      	MOVLW      100
0x0212	0x00B8      	MOVWF      56
0x0213	0x3020      	MOVLW      32
0x0214	0x00B9      	MOVWF      57
0x0215	0x3070      	MOVLW      112
0x0216	0x00BA      	MOVWF      58
0x0217	0x3072      	MOVLW      114
0x0218	0x00BB      	MOVWF      59
0x0219	0x3065      	MOVLW      101
0x021A	0x00BC      	MOVWF      60
0x021B	0x3073      	MOVLW      115
0x021C	0x00BD      	MOVWF      61
0x021D	0x3073      	MOVLW      115
0x021E	0x00BE      	MOVWF      62
0x021F	0x01BF      	CLRF       63
;buttontimeread.c,8 :: 		void main()
;buttontimeread.c,10 :: 		press_time=0;
0x0220	0x01C0      	CLRF       _press_time
0x0221	0x01C1      	CLRF       _press_time+1
;buttontimeread.c,11 :: 		trisb.rb0=1;
0x0222	0x1683      	BSF        STATUS, 5
0x0223	0x1406      	BSF        TRISB, 0
;buttontimeread.c,12 :: 		trisb.rb1=0;
0x0224	0x1086      	BCF        TRISB, 1
;buttontimeread.c,13 :: 		trisb.rb2=0;
0x0225	0x1106      	BCF        TRISB, 2
;buttontimeread.c,14 :: 		led1=0;
0x0226	0x1283      	BCF        STATUS, 5
0x0227	0x1086      	BCF        RB1_bit, BitPos(RB1_bit+0)
;buttontimeread.c,15 :: 		led2=0;
0x0228	0x1106      	BCF        RB2_bit, BitPos(RB2_bit+0)
;buttontimeread.c,16 :: 		lcd_init();
0x0229	0x2194      	CALL       _Lcd_Init
;buttontimeread.c,17 :: 		lcd_cmd(_lcd_cursor_off);
0x022A	0x300C      	MOVLW      12
0x022B	0x00DF      	MOVWF      FARG_Lcd_Cmd_out_char
0x022C	0x2032      	CALL       _Lcd_Cmd
;buttontimeread.c,18 :: 		lcd_cmd(_lcd_clear);
0x022D	0x3001      	MOVLW      1
0x022E	0x00DF      	MOVWF      FARG_Lcd_Cmd_out_char
0x022F	0x2032      	CALL       _Lcd_Cmd
;buttontimeread.c,19 :: 		OPTION_REG= 0x87;
0x0230	0x3087      	MOVLW      135
0x0231	0x1683      	BSF        STATUS, 5
0x0232	0x0081      	MOVWF      OPTION_REG
;buttontimeread.c,20 :: 		INTCON        = 0xA0;
0x0233	0x30A0      	MOVLW      160
0x0234	0x008B      	MOVWF      INTCON
;buttontimeread.c,21 :: 		tmr0ie_bit=0;
0x0235	0x128B      	BCF        TMR0IE_bit, BitPos(TMR0IE_bit+0)
;buttontimeread.c,22 :: 		while(1)
L_main1:
;buttontimeread.c,24 :: 		if (!portb.rb0){  delay_ms(200);TMR0= 61; ; tmr0ie_bit=1; tmr0if_bit=0; while(!portb.rb0){inttostr(press_time,press),lcd_out(2,1,press);}; tmr0ie_bit=0; ;    // start timer and stay here until button is pressed
0x0236	0x1283      	BCF        STATUS, 5
0x0237	0x1806      	BTFSC      PORTB, 0
0x0238	0x2B27      	GOTO       L_main3
0x0239	0x3003      	MOVLW      3
0x023A	0x00FB      	MOVWF      R11
0x023B	0x308A      	MOVLW      138
0x023C	0x00FC      	MOVWF      R12
0x023D	0x3055      	MOVLW      85
0x023E	0x00FD      	MOVWF      R13
L_main4:
0x023F	0x0BFD      	DECFSZ     R13, 1
0x0240	0x2A3F      	GOTO       L_main4
0x0241	0x0BFC      	DECFSZ     R12, 1
0x0242	0x2A3F      	GOTO       L_main4
0x0243	0x0BFB      	DECFSZ     R11, 1
0x0244	0x2A3F      	GOTO       L_main4
0x0245	0x0000      	NOP
0x0246	0x0000      	NOP
0x0247	0x303D      	MOVLW      61
0x0248	0x0081      	MOVWF      TMR0
0x0249	0x168B      	BSF        TMR0IE_bit, BitPos(TMR0IE_bit+0)
0x024A	0x110B      	BCF        TMR0IF_bit, BitPos(TMR0IF_bit+0)
L_main5:
0x024B	0x1806      	BTFSC      PORTB, 0
0x024C	0x2A5C      	GOTO       L_main6
0x024D	0x0840      	MOVF       _press_time, 0
0x024E	0x00D1      	MOVWF      FARG_IntToStr_input
0x024F	0x0841      	MOVF       _press_time+1, 0
0x0250	0x00D2      	MOVWF      FARG_IntToStr_input+1
0x0251	0x3045      	MOVLW      _press
0x0252	0x00D3      	MOVWF      FARG_IntToStr_output
0x0253	0x211E      	CALL       _IntToStr
0x0254	0x3002      	MOVLW      2
0x0255	0x00D1      	MOVWF      FARG_Lcd_Out_row
0x0256	0x3001      	MOVLW      1
0x0257	0x00D2      	MOVWF      FARG_Lcd_Out_column
0x0258	0x3045      	MOVLW      _press
0x0259	0x00D3      	MOVWF      FARG_Lcd_Out_text
0x025A	0x20DE      	CALL       _Lcd_Out
0x025B	0x2A4B      	GOTO       L_main5
L_main6:
0x025C	0x128B      	BCF        TMR0IE_bit, BitPos(TMR0IE_bit+0)
;buttontimeread.c,25 :: 		if (  press_time<1000) {lcd_out(1,1,"Mode1"); led1=1;led2=0; delay_ms(1000); led1=0;led2=0;}   // mode 1
0x025D	0x3080      	MOVLW      128
0x025E	0x0641      	XORWF      _press_time+1, 0
0x025F	0x00F0      	MOVWF      R0
0x0260	0x3080      	MOVLW      128
0x0261	0x3A03      	XORLW      3
0x0262	0x0270      	SUBWF      R0, 0
0x0263	0x1D03      	BTFSS      STATUS, 2
0x0264	0x2A67      	GOTO       L__main29
0x0265	0x30E8      	MOVLW      232
0x0266	0x0240      	SUBWF      _press_time, 0
L__main29:
0x0267	0x1803      	BTFSC      STATUS, 0
0x0268	0x2A82      	GOTO       L_main7
0x0269	0x3001      	MOVLW      1
0x026A	0x00D1      	MOVWF      FARG_Lcd_Out_row
0x026B	0x3001      	MOVLW      1
0x026C	0x00D2      	MOVWF      FARG_Lcd_Out_column
0x026D	0x3026      	MOVLW      ?lstr1_buttontimeread
0x026E	0x00D3      	MOVWF      FARG_Lcd_Out_text
0x026F	0x20DE      	CALL       _Lcd_Out
0x0270	0x1486      	BSF        RB1_bit, BitPos(RB1_bit+0)
0x0271	0x1106      	BCF        RB2_bit, BitPos(RB2_bit+0)
0x0272	0x300D      	MOVLW      13
0x0273	0x00FB      	MOVWF      R11
0x0274	0x30AF      	MOVLW      175
0x0275	0x00FC      	MOVWF      R12
0x0276	0x30B6      	MOVLW      182
0x0277	0x00FD      	MOVWF      R13
L_main8:
0x0278	0x0BFD      	DECFSZ     R13, 1
0x0279	0x2A78      	GOTO       L_main8
0x027A	0x0BFC      	DECFSZ     R12, 1
0x027B	0x2A78      	GOTO       L_main8
0x027C	0x0BFB      	DECFSZ     R11, 1
0x027D	0x2A78      	GOTO       L_main8
0x027E	0x0000      	NOP
0x027F	0x1086      	BCF        RB1_bit, BitPos(RB1_bit+0)
0x0280	0x1106      	BCF        RB2_bit, BitPos(RB2_bit+0)
0x0281	0x2B27      	GOTO       L_main9
L_main7:
;buttontimeread.c,26 :: 		else if (press_time>1000 && press_time<2000) {lcd_out(1,1,"Mode2");led1=0; led2=1; delay_ms(2000); led1=0;led2=0;}  // mode 2
0x0282	0x3080      	MOVLW      128
0x0283	0x3A03      	XORLW      3
0x0284	0x00F0      	MOVWF      R0
0x0285	0x3080      	MOVLW      128
0x0286	0x0641      	XORWF      _press_time+1, 0
0x0287	0x0270      	SUBWF      R0, 0
0x0288	0x1D03      	BTFSS      STATUS, 2
0x0289	0x2A8C      	GOTO       L__main30
0x028A	0x0840      	MOVF       _press_time, 0
0x028B	0x3CE8      	SUBLW      232
L__main30:
0x028C	0x1803      	BTFSC      STATUS, 0
0x028D	0x2AB3      	GOTO       L_main12
0x028E	0x3080      	MOVLW      128
0x028F	0x0641      	XORWF      _press_time+1, 0
0x0290	0x00F0      	MOVWF      R0
0x0291	0x3080      	MOVLW      128
0x0292	0x3A07      	XORLW      7
0x0293	0x0270      	SUBWF      R0, 0
0x0294	0x1D03      	BTFSS      STATUS, 2
0x0295	0x2A98      	GOTO       L__main31
0x0296	0x30D0      	MOVLW      208
0x0297	0x0240      	SUBWF      _press_time, 0
L__main31:
0x0298	0x1803      	BTFSC      STATUS, 0
0x0299	0x2AB3      	GOTO       L_main12
L__main25:
0x029A	0x3001      	MOVLW      1
0x029B	0x00D1      	MOVWF      FARG_Lcd_Out_row
0x029C	0x3001      	MOVLW      1
0x029D	0x00D2      	MOVWF      FARG_Lcd_Out_column
0x029E	0x3020      	MOVLW      ?lstr2_buttontimeread
0x029F	0x00D3      	MOVWF      FARG_Lcd_Out_text
0x02A0	0x20DE      	CALL       _Lcd_Out
0x02A1	0x1086      	BCF        RB1_bit, BitPos(RB1_bit+0)
0x02A2	0x1506      	BSF        RB2_bit, BitPos(RB2_bit+0)
0x02A3	0x301A      	MOVLW      26
0x02A4	0x00FB      	MOVWF      R11
0x02A5	0x305E      	MOVLW      94
0x02A6	0x00FC      	MOVWF      R12
0x02A7	0x306E      	MOVLW      110
0x02A8	0x00FD      	MOVWF      R13
L_main13:
0x02A9	0x0BFD      	DECFSZ     R13, 1
0x02AA	0x2AA9      	GOTO       L_main13
0x02AB	0x0BFC      	DECFSZ     R12, 1
0x02AC	0x2AA9      	GOTO       L_main13
0x02AD	0x0BFB      	DECFSZ     R11, 1
0x02AE	0x2AA9      	GOTO       L_main13
0x02AF	0x0000      	NOP
0x02B0	0x1086      	BCF        RB1_bit, BitPos(RB1_bit+0)
0x02B1	0x1106      	BCF        RB2_bit, BitPos(RB2_bit+0)
0x02B2	0x2B27      	GOTO       L_main14
L_main12:
;buttontimeread.c,27 :: 		else if (press_time>2000 && press_time<3000) {lcd_out(1,1,"Mode3");led1=1; led2=1; delay_ms(3000); led1=0; led2=0;}   // mode 3
0x02B3	0x3080      	MOVLW      128
0x02B4	0x3A07      	XORLW      7
0x02B5	0x00F0      	MOVWF      R0
0x02B6	0x3080      	MOVLW      128
0x02B7	0x0641      	XORWF      _press_time+1, 0
0x02B8	0x0270      	SUBWF      R0, 0
0x02B9	0x1D03      	BTFSS      STATUS, 2
0x02BA	0x2ABD      	GOTO       L__main32
0x02BB	0x0840      	MOVF       _press_time, 0
0x02BC	0x3CD0      	SUBLW      208
L__main32:
0x02BD	0x1803      	BTFSC      STATUS, 0
0x02BE	0x2AE4      	GOTO       L_main17
0x02BF	0x3080      	MOVLW      128
0x02C0	0x0641      	XORWF      _press_time+1, 0
0x02C1	0x00F0      	MOVWF      R0
0x02C2	0x3080      	MOVLW      128
0x02C3	0x3A0B      	XORLW      11
0x02C4	0x0270      	SUBWF      R0, 0
0x02C5	0x1D03      	BTFSS      STATUS, 2
0x02C6	0x2AC9      	GOTO       L__main33
0x02C7	0x30B8      	MOVLW      184
0x02C8	0x0240      	SUBWF      _press_time, 0
L__main33:
0x02C9	0x1803      	BTFSC      STATUS, 0
0x02CA	0x2AE4      	GOTO       L_main17
L__main24:
0x02CB	0x3001      	MOVLW      1
0x02CC	0x00D1      	MOVWF      FARG_Lcd_Out_row
0x02CD	0x3001      	MOVLW      1
0x02CE	0x00D2      	MOVWF      FARG_Lcd_Out_column
0x02CF	0x302C      	MOVLW      ?lstr3_buttontimeread
0x02D0	0x00D3      	MOVWF      FARG_Lcd_Out_text
0x02D1	0x20DE      	CALL       _Lcd_Out
0x02D2	0x1486      	BSF        RB1_bit, BitPos(RB1_bit+0)
0x02D3	0x1506      	BSF        RB2_bit, BitPos(RB2_bit+0)
0x02D4	0x3027      	MOVLW      39
0x02D5	0x00FB      	MOVWF      R11
0x02D6	0x300D      	MOVLW      13
0x02D7	0x00FC      	MOVWF      R12
0x02D8	0x3026      	MOVLW      38
0x02D9	0x00FD      	MOVWF      R13
L_main18:
0x02DA	0x0BFD      	DECFSZ     R13, 1
0x02DB	0x2ADA      	GOTO       L_main18
0x02DC	0x0BFC      	DECFSZ     R12, 1
0x02DD	0x2ADA      	GOTO       L_main18
0x02DE	0x0BFB      	DECFSZ     R11, 1
0x02DF	0x2ADA      	GOTO       L_main18
0x02E0	0x0000      	NOP
0x02E1	0x1086      	BCF        RB1_bit, BitPos(RB1_bit+0)
0x02E2	0x1106      	BCF        RB2_bit, BitPos(RB2_bit+0)
0x02E3	0x2B27      	GOTO       L_main19
L_main17:
;buttontimeread.c,28 :: 		else  {lcd_out(1,1,"Invalid press");led1=1; delay_ms(300); led1=0;delay_ms(200); led1=1 ;delay_ms(300); led1=0; delay_ms(200);} // Invalid press
0x02E4	0x3001      	MOVLW      1
0x02E5	0x00D1      	MOVWF      FARG_Lcd_Out_row
0x02E6	0x3001      	MOVLW      1
0x02E7	0x00D2      	MOVWF      FARG_Lcd_Out_column
0x02E8	0x3032      	MOVLW      ?lstr4_buttontimeread
0x02E9	0x00D3      	MOVWF      FARG_Lcd_Out_text
0x02EA	0x20DE      	CALL       _Lcd_Out
0x02EB	0x1486      	BSF        RB1_bit, BitPos(RB1_bit+0)
0x02EC	0x3004      	MOVLW      4
0x02ED	0x00FB      	MOVWF      R11
0x02EE	0x30CF      	MOVLW      207
0x02EF	0x00FC      	MOVWF      R12
0x02F0	0x3001      	MOVLW      1
0x02F1	0x00FD      	MOVWF      R13
L_main20:
0x02F2	0x0BFD      	DECFSZ     R13, 1
0x02F3	0x2AF2      	GOTO       L_main20
0x02F4	0x0BFC      	DECFSZ     R12, 1
0x02F5	0x2AF2      	GOTO       L_main20
0x02F6	0x0BFB      	DECFSZ     R11, 1
0x02F7	0x2AF2      	GOTO       L_main20
0x02F8	0x0000      	NOP
0x02F9	0x0000      	NOP
0x02FA	0x1086      	BCF        RB1_bit, BitPos(RB1_bit+0)
0x02FB	0x3003      	MOVLW      3
0x02FC	0x00FB      	MOVWF      R11
0x02FD	0x308A      	MOVLW      138
0x02FE	0x00FC      	MOVWF      R12
0x02FF	0x3055      	MOVLW      85
0x0300	0x00FD      	MOVWF      R13
L_main21:
0x0301	0x0BFD      	DECFSZ     R13, 1
0x0302	0x2B01      	GOTO       L_main21
0x0303	0x0BFC      	DECFSZ     R12, 1
0x0304	0x2B01      	GOTO       L_main21
0x0305	0x0BFB      	DECFSZ     R11, 1
0x0306	0x2B01      	GOTO       L_main21
0x0307	0x0000      	NOP
0x0308	0x0000      	NOP
0x0309	0x1486      	BSF        RB1_bit, BitPos(RB1_bit+0)
0x030A	0x3004      	MOVLW      4
0x030B	0x00FB      	MOVWF      R11
0x030C	0x30CF      	MOVLW      207
0x030D	0x00FC      	MOVWF      R12
0x030E	0x3001      	MOVLW      1
0x030F	0x00FD      	MOVWF      R13
L_main22:
0x0310	0x0BFD      	DECFSZ     R13, 1
0x0311	0x2B10      	GOTO       L_main22
0x0312	0x0BFC      	DECFSZ     R12, 1
0x0313	0x2B10      	GOTO       L_main22
0x0314	0x0BFB      	DECFSZ     R11, 1
0x0315	0x2B10      	GOTO       L_main22
0x0316	0x0000      	NOP
0x0317	0x0000      	NOP
0x0318	0x1086      	BCF        RB1_bit, BitPos(RB1_bit+0)
0x0319	0x3003      	MOVLW      3
0x031A	0x00FB      	MOVWF      R11
0x031B	0x308A      	MOVLW      138
0x031C	0x00FC      	MOVWF      R12
0x031D	0x3055      	MOVLW      85
0x031E	0x00FD      	MOVWF      R13
L_main23:
0x031F	0x0BFD      	DECFSZ     R13, 1
0x0320	0x2B1F      	GOTO       L_main23
0x0321	0x0BFC      	DECFSZ     R12, 1
0x0322	0x2B1F      	GOTO       L_main23
0x0323	0x0BFB      	DECFSZ     R11, 1
0x0324	0x2B1F      	GOTO       L_main23
0x0325	0x0000      	NOP
0x0326	0x0000      	NOP
L_main19:
L_main14:
L_main9:
;buttontimeread.c,30 :: 		}
L_main3:
;buttontimeread.c,31 :: 		press_time=0;
0x0327	0x01C0      	CLRF       _press_time
0x0328	0x01C1      	CLRF       _press_time+1
;buttontimeread.c,33 :: 		}
0x0329	0x2A36      	GOTO       L_main1
;buttontimeread.c,34 :: 		}
L_end_main:
0x032A	0x2B2A      	GOTO       $+0
; end of _main
Symbol List:
//** Routines locations **
//ADDRESS    SIZE    PROCEDURE
//----------------------------------------------
0x0004      [23]    _interrupt
0x001B       [8]    _Delay_50us
0x0023      [12]    _Delay_5500us
0x002F       [3]    _Delay_1us
0x0032      [64]    _Lcd_Cmd
0x0072      [29]    _Div_16X16_U
0x008F      [64]    _WordToStr
0x00CF       [7]    _____DoICP
0x00D6       [8]    _Lcd_Chr_CP
0x00DE      [64]    _Lcd_Out
0x011E     [106]    _IntToStr
0x0188      [12]    ___CC2DW
0x0194      [78]    _Lcd_Init
0x01E2     [329]    _main
//** Variables locations ** 
//ADDRESS    SIZE    VARIABLE
//----------------------------------------------
0x0000       [1]    INDF
0x0001       [1]    TMR0
0x0002       [1]    PCL
0x0003       [1]    STATUS
0x0004       [1]    FSR
0x0006       [0]    led1
0x0006       [0]    led2
0x0006       [0]    RB1_bit
0x0006       [0]    RB2_bit
0x0006       [1]    PORTB
0x0007       [0]    lcd_d4
0x0007       [0]    lcd_en
0x0007       [0]    lcd_d6
0x0007       [0]    lcd_d5
0x0007       [0]    lcd_d7
0x0007       [0]    lcd_rs
0x0007       [0]    RC7_bit
0x0007       [0]    RC5_bit
0x0007       [0]    RC6_bit
0x0007       [0]    RC4_bit
0x0007       [0]    RC2_bit
0x0007       [0]    RC3_bit
0x000A       [1]    PCLATH
0x000B       [0]    TMR0IE_bit
0x000B       [1]    INTCON
0x000B       [0]    TMR0IF_bit
0x0020       [6]    ?lstr2_buttontimeread
0x0026       [6]    ?lstr1_buttontimeread
0x002C       [6]    ?lstr3_buttontimeread
0x0032      [14]    ?lstr4_buttontimeread
0x0040       [2]    _press_time
0x0042       [2]    ___DoICPAddr
0x0044       [0]    __Lib_Lcd_cmd_status
0x0045      [10]    _press
0x004F       [1]    ___savePCLATH
0x0050       [1]    ___saveSTATUS
0x0051       [2]    FARG_IntToStr_input
0x0051       [1]    FARG_Lcd_Out_row
0x0052       [1]    FARG_Lcd_Out_column
0x0053       [1]    FARG_IntToStr_output
0x0053       [1]    FARG_Lcd_Out_text
0x0054       [2]    IntToStr_i_L0
0x0054       [1]    Lcd_Out_i_L0
0x0056       [2]    IntToStr_negative_L0
0x0058       [2]    IntToStr_inword_L0
0x005A       [1]    FARG_Lcd_Chr_CP_out_char
0x005A       [2]    FARG_WordToStr_input
0x005C       [1]    FARG_WordToStr_output
0x005D       [1]    WordToStr_len_L0
0x005E       [1]    FLOC__WordToStr
0x005F       [1]    FARG_Lcd_Cmd_out_char
0x0070       [1]    R0
0x0071       [1]    R1
0x0072       [1]    R2
0x0073       [1]    R3
0x0074       [1]    R4
0x0075       [1]    R5
0x0076       [1]    R6
0x0077       [1]    R7
0x0078       [1]    R8
0x0079       [1]    R9
0x007A       [1]    R10
0x007B       [1]    R11
0x007C       [1]    R12
0x007D       [1]    R13
0x007E       [1]    R14
0x007F       [1]    R15
0x0081       [1]    OPTION_REG
0x0086       [1]    TRISB
0x0087       [0]    TRISC3_bit
0x0087       [0]    TRISC2_bit
0x0087       [0]    TRISC6_bit
0x0087       [0]    TRISC7_bit
0x0087       [0]    TRISC4_bit
0x0087       [0]    TRISC5_bit
0x0087       [0]    lcd_en_direction
0x0087       [0]    lcd_d4_direction
0x0087       [0]    lcd_rs_direction
0x0087       [0]    lcd_d5_direction
0x0087       [0]    lcd_d6_direction
0x0087       [0]    lcd_d7_direction
