;  LST file generated by mikroListExporter - v.2.0 
; Date/Time: 27-Jun-21 8:12:27 AM
;----------------------------------------------

;Address Opcode 	ASM
0x0000	0x2803      	GOTO       3
_main:
;SPI.c,2 :: 		void main() {
;SPI.c,3 :: 		TRISC.RC3=0;
0x0003	0x1683      	BSF        STATUS, 5
0x0004	0x1303      	BCF        STATUS, 6
0x0005	0x1187      	BCF        TRISC, 3
;SPI.c,4 :: 		TRISC.RC4=0;
0x0006	0x1207      	BCF        TRISC, 4
;SPI.c,5 :: 		TRISC.RC5=0;
0x0007	0x1287      	BCF        TRISC, 5
;SPI.c,6 :: 		TRISB=0x00;
0x0008	0x0186      	CLRF       TRISB
;SPI.c,7 :: 		SSPEN_bit=1 ;
0x0009	0x1283      	BCF        STATUS, 5
0x000A	0x1694      	BSF        SSPEN_bit, BitPos(SSPEN_bit+0)
;SPI.c,8 :: 		SSPM0_bit=0;
0x000B	0x1014      	BCF        SSPM0_bit, BitPos(SSPM0_bit+0)
;SPI.c,9 :: 		SSPM1_bit=0;
0x000C	0x1094      	BCF        SSPM1_bit, BitPos(SSPM1_bit+0)
;SPI.c,10 :: 		SSPM2_bit=0;
0x000D	0x1114      	BCF        SSPM2_bit, BitPos(SSPM2_bit+0)
;SPI.c,11 :: 		SSPM3_bit=0;
0x000E	0x1194      	BCF        SSPM3_bit, BitPos(SSPM3_bit+0)
;SPI.c,13 :: 		CKE_bit=0 ;
0x000F	0x1683      	BSF        STATUS, 5
0x0010	0x1314      	BCF        CKE_bit, BitPos(CKE_bit+0)
;SPI.c,14 :: 		CKP_bit=0;
0x0011	0x1283      	BCF        STATUS, 5
0x0012	0x1214      	BCF        CKP_bit, BitPos(CKP_bit+0)
;SPI.c,15 :: 		SMP_bit=0 ;
0x0013	0x1683      	BSF        STATUS, 5
0x0014	0x1394      	BCF        SMP_bit, BitPos(SMP_bit+0)
;SPI.c,16 :: 		i=1;
0x0015	0x3001      	MOVLW      1
0x0016	0x1283      	BCF        STATUS, 5
0x0017	0x00A0      	MOVWF      _i
;SPI.c,17 :: 		while(1)
L_main0:
;SPI.c,19 :: 		while(i!=4){ SSPBUF=i; portb=SSPBUF; i<<=1; delay_ms(1000); }
L_main2:
0x0018	0x0820      	MOVF       _i, 0
0x0019	0x3A04      	XORLW      4
0x001A	0x1903      	BTFSC      STATUS, 2
0x001B	0x2831      	GOTO       L_main3
0x001C	0x0820      	MOVF       _i, 0
0x001D	0x0093      	MOVWF      SSPBUF
0x001E	0x0813      	MOVF       SSPBUF, 0
0x001F	0x0086      	MOVWF      PORTB
0x0020	0x0DA0      	RLF        _i, 1
0x0021	0x1020      	BCF        _i, 0
0x0022	0x3006      	MOVLW      6
0x0023	0x00FB      	MOVWF      R11
0x0024	0x3013      	MOVLW      19
0x0025	0x00FC      	MOVWF      R12
0x0026	0x30AD      	MOVLW      173
0x0027	0x00FD      	MOVWF      R13
L_main4:
0x0028	0x0BFD      	DECFSZ     R13, 1
0x0029	0x2828      	GOTO       L_main4
0x002A	0x0BFC      	DECFSZ     R12, 1
0x002B	0x2828      	GOTO       L_main4
0x002C	0x0BFB      	DECFSZ     R11, 1
0x002D	0x2828      	GOTO       L_main4
0x002E	0x0000      	NOP
0x002F	0x0000      	NOP
0x0030	0x2818      	GOTO       L_main2
L_main3:
;SPI.c,21 :: 		i=1;
0x0031	0x3001      	MOVLW      1
0x0032	0x00A0      	MOVWF      _i
;SPI.c,22 :: 		}
0x0033	0x2818      	GOTO       L_main0
;SPI.c,24 :: 		}
L_end_main:
0x0034	0x2834      	GOTO       $+0
; end of _main
Symbol List:
//** Routines locations **
//ADDRESS    SIZE    PROCEDURE
//----------------------------------------------
0x0003      [50]    _main
//** Variables locations ** 
//ADDRESS    SIZE    VARIABLE
//----------------------------------------------
0x0000       [1]    INDF
0x0003       [1]    STATUS
0x0004       [1]    FSR
0x0006       [1]    PORTB
0x000A       [1]    PCLATH
0x0013       [1]    SSPBUF
0x0014       [0]    SSPEN_bit
0x0014       [0]    SSPM1_bit
0x0014       [0]    SSPM0_bit
0x0014       [0]    SSPM3_bit
0x0014       [0]    CKP_bit
0x0014       [0]    SSPM2_bit
0x0020       [1]    _i
0x0021       [2]    ___DoICPAddr
0x0070       [1]    R0
0x0071       [1]    R1
0x0072       [1]    R2
0x0073       [1]    R3
0x0074       [1]    R4
0x0075       [1]    R5
0x0076       [1]    R6
0x0077       [1]    R7
0x0078       [1]    R8
0x0079       [1]    R9
0x007A       [1]    R10
0x007B       [1]    R11
0x007C       [1]    R12
0x007D       [1]    R13
0x007E       [1]    R14
0x007F       [1]    R15
0x0086       [1]    TRISB
0x0087       [1]    TRISC
0x0094       [0]    SMP_bit
0x0094       [0]    CKE_bit
