;  LST file generated by mikroListExporter - v.2.0 
; Date/Time: 27-Jun-21 8:27:40 AM
;----------------------------------------------

;Address Opcode 	ASM
0x0000	0x2817      	GOTO       23
_interrupt:
0x0004	0x00FF      	MOVWF      R15
0x0005	0x0E03      	SWAPF      STATUS, 0
0x0006	0x0183      	CLRF       STATUS
0x0007	0x00A4      	MOVWF      ___saveSTATUS
0x0008	0x080A      	MOVF       PCLATH, 0
0x0009	0x00A3      	MOVWF      ___savePCLATH
0x000A	0x018A      	CLRF       PCLATH
;SPI1.c,2 :: 		void interrupt() {
;SPI1.c,3 :: 		if (SSPIF_bit)
0x000B	0x1D8C      	BTFSS      SSPIF_bit, BitPos(SSPIF_bit+0)
0x000C	0x2810      	GOTO       L_interrupt0
;SPI1.c,5 :: 		read=SSPBUF;
0x000D	0x0813      	MOVF       SSPBUF, 0
0x000E	0x00A2      	MOVWF      _read
;SPI1.c,6 :: 		SSPIF_bit=0;
0x000F	0x118C      	BCF        SSPIF_bit, BitPos(SSPIF_bit+0)
;SPI1.c,7 :: 		}}
L_interrupt0:
L_end_interrupt:
L__interrupt5:
0x0010	0x0823      	MOVF       ___savePCLATH, 0
0x0011	0x008A      	MOVWF      PCLATH
0x0012	0x0E24      	SWAPF      ___saveSTATUS, 0
0x0013	0x0083      	MOVWF      STATUS
0x0014	0x0EFF      	SWAPF      R15, 1
0x0015	0x0E7F      	SWAPF      R15, 0
0x0016	0x0009      	RETFIE
; end of _interrupt
_main:
;SPI1.c,8 :: 		void main() {
;SPI1.c,9 :: 		read=0;
0x0017	0x1283      	BCF        STATUS, 5
0x0018	0x1303      	BCF        STATUS, 6
0x0019	0x01A2      	CLRF       _read
;SPI1.c,10 :: 		TRISC.RC3=1;
0x001A	0x1683      	BSF        STATUS, 5
0x001B	0x1587      	BSF        TRISC, 3
;SPI1.c,11 :: 		TRISC.RC4=1;
0x001C	0x1607      	BSF        TRISC, 4
;SPI1.c,12 :: 		TRISC.RC5=1;
0x001D	0x1687      	BSF        TRISC, 5
;SPI1.c,13 :: 		TRISB=0X00;
0x001E	0x0186      	CLRF       TRISB
;SPI1.c,14 :: 		GIE_bit=1;
0x001F	0x178B      	BSF        GIE_bit, BitPos(GIE_bit+0)
;SPI1.c,15 :: 		PEIE_bit=1;
0x0020	0x170B      	BSF        PEIE_bit, BitPos(PEIE_bit+0)
;SPI1.c,16 :: 		SSPIE_bit=1;
0x0021	0x158C      	BSF        SSPIE_bit, BitPos(SSPIE_bit+0)
;SPI1.c,17 :: 		SSPIF_bit=0;
0x0022	0x1283      	BCF        STATUS, 5
0x0023	0x118C      	BCF        SSPIF_bit, BitPos(SSPIF_bit+0)
;SPI1.c,18 :: 		BF_Bit=0;
0x0024	0x1683      	BSF        STATUS, 5
0x0025	0x1014      	BCF        BF_bit, BitPos(BF_bit+0)
;SPI1.c,19 :: 		SSPEN_bit=1;
0x0026	0x1283      	BCF        STATUS, 5
0x0027	0x1694      	BSF        SSPEN_bit, BitPos(SSPEN_bit+0)
;SPI1.c,20 :: 		CKP_bit=0;
0x0028	0x1214      	BCF        CKP_bit, BitPos(CKP_bit+0)
;SPI1.c,21 :: 		CKE_bit=0;
0x0029	0x1683      	BSF        STATUS, 5
0x002A	0x1314      	BCF        CKE_bit, BitPos(CKE_bit+0)
;SPI1.c,22 :: 		SMP_bit=0;
0x002B	0x1394      	BCF        SMP_bit, BitPos(SMP_bit+0)
;SPI1.c,23 :: 		SSPM0_bit=1;
0x002C	0x1283      	BCF        STATUS, 5
0x002D	0x1414      	BSF        SSPM0_bit, BitPos(SSPM0_bit+0)
;SPI1.c,24 :: 		SSPM1_bit=0;
0x002E	0x1094      	BCF        SSPM1_bit, BitPos(SSPM1_bit+0)
;SPI1.c,25 :: 		SSPM2_bit=1;
0x002F	0x1514      	BSF        SSPM2_bit, BitPos(SSPM2_bit+0)
;SPI1.c,26 :: 		SSPM3_bit=0;
0x0030	0x1194      	BCF        SSPM3_bit, BitPos(SSPM3_bit+0)
;SPI1.c,27 :: 		while(1){
L_main1:
;SPI1.c,28 :: 		if (BF_bit){read=SSPBUF; SSPBUF=0; BF_bit=0; }
0x0031	0x1683      	BSF        STATUS, 5
0x0032	0x1C14      	BTFSS      BF_bit, BitPos(BF_bit+0)
0x0033	0x283A      	GOTO       L_main3
0x0034	0x1283      	BCF        STATUS, 5
0x0035	0x0813      	MOVF       SSPBUF, 0
0x0036	0x00A2      	MOVWF      _read
0x0037	0x0193      	CLRF       SSPBUF
0x0038	0x1683      	BSF        STATUS, 5
0x0039	0x1014      	BCF        BF_bit, BitPos(BF_bit+0)
L_main3:
;SPI1.c,30 :: 		PORTB=SSPBUF;}
0x003A	0x1283      	BCF        STATUS, 5
0x003B	0x0813      	MOVF       SSPBUF, 0
0x003C	0x0086      	MOVWF      PORTB
0x003D	0x2831      	GOTO       L_main1
;SPI1.c,32 :: 		}
L_end_main:
0x003E	0x283E      	GOTO       $+0
; end of _main
Symbol List:
//** Routines locations **
//ADDRESS    SIZE    PROCEDURE
//----------------------------------------------
0x0004      [19]    _interrupt
0x0017      [40]    _main
//** Variables locations ** 
//ADDRESS    SIZE    VARIABLE
//----------------------------------------------
0x0000       [1]    INDF
0x0003       [1]    STATUS
0x0004       [1]    FSR
0x0006       [1]    PORTB
0x000A       [1]    PCLATH
0x000B       [0]    PEIE_bit
0x000B       [0]    GIE_bit
0x000C       [0]    SSPIF_bit
0x0013       [1]    SSPBUF
0x0014       [0]    SSPM1_bit
0x0014       [0]    CKP_bit
0x0014       [0]    SSPM2_bit
0x0014       [0]    SSPM3_bit
0x0014       [0]    SSPM0_bit
0x0014       [0]    SSPEN_bit
0x0020       [2]    ___DoICPAddr
0x0022       [1]    _read
0x0023       [1]    ___savePCLATH
0x0024       [1]    ___saveSTATUS
0x0070       [1]    R0
0x0071       [1]    R1
0x0072       [1]    R2
0x0073       [1]    R3
0x0074       [1]    R4
0x0075       [1]    R5
0x0076       [1]    R6
0x0077       [1]    R7
0x0078       [1]    R8
0x0079       [1]    R9
0x007A       [1]    R10
0x007B       [1]    R11
0x007C       [1]    R12
0x007D       [1]    R13
0x007E       [1]    R14
0x007F       [1]    R15
0x0086       [1]    TRISB
0x0087       [1]    TRISC
0x008C       [0]    SSPIE_bit
0x0094       [0]    CKE_bit
0x0094       [0]    SMP_bit
0x0094       [0]    BF_bit
