;  LST file generated by mikroListExporter - v.2.0 
; Date/Time: 27-Dec-20 2:13:22 PM
;----------------------------------------------

;Address Opcode 	ASM
0x0000	0x29F5      	GOTO       501
_Div_16x16_S_L:
;__Lib_Math.c,421 :: 		
;__Lib_Math.c,427 :: 		
0x0003	0x0D71      	RLF        R1, 0
;__Lib_Math.c,428 :: 		
0x0004	0x0DF8      	RLF        R8, 1
;__Lib_Math.c,429 :: 		
0x0005	0x0DF9      	RLF        R9, 1
;__Lib_Math.c,430 :: 		
0x0006	0x0874      	MOVF       R4, 0
;__Lib_Math.c,431 :: 		
0x0007	0x02F8      	SUBWF      R8, 1
;__Lib_Math.c,432 :: 		
0x0008	0x0875      	MOVF       R5, 0
;__Lib_Math.c,433 :: 		
0x0009	0x1C03      	BTFSS      STATUS, 0
;__Lib_Math.c,434 :: 		
0x000A	0x0F75      	INCFSZ     R5, 0
;__Lib_Math.c,435 :: 		
0x000B	0x02F9      	SUBWF      R9, 1
;__Lib_Math.c,436 :: 		
0x000C	0x0DF0      	RLF        R0, 1
;__Lib_Math.c,437 :: 		
0x000D	0x0DF1      	RLF        R1, 1
;__Lib_Math.c,439 :: 		
0x000E	0x300F      	MOVLW      15
;__Lib_Math.c,440 :: 		
0x000F	0x00FC      	MOVWF      R12
;__Lib_Math.c,442 :: 		
0x0010	0x0D71      	RLF        R1, 0
;__Lib_Math.c,443 :: 		
0x0011	0x0DF8      	RLF        R8, 1
;__Lib_Math.c,444 :: 		
0x0012	0x0DF9      	RLF        R9, 1
;__Lib_Math.c,445 :: 		
0x0013	0x0874      	MOVF       R4, 0
;__Lib_Math.c,447 :: 		
0x0014	0x1C70      	BTFSS      R0, 0
;__Lib_Math.c,448 :: 		
0x0015	0x281C      	GOTO       $+7
;__Lib_Math.c,449 :: 		
0x0016	0x02F8      	SUBWF      R8, 1
;__Lib_Math.c,450 :: 		
0x0017	0x0875      	MOVF       R5, 0
;__Lib_Math.c,451 :: 		
0x0018	0x1C03      	BTFSS      STATUS, 0
;__Lib_Math.c,452 :: 		
0x0019	0x0F75      	INCFSZ     R5, 0
;__Lib_Math.c,453 :: 		
0x001A	0x02F9      	SUBWF      R9, 1
;__Lib_Math.c,454 :: 		
0x001B	0x2821      	GOTO       $+6
;__Lib_Math.c,456 :: 		
0x001C	0x07F8      	ADDWF      R8, 1
;__Lib_Math.c,457 :: 		
0x001D	0x0875      	MOVF       R5, 0
;__Lib_Math.c,458 :: 		
0x001E	0x1803      	BTFSC      STATUS, 0
;__Lib_Math.c,459 :: 		
0x001F	0x0F75      	INCFSZ     R5, 0
;__Lib_Math.c,460 :: 		
0x0020	0x07F9      	ADDWF      R9, 1
;__Lib_Math.c,462 :: 		
0x0021	0x0DF0      	RLF        R0, 1
;__Lib_Math.c,463 :: 		
0x0022	0x0DF1      	RLF        R1, 1
;__Lib_Math.c,465 :: 		
0x0023	0x0BFC      	DECFSZ     R12, 1
;__Lib_Math.c,466 :: 		
0x0024	0x2810      	GOTO       $-20
;__Lib_Math.c,468 :: 		
0x0025	0x1870      	BTFSC      R0, 0
;__Lib_Math.c,469 :: 		
0x0026	0x282D      	GOTO       $+7
;__Lib_Math.c,470 :: 		
0x0027	0x0874      	MOVF       R4, 0
;__Lib_Math.c,471 :: 		
0x0028	0x07F8      	ADDWF      R8, 1
;__Lib_Math.c,472 :: 		
0x0029	0x0875      	MOVF       R5, 0
;__Lib_Math.c,473 :: 		
0x002A	0x1803      	BTFSC      STATUS, 0
;__Lib_Math.c,474 :: 		
0x002B	0x0F75      	INCFSZ     R5, 0
;__Lib_Math.c,475 :: 		
0x002C	0x07F9      	ADDWF      R9, 1
;__Lib_Math.c,476 :: 		
0x002D	0x0000      	NOP
;__Lib_Math.c,478 :: 		
L_end_Div_16x16_S_L:
0x002E	0x0008      	RETURN
; end of _Div_16x16_S_L
_Div_16x16_S:
;__Lib_Math.c,480 :: 		
;__Lib_Math.c,488 :: 		
0x002F	0x1283      	BCF        STATUS, 5
0x0030	0x1303      	BCF        STATUS, 6
0x0031	0x0874      	MOVF       R4, 0
0x0032	0x3A00      	XORLW      0
0x0033	0x1D03      	BTFSS      STATUS, 2
0x0034	0x283E      	GOTO       L_Div_16x16_S0
;__Lib_Math.c,489 :: 		
0x0035	0x0875      	MOVF       R5, 0
0x0036	0x3A00      	XORLW      0
0x0037	0x1D03      	BTFSS      STATUS, 2
0x0038	0x283E      	GOTO       L_Div_16x16_S1
;__Lib_Math.c,490 :: 		
0x0039	0x30FF      	MOVLW      255
0x003A	0x00F0      	MOVWF      R0
;__Lib_Math.c,491 :: 		
0x003B	0x307F      	MOVLW      127
0x003C	0x00F1      	MOVWF      R1
;__Lib_Math.c,492 :: 		
0x003D	0x2897      	GOTO       L_end_Div_16x16_S
;__Lib_Math.c,493 :: 		
L_Div_16x16_S1:
L_Div_16x16_S0:
;__Lib_Math.c,496 :: 		
0x003E	0x1283      	BCF        STATUS, 5
;__Lib_Math.c,497 :: 		
0x003F	0x1303      	BCF        STATUS, 6
;__Lib_Math.c,498 :: 		
0x0040	0x01FD      	CLRF       R13
;__Lib_Math.c,499 :: 		
0x0041	0x01F9      	CLRF       R9
;__Lib_Math.c,500 :: 		
0x0042	0x01F8      	CLRF       R8
;__Lib_Math.c,501 :: 		
0x0043	0x0871      	MOVF       R1, 0
;__Lib_Math.c,502 :: 		
0x0044	0x0470      	IORWF      R0, 0
;__Lib_Math.c,503 :: 		
0x0045	0x1903      	BTFSC      STATUS, 2
;__Lib_Math.c,504 :: 		
0x0046	0x3400      	RETLW      0
;__Lib_Math.c,506 :: 		
0x0047	0x0871      	MOVF       R1, 0
;__Lib_Math.c,507 :: 		
0x0048	0x0675      	XORWF      R5, 0
;__Lib_Math.c,508 :: 		
0x0049	0x00FA      	MOVWF      R10
;__Lib_Math.c,509 :: 		
0x004A	0x1BFA      	BTFSC      R10, 7
;__Lib_Math.c,510 :: 		
0x004B	0x09FD      	COMF       R13, 1
;__Lib_Math.c,512 :: 		
0x004C	0x01FB      	CLRF       R11
;__Lib_Math.c,514 :: 		
0x004D	0x1FF5      	BTFSS      R5, 7
;__Lib_Math.c,515 :: 		
0x004E	0x2854      	GOTO       $+6
;__Lib_Math.c,517 :: 		
0x004F	0x09F4      	COMF       R4, 1
;__Lib_Math.c,518 :: 		
0x0050	0x09F5      	COMF       R5, 1
;__Lib_Math.c,519 :: 		
0x0051	0x0AF4      	INCF       R4, 1
;__Lib_Math.c,520 :: 		
0x0052	0x1903      	BTFSC      STATUS, 2
;__Lib_Math.c,521 :: 		
0x0053	0x0AF5      	INCF       R5, 1
;__Lib_Math.c,523 :: 		
0x0054	0x1FF1      	BTFSS      R1, 7
;__Lib_Math.c,524 :: 		
0x0055	0x285B      	GOTO       $+6
;__Lib_Math.c,526 :: 		
0x0056	0x09F0      	COMF       R0, 1
;__Lib_Math.c,527 :: 		
0x0057	0x09F1      	COMF       R1, 1
;__Lib_Math.c,528 :: 		
0x0058	0x0AF0      	INCF       R0, 1
;__Lib_Math.c,529 :: 		
0x0059	0x1903      	BTFSC      STATUS, 2
;__Lib_Math.c,530 :: 		
0x005A	0x0AF1      	INCF       R1, 1
;__Lib_Math.c,532 :: 		
0x005B	0x0871      	MOVF       R1, 0
;__Lib_Math.c,533 :: 		
0x005C	0x0475      	IORWF      R5, 0
;__Lib_Math.c,534 :: 		
0x005D	0x00FA      	MOVWF      R10
;__Lib_Math.c,535 :: 		
0x005E	0x1BFA      	BTFSC      R10, 7
;__Lib_Math.c,536 :: 		
0x005F	0x2870      	GOTO       $+17
;__Lib_Math.c,538 :: 		
0x0060	0x2003      	CALL       _Div_16x16_S_L
;__Lib_Math.c,540 :: 		
0x0061	0x187B      	BTFSC      R11, 0
;__Lib_Math.c,541 :: 		
0x0062	0x2883      	GOTO       $+33
;__Lib_Math.c,543 :: 		
0x0063	0x1FFD      	BTFSS      R13, 7
;__Lib_Math.c,544 :: 		
0x0064	0x3400      	RETLW      0
;__Lib_Math.c,546 :: 		
0x0065	0x09F0      	COMF       R0, 1
;__Lib_Math.c,547 :: 		
0x0066	0x09F1      	COMF       R1, 1
;__Lib_Math.c,548 :: 		
0x0067	0x0AF0      	INCF       R0, 1
;__Lib_Math.c,549 :: 		
0x0068	0x1903      	BTFSC      STATUS, 2
;__Lib_Math.c,550 :: 		
0x0069	0x0AF1      	INCF       R1, 1
;__Lib_Math.c,552 :: 		
0x006A	0x09F8      	COMF       R8, 1
;__Lib_Math.c,553 :: 		
0x006B	0x09F9      	COMF       R9, 1
;__Lib_Math.c,554 :: 		
0x006C	0x0AF8      	INCF       R8, 1
;__Lib_Math.c,555 :: 		
0x006D	0x1903      	BTFSC      STATUS, 2
;__Lib_Math.c,556 :: 		
0x006E	0x0AF9      	INCF       R9, 1
;__Lib_Math.c,558 :: 		
0x006F	0x3400      	RETLW      0
;__Lib_Math.c,560 :: 		
0x0070	0x1FF5      	BTFSS      R5, 7
;__Lib_Math.c,561 :: 		
0x0071	0x287F      	GOTO       $+14
;__Lib_Math.c,562 :: 		
0x0072	0x1BF1      	BTFSC      R1, 7
;__Lib_Math.c,563 :: 		
0x0073	0x287B      	GOTO       $+8
;__Lib_Math.c,564 :: 		
0x0074	0x0871      	MOVF       R1, 0
;__Lib_Math.c,565 :: 		
0x0075	0x00F9      	MOVWF      R9
;__Lib_Math.c,566 :: 		
0x0076	0x0870      	MOVF       R0, 0
;__Lib_Math.c,567 :: 		
0x0077	0x00F8      	MOVWF      R8
;__Lib_Math.c,568 :: 		
0x0078	0x01F1      	CLRF       R1
;__Lib_Math.c,569 :: 		
0x0079	0x01F0      	CLRF       R0
;__Lib_Math.c,570 :: 		
0x007A	0x2863      	GOTO       $-23
;__Lib_Math.c,571 :: 		
0x007B	0x01F1      	CLRF       R1
;__Lib_Math.c,572 :: 		
0x007C	0x01F0      	CLRF       R0
;__Lib_Math.c,573 :: 		
0x007D	0x0AF0      	INCF       R0, 1
;__Lib_Math.c,574 :: 		
0x007E	0x3400      	RETLW      0
;__Lib_Math.c,576 :: 		
0x007F	0x09F1      	COMF       R1, 1
;__Lib_Math.c,577 :: 		
0x0080	0x09F0      	COMF       R0, 1
;__Lib_Math.c,578 :: 		
0x0081	0x0AFB      	INCF       R11, 1
;__Lib_Math.c,579 :: 		
0x0082	0x2860      	GOTO       $-34
;__Lib_Math.c,581 :: 		
0x0083	0x0AF8      	INCF       R8, 1
;__Lib_Math.c,582 :: 		
0x0084	0x1903      	BTFSC      STATUS, 2
;__Lib_Math.c,583 :: 		
0x0085	0x0AF9      	INCF       R9, 1
;__Lib_Math.c,584 :: 		
0x0086	0x0874      	MOVF       R4, 0
;__Lib_Math.c,585 :: 		
0x0087	0x0278      	SUBWF      R8, 0
;__Lib_Math.c,586 :: 		
0x0088	0x1D03      	BTFSS      STATUS, 2
;__Lib_Math.c,587 :: 		
0x0089	0x2863      	GOTO       $-38
;__Lib_Math.c,588 :: 		
0x008A	0x0875      	MOVF       R5, 0
;__Lib_Math.c,589 :: 		
0x008B	0x0279      	SUBWF      R9, 0
;__Lib_Math.c,590 :: 		
0x008C	0x1D03      	BTFSS      STATUS, 2
;__Lib_Math.c,591 :: 		
0x008D	0x2863      	GOTO       $-42
;__Lib_Math.c,592 :: 		
0x008E	0x01F9      	CLRF       R9
;__Lib_Math.c,593 :: 		
0x008F	0x01F8      	CLRF       R8
;__Lib_Math.c,594 :: 		
0x0090	0x0AF0      	INCF       R0, 1
;__Lib_Math.c,595 :: 		
0x0091	0x1903      	BTFSC      STATUS, 2
;__Lib_Math.c,596 :: 		
0x0092	0x0AF1      	INCF       R1, 1
;__Lib_Math.c,597 :: 		
0x0093	0x1FF1      	BTFSS      R1, 7
;__Lib_Math.c,598 :: 		
0x0094	0x2863      	GOTO       $-49
;__Lib_Math.c,599 :: 		
0x0095	0x0000      	NOP
;__Lib_Math.c,600 :: 		
0x0096	0x34FF      	RETLW      255
;__Lib_Math.c,602 :: 		
L_end_Div_16x16_S:
0x0097	0x0008      	RETURN
; end of _Div_16x16_S
_____DoICP:
;__Lib_System.c,6 :: 		
;__Lib_System.c,9 :: 		
0x0098	0x1283      	BCF        STATUS, 5
0x0099	0x1303      	BCF        STATUS, 6
0x009A	0x0839      	MOVF       ___DoICPAddr+1, 0
0x009B	0x008A      	MOVWF      PCLATH
;__Lib_System.c,10 :: 		
0x009C	0x0838      	MOVF       ___DoICPAddr, 0
0x009D	0x0082      	MOVWF      PCL
;__Lib_System.c,12 :: 		
L_end_____DoICP:
0x009E	0x0008      	RETURN
; end of _____DoICP
_start:
;timercheck.c,31 :: 		void start(int a)
;timercheck.c,32 :: 		{  portc.rc0=1;
0x009F	0x1283      	BCF        STATUS, 5
0x00A0	0x1303      	BCF        STATUS, 6
0x00A1	0x1407      	BSF        PORTC, 0
;timercheck.c,34 :: 		for(i=a;i>=0;i--)
0x00A2	0x083A      	MOVF       FARG_start_a, 0
0x00A3	0x00A0      	MOVWF      _i
0x00A4	0x083B      	MOVF       FARG_start_a+1, 0
0x00A5	0x00A1      	MOVWF      _i+1
L_start12:
0x00A6	0x3080      	MOVLW      128
0x00A7	0x0621      	XORWF      _i+1, 0
0x00A8	0x00F0      	MOVWF      R0
0x00A9	0x3080      	MOVLW      128
0x00AA	0x0270      	SUBWF      R0, 0
0x00AB	0x1D03      	BTFSS      STATUS, 2
0x00AC	0x28AF      	GOTO       L__start47
0x00AD	0x3000      	MOVLW      0
0x00AE	0x0220      	SUBWF      _i, 0
L__start47:
0x00AF	0x1C03      	BTFSS      STATUS, 0
0x00B0	0x296B      	GOTO       L_start13
;timercheck.c,36 :: 		for(j=59;j>=0;j--)
0x00B1	0x303B      	MOVLW      59
0x00B2	0x00B4      	MOVWF      _j
0x00B3	0x3000      	MOVLW      0
0x00B4	0x00B5      	MOVWF      _j+1
L_start15:
0x00B5	0x3080      	MOVLW      128
0x00B6	0x0635      	XORWF      _j+1, 0
0x00B7	0x00F0      	MOVWF      R0
0x00B8	0x3080      	MOVLW      128
0x00B9	0x0270      	SUBWF      R0, 0
0x00BA	0x1D03      	BTFSS      STATUS, 2
0x00BB	0x28BE      	GOTO       L__start48
0x00BC	0x3000      	MOVLW      0
0x00BD	0x0234      	SUBWF      _j, 0
L__start48:
0x00BE	0x1C03      	BTFSS      STATUS, 0
0x00BF	0x2966      	GOTO       L_start16
;timercheck.c,40 :: 		d1=i/10;
0x00C0	0x300A      	MOVLW      10
0x00C1	0x00F4      	MOVWF      R4
0x00C2	0x3000      	MOVLW      0
0x00C3	0x00F5      	MOVWF      R4+1
0x00C4	0x0820      	MOVF       _i, 0
0x00C5	0x00F0      	MOVWF      R0
0x00C6	0x0821      	MOVF       _i+1, 0
0x00C7	0x00F1      	MOVWF      R0+1
0x00C8	0x202F      	CALL       _Div_16x16_S
0x00C9	0x0870      	MOVF       R0, 0
0x00CA	0x00B6      	MOVWF      _d1
0x00CB	0x0871      	MOVF       R0+1, 0
0x00CC	0x00B7      	MOVWF      _d1+1
;timercheck.c,41 :: 		d2=i%10;
0x00CD	0x300A      	MOVLW      10
0x00CE	0x00F4      	MOVWF      R4
0x00CF	0x3000      	MOVLW      0
0x00D0	0x00F5      	MOVWF      R4+1
0x00D1	0x0820      	MOVF       _i, 0
0x00D2	0x00F0      	MOVWF      R0
0x00D3	0x0821      	MOVF       _i+1, 0
0x00D4	0x00F1      	MOVWF      R0+1
0x00D5	0x202F      	CALL       _Div_16x16_S
0x00D6	0x0878      	MOVF       R8, 0
0x00D7	0x00F0      	MOVWF      R0
0x00D8	0x0879      	MOVF       R8+1, 0
0x00D9	0x00F1      	MOVWF      R0+1
0x00DA	0x0870      	MOVF       R0, 0
0x00DB	0x00A8      	MOVWF      _d2
0x00DC	0x0871      	MOVF       R0+1, 0
0x00DD	0x00A9      	MOVWF      _d2+1
;timercheck.c,42 :: 		d3=j/10;
0x00DE	0x300A      	MOVLW      10
0x00DF	0x00F4      	MOVWF      R4
0x00E0	0x3000      	MOVLW      0
0x00E1	0x00F5      	MOVWF      R4+1
0x00E2	0x0834      	MOVF       _j, 0
0x00E3	0x00F0      	MOVWF      R0
0x00E4	0x0835      	MOVF       _j+1, 0
0x00E5	0x00F1      	MOVWF      R0+1
0x00E6	0x202F      	CALL       _Div_16x16_S
0x00E7	0x0870      	MOVF       R0, 0
0x00E8	0x00A2      	MOVWF      _d3
0x00E9	0x0871      	MOVF       R0+1, 0
0x00EA	0x00A3      	MOVWF      _d3+1
;timercheck.c,43 :: 		d4=j%10;
0x00EB	0x300A      	MOVLW      10
0x00EC	0x00F4      	MOVWF      R4
0x00ED	0x3000      	MOVLW      0
0x00EE	0x00F5      	MOVWF      R4+1
0x00EF	0x0834      	MOVF       _j, 0
0x00F0	0x00F0      	MOVWF      R0
0x00F1	0x0835      	MOVF       _j+1, 0
0x00F2	0x00F1      	MOVWF      R0+1
0x00F3	0x202F      	CALL       _Div_16x16_S
0x00F4	0x0878      	MOVF       R8, 0
0x00F5	0x00F0      	MOVWF      R0
0x00F6	0x0879      	MOVF       R8+1, 0
0x00F7	0x00F1      	MOVWF      R0+1
0x00F8	0x0870      	MOVF       R0, 0
0x00F9	0x00A4      	MOVWF      _d4
0x00FA	0x0871      	MOVF       R0+1, 0
0x00FB	0x00A5      	MOVWF      _d4+1
;timercheck.c,45 :: 		for(v=0;v<50;v++){
0x00FC	0x01A6      	CLRF       _v
0x00FD	0x01A7      	CLRF       _v+1
L_start18:
0x00FE	0x3080      	MOVLW      128
0x00FF	0x0627      	XORWF      _v+1, 0
0x0100	0x00F0      	MOVWF      R0
0x0101	0x3080      	MOVLW      128
0x0102	0x0270      	SUBWF      R0, 0
0x0103	0x1D03      	BTFSS      STATUS, 2
0x0104	0x2907      	GOTO       L__start49
0x0105	0x3032      	MOVLW      50
0x0106	0x0226      	SUBWF      _v, 0
L__start49:
0x0107	0x1803      	BTFSC      STATUS, 0
0x0108	0x2961      	GOTO       L_start19
;timercheck.c,46 :: 		if (!portc.rc3 || !portc.rc2)
0x0109	0x1D87      	BTFSS      PORTC, 3
0x010A	0x290E      	GOTO       L__start31
0x010B	0x1D07      	BTFSS      PORTC, 2
0x010C	0x290E      	GOTO       L__start31
0x010D	0x291C      	GOTO       L_start23
L__start31:
;timercheck.c,47 :: 		{ delay_ms(1000);
0x010E	0x301A      	MOVLW      26
0x010F	0x00FB      	MOVWF      R11
0x0110	0x305E      	MOVLW      94
0x0111	0x00FC      	MOVWF      R12
0x0112	0x306E      	MOVLW      110
0x0113	0x00FD      	MOVWF      R13
L_start24:
0x0114	0x0BFD      	DECFSZ     R13, 1
0x0115	0x2914      	GOTO       L_start24
0x0116	0x0BFC      	DECFSZ     R12, 1
0x0117	0x2914      	GOTO       L_start24
0x0118	0x0BFB      	DECFSZ     R11, 1
0x0119	0x2914      	GOTO       L_start24
0x011A	0x0000      	NOP
;timercheck.c,48 :: 		return ;}
0x011B	0x296B      	GOTO       L_end_start
L_start23:
;timercheck.c,49 :: 		portc.rc4=0;
0x011C	0x1207      	BCF        PORTC, 4
;timercheck.c,50 :: 		portb=seg[d1];
0x011D	0x0836      	MOVF       _d1, 0
0x011E	0x3E2A      	ADDLW      _seg
0x011F	0x0084      	MOVWF      FSR
0x0120	0x0800      	MOVF       INDF, 0
0x0121	0x0086      	MOVWF      PORTB
;timercheck.c,51 :: 		delay_ms(5);
0x0122	0x3021      	MOVLW      33
0x0123	0x00FC      	MOVWF      R12
0x0124	0x3076      	MOVLW      118
0x0125	0x00FD      	MOVWF      R13
L_start25:
0x0126	0x0BFD      	DECFSZ     R13, 1
0x0127	0x2926      	GOTO       L_start25
0x0128	0x0BFC      	DECFSZ     R12, 1
0x0129	0x2926      	GOTO       L_start25
0x012A	0x0000      	NOP
;timercheck.c,52 :: 		portc.rc4=1;
0x012B	0x1607      	BSF        PORTC, 4
;timercheck.c,54 :: 		portc.rc5=0;
0x012C	0x1287      	BCF        PORTC, 5
;timercheck.c,55 :: 		portb=seg[d2]+0x80;
0x012D	0x0828      	MOVF       _d2, 0
0x012E	0x3E2A      	ADDLW      _seg
0x012F	0x0084      	MOVWF      FSR
0x0130	0x3080      	MOVLW      128
0x0131	0x0700      	ADDWF      INDF, 0
0x0132	0x0086      	MOVWF      PORTB
;timercheck.c,56 :: 		delay_ms(5);
0x0133	0x3021      	MOVLW      33
0x0134	0x00FC      	MOVWF      R12
0x0135	0x3076      	MOVLW      118
0x0136	0x00FD      	MOVWF      R13
L_start26:
0x0137	0x0BFD      	DECFSZ     R13, 1
0x0138	0x2937      	GOTO       L_start26
0x0139	0x0BFC      	DECFSZ     R12, 1
0x013A	0x2937      	GOTO       L_start26
0x013B	0x0000      	NOP
;timercheck.c,57 :: 		portc.rc5=1;
0x013C	0x1687      	BSF        PORTC, 5
;timercheck.c,59 :: 		portc.rc6=0;
0x013D	0x1307      	BCF        PORTC, 6
;timercheck.c,60 :: 		portb=seg[d3];
0x013E	0x0822      	MOVF       _d3, 0
0x013F	0x3E2A      	ADDLW      _seg
0x0140	0x0084      	MOVWF      FSR
0x0141	0x0800      	MOVF       INDF, 0
0x0142	0x0086      	MOVWF      PORTB
;timercheck.c,61 :: 		delay_ms(5);
0x0143	0x3021      	MOVLW      33
0x0144	0x00FC      	MOVWF      R12
0x0145	0x3076      	MOVLW      118
0x0146	0x00FD      	MOVWF      R13
L_start27:
0x0147	0x0BFD      	DECFSZ     R13, 1
0x0148	0x2947      	GOTO       L_start27
0x0149	0x0BFC      	DECFSZ     R12, 1
0x014A	0x2947      	GOTO       L_start27
0x014B	0x0000      	NOP
;timercheck.c,62 :: 		portc.rc6=1;
0x014C	0x1707      	BSF        PORTC, 6
;timercheck.c,64 :: 		portc.rc7=0;
0x014D	0x1387      	BCF        PORTC, 7
;timercheck.c,65 :: 		portb=seg[d4];
0x014E	0x0824      	MOVF       _d4, 0
0x014F	0x3E2A      	ADDLW      _seg
0x0150	0x0084      	MOVWF      FSR
0x0151	0x0800      	MOVF       INDF, 0
0x0152	0x0086      	MOVWF      PORTB
;timercheck.c,66 :: 		delay_ms(5);
0x0153	0x3021      	MOVLW      33
0x0154	0x00FC      	MOVWF      R12
0x0155	0x3076      	MOVLW      118
0x0156	0x00FD      	MOVWF      R13
L_start28:
0x0157	0x0BFD      	DECFSZ     R13, 1
0x0158	0x2957      	GOTO       L_start28
0x0159	0x0BFC      	DECFSZ     R12, 1
0x015A	0x2957      	GOTO       L_start28
0x015B	0x0000      	NOP
;timercheck.c,67 :: 		portc.rc7=1;
0x015C	0x1787      	BSF        PORTC, 7
;timercheck.c,45 :: 		for(v=0;v<50;v++){
0x015D	0x0AA6      	INCF       _v, 1
0x015E	0x1903      	BTFSC      STATUS, 2
0x015F	0x0AA7      	INCF       _v+1, 1
;timercheck.c,68 :: 		}
0x0160	0x28FE      	GOTO       L_start18
L_start19:
;timercheck.c,36 :: 		for(j=59;j>=0;j--)
0x0161	0x3001      	MOVLW      1
0x0162	0x02B4      	SUBWF      _j, 1
0x0163	0x1C03      	BTFSS      STATUS, 0
0x0164	0x03B5      	DECF       _j+1, 1
;timercheck.c,70 :: 		}
0x0165	0x28B5      	GOTO       L_start15
L_start16:
;timercheck.c,34 :: 		for(i=a;i>=0;i--)
0x0166	0x3001      	MOVLW      1
0x0167	0x02A0      	SUBWF      _i, 1
0x0168	0x1C03      	BTFSS      STATUS, 0
0x0169	0x03A1      	DECF       _i+1, 1
;timercheck.c,72 :: 		}
0x016A	0x28A6      	GOTO       L_start12
L_start13:
;timercheck.c,73 :: 		}
L_end_start:
0x016B	0x0008      	RETURN
; end of _start
_buttonread:
;timercheck.c,4 :: 		void buttonread()
;timercheck.c,6 :: 		while(1){
L_buttonread0:
;timercheck.c,8 :: 		portc.rc0=0;
0x016C	0x1283      	BCF        STATUS, 5
0x016D	0x1303      	BCF        STATUS, 6
0x016E	0x1007      	BCF        PORTC, 0
;timercheck.c,9 :: 		portc.rc4=portc.rc5=portc.rc6=portc.rc7=0;
0x016F	0x1387      	BCF        PORTC, 7
0x0170	0x1B87      	BTFSC      PORTC, 7
0x0171	0x2974      	GOTO       L__buttonread33
0x0172	0x1307      	BCF        PORTC, 6
0x0173	0x2975      	GOTO       L__buttonread34
L__buttonread33:
0x0174	0x1707      	BSF        PORTC, 6
L__buttonread34:
0x0175	0x1B07      	BTFSC      PORTC, 6
0x0176	0x2979      	GOTO       L__buttonread35
0x0177	0x1287      	BCF        PORTC, 5
0x0178	0x297A      	GOTO       L__buttonread36
L__buttonread35:
0x0179	0x1687      	BSF        PORTC, 5
L__buttonread36:
0x017A	0x1A87      	BTFSC      PORTC, 5
0x017B	0x297E      	GOTO       L__buttonread37
0x017C	0x1207      	BCF        PORTC, 4
0x017D	0x297F      	GOTO       L__buttonread38
L__buttonread37:
0x017E	0x1607      	BSF        PORTC, 4
L__buttonread38:
;timercheck.c,10 :: 		for(i=0;i<6;i++)
0x017F	0x01A0      	CLRF       _i
0x0180	0x01A1      	CLRF       _i+1
L_buttonread2:
0x0181	0x3080      	MOVLW      128
0x0182	0x0621      	XORWF      _i+1, 0
0x0183	0x00F0      	MOVWF      R0
0x0184	0x3080      	MOVLW      128
0x0185	0x0270      	SUBWF      R0, 0
0x0186	0x1D03      	BTFSS      STATUS, 2
0x0187	0x298A      	GOTO       L__buttonread39
0x0188	0x3006      	MOVLW      6
0x0189	0x0220      	SUBWF      _i, 0
L__buttonread39:
0x018A	0x1803      	BTFSC      STATUS, 0
0x018B	0x29C9      	GOTO       L_buttonread3
;timercheck.c,12 :: 		if (!portc.rc2)
0x018C	0x1907      	BTFSC      PORTC, 2
0x018D	0x29A1      	GOTO       L_buttonread5
;timercheck.c,13 :: 		{ delay_ms(1000);
0x018E	0x301A      	MOVLW      26
0x018F	0x00FB      	MOVWF      R11
0x0190	0x305E      	MOVLW      94
0x0191	0x00FC      	MOVWF      R12
0x0192	0x306E      	MOVLW      110
0x0193	0x00FD      	MOVWF      R13
L_buttonread6:
0x0194	0x0BFD      	DECFSZ     R13, 1
0x0195	0x2994      	GOTO       L_buttonread6
0x0196	0x0BFC      	DECFSZ     R12, 1
0x0197	0x2994      	GOTO       L_buttonread6
0x0198	0x0BFB      	DECFSZ     R11, 1
0x0199	0x2994      	GOTO       L_buttonread6
0x019A	0x0000      	NOP
;timercheck.c,14 :: 		start(14);
0x019B	0x300E      	MOVLW      14
0x019C	0x00BA      	MOVWF      FARG_start_a
0x019D	0x3000      	MOVLW      0
0x019E	0x00BB      	MOVWF      FARG_start_a+1
0x019F	0x209F      	CALL       _start
;timercheck.c,15 :: 		}
0x01A0	0x29B5      	GOTO       L_buttonread7
L_buttonread5:
;timercheck.c,16 :: 		else if (!portc.rc3)
0x01A1	0x1987      	BTFSC      PORTC, 3
0x01A2	0x29B5      	GOTO       L_buttonread8
;timercheck.c,17 :: 		{ delay_ms(1000);
0x01A3	0x301A      	MOVLW      26
0x01A4	0x00FB      	MOVWF      R11
0x01A5	0x305E      	MOVLW      94
0x01A6	0x00FC      	MOVWF      R12
0x01A7	0x306E      	MOVLW      110
0x01A8	0x00FD      	MOVWF      R13
L_buttonread9:
0x01A9	0x0BFD      	DECFSZ     R13, 1
0x01AA	0x29A9      	GOTO       L_buttonread9
0x01AB	0x0BFC      	DECFSZ     R12, 1
0x01AC	0x29A9      	GOTO       L_buttonread9
0x01AD	0x0BFB      	DECFSZ     R11, 1
0x01AE	0x29A9      	GOTO       L_buttonread9
0x01AF	0x0000      	NOP
;timercheck.c,18 :: 		start(24);
0x01B0	0x3018      	MOVLW      24
0x01B1	0x00BA      	MOVWF      FARG_start_a
0x01B2	0x3000      	MOVLW      0
0x01B3	0x00BB      	MOVWF      FARG_start_a+1
0x01B4	0x209F      	CALL       _start
;timercheck.c,19 :: 		}
L_buttonread8:
L_buttonread7:
;timercheck.c,21 :: 		portb=seg[0]  ;
0x01B5	0x082A      	MOVF       _seg, 0
0x01B6	0x0086      	MOVWF      PORTB
;timercheck.c,22 :: 		delay_ms(50);
0x01B7	0x3002      	MOVLW      2
0x01B8	0x00FB      	MOVWF      R11
0x01B9	0x3045      	MOVLW      69
0x01BA	0x00FC      	MOVWF      R12
0x01BB	0x30A9      	MOVLW      169
0x01BC	0x00FD      	MOVWF      R13
L_buttonread10:
0x01BD	0x0BFD      	DECFSZ     R13, 1
0x01BE	0x29BD      	GOTO       L_buttonread10
0x01BF	0x0BFC      	DECFSZ     R12, 1
0x01C0	0x29BD      	GOTO       L_buttonread10
0x01C1	0x0BFB      	DECFSZ     R11, 1
0x01C2	0x29BD      	GOTO       L_buttonread10
0x01C3	0x0000      	NOP
0x01C4	0x0000      	NOP
;timercheck.c,10 :: 		for(i=0;i<6;i++)
0x01C5	0x0AA0      	INCF       _i, 1
0x01C6	0x1903      	BTFSC      STATUS, 2
0x01C7	0x0AA1      	INCF       _i+1, 1
;timercheck.c,23 :: 		}
0x01C8	0x2981      	GOTO       L_buttonread2
L_buttonread3:
;timercheck.c,25 :: 		portc.rc4=portc.rc5=portc.rc6=portc.rc7=1;
0x01C9	0x1787      	BSF        PORTC, 7
0x01CA	0x1B87      	BTFSC      PORTC, 7
0x01CB	0x29CE      	GOTO       L__buttonread40
0x01CC	0x1307      	BCF        PORTC, 6
0x01CD	0x29CF      	GOTO       L__buttonread41
L__buttonread40:
0x01CE	0x1707      	BSF        PORTC, 6
L__buttonread41:
0x01CF	0x1B07      	BTFSC      PORTC, 6
0x01D0	0x29D3      	GOTO       L__buttonread42
0x01D1	0x1287      	BCF        PORTC, 5
0x01D2	0x29D4      	GOTO       L__buttonread43
L__buttonread42:
0x01D3	0x1687      	BSF        PORTC, 5
L__buttonread43:
0x01D4	0x1A87      	BTFSC      PORTC, 5
0x01D5	0x29D8      	GOTO       L__buttonread44
0x01D6	0x1207      	BCF        PORTC, 4
0x01D7	0x29D9      	GOTO       L__buttonread45
L__buttonread44:
0x01D8	0x1607      	BSF        PORTC, 4
L__buttonread45:
;timercheck.c,26 :: 		delay_ms(100);
0x01D9	0x3003      	MOVLW      3
0x01DA	0x00FB      	MOVWF      R11
0x01DB	0x308A      	MOVLW      138
0x01DC	0x00FC      	MOVWF      R12
0x01DD	0x3055      	MOVLW      85
0x01DE	0x00FD      	MOVWF      R13
L_buttonread11:
0x01DF	0x0BFD      	DECFSZ     R13, 1
0x01E0	0x29DF      	GOTO       L_buttonread11
0x01E1	0x0BFC      	DECFSZ     R12, 1
0x01E2	0x29DF      	GOTO       L_buttonread11
0x01E3	0x0BFB      	DECFSZ     R11, 1
0x01E4	0x29DF      	GOTO       L_buttonread11
0x01E5	0x0000      	NOP
0x01E6	0x0000      	NOP
;timercheck.c,28 :: 		}
0x01E7	0x296C      	GOTO       L_buttonread0
;timercheck.c,29 :: 		}
L_end_buttonread:
0x01E8	0x0008      	RETURN
; end of _buttonread
___CC2DW:
;__Lib_System.c,134 :: 		
;__Lib_System.c,137 :: 		
_CC2D_Loop1:
;__Lib_System.c,139 :: 		
0x01E9	0x2098      	CALL       _____DoICP
0x01EA	0x118A      	BCF        PCLATH, 3
0x01EB	0x120A      	BCF        PCLATH, 4
;__Lib_System.c,141 :: 		
0x01EC	0x0080      	MOVWF      INDF
;__Lib_System.c,142 :: 		
0x01ED	0x0A84      	INCF       FSR, 1
;__Lib_System.c,143 :: 		
0x01EE	0x0AB8      	INCF       ___DoICPAddr, 1
;__Lib_System.c,145 :: 		
0x01EF	0x1903      	BTFSC      STATUS, 2
;__Lib_System.c,146 :: 		
0x01F0	0x0AB9      	INCF       ___DoICPAddr+1, 1
;__Lib_System.c,147 :: 		
0x01F1	0x03F0      	DECF       R0, 1
;__Lib_System.c,149 :: 		
0x01F2	0x1D03      	BTFSS      STATUS, 2
;__Lib_System.c,150 :: 		
0x01F3	0x29E9      	GOTO       _CC2D_Loop1
;__Lib_System.c,152 :: 		
L_end___CC2DW:
0x01F4	0x0008      	RETURN
; end of ___CC2DW
_main:
0x01F5	0x1283      	BCF        STATUS, 5
0x01F6	0x1303      	BCF        STATUS, 6
0x01F7	0x01A0      	CLRF       _i
0x01F8	0x01A1      	CLRF       33
0x01F9	0x01A2      	CLRF       _d3
0x01FA	0x01A3      	CLRF       35
0x01FB	0x01A4      	CLRF       _d4
0x01FC	0x01A5      	CLRF       37
0x01FD	0x01A6      	CLRF       _v
0x01FE	0x01A7      	CLRF       39
0x01FF	0x01A8      	CLRF       _d2
0x0200	0x01A9      	CLRF       41
0x0201	0x303F      	MOVLW      63
0x0202	0x00AA      	MOVWF      _seg
0x0203	0x3006      	MOVLW      6
0x0204	0x00AB      	MOVWF      43
0x0205	0x305B      	MOVLW      91
0x0206	0x00AC      	MOVWF      44
0x0207	0x304F      	MOVLW      79
0x0208	0x00AD      	MOVWF      45
0x0209	0x3066      	MOVLW      102
0x020A	0x00AE      	MOVWF      46
0x020B	0x306D      	MOVLW      109
0x020C	0x00AF      	MOVWF      47
0x020D	0x307D      	MOVLW      125
0x020E	0x00B0      	MOVWF      48
0x020F	0x3007      	MOVLW      7
0x0210	0x00B1      	MOVWF      49
0x0211	0x307F      	MOVLW      127
0x0212	0x00B2      	MOVWF      50
0x0213	0x306F      	MOVLW      111
0x0214	0x00B3      	MOVWF      51
0x0215	0x01B4      	CLRF       _j
0x0216	0x01B5      	CLRF       53
0x0217	0x01B6      	CLRF       _d1
0x0218	0x01B7      	CLRF       55
;timercheck.c,75 :: 		void main() {
;timercheck.c,77 :: 		trisb=0;
0x0219	0x1683      	BSF        STATUS, 5
0x021A	0x0186      	CLRF       TRISB
;timercheck.c,78 :: 		trisc.rc3=trisc.rc2=255;
0x021B	0x1507      	BSF        TRISC, 2
0x021C	0x1907      	BTFSC      TRISC, 2
0x021D	0x2A20      	GOTO       L__main51
0x021E	0x1187      	BCF        TRISC, 3
0x021F	0x2A21      	GOTO       L__main52
L__main51:
0x0220	0x1587      	BSF        TRISC, 3
L__main52:
;timercheck.c,79 :: 		trisc.rc0=trisc.rc4=trisc.rc5=trisc.rc6=trisc.rc7=0;
0x0221	0x1387      	BCF        TRISC, 7
0x0222	0x1B87      	BTFSC      TRISC, 7
0x0223	0x2A26      	GOTO       L__main53
0x0224	0x1307      	BCF        TRISC, 6
0x0225	0x2A27      	GOTO       L__main54
L__main53:
0x0226	0x1707      	BSF        TRISC, 6
L__main54:
0x0227	0x1B07      	BTFSC      TRISC, 6
0x0228	0x2A2B      	GOTO       L__main55
0x0229	0x1287      	BCF        TRISC, 5
0x022A	0x2A2C      	GOTO       L__main56
L__main55:
0x022B	0x1687      	BSF        TRISC, 5
L__main56:
0x022C	0x1A87      	BTFSC      TRISC, 5
0x022D	0x2A30      	GOTO       L__main57
0x022E	0x1207      	BCF        TRISC, 4
0x022F	0x2A31      	GOTO       L__main58
L__main57:
0x0230	0x1607      	BSF        TRISC, 4
L__main58:
0x0231	0x1A07      	BTFSC      TRISC, 4
0x0232	0x2A35      	GOTO       L__main59
0x0233	0x1007      	BCF        TRISC, 0
0x0234	0x2A36      	GOTO       L__main60
L__main59:
0x0235	0x1407      	BSF        TRISC, 0
L__main60:
;timercheck.c,80 :: 		portc.rc4=portc.rc5=portc.rc6=portc.rc7=1;
0x0236	0x1283      	BCF        STATUS, 5
0x0237	0x1787      	BSF        PORTC, 7
0x0238	0x1B87      	BTFSC      PORTC, 7
0x0239	0x2A3C      	GOTO       L__main61
0x023A	0x1307      	BCF        PORTC, 6
0x023B	0x2A3D      	GOTO       L__main62
L__main61:
0x023C	0x1707      	BSF        PORTC, 6
L__main62:
0x023D	0x1B07      	BTFSC      PORTC, 6
0x023E	0x2A41      	GOTO       L__main63
0x023F	0x1287      	BCF        PORTC, 5
0x0240	0x2A42      	GOTO       L__main64
L__main63:
0x0241	0x1687      	BSF        PORTC, 5
L__main64:
0x0242	0x1A87      	BTFSC      PORTC, 5
0x0243	0x2A46      	GOTO       L__main65
0x0244	0x1207      	BCF        PORTC, 4
0x0245	0x2A47      	GOTO       L__main66
L__main65:
0x0246	0x1607      	BSF        PORTC, 4
L__main66:
;timercheck.c,81 :: 		portb=1;
0x0247	0x3001      	MOVLW      1
0x0248	0x0086      	MOVWF      PORTB
;timercheck.c,82 :: 		while(1){
L_main29:
;timercheck.c,83 :: 		buttonread();
0x0249	0x216C      	CALL       _buttonread
;timercheck.c,84 :: 		}
0x024A	0x2A49      	GOTO       L_main29
;timercheck.c,85 :: 		}
L_end_main:
0x024B	0x2A4B      	GOTO       $+0
; end of _main
Symbol List:
//** Routines locations **
//ADDRESS    SIZE    PROCEDURE
//----------------------------------------------
0x0003      [44]    _Div_16x16_S_L
0x002F     [105]    _Div_16x16_S
0x0098       [7]    _____DoICP
0x009F     [205]    _start
0x016C     [125]    _buttonread
0x01E9      [12]    ___CC2DW
0x01F5      [87]    _main
//** Variables locations ** 
//ADDRESS    SIZE    VARIABLE
//----------------------------------------------
0x0000       [1]    INDF
0x0002       [1]    PCL
0x0003       [1]    STATUS
0x0004       [1]    FSR
0x0006       [1]    PORTB
0x0007       [1]    PORTC
0x000A       [1]    PCLATH
0x0020       [2]    _i
0x0022       [2]    _d3
0x0024       [2]    _d4
0x0026       [2]    _v
0x0028       [2]    _d2
0x002A      [10]    _seg
0x0034       [2]    _j
0x0036       [2]    _d1
0x0038       [2]    ___DoICPAddr
0x003A       [2]    FARG_start_a
0x0070       [1]    R0
0x0071       [1]    R1
0x0072       [1]    R2
0x0073       [1]    R3
0x0074       [1]    R4
0x0075       [1]    R5
0x0076       [1]    R6
0x0077       [1]    R7
0x0078       [1]    R8
0x0079       [1]    R9
0x007A       [1]    R10
0x007B       [1]    R11
0x007C       [1]    R12
0x007D       [1]    R13
0x007E       [1]    R14
0x007F       [1]    R15
0x0086       [1]    TRISB
0x0087       [1]    TRISC
