;  LST file generated by mikroListExporter - v.2.0 
; Date/Time: 08-Jul-21 11:25:30 AM
;----------------------------------------------

;Address Opcode 	ASM
0x0000	0x291E      	GOTO       286
_interrupt:
0x0004	0x00FF      	MOVWF      R15
0x0005	0x0E03      	SWAPF      STATUS, 0
0x0006	0x0183      	CLRF       STATUS
0x0007	0x00A7      	MOVWF      ___saveSTATUS
0x0008	0x080A      	MOVF       PCLATH, 0
0x0009	0x00A6      	MOVWF      ___savePCLATH
0x000A	0x018A      	CLRF       PCLATH
0x000B	0x087C      	MOVF       R12, 0
0x000C	0x00A1      	MOVWF      33
0x000D	0x087D      	MOVF       R13, 0
0x000E	0x00A0      	MOVWF      32
;usart.c,4 :: 		void interrupt()
;usart.c,6 :: 		if (rcif_bit)
0x000F	0x1E8C      	BTFSS      RCIF_bit, BitPos(RCIF_bit+0)
0x0010	0x2821      	GOTO       L_interrupt0
;usart.c,7 :: 		{ch=rcreg;
0x0011	0x081A      	MOVF       RCREG, 0
0x0012	0x00A5      	MOVWF      _ch
;usart.c,8 :: 		delay_ms(500);}}
0x0013	0x3003      	MOVLW      3
0x0014	0x00FB      	MOVWF      R11
0x0015	0x308A      	MOVLW      138
0x0016	0x00FC      	MOVWF      R12
0x0017	0x3055      	MOVLW      85
0x0018	0x00FD      	MOVWF      R13
L_interrupt1:
0x0019	0x0BFD      	DECFSZ     R13, 1
0x001A	0x2819      	GOTO       L_interrupt1
0x001B	0x0BFC      	DECFSZ     R12, 1
0x001C	0x2819      	GOTO       L_interrupt1
0x001D	0x0BFB      	DECFSZ     R11, 1
0x001E	0x2819      	GOTO       L_interrupt1
0x001F	0x0000      	NOP
0x0020	0x0000      	NOP
L_interrupt0:
L_end_interrupt:
L__interrupt9:
0x0021	0x0821      	MOVF       33, 0
0x0022	0x00FC      	MOVWF      R12
0x0023	0x0820      	MOVF       32, 0
0x0024	0x00FD      	MOVWF      R13
0x0025	0x0826      	MOVF       ___savePCLATH, 0
0x0026	0x008A      	MOVWF      PCLATH
0x0027	0x0E27      	SWAPF      ___saveSTATUS, 0
0x0028	0x0083      	MOVWF      STATUS
0x0029	0x0EFF      	SWAPF      R15, 1
0x002A	0x0E7F      	SWAPF      R15, 0
0x002B	0x0009      	RETFIE
; end of _interrupt
_Delay_50us:
;__Lib_Delays.c,19 :: 		void Delay_50us() {
;__Lib_Delays.c,20 :: 		Delay_us(50);
0x002C	0x3010      	MOVLW      16
0x002D	0x1283      	BCF        STATUS, 5
0x002E	0x1303      	BCF        STATUS, 6
0x002F	0x00FD      	MOVWF      R13
L_Delay_50us2:
0x0030	0x0BFD      	DECFSZ     R13, 1
0x0031	0x2830      	GOTO       L_Delay_50us2
0x0032	0x0000      	NOP
;__Lib_Delays.c,21 :: 		}
L_end_Delay_50us:
0x0033	0x0008      	RETURN
; end of _Delay_50us
_Delay_5500us:
;__Lib_Delays.c,31 :: 		void Delay_5500us() {
;__Lib_Delays.c,32 :: 		Delay_us(5500);
0x0034	0x3008      	MOVLW      8
0x0035	0x1283      	BCF        STATUS, 5
0x0036	0x1303      	BCF        STATUS, 6
0x0037	0x00FC      	MOVWF      R12
0x0038	0x3023      	MOVLW      35
0x0039	0x00FD      	MOVWF      R13
L_Delay_5500us5:
0x003A	0x0BFD      	DECFSZ     R13, 1
0x003B	0x283A      	GOTO       L_Delay_5500us5
0x003C	0x0BFC      	DECFSZ     R12, 1
0x003D	0x283A      	GOTO       L_Delay_5500us5
;__Lib_Delays.c,33 :: 		}
L_end_Delay_5500us:
0x003E	0x0008      	RETURN
; end of _Delay_5500us
_Delay_1us:
;__Lib_Delays.c,7 :: 		void Delay_1us() {
;__Lib_Delays.c,8 :: 		Delay_us(1);
0x003F	0x0000      	NOP
;__Lib_Delays.c,9 :: 		}
L_end_Delay_1us:
0x0040	0x0008      	RETURN
; end of _Delay_1us
_Lcd_Cmd:
;__Lib_Lcd.c,18 :: 		
;__Lib_Lcd.c,20 :: 		
0x0041	0x1283      	BCF        STATUS, 5
0x0042	0x1303      	BCF        STATUS, 6
0x0043	0x1BAB      	BTFSC      FARG_Lcd_Cmd_out_char, 7
0x0044	0x2847      	GOTO       L__Lcd_Cmd21
0x0045	0x1386      	BCF        lcd_d7, BitPos(lcd_d7+0)
0x0046	0x2848      	GOTO       L__Lcd_Cmd22
L__Lcd_Cmd21:
0x0047	0x1786      	BSF        lcd_d7, BitPos(lcd_d7+0)
L__Lcd_Cmd22:
;__Lib_Lcd.c,21 :: 		
0x0048	0x1B2B      	BTFSC      FARG_Lcd_Cmd_out_char, 6
0x0049	0x284C      	GOTO       L__Lcd_Cmd23
0x004A	0x1306      	BCF        lcd_d6, BitPos(lcd_d6+0)
0x004B	0x284D      	GOTO       L__Lcd_Cmd24
L__Lcd_Cmd23:
0x004C	0x1706      	BSF        lcd_d6, BitPos(lcd_d6+0)
L__Lcd_Cmd24:
;__Lib_Lcd.c,22 :: 		
0x004D	0x1AAB      	BTFSC      FARG_Lcd_Cmd_out_char, 5
0x004E	0x2851      	GOTO       L__Lcd_Cmd25
0x004F	0x1286      	BCF        lcd_d5, BitPos(lcd_d5+0)
0x0050	0x2852      	GOTO       L__Lcd_Cmd26
L__Lcd_Cmd25:
0x0051	0x1686      	BSF        lcd_d5, BitPos(lcd_d5+0)
L__Lcd_Cmd26:
;__Lib_Lcd.c,23 :: 		
0x0052	0x1A2B      	BTFSC      FARG_Lcd_Cmd_out_char, 4
0x0053	0x2856      	GOTO       L__Lcd_Cmd27
0x0054	0x1206      	BCF        lcd_d4, BitPos(lcd_d4+0)
0x0055	0x2857      	GOTO       L__Lcd_Cmd28
L__Lcd_Cmd27:
0x0056	0x1606      	BSF        lcd_d4, BitPos(lcd_d4+0)
L__Lcd_Cmd28:
;__Lib_Lcd.c,25 :: 		
0x0057	0x1824      	BTFSC      __Lib_Lcd_cmd_status, BitPos(__Lib_Lcd_cmd_status+0)
0x0058	0x285B      	GOTO       L__Lcd_Cmd29
0x0059	0x1506      	BSF        lcd_rs, BitPos(lcd_rs+0)
0x005A	0x285C      	GOTO       L__Lcd_Cmd30
L__Lcd_Cmd29:
0x005B	0x1106      	BCF        lcd_rs, BitPos(lcd_rs+0)
L__Lcd_Cmd30:
;__Lib_Lcd.c,28 :: 		
0x005C	0x1586      	BSF        lcd_en, BitPos(lcd_en+0)
;__Lib_Lcd.c,29 :: 		
0x005D	0x203F      	CALL       _Delay_1us
;__Lib_Lcd.c,30 :: 		
0x005E	0x1186      	BCF        lcd_en, BitPos(lcd_en+0)
;__Lib_Lcd.c,33 :: 		
0x005F	0x19AB      	BTFSC      FARG_Lcd_Cmd_out_char, 3
0x0060	0x2863      	GOTO       L__Lcd_Cmd31
0x0061	0x1386      	BCF        lcd_d7, BitPos(lcd_d7+0)
0x0062	0x2864      	GOTO       L__Lcd_Cmd32
L__Lcd_Cmd31:
0x0063	0x1786      	BSF        lcd_d7, BitPos(lcd_d7+0)
L__Lcd_Cmd32:
;__Lib_Lcd.c,34 :: 		
0x0064	0x192B      	BTFSC      FARG_Lcd_Cmd_out_char, 2
0x0065	0x2868      	GOTO       L__Lcd_Cmd33
0x0066	0x1306      	BCF        lcd_d6, BitPos(lcd_d6+0)
0x0067	0x2869      	GOTO       L__Lcd_Cmd34
L__Lcd_Cmd33:
0x0068	0x1706      	BSF        lcd_d6, BitPos(lcd_d6+0)
L__Lcd_Cmd34:
;__Lib_Lcd.c,35 :: 		
0x0069	0x18AB      	BTFSC      FARG_Lcd_Cmd_out_char, 1
0x006A	0x286D      	GOTO       L__Lcd_Cmd35
0x006B	0x1286      	BCF        lcd_d5, BitPos(lcd_d5+0)
0x006C	0x286E      	GOTO       L__Lcd_Cmd36
L__Lcd_Cmd35:
0x006D	0x1686      	BSF        lcd_d5, BitPos(lcd_d5+0)
L__Lcd_Cmd36:
;__Lib_Lcd.c,36 :: 		
0x006E	0x182B      	BTFSC      FARG_Lcd_Cmd_out_char, 0
0x006F	0x2872      	GOTO       L__Lcd_Cmd37
0x0070	0x1206      	BCF        lcd_d4, BitPos(lcd_d4+0)
0x0071	0x2873      	GOTO       L__Lcd_Cmd38
L__Lcd_Cmd37:
0x0072	0x1606      	BSF        lcd_d4, BitPos(lcd_d4+0)
L__Lcd_Cmd38:
;__Lib_Lcd.c,38 :: 		
0x0073	0x1824      	BTFSC      __Lib_Lcd_cmd_status, BitPos(__Lib_Lcd_cmd_status+0)
0x0074	0x2877      	GOTO       L__Lcd_Cmd39
0x0075	0x1506      	BSF        lcd_rs, BitPos(lcd_rs+0)
0x0076	0x2878      	GOTO       L__Lcd_Cmd40
L__Lcd_Cmd39:
0x0077	0x1106      	BCF        lcd_rs, BitPos(lcd_rs+0)
L__Lcd_Cmd40:
;__Lib_Lcd.c,40 :: 		
0x0078	0x1586      	BSF        lcd_en, BitPos(lcd_en+0)
;__Lib_Lcd.c,41 :: 		
0x0079	0x203F      	CALL       _Delay_1us
;__Lib_Lcd.c,42 :: 		
0x007A	0x1186      	BCF        lcd_en, BitPos(lcd_en+0)
;__Lib_Lcd.c,44 :: 		
0x007B	0x1C24      	BTFSS      __Lib_Lcd_cmd_status, BitPos(__Lib_Lcd_cmd_status+0)
0x007C	0x287F      	GOTO       L_Lcd_Cmd0
;__Lib_Lcd.c,45 :: 		
0x007D	0x2034      	CALL       _Delay_5500us
0x007E	0x2880      	GOTO       L_Lcd_Cmd1
L_Lcd_Cmd0:
;__Lib_Lcd.c,47 :: 		
0x007F	0x202C      	CALL       _Delay_50us
L_Lcd_Cmd1:
;__Lib_Lcd.c,48 :: 		
L_end_Lcd_Cmd:
0x0080	0x0008      	RETURN
; end of _Lcd_Cmd
_init_usart:
;usart.c,18 :: 		void init_usart(){
;usart.c,19 :: 		spbrg=25;
0x0081	0x3019      	MOVLW      25
0x0082	0x1683      	BSF        STATUS, 5
0x0083	0x1303      	BCF        STATUS, 6
0x0084	0x0099      	MOVWF      SPBRG
;usart.c,20 :: 		brgh_bit=1;
0x0085	0x1518      	BSF        BRGH_bit, BitPos(BRGH_bit+0)
;usart.c,22 :: 		sync_bit=0;
0x0086	0x1218      	BCF        SYNC_bit, BitPos(SYNC_bit+0)
;usart.c,23 :: 		spen_bit=1;
0x0087	0x1283      	BCF        STATUS, 5
0x0088	0x1798      	BSF        SPEN_bit, BitPos(SPEN_bit+0)
;usart.c,25 :: 		txen_bit=1;
0x0089	0x1683      	BSF        STATUS, 5
0x008A	0x1698      	BSF        TXEN_bit, BitPos(TXEN_bit+0)
;usart.c,26 :: 		cren_bit=0;
0x008B	0x1283      	BCF        STATUS, 5
0x008C	0x1218      	BCF        CREN_bit, BitPos(CREN_bit+0)
;usart.c,28 :: 		tx9_bit=0;
0x008D	0x1683      	BSF        STATUS, 5
0x008E	0x1318      	BCF        TX9_bit, BitPos(TX9_bit+0)
;usart.c,29 :: 		rx9_bit=0;
0x008F	0x1283      	BCF        STATUS, 5
0x0090	0x1318      	BCF        RX9_bit, BitPos(RX9_bit+0)
;usart.c,30 :: 		}
L_end_init_usart:
0x0091	0x0008      	RETURN
; end of _init_usart
_Lcd_Init:
;__Lib_Lcd.c,84 :: 		
;__Lib_Lcd.c,86 :: 		
0x0092	0x1683      	BSF        STATUS, 5
0x0093	0x1303      	BCF        STATUS, 6
0x0094	0x1186      	BCF        lcd_en_direction, BitPos(lcd_en_direction+0)
;__Lib_Lcd.c,87 :: 		
0x0095	0x1106      	BCF        lcd_rs_direction, BitPos(lcd_rs_direction+0)
;__Lib_Lcd.c,88 :: 		
0x0096	0x1206      	BCF        lcd_d4_direction, BitPos(lcd_d4_direction+0)
;__Lib_Lcd.c,89 :: 		
0x0097	0x1286      	BCF        lcd_d5_direction, BitPos(lcd_d5_direction+0)
;__Lib_Lcd.c,90 :: 		
0x0098	0x1306      	BCF        lcd_d6_direction, BitPos(lcd_d6_direction+0)
;__Lib_Lcd.c,91 :: 		
0x0099	0x1386      	BCF        lcd_d7_direction, BitPos(lcd_d7_direction+0)
;__Lib_Lcd.c,93 :: 		
0x009A	0x1283      	BCF        STATUS, 5
0x009B	0x1186      	BCF        lcd_en, BitPos(lcd_en+0)
;__Lib_Lcd.c,94 :: 		
0x009C	0x1106      	BCF        lcd_rs, BitPos(lcd_rs+0)
;__Lib_Lcd.c,95 :: 		
0x009D	0x1386      	BCF        lcd_d7, BitPos(lcd_d7+0)
;__Lib_Lcd.c,96 :: 		
0x009E	0x1306      	BCF        lcd_d6, BitPos(lcd_d6+0)
;__Lib_Lcd.c,97 :: 		
0x009F	0x1286      	BCF        lcd_d5, BitPos(lcd_d5+0)
;__Lib_Lcd.c,98 :: 		
0x00A0	0x1206      	BCF        lcd_d4, BitPos(lcd_d4+0)
;__Lib_Lcd.c,100 :: 		
0x00A1	0x2034      	CALL       _Delay_5500us
;__Lib_Lcd.c,101 :: 		
0x00A2	0x2034      	CALL       _Delay_5500us
;__Lib_Lcd.c,102 :: 		
0x00A3	0x2034      	CALL       _Delay_5500us
;__Lib_Lcd.c,105 :: 		
0x00A4	0x1686      	BSF        lcd_d5, BitPos(lcd_d5+0)
;__Lib_Lcd.c,106 :: 		
0x00A5	0x1606      	BSF        lcd_d4, BitPos(lcd_d4+0)
;__Lib_Lcd.c,107 :: 		
0x00A6	0x1586      	BSF        lcd_en, BitPos(lcd_en+0)
;__Lib_Lcd.c,108 :: 		
0x00A7	0x203F      	CALL       _Delay_1us
;__Lib_Lcd.c,109 :: 		
0x00A8	0x1186      	BCF        lcd_en, BitPos(lcd_en+0)
;__Lib_Lcd.c,110 :: 		
0x00A9	0x2034      	CALL       _Delay_5500us
;__Lib_Lcd.c,112 :: 		
0x00AA	0x1586      	BSF        lcd_en, BitPos(lcd_en+0)
;__Lib_Lcd.c,113 :: 		
0x00AB	0x203F      	CALL       _Delay_1us
;__Lib_Lcd.c,114 :: 		
0x00AC	0x1186      	BCF        lcd_en, BitPos(lcd_en+0)
;__Lib_Lcd.c,115 :: 		
0x00AD	0x2034      	CALL       _Delay_5500us
;__Lib_Lcd.c,117 :: 		
0x00AE	0x1586      	BSF        lcd_en, BitPos(lcd_en+0)
;__Lib_Lcd.c,118 :: 		
0x00AF	0x203F      	CALL       _Delay_1us
;__Lib_Lcd.c,119 :: 		
0x00B0	0x1186      	BCF        lcd_en, BitPos(lcd_en+0)
;__Lib_Lcd.c,120 :: 		
0x00B1	0x2034      	CALL       _Delay_5500us
;__Lib_Lcd.c,123 :: 		
0x00B2	0x1206      	BCF        lcd_d4, BitPos(lcd_d4+0)
;__Lib_Lcd.c,124 :: 		
0x00B3	0x1586      	BSF        lcd_en, BitPos(lcd_en+0)
;__Lib_Lcd.c,125 :: 		
0x00B4	0x203F      	CALL       _Delay_1us
;__Lib_Lcd.c,126 :: 		
0x00B5	0x1186      	BCF        lcd_en, BitPos(lcd_en+0)
;__Lib_Lcd.c,127 :: 		
0x00B6	0x2034      	CALL       _Delay_5500us
;__Lib_Lcd.c,130 :: 		
0x00B7	0x1586      	BSF        lcd_en, BitPos(lcd_en+0)
;__Lib_Lcd.c,131 :: 		
0x00B8	0x203F      	CALL       _Delay_1us
;__Lib_Lcd.c,132 :: 		
0x00B9	0x1186      	BCF        lcd_en, BitPos(lcd_en+0)
;__Lib_Lcd.c,134 :: 		
0x00BA	0x1286      	BCF        lcd_d5, BitPos(lcd_d5+0)
;__Lib_Lcd.c,135 :: 		
0x00BB	0x1786      	BSF        lcd_d7, BitPos(lcd_d7+0)
;__Lib_Lcd.c,136 :: 		
0x00BC	0x1586      	BSF        lcd_en, BitPos(lcd_en+0)
;__Lib_Lcd.c,137 :: 		
0x00BD	0x203F      	CALL       _Delay_1us
;__Lib_Lcd.c,138 :: 		
0x00BE	0x1186      	BCF        lcd_en, BitPos(lcd_en+0)
;__Lib_Lcd.c,139 :: 		
0x00BF	0x2034      	CALL       _Delay_5500us
;__Lib_Lcd.c,142 :: 		
0x00C0	0x1386      	BCF        lcd_d7, BitPos(lcd_d7+0)
;__Lib_Lcd.c,143 :: 		
0x00C1	0x1606      	BSF        lcd_d4, BitPos(lcd_d4+0)
;__Lib_Lcd.c,144 :: 		
0x00C2	0x1586      	BSF        lcd_en, BitPos(lcd_en+0)
;__Lib_Lcd.c,145 :: 		
0x00C3	0x203F      	CALL       _Delay_1us
;__Lib_Lcd.c,146 :: 		
0x00C4	0x1186      	BCF        lcd_en, BitPos(lcd_en+0)
;__Lib_Lcd.c,148 :: 		
0x00C5	0x1206      	BCF        lcd_d4, BitPos(lcd_d4+0)
;__Lib_Lcd.c,149 :: 		
0x00C6	0x1586      	BSF        lcd_en, BitPos(lcd_en+0)
;__Lib_Lcd.c,150 :: 		
0x00C7	0x203F      	CALL       _Delay_1us
;__Lib_Lcd.c,151 :: 		
0x00C8	0x1186      	BCF        lcd_en, BitPos(lcd_en+0)
;__Lib_Lcd.c,152 :: 		
0x00C9	0x2034      	CALL       _Delay_5500us
;__Lib_Lcd.c,155 :: 		
0x00CA	0x1586      	BSF        lcd_en, BitPos(lcd_en+0)
;__Lib_Lcd.c,156 :: 		
0x00CB	0x203F      	CALL       _Delay_1us
;__Lib_Lcd.c,157 :: 		
0x00CC	0x1186      	BCF        lcd_en, BitPos(lcd_en+0)
;__Lib_Lcd.c,159 :: 		
0x00CD	0x1606      	BSF        lcd_d4, BitPos(lcd_d4+0)
;__Lib_Lcd.c,160 :: 		
0x00CE	0x1586      	BSF        lcd_en, BitPos(lcd_en+0)
;__Lib_Lcd.c,161 :: 		
0x00CF	0x203F      	CALL       _Delay_1us
;__Lib_Lcd.c,162 :: 		
0x00D0	0x1186      	BCF        lcd_en, BitPos(lcd_en+0)
;__Lib_Lcd.c,163 :: 		
0x00D1	0x2034      	CALL       _Delay_5500us
;__Lib_Lcd.c,166 :: 		
0x00D2	0x1206      	BCF        lcd_d4, BitPos(lcd_d4+0)
;__Lib_Lcd.c,167 :: 		
0x00D3	0x1586      	BSF        lcd_en, BitPos(lcd_en+0)
;__Lib_Lcd.c,168 :: 		
0x00D4	0x203F      	CALL       _Delay_1us
;__Lib_Lcd.c,169 :: 		
0x00D5	0x1186      	BCF        lcd_en, BitPos(lcd_en+0)
;__Lib_Lcd.c,171 :: 		
0x00D6	0x1786      	BSF        lcd_d7, BitPos(lcd_d7+0)
;__Lib_Lcd.c,172 :: 		
0x00D7	0x1706      	BSF        lcd_d6, BitPos(lcd_d6+0)
;__Lib_Lcd.c,173 :: 		
0x00D8	0x1686      	BSF        lcd_d5, BitPos(lcd_d5+0)
;__Lib_Lcd.c,174 :: 		
0x00D9	0x1606      	BSF        lcd_d4, BitPos(lcd_d4+0)
;__Lib_Lcd.c,175 :: 		
0x00DA	0x1586      	BSF        lcd_en, BitPos(lcd_en+0)
;__Lib_Lcd.c,176 :: 		
0x00DB	0x203F      	CALL       _Delay_1us
;__Lib_Lcd.c,177 :: 		
0x00DC	0x1186      	BCF        lcd_en, BitPos(lcd_en+0)
;__Lib_Lcd.c,179 :: 		
0x00DD	0x2034      	CALL       _Delay_5500us
;__Lib_Lcd.c,181 :: 		
0x00DE	0x1424      	BSF        __Lib_Lcd_cmd_status, BitPos(__Lib_Lcd_cmd_status+0)
;__Lib_Lcd.c,182 :: 		
L_end_Lcd_Init:
0x00DF	0x0008      	RETURN
; end of _Lcd_Init
_Lcd_Chr:
;__Lib_Lcd.c,65 :: 		
;__Lib_Lcd.c,66 :: 		
0x00E0	0x28F2      	GOTO       L_Lcd_Chr4
;__Lib_Lcd.c,67 :: 		
L_Lcd_Chr6:
0x00E1	0x3080      	MOVLW      128
0x00E2	0x1283      	BCF        STATUS, 5
0x00E3	0x1303      	BCF        STATUS, 6
0x00E4	0x00A8      	MOVWF      FARG_Lcd_Chr_row
0x00E5	0x2905      	GOTO       L_Lcd_Chr5
;__Lib_Lcd.c,68 :: 		
L_Lcd_Chr7:
0x00E6	0x30C0      	MOVLW      192
0x00E7	0x00A8      	MOVWF      FARG_Lcd_Chr_row
0x00E8	0x2905      	GOTO       L_Lcd_Chr5
;__Lib_Lcd.c,69 :: 		
L_Lcd_Chr8:
0x00E9	0x3094      	MOVLW      148
0x00EA	0x00A8      	MOVWF      FARG_Lcd_Chr_row
0x00EB	0x2905      	GOTO       L_Lcd_Chr5
;__Lib_Lcd.c,70 :: 		
L_Lcd_Chr9:
0x00EC	0x30D4      	MOVLW      212
0x00ED	0x00A8      	MOVWF      FARG_Lcd_Chr_row
0x00EE	0x2905      	GOTO       L_Lcd_Chr5
;__Lib_Lcd.c,71 :: 		
L_Lcd_Chr10:
0x00EF	0x3080      	MOVLW      128
0x00F0	0x00A8      	MOVWF      FARG_Lcd_Chr_row
;__Lib_Lcd.c,72 :: 		
0x00F1	0x2905      	GOTO       L_Lcd_Chr5
L_Lcd_Chr4:
0x00F2	0x1283      	BCF        STATUS, 5
0x00F3	0x1303      	BCF        STATUS, 6
0x00F4	0x0828      	MOVF       FARG_Lcd_Chr_row, 0
0x00F5	0x3A01      	XORLW      1
0x00F6	0x1903      	BTFSC      STATUS, 2
0x00F7	0x28E1      	GOTO       L_Lcd_Chr6
0x00F8	0x0828      	MOVF       FARG_Lcd_Chr_row, 0
0x00F9	0x3A02      	XORLW      2
0x00FA	0x1903      	BTFSC      STATUS, 2
0x00FB	0x28E6      	GOTO       L_Lcd_Chr7
0x00FC	0x0828      	MOVF       FARG_Lcd_Chr_row, 0
0x00FD	0x3A03      	XORLW      3
0x00FE	0x1903      	BTFSC      STATUS, 2
0x00FF	0x28E9      	GOTO       L_Lcd_Chr8
0x0100	0x0828      	MOVF       FARG_Lcd_Chr_row, 0
0x0101	0x3A04      	XORLW      4
0x0102	0x1903      	BTFSC      STATUS, 2
0x0103	0x28EC      	GOTO       L_Lcd_Chr9
0x0104	0x28EF      	GOTO       L_Lcd_Chr10
L_Lcd_Chr5:
;__Lib_Lcd.c,74 :: 		
0x0105	0x0329      	DECF       FARG_Lcd_Chr_column, 0
0x0106	0x00F0      	MOVWF      R0
0x0107	0x0828      	MOVF       FARG_Lcd_Chr_row, 0
0x0108	0x07F0      	ADDWF      R0, 1
0x0109	0x0870      	MOVF       R0, 0
0x010A	0x00A8      	MOVWF      FARG_Lcd_Chr_row
;__Lib_Lcd.c,76 :: 		
0x010B	0x1424      	BSF        __Lib_Lcd_cmd_status, BitPos(__Lib_Lcd_cmd_status+0)
;__Lib_Lcd.c,77 :: 		
0x010C	0x0870      	MOVF       R0, 0
0x010D	0x00AB      	MOVWF      FARG_Lcd_Cmd_out_char
0x010E	0x2041      	CALL       _Lcd_Cmd
;__Lib_Lcd.c,79 :: 		
0x010F	0x1024      	BCF        __Lib_Lcd_cmd_status, BitPos(__Lib_Lcd_cmd_status+0)
;__Lib_Lcd.c,80 :: 		
0x0110	0x082A      	MOVF       FARG_Lcd_Chr_out_char, 0
0x0111	0x00AB      	MOVWF      FARG_Lcd_Cmd_out_char
0x0112	0x2041      	CALL       _Lcd_Cmd
;__Lib_Lcd.c,81 :: 		
0x0113	0x1424      	BSF        __Lib_Lcd_cmd_status, BitPos(__Lib_Lcd_cmd_status+0)
;__Lib_Lcd.c,82 :: 		
L_end_Lcd_Chr:
0x0114	0x0008      	RETURN
; end of _Lcd_Chr
_intr_init:
;usart.c,10 :: 		void intr_init()
;usart.c,12 :: 		gie_bit=1;
0x0115	0x178B      	BSF        GIE_bit, BitPos(GIE_bit+0)
;usart.c,13 :: 		peie_bit=1;
0x0116	0x170B      	BSF        PEIE_bit, BitPos(PEIE_bit+0)
;usart.c,14 :: 		txie_bit=1;
0x0117	0x1683      	BSF        STATUS, 5
0x0118	0x1303      	BCF        STATUS, 6
0x0119	0x160C      	BSF        TXIE_bit, BitPos(TXIE_bit+0)
;usart.c,15 :: 		rcie_bit=1;
0x011A	0x168C      	BSF        RCIE_bit, BitPos(RCIE_bit+0)
;usart.c,16 :: 		rcif_bit=0;
0x011B	0x1283      	BCF        STATUS, 5
0x011C	0x128C      	BCF        RCIF_bit, BitPos(RCIF_bit+0)
;usart.c,17 :: 		}
L_end_intr_init:
0x011D	0x0008      	RETURN
; end of _intr_init
_main:
;usart.c,39 :: 		void main()
;usart.c,41 :: 		trisc.rc6=0;
0x011E	0x1683      	BSF        STATUS, 5
0x011F	0x1303      	BCF        STATUS, 6
0x0120	0x1307      	BCF        TRISC, 6
;usart.c,42 :: 		trisc.rc7=1;
0x0121	0x1787      	BSF        TRISC, 7
;usart.c,43 :: 		intr_init();
0x0122	0x2115      	CALL       _intr_init
;usart.c,44 :: 		init_usart();
0x0123	0x2081      	CALL       _init_usart
;usart.c,45 :: 		lcd_init();
0x0124	0x2092      	CALL       _Lcd_Init
;usart.c,46 :: 		lcd_cmd(_lcd_clear);
0x0125	0x3001      	MOVLW      1
0x0126	0x00AB      	MOVWF      FARG_Lcd_Cmd_out_char
0x0127	0x2041      	CALL       _Lcd_Cmd
;usart.c,47 :: 		lcd_cmd(_lcd_cursor_off);
0x0128	0x300C      	MOVLW      12
0x0129	0x00AB      	MOVWF      FARG_Lcd_Cmd_out_char
0x012A	0x2041      	CALL       _Lcd_Cmd
;usart.c,48 :: 		while(1){lcd_chr(1,1,ch);};
L_main6:
0x012B	0x3001      	MOVLW      1
0x012C	0x00A8      	MOVWF      FARG_Lcd_Chr_row
0x012D	0x3001      	MOVLW      1
0x012E	0x00A9      	MOVWF      FARG_Lcd_Chr_column
0x012F	0x0825      	MOVF       _ch, 0
0x0130	0x00AA      	MOVWF      FARG_Lcd_Chr_out_char
0x0131	0x20E0      	CALL       _Lcd_Chr
0x0132	0x292B      	GOTO       L_main6
;usart.c,49 :: 		}
L_end_main:
0x0133	0x2933      	GOTO       $+0
; end of _main
Symbol List:
//** Routines locations **
//ADDRESS    SIZE    PROCEDURE
//----------------------------------------------
0x0004      [40]    _interrupt
0x002C       [8]    _Delay_50us
0x0034      [11]    _Delay_5500us
0x003F       [2]    _Delay_1us
0x0041      [64]    _Lcd_Cmd
0x0081      [17]    _init_usart
0x0092      [78]    _Lcd_Init
0x00E0      [53]    _Lcd_Chr
0x0115       [9]    _intr_init
0x011E      [22]    _main
//** Variables locations ** 
//ADDRESS    SIZE    VARIABLE
//----------------------------------------------
0x0000       [1]    INDF
0x0003       [1]    STATUS
0x0004       [1]    FSR
0x0006       [0]    RB5_bit
0x0006       [0]    RB6_bit
0x0006       [0]    RB4_bit
0x0006       [0]    RB3_bit
0x0006       [0]    RB2_bit
0x0006       [0]    RB7_bit
0x0006       [0]    lcd_d6
0x0006       [0]    lcd_d7
0x0006       [0]    lcd_d5
0x0006       [0]    lcd_d4
0x0006       [0]    lcd_en
0x0006       [0]    lcd_rs
0x000A       [1]    PCLATH
0x000B       [0]    PEIE_bit
0x000B       [0]    GIE_bit
0x000C       [0]    RCIF_bit
0x0018       [0]    RX9_bit
0x0018       [0]    SPEN_bit
0x0018       [0]    CREN_bit
0x001A       [1]    RCREG
0x0022       [2]    ___DoICPAddr
0x0024       [0]    __Lib_Lcd_cmd_status
0x0025       [1]    _ch
0x0026       [1]    ___savePCLATH
0x0027       [1]    ___saveSTATUS
0x0028       [1]    FARG_Lcd_Chr_row
0x0029       [1]    FARG_Lcd_Chr_column
0x002A       [1]    FARG_Lcd_Chr_out_char
0x002B       [1]    FARG_Lcd_Cmd_out_char
0x0070       [1]    R0
0x0071       [1]    R1
0x0072       [1]    R2
0x0073       [1]    R3
0x0074       [1]    R4
0x0075       [1]    R5
0x0076       [1]    R6
0x0077       [1]    R7
0x0078       [1]    R8
0x0079       [1]    R9
0x007A       [1]    R10
0x007B       [1]    R11
0x007C       [1]    R12
0x007D       [1]    R13
0x007E       [1]    R14
0x007F       [1]    R15
0x0086       [0]    lcd_rs_direction
0x0086       [0]    lcd_en_direction
0x0086       [0]    TRISB7_bit
0x0086       [0]    TRISB3_bit
0x0086       [0]    TRISB4_bit
0x0086       [0]    TRISB2_bit
0x0086       [0]    TRISB5_bit
0x0086       [0]    lcd_d5_direction
0x0086       [0]    lcd_d4_direction
0x0086       [0]    lcd_d6_direction
0x0086       [0]    lcd_d7_direction
0x0086       [0]    TRISB6_bit
0x0087       [1]    TRISC
0x008C       [0]    RCIE_bit
0x008C       [0]    TXIE_bit
0x0098       [0]    TX9_bit
0x0098       [0]    TXEN_bit
0x0098       [0]    SYNC_bit
0x0098       [0]    BRGH_bit
0x0099       [1]    SPBRG
